
************************ Check HDD and SSD  2022-05-17 03:12:58  ************************
the check hdd is go :SMART overall-health self-assessment test result: PASSED
Serial Number:    S45PNA0N211742
Reallocated_Sector_Ct is OK
Current_Pending_Sector is OK
the check hdd is go :SMART overall-health self-assessment test result: PASSED
Serial Number:    S45PNA0N363195
Reallocated_Sector_Ct is OK
Current_Pending_Sector is OK
the check hdd is go :SMART overall-health self-assessment test result: PASSED
Serial Number:    ZTN0KL5D
Reallocated_Sector_Ct is OK
Current_Pending_Sector is OK
the check hdd is go :SMART overall-health self-assessment test result: PASSED
Serial Number:    ZS806NBZ
Reallocated_Sector_Ct is OK
Current_Pending_Sector is OK
the check hdd is go :SMART overall-health self-assessment test result: PASSED
Serial Number:    ZTN0KMWR
Reallocated_Sector_Ct is OK
Current_Pending_Sector is OK
the check hdd is go :SMART overall-health self-assessment test result: PASSED
Serial Number:    ZTN0KMTM
Reallocated_Sector_Ct is OK
Current_Pending_Sector is OK
the check hdd is go :SMART overall-health self-assessment test result: PASSED
Serial Number:    ZTN0L18V
Reallocated_Sector_Ct is OK
Current_Pending_Sector is OK
the check hdd is go :SMART overall-health self-assessment test result: PASSED
Serial Number:    ZTN0KL2R
Reallocated_Sector_Ct is OK
Current_Pending_Sector is OK
the check hdd is go :SMART overall-health self-assessment test result: PASSED
Serial Number:    ZTN0KKY5
Reallocated_Sector_Ct is OK
Current_Pending_Sector is OK
the check hdd is go :SMART overall-health self-assessment test result: PASSED
Serial Number:    ZTN0KKXA
Reallocated_Sector_Ct is OK
Current_Pending_Sector is OK
the check hdd is go :SMART overall-health self-assessment test result: PASSED
Serial Number:    ZS806MAJ
Reallocated_Sector_Ct is OK
Current_Pending_Sector is OK
the check hdd is go :SMART overall-health self-assessment test result: PASSED
Serial Number:    ZTN0KPD5
Reallocated_Sector_Ct is OK
Current_Pending_Sector is OK

******************************     Check NVME  2022-05-17 03:13:04     ******************************
the check nvme is go,this is :nvme0n1
critical_warning is OK
available_spare is OK
percentage_used is OK
the check nvme is go,this is :nvme1n1
critical_warning is OK
available_spare is OK
percentage_used is OK
Check nvme successful

****************************   Check Ethernet  2022-05-17 03:13:04   ****************************
enp24s0f0 network port Bit number: 0
enp24s0f1 network port Bit number: 0
enp59s0f0 network port Bit number: 0
enp59s0f1 network port Bit number: 0
enp62s0f3 network port Bit number: 0
network ethernet successful

****************************     Check PCIE  2022-05-17 03:13:04     ****************************
check 00:1c.5 AER start
check 00:1c.5 AER end
check 02:00.0 AER start
check 02:00.0 AER end
check 17:00.0 AER start
check 17:00.0 AER end
check 17:02.0 AER start
check 17:02.0 AER end
check 18:00.0 AER start
check 18:00.0 AER end
check 18:00.1 AER start
check 18:00.1 AER end
check 19:00.0 AER start
check 19:00.0 AER end
check 3a:00.0 AER start
check 3a:00.0 AER end
check 3a:02.0 AER start
check 3a:02.0 AER end
check 3b:00.0 AER start
check 3b:00.0 AER end
check 3b:00.1 AER start
check 3b:00.1 AER end
check 3c:00.0 AER start
check 3c:00.0 AER end
check 3d:03.0 AER start
check 3d:03.0 AER end
check 3e:00.0 AER start
check 3e:00.0 AER end
check 3e:00.2 AER start
check 3e:00.2 AER end
check 3e:00.3 AER start
check 3e:00.3 AER end
check ae:02.0 AER start
check ae:02.0 AER end
check ae:03.0 AER start
check ae:03.0 AER end
check af:00.0 AER start
check af:00.0 AER end
check b0:00.0 AER start
check b0:00.0 AER end
check PCIE AER Bit normal

******************************      Check SEL  2022-05-17 03:13:16     ******************************
blacklist SEL key successful

************************  Check MCE AND ECC  2022-05-17 03:13:16  ************************
CPU MCE successful

******************************      Check SEL  2022-05-17 03:13:16     ******************************
blacklist SEL key successful

******************************************  All  Black  End  ****************************************
-->> All Black check is successful!
