=========== Disks Read and Write Check  2022-05-17 01:35:37 ===============

===================== Building Raid =============================
mytest_0: (g=0): rw=randrw, bs=(R) 16.0KiB-16.0KiB, (W) 16.0KiB-16.0KiB, (T) 16.0KiB-16.0KiB, ioengine=psync, iodepth=1
...
fio-3.7
Starting 10 threads

mytest_0: (groupid=0, jobs=10): err= 0: pid=144598: Tue May 17 01:35:45 2022
   read: IOPS=7, BW=119KiB/s (122kB/s)(3632KiB/30577msec)
    clat (usec): min=355, max=958938, avg=596317.00, stdev=260941.35
     lat (usec): min=355, max=958939, avg=596317.34, stdev=260941.40
    clat percentiles (usec):
     |  1.00th=[   404],  5.00th=[   619], 10.00th=[240124], 20.00th=[480248],
     | 30.00th=[480248], 40.00th=[480248], 50.00th=[492831], 60.00th=[717226],
     | 70.00th=[717226], 80.00th=[901776], 90.00th=[960496], 95.00th=[960496],
     | 99.00th=[960496], 99.50th=[960496], 99.90th=[960496], 99.95th=[960496],
     | 99.99th=[960496]
   bw (  KiB/s): min=   31, max=  128, per=29.10%, avg=34.34, stdev=10.98, samples=204
   iops        : min=    1, max=    8, avg= 2.13, stdev= 0.70, samples=204
  write: IOPS=8, BW=137KiB/s (140kB/s)(4192KiB/30577msec)
    clat (usec): min=95, max=1113.9k, avg=620739.69, stdev=265086.94
     lat (usec): min=95, max=1113.9k, avg=620741.01, stdev=265087.09
    clat percentiles (usec):
     |  1.00th=[    176],  5.00th=[ 229639], 10.00th=[ 250610],
     | 20.00th=[ 467665], 30.00th=[ 480248], 40.00th=[ 480248],
     | 50.00th=[ 692061], 60.00th=[ 717226], 70.00th=[ 717226],
     | 80.00th=[ 960496], 90.00th=[ 960496], 95.00th=[ 960496],
     | 99.00th=[1115685], 99.50th=[1115685], 99.90th=[1115685],
     | 99.95th=[1115685], 99.99th=[1115685]
   bw (  KiB/s): min=   31, max=  128, per=24.98%, avg=34.22, stdev=10.04, samples=243
   iops        : min=    1, max=    8, avg= 2.12, stdev= 0.65, samples=243
  lat (usec)   : 100=0.20%, 250=0.61%, 500=2.45%, 750=1.23%
  lat (msec)   : 20=1.84%, 250=3.68%, 500=38.85%, 750=28.43%, 1000=21.68%
  cpu          : usr=0.00%, sys=0.01%, ctx=500, majf=0, minf=17
  IO depths    : 1=100.0%, 2=0.0%, 4=0.0%, 8=0.0%, 16=0.0%, 32=0.0%, >=64=0.0%
     submit    : 0=0.0%, 4=100.0%, 8=0.0%, 16=0.0%, 32=0.0%, 64=0.0%, >=64=0.0%
     complete  : 0=0.0%, 4=100.0%, 8=0.0%, 16=0.0%, 32=0.0%, 64=0.0%, >=64=0.0%
     issued rwts: total=227,262,0,0 short=0,0,0,0 dropped=0,0,0,0
     latency   : target=0, window=0, percentile=100.00%, depth=1

Run status group 0 (all jobs):
   READ: bw=119KiB/s (122kB/s), 119KiB/s-119KiB/s (122kB/s-122kB/s), io=3632KiB (3719kB), run=30577-30577msec
  WRITE: bw=137KiB/s (140kB/s), 137KiB/s-137KiB/s (140kB/s-140kB/s), io=4192KiB (4293kB), run=30577-30577msec

Disk stats (read/write):
  sda: ios=230/262, merge=0/0, ticks=137332/162644, in_queue=300670, util=98.18%
======================== Data disk NO.0 End =========================


mytest_1: (g=0): rw=randrw, bs=(R) 16.0KiB-16.0KiB, (W) 16.0KiB-16.0KiB, (T) 16.0KiB-16.0KiB, ioengine=psync, iodepth=1
...
fio-3.7
Starting 10 threads

mytest_1: (groupid=0, jobs=10): err= 0: pid=144696: Tue May 17 01:35:48 2022
   read: IOPS=8, BW=128KiB/s (131kB/s)(3872KiB/30197msec)
    clat (msec): min=11, max=959, avg=569.48, stdev=277.21
     lat (msec): min=11, max=959, avg=569.48, stdev=277.21
    clat percentiles (msec):
     |  1.00th=[   12],  5.00th=[  241], 10.00th=[  241], 20.00th=[  241],
     | 30.00th=[  481], 40.00th=[  481], 50.00th=[  481], 60.00th=[  718],
     | 70.00th=[  718], 80.00th=[  961], 90.00th=[  961], 95.00th=[  961],
     | 99.00th=[  961], 99.50th=[  961], 99.90th=[  961], 99.95th=[  961],
     | 99.99th=[  961]
   bw (  KiB/s): min=   31, max=   64, per=27.53%, avg=35.24, stdev= 9.76, samples=214
   iops        : min=    1, max=    4, avg= 2.15, stdev= 0.66, samples=214
  write: IOPS=9, BW=148KiB/s (151kB/s)(4464KiB/30197msec)
    clat (usec): min=239, max=958904, avg=588289.98, stdev=261629.96
     lat (usec): min=239, max=958905, avg=588291.12, stdev=261630.12
    clat percentiles (msec):
     |  1.00th=[   12],  5.00th=[  241], 10.00th=[  241], 20.00th=[  241],
     | 30.00th=[  481], 40.00th=[  481], 50.00th=[  493], 60.00th=[  709],
     | 70.00th=[  718], 80.00th=[  961], 90.00th=[  961], 95.00th=[  961],
     | 99.00th=[  961], 99.50th=[  961], 99.90th=[  961], 99.95th=[  961],
     | 99.99th=[  961]
   bw (  KiB/s): min=   31, max=   96, per=23.56%, avg=34.63, stdev= 9.71, samples=254
   iops        : min=    1, max=    6, avg= 2.15, stdev= 0.62, samples=254
  lat (usec)   : 250=0.19%
  lat (msec)   : 20=1.73%, 250=21.11%, 500=29.94%, 750=24.18%, 1000=22.84%
  cpu          : usr=0.00%, sys=0.01%, ctx=533, majf=0, minf=8
  IO depths    : 1=100.0%, 2=0.0%, 4=0.0%, 8=0.0%, 16=0.0%, 32=0.0%, >=64=0.0%
     submit    : 0=0.0%, 4=100.0%, 8=0.0%, 16=0.0%, 32=0.0%, 64=0.0%, >=64=0.0%
     complete  : 0=0.0%, 4=100.0%, 8=0.0%, 16=0.0%, 32=0.0%, 64=0.0%, >=64=0.0%
     issued rwts: total=242,279,0,0 short=0,0,0,0 dropped=0,0,0,0
     latency   : target=0, window=0, percentile=100.00%, depth=1

Run status group 0 (all jobs):
   READ: bw=128KiB/s (131kB/s), 128KiB/s-128KiB/s (131kB/s-131kB/s), io=3872KiB (3965kB), run=30197-30197msec
  WRITE: bw=148KiB/s (151kB/s), 148KiB/s-148KiB/s (151kB/s-151kB/s), io=4464KiB (4571kB), run=30197-30197msec

Disk stats (read/write):
  sdb: ios=279/275, merge=0/0, ticks=173543/163191, in_queue=337431, util=99.73%
======================== Data disk NO.1 End =========================


mytest_2: (g=0): rw=randrw, bs=(R) 16.0KiB-16.0KiB, (W) 16.0KiB-16.0KiB, (T) 16.0KiB-16.0KiB, ioengine=psync, iodepth=1
...
fio-3.7
Starting 10 threads

mytest_2: (groupid=0, jobs=10): err= 0: pid=144360: Tue May 17 01:35:45 2022
   read: IOPS=5, BW=94.5KiB/s (96.8kB/s)(2896KiB/30644msec)
    clat (msec): min=22, max=1348, avg=769.63, stdev=234.95
     lat (msec): min=22, max=1348, avg=769.63, stdev=234.95
    clat percentiles (msec):
     |  1.00th=[  182],  5.00th=[  351], 10.00th=[  481], 20.00th=[  493],
     | 30.00th=[  709], 40.00th=[  718], 50.00th=[  743], 60.00th=[  944],
     | 70.00th=[  961], 80.00th=[  961], 90.00th=[  969], 95.00th=[  978],
     | 99.00th=[ 1200], 99.50th=[ 1351], 99.90th=[ 1351], 99.95th=[ 1351],
     | 99.99th=[ 1351]
   bw (  KiB/s): min=   31, max=   64, per=34.74%, avg=32.66, stdev= 4.84, samples=173
   iops        : min=    1, max=    4, avg= 1.97, stdev= 0.42, samples=173
  write: IOPS=7, BW=118KiB/s (121kB/s)(3616KiB/30644msec)
    clat (msec): min=22, max=1185, avg=732.69, stdev=239.39
     lat (msec): min=22, max=1185, avg=732.69, stdev=239.39
    clat percentiles (msec):
     |  1.00th=[  184],  5.00th=[  220], 10.00th=[  481], 20.00th=[  481],
     | 30.00th=[  667], 40.00th=[  718], 50.00th=[  718], 60.00th=[  743],
     | 70.00th=[  944], 80.00th=[  961], 90.00th=[  961], 95.00th=[  969],
     | 99.00th=[ 1183], 99.50th=[ 1183], 99.90th=[ 1183], 99.95th=[ 1183],
     | 99.99th=[ 1183]
   bw (  KiB/s): min=   31, max=   64, per=27.32%, avg=32.24, stdev= 3.07, samples=218
   iops        : min=    1, max=    4, avg= 1.97, stdev= 0.29, samples=218
  lat (msec)   : 50=0.49%, 250=4.18%, 500=18.18%, 750=33.66%, 1000=39.56%
  cpu          : usr=0.00%, sys=0.00%, ctx=444, majf=0, minf=12
  IO depths    : 1=100.0%, 2=0.0%, 4=0.0%, 8=0.0%, 16=0.0%, 32=0.0%, >=64=0.0%
     submit    : 0=0.0%, 4=100.0%, 8=0.0%, 16=0.0%, 32=0.0%, 64=0.0%, >=64=0.0%
     complete  : 0=0.0%, 4=100.0%, 8=0.0%, 16=0.0%, 32=0.0%, 64=0.0%, >=64=0.0%
     issued rwts: total=181,226,0,0 short=0,0,0,0 dropped=0,0,0,0
     latency   : target=0, window=0, percentile=100.00%, depth=1

Run status group 0 (all jobs):
   READ: bw=94.5KiB/s (96.8kB/s), 94.5KiB/s-94.5KiB/s (96.8kB/s-96.8kB/s), io=2896KiB (2966kB), run=30644-30644msec
  WRITE: bw=118KiB/s (121kB/s), 118KiB/s-118KiB/s (121kB/s-121kB/s), io=3616KiB (3703kB), run=30644-30644msec

Disk stats (read/write):
  sdc: ios=182/226, merge=0/0, ticks=140284/165616, in_queue=306626, util=99.75%
======================== Data disk NO.2 End =========================


mytest_3: (g=0): rw=randrw, bs=(R) 16.0KiB-16.0KiB, (W) 16.0KiB-16.0KiB, (T) 16.0KiB-16.0KiB, ioengine=psync, iodepth=1
...
fio-3.7
Starting 10 threads

mytest_3: (groupid=0, jobs=10): err= 0: pid=144611: Tue May 17 01:35:45 2022
   read: IOPS=5, BW=93.7KiB/s (95.0kB/s)(2864KiB/30558msec)
    clat (msec): min=231, max=1175, avg=770.90, stdev=215.26
     lat (msec): min=231, max=1175, avg=770.90, stdev=215.26
    clat percentiles (msec):
     |  1.00th=[  251],  5.00th=[  447], 10.00th=[  481], 20.00th=[  493],
     | 30.00th=[  718], 40.00th=[  726], 50.00th=[  760], 60.00th=[  944],
     | 70.00th=[  961], 80.00th=[  961], 90.00th=[  969], 95.00th=[  969],
     | 99.00th=[ 1167], 99.50th=[ 1183], 99.90th=[ 1183], 99.95th=[ 1183],
     | 99.99th=[ 1183]
   bw (  KiB/s): min=   32, max=   32, per=34.41%, avg=32.00, stdev= 0.00, samples=173
   iops        : min=    2, max=    2, avg= 2.00, stdev= 0.00, samples=173
  write: IOPS=7, BW=114KiB/s (117kB/s)(3488KiB/30558msec)
    clat (msec): min=11, max=1332, avg=736.32, stdev=229.30
     lat (msec): min=11, max=1332, avg=736.32, stdev=229.30
    clat percentiles (msec):
     |  1.00th=[   12],  5.00th=[  460], 10.00th=[  481], 20.00th=[  481],
     | 30.00th=[  701], 40.00th=[  709], 50.00th=[  718], 60.00th=[  818],
     | 70.00th=[  944], 80.00th=[  961], 90.00th=[  961], 95.00th=[  969],
     | 99.00th=[ 1167], 99.50th=[ 1183], 99.90th=[ 1334], 99.95th=[ 1334],
     | 99.99th=[ 1334]
   bw (  KiB/s): min=   31, max=   64, per=28.47%, avg=32.45, stdev= 3.80, samples=211
   iops        : min=    1, max=    4, avg= 2.02, stdev= 0.25, samples=211
  lat (msec)   : 20=0.76%, 250=1.51%, 500=22.92%, 750=29.47%, 1000=42.57%
  cpu          : usr=0.00%, sys=0.00%, ctx=433, majf=0, minf=15
  IO depths    : 1=100.0%, 2=0.0%, 4=0.0%, 8=0.0%, 16=0.0%, 32=0.0%, >=64=0.0%
     submit    : 0=0.0%, 4=100.0%, 8=0.0%, 16=0.0%, 32=0.0%, 64=0.0%, >=64=0.0%
     complete  : 0=0.0%, 4=100.0%, 8=0.0%, 16=0.0%, 32=0.0%, 64=0.0%, >=64=0.0%
     issued rwts: total=179,218,0,0 short=0,0,0,0 dropped=0,0,0,0
     latency   : target=0, window=0, percentile=100.00%, depth=1

Run status group 0 (all jobs):
   READ: bw=93.7KiB/s (95.0kB/s), 93.7KiB/s-93.7KiB/s (95.0kB/s-95.0kB/s), io=2864KiB (2933kB), run=30558-30558msec
  WRITE: bw=114KiB/s (117kB/s), 114KiB/s-114KiB/s (117kB/s-117kB/s), io=3488KiB (3572kB), run=30558-30558msec

Disk stats (read/write):
  sdd: ios=182/218, merge=0/0, ticks=139704/160531, in_queue=300934, util=98.28%
======================== Data disk NO.3 End =========================


mytest_4: (g=0): rw=randrw, bs=(R) 16.0KiB-16.0KiB, (W) 16.0KiB-16.0KiB, (T) 16.0KiB-16.0KiB, ioengine=psync, iodepth=1
...
fio-3.7
Starting 10 threads

mytest_4: (groupid=0, jobs=10): err= 0: pid=144665: Tue May 17 01:35:45 2022
   read: IOPS=5, BW=93.6KiB/s (95.8kB/s)(2832KiB/30255msec)
    clat (msec): min=229, max=1273, avg=778.72, stdev=211.30
     lat (msec): min=229, max=1273, avg=778.72, stdev=211.30
    clat percentiles (msec):
     |  1.00th=[  241],  5.00th=[  253], 10.00th=[  481], 20.00th=[  693],
     | 30.00th=[  718], 40.00th=[  718], 50.00th=[  735], 60.00th=[  944],
     | 70.00th=[  961], 80.00th=[  961], 90.00th=[  969], 95.00th=[  969],
     | 99.00th=[ 1267], 99.50th=[ 1267], 99.90th=[ 1267], 99.95th=[ 1267],
     | 99.99th=[ 1267]
   bw (  KiB/s): min=   31, max=   32, per=34.37%, avg=31.96, stdev= 0.18, samples=171
   iops        : min=    1, max=    2, avg= 1.96, stdev= 0.18, samples=171
  write: IOPS=7, BW=116KiB/s (119kB/s)(3504KiB/30255msec)
    clat (msec): min=22, max=1277, avg=743.92, stdev=203.24
     lat (msec): min=22, max=1277, avg=743.92, stdev=203.24
    clat percentiles (msec):
     |  1.00th=[  230],  5.00th=[  468], 10.00th=[  481], 20.00th=[  667],
     | 30.00th=[  709], 40.00th=[  718], 50.00th=[  718], 60.00th=[  718],
     | 70.00th=[  944], 80.00th=[  961], 90.00th=[  961], 95.00th=[  961],
     | 99.00th=[ 1167], 99.50th=[ 1183], 99.90th=[ 1284], 99.95th=[ 1284],
     | 99.99th=[ 1284]
   bw (  KiB/s): min=   31, max=   64, per=28.87%, avg=33.20, stdev= 6.19, samples=207
   iops        : min=    1, max=    4, avg= 2.04, stdev= 0.44, samples=207
  lat (msec)   : 50=0.51%, 250=2.53%, 500=14.14%, 750=42.93%, 1000=37.63%
  cpu          : usr=0.00%, sys=0.00%, ctx=439, majf=0, minf=14
  IO depths    : 1=100.0%, 2=0.0%, 4=0.0%, 8=0.0%, 16=0.0%, 32=0.0%, >=64=0.0%
     submit    : 0=0.0%, 4=100.0%, 8=0.0%, 16=0.0%, 32=0.0%, 64=0.0%, >=64=0.0%
     complete  : 0=0.0%, 4=100.0%, 8=0.0%, 16=0.0%, 32=0.0%, 64=0.0%, >=64=0.0%
     issued rwts: total=177,219,0,0 short=0,0,0,0 dropped=0,0,0,0
     latency   : target=0, window=0, percentile=100.00%, depth=1

Run status group 0 (all jobs):
   READ: bw=93.6KiB/s (95.8kB/s), 93.6KiB/s-93.6KiB/s (95.8kB/s-95.8kB/s), io=2832KiB (2900kB), run=30255-30255msec
  WRITE: bw=116KiB/s (119kB/s), 116KiB/s-116KiB/s (119kB/s-119kB/s), io=3504KiB (3588kB), run=30255-30255msec

Disk stats (read/write):
  sde: ios=173/215, merge=0/0, ticks=136595/161980, in_queue=299234, util=99.36%
======================== Data disk NO.4 End =========================


mytest_5: (g=0): rw=randrw, bs=(R) 16.0KiB-16.0KiB, (W) 16.0KiB-16.0KiB, (T) 16.0KiB-16.0KiB, ioengine=psync, iodepth=1
...
fio-3.7
Starting 10 threads

mytest_5: (groupid=0, jobs=10): err= 0: pid=144534: Tue May 17 01:35:45 2022
   read: IOPS=5, BW=94.1KiB/s (96.4kB/s)(2880KiB/30591msec)
    clat (msec): min=22, max=1346, avg=781.07, stdev=218.51
     lat (msec): min=22, max=1346, avg=781.07, stdev=218.51
    clat percentiles (msec):
     |  1.00th=[  142],  5.00th=[  351], 10.00th=[  481], 20.00th=[  701],
     | 30.00th=[  718], 40.00th=[  726], 50.00th=[  735], 60.00th=[  944],
     | 70.00th=[  961], 80.00th=[  961], 90.00th=[  969], 95.00th=[  978],
     | 99.00th=[ 1200], 99.50th=[ 1351], 99.90th=[ 1351], 99.95th=[ 1351],
     | 99.99th=[ 1351]
   bw (  KiB/s): min=   31, max=   64, per=34.13%, avg=32.09, stdev= 2.46, samples=173
   iops        : min=    1, max=    4, avg= 1.91, stdev= 0.34, samples=173
  write: IOPS=7, BW=114KiB/s (117kB/s)(3488KiB/30591msec)
    clat (msec): min=11, max=1343, avg=741.08, stdev=239.64
     lat (msec): min=11, max=1343, avg=741.08, stdev=239.64
    clat percentiles (msec):
     |  1.00th=[  142],  5.00th=[  230], 10.00th=[  481], 20.00th=[  502],
     | 30.00th=[  709], 40.00th=[  718], 50.00th=[  718], 60.00th=[  818],
     | 70.00th=[  944], 80.00th=[  961], 90.00th=[  961], 95.00th=[  969],
     | 99.00th=[ 1267], 99.50th=[ 1351], 99.90th=[ 1351], 99.95th=[ 1351],
     | 99.99th=[ 1351]
   bw (  KiB/s): min=   31, max=   64, per=28.67%, avg=32.68, stdev= 4.92, samples=209
   iops        : min=    1, max=    4, avg= 1.97, stdev= 0.42, samples=209
  lat (msec)   : 20=0.25%, 50=0.25%, 250=4.77%, 500=12.81%, 750=38.44%
  lat (msec)   : 1000=40.70%
  cpu          : usr=0.00%, sys=0.01%, ctx=449, majf=0, minf=9
  IO depths    : 1=100.0%, 2=0.0%, 4=0.0%, 8=0.0%, 16=0.0%, 32=0.0%, >=64=0.0%
     submit    : 0=0.0%, 4=100.0%, 8=0.0%, 16=0.0%, 32=0.0%, 64=0.0%, >=64=0.0%
     complete  : 0=0.0%, 4=100.0%, 8=0.0%, 16=0.0%, 32=0.0%, 64=0.0%, >=64=0.0%
     issued rwts: total=180,218,0,0 short=0,0,0,0 dropped=0,0,0,0
     latency   : target=0, window=0, percentile=100.00%, depth=1

Run status group 0 (all jobs):
   READ: bw=94.1KiB/s (96.4kB/s), 94.1KiB/s-94.1KiB/s (96.4kB/s-96.4kB/s), io=2880KiB (2949kB), run=30591-30591msec
  WRITE: bw=114KiB/s (117kB/s), 114KiB/s-114KiB/s (117kB/s-117kB/s), io=3488KiB (3572kB), run=30591-30591msec

Disk stats (read/write):
  sdf: ios=181/218, merge=0/0, ticks=141574/161576, in_queue=303645, util=99.68%
======================== Data disk NO.5 End =========================


=========== Disks Read and Write Check  2022-05-17 01:35:37 ===============

===================== Building Raid =============================
mytest_0: (g=0): rw=randrw, bs=(R) 16.0KiB-16.0KiB, (W) 16.0KiB-16.0KiB, (T) 16.0KiB-16.0KiB, ioengine=psync, iodepth=1
...
fio-3.7
Starting 10 threads

mytest_0: (groupid=0, jobs=10): err= 0: pid=144598: Tue May 17 01:35:45 2022
   read: IOPS=7, BW=119KiB/s (122kB/s)(3632KiB/30577msec)
    clat (usec): min=355, max=958938, avg=596317.00, stdev=260941.35
     lat (usec): min=355, max=958939, avg=596317.34, stdev=260941.40
    clat percentiles (usec):
     |  1.00th=[   404],  5.00th=[   619], 10.00th=[240124], 20.00th=[480248],
     | 30.00th=[480248], 40.00th=[480248], 50.00th=[492831], 60.00th=[717226],
     | 70.00th=[717226], 80.00th=[901776], 90.00th=[960496], 95.00th=[960496],
     | 99.00th=[960496], 99.50th=[960496], 99.90th=[960496], 99.95th=[960496],
     | 99.99th=[960496]
   bw (  KiB/s): min=   31, max=  128, per=29.10%, avg=34.34, stdev=10.98, samples=204
   iops        : min=    1, max=    8, avg= 2.13, stdev= 0.70, samples=204
  write: IOPS=8, BW=137KiB/s (140kB/s)(4192KiB/30577msec)
    clat (usec): min=95, max=1113.9k, avg=620739.69, stdev=265086.94
     lat (usec): min=95, max=1113.9k, avg=620741.01, stdev=265087.09
    clat percentiles (usec):
     |  1.00th=[    176],  5.00th=[ 229639], 10.00th=[ 250610],
     | 20.00th=[ 467665], 30.00th=[ 480248], 40.00th=[ 480248],
     | 50.00th=[ 692061], 60.00th=[ 717226], 70.00th=[ 717226],
     | 80.00th=[ 960496], 90.00th=[ 960496], 95.00th=[ 960496],
     | 99.00th=[1115685], 99.50th=[1115685], 99.90th=[1115685],
     | 99.95th=[1115685], 99.99th=[1115685]
   bw (  KiB/s): min=   31, max=  128, per=24.98%, avg=34.22, stdev=10.04, samples=243
   iops        : min=    1, max=    8, avg= 2.12, stdev= 0.65, samples=243
  lat (usec)   : 100=0.20%, 250=0.61%, 500=2.45%, 750=1.23%
  lat (msec)   : 20=1.84%, 250=3.68%, 500=38.85%, 750=28.43%, 1000=21.68%
  cpu          : usr=0.00%, sys=0.01%, ctx=500, majf=0, minf=17
  IO depths    : 1=100.0%, 2=0.0%, 4=0.0%, 8=0.0%, 16=0.0%, 32=0.0%, >=64=0.0%
     submit    : 0=0.0%, 4=100.0%, 8=0.0%, 16=0.0%, 32=0.0%, 64=0.0%, >=64=0.0%
     complete  : 0=0.0%, 4=100.0%, 8=0.0%, 16=0.0%, 32=0.0%, 64=0.0%, >=64=0.0%
     issued rwts: total=227,262,0,0 short=0,0,0,0 dropped=0,0,0,0
     latency   : target=0, window=0, percentile=100.00%, depth=1

Run status group 0 (all jobs):
   READ: bw=119KiB/s (122kB/s), 119KiB/s-119KiB/s (122kB/s-122kB/s), io=3632KiB (3719kB), run=30577-30577msec
  WRITE: bw=137KiB/s (140kB/s), 137KiB/s-137KiB/s (140kB/s-140kB/s), io=4192KiB (4293kB), run=30577-30577msec

Disk stats (read/write):
  sda: ios=230/262, merge=0/0, ticks=137332/162644, in_queue=300670, util=98.18%
======================== Data disk NO.0 End =========================
================ Build Raid Success, Information ====================
/home/autotest
CLI Version = 007.1912.0000.0000 Nov 23, 2021
Operating system = Linux 3.10.0-1160.el7.x86_64
Controller = 0
Status = Success
Description = Add VD Succeeded.


NAME        MAJ:MIN RM   SIZE RO TYPE MOUNTPOINT
sda           8:0    0 446.6G  0 disk 
sdb           8:16   0 446.6G  0 disk 
sdc           8:32   0  10.9T  0 disk 
sdd           8:48   0  10.9T  0 disk 
sde           8:64   0  10.9T  0 disk 
sdf           8:80   0  10.9T  0 disk 
sdg           8:96   0  10.9T  0 disk 
sdh           8:112  0  10.9T  0 disk 
sdi           8:128  0  10.9T  0 disk 
sdj           8:144  0  10.9T  0 disk 
sdk           8:160  0  10.9T  0 disk 
sdl           8:176  0  10.9T  0 disk 
nvme0n1     259:0    0   1.5T  0 disk 
├─nvme0n1p1 259:2    0     1G  0 part /boot
├─nvme0n1p2 259:3    0     8G  0 part [SWAP]
└─nvme0n1p3 259:4    0   100G  0 part /
nvme1n1     259:1    0   1.5T  0 disk 
==================================================================
->>> System Disk is : nvme0n1
->>> Tatol Non-system Disks: 13
->>> Non-system Disks is : 
['/dev/sda', '/dev/sdb', '/dev/sdc', '/dev/sdd', '/dev/sde', '/dev/sdf', '/dev/sdg', '/dev/sdh', '/dev/sdi', '/dev/sdj', '/dev/sdk', '/dev/sdl', '/dev/nvme1n1']
========= Data Disk NO.0 Read And Write Begin  2022-05-17 01:36:36 ==========
mytest_0: (g=0): rw=randrw, bs=(R) 16.0KiB-16.0KiB, (W) 16.0KiB-16.0KiB, (T) 16.0KiB-16.0KiB, ioengine=psync, iodepth=1
...
fio-3.7
Starting 10 threads
======================== Data disk NO.0 End =========================


mytest_1: (g=0): rw=randrw, bs=(R) 16.0KiB-16.0KiB, (W) 16.0KiB-16.0KiB, (T) 16.0KiB-16.0KiB, ioengine=psync, iodepth=1
...
fio-3.7
Starting 10 threads

mytest_1: (groupid=0, jobs=10): err= 0: pid=144696: Tue May 17 01:35:48 2022
   read: IOPS=8, BW=128KiB/s (131kB/s)(3872KiB/30197msec)
    clat (msec): min=11, max=959, avg=569.48, stdev=277.21
     lat (msec): min=11, max=959, avg=569.48, stdev=277.21
    clat percentiles (msec):
     |  1.00th=[   12],  5.00th=[  241], 10.00th=[  241], 20.00th=[  241],
     | 30.00th=[  481], 40.00th=[  481], 50.00th=[  481], 60.00th=[  718],
     | 70.00th=[  718], 80.00th=[  961], 90.00th=[  961], 95.00th=[  961],
     | 99.00th=[  961], 99.50th=[  961], 99.90th=[  961], 99.95th=[  961],
     | 99.99th=[  961]
   bw (  KiB/s): min=   31, max=   64, per=27.53%, avg=35.24, stdev= 9.76, samples=214
   iops        : min=    1, max=    4, avg= 2.15, stdev= 0.66, samples=214
  write: IOPS=9, BW=148KiB/s (151kB/s)(4464KiB/30197msec)
    clat (usec): min=239, max=958904, avg=588289.98, stdev=261629.96
     lat (usec): min=239, max=958905, avg=588291.12, stdev=261630.12
    clat percentiles (msec):
     |  1.00th=[   12],  5.00th=[  241], 10.00th=[  241], 20.00th=[  241],
     | 30.00th=[  481], 40.00th=[  481], 50.00th=[  493], 60.00th=[  709],
     | 70.00th=[  718], 80.00th=[  961], 90.00th=[  961], 95.00th=[  961],
     | 99.00th=[  961], 99.50th=[  961], 99.90th=[  961], 99.95th=[  961],
     | 99.99th=[  961]
   bw (  KiB/s): min=   31, max=   96, per=23.56%, avg=34.63, stdev= 9.71, samples=254
   iops        : min=    1, max=    6, avg= 2.15, stdev= 0.62, samples=254
  lat (usec)   : 250=0.19%
  lat (msec)   : 20=1.73%, 250=21.11%, 500=29.94%, 750=24.18%, 1000=22.84%
  cpu          : usr=0.00%, sys=0.01%, ctx=533, majf=0, minf=8
  IO depths    : 1=100.0%, 2=0.0%, 4=0.0%, 8=0.0%, 16=0.0%, 32=0.0%, >=64=0.0%
     submit    : 0=0.0%, 4=100.0%, 8=0.0%, 16=0.0%, 32=0.0%, 64=0.0%, >=64=0.0%
     complete  : 0=0.0%, 4=100.0%, 8=0.0%, 16=0.0%, 32=0.0%, 64=0.0%, >=64=0.0%
     issued rwts: total=242,279,0,0 short=0,0,0,0 dropped=0,0,0,0
     latency   : target=0, window=0, percentile=100.00%, depth=1

Run status group 0 (all jobs):
   READ: bw=128KiB/s (131kB/s), 128KiB/s-128KiB/s (131kB/s-131kB/s), io=3872KiB (3965kB), run=30197-30197msec
  WRITE: bw=148KiB/s (151kB/s), 148KiB/s-148KiB/s (151kB/s-151kB/s), io=4464KiB (4571kB), run=30197-30197msec

Disk stats (read/write):
  sdb: ios=279/275, merge=0/0, ticks=173543/163191, in_queue=337431, util=99.73%
======================== Data disk NO.1 End =========================
========= Data Disk NO.1 Read And Write Begin  2022-05-17 01:36:36 ==========
mytest_1: (g=0): rw=randrw, bs=(R) 16.0KiB-16.0KiB, (W) 16.0KiB-16.0KiB, (T) 16.0KiB-16.0KiB, ioengine=psync, iodepth=1
...
fio-3.7
Starting 10 threads
======================== Data disk NO.1 End =========================


mytest_2: (g=0): rw=randrw, bs=(R) 16.0KiB-16.0KiB, (W) 16.0KiB-16.0KiB, (T) 16.0KiB-16.0KiB, ioengine=psync, iodepth=1
...
fio-3.7
Starting 10 threads

mytest_2: (groupid=0, jobs=10): err= 0: pid=144360: Tue May 17 01:35:45 2022
   read: IOPS=5, BW=94.5KiB/s (96.8kB/s)(2896KiB/30644msec)
    clat (msec): min=22, max=1348, avg=769.63, stdev=234.95
     lat (msec): min=22, max=1348, avg=769.63, stdev=234.95
    clat percentiles (msec):
     |  1.00th=[  182],  5.00th=[  351], 10.00th=[  481], 20.00th=[  493],
     | 30.00th=[  709], 40.00th=[  718], 50.00th=[  743], 60.00th=[  944],
     | 70.00th=[  961], 80.00th=[  961], 90.00th=[  969], 95.00th=[  978],
     | 99.00th=[ 1200], 99.50th=[ 1351], 99.90th=[ 1351], 99.95th=[ 1351],
     | 99.99th=[ 1351]
   bw (  KiB/s): min=   31, max=   64, per=34.74%, avg=32.66, stdev= 4.84, samples=173
   iops        : min=    1, max=    4, avg= 1.97, stdev= 0.42, samples=173
  write: IOPS=7, BW=118KiB/s (121kB/s)(3616KiB/30644msec)
    clat (msec): min=22, max=1185, avg=732.69, stdev=239.39
     lat (msec): min=22, max=1185, avg=732.69, stdev=239.39
    clat percentiles (msec):
     |  1.00th=[  184],  5.00th=[  220], 10.00th=[  481], 20.00th=[  481],
     | 30.00th=[  667], 40.00th=[  718], 50.00th=[  718], 60.00th=[  743],
     | 70.00th=[  944], 80.00th=[  961], 90.00th=[  961], 95.00th=[  969],
     | 99.00th=[ 1183], 99.50th=[ 1183], 99.90th=[ 1183], 99.95th=[ 1183],
     | 99.99th=[ 1183]
   bw (  KiB/s): min=   31, max=   64, per=27.32%, avg=32.24, stdev= 3.07, samples=218
   iops        : min=    1, max=    4, avg= 1.97, stdev= 0.29, samples=218
  lat (msec)   : 50=0.49%, 250=4.18%, 500=18.18%, 750=33.66%, 1000=39.56%
  cpu          : usr=0.00%, sys=0.00%, ctx=444, majf=0, minf=12
  IO depths    : 1=100.0%, 2=0.0%, 4=0.0%, 8=0.0%, 16=0.0%, 32=0.0%, >=64=0.0%
     submit    : 0=0.0%, 4=100.0%, 8=0.0%, 16=0.0%, 32=0.0%, 64=0.0%, >=64=0.0%
     complete  : 0=0.0%, 4=100.0%, 8=0.0%, 16=0.0%, 32=0.0%, 64=0.0%, >=64=0.0%
     issued rwts: total=181,226,0,0 short=0,0,0,0 dropped=0,0,0,0
     latency   : target=0, window=0, percentile=100.00%, depth=1

Run status group 0 (all jobs):
   READ: bw=94.5KiB/s (96.8kB/s), 94.5KiB/s-94.5KiB/s (96.8kB/s-96.8kB/s), io=2896KiB (2966kB), run=30644-30644msec
  WRITE: bw=118KiB/s (121kB/s), 118KiB/s-118KiB/s (121kB/s-121kB/s), io=3616KiB (3703kB), run=30644-30644msec

Disk stats (read/write):
  sdc: ios=182/226, merge=0/0, ticks=140284/165616, in_queue=306626, util=99.75%
======================== Data disk NO.2 End =========================
========= Data Disk NO.2 Read And Write Begin  2022-05-17 01:36:36 ==========
mytest_2: (g=0): rw=randrw, bs=(R) 16.0KiB-16.0KiB, (W) 16.0KiB-16.0KiB, (T) 16.0KiB-16.0KiB, ioengine=psync, iodepth=1
...
fio-3.7
Starting 10 threads
======================== Data disk NO.2 End =========================


mytest_3: (g=0): rw=randrw, bs=(R) 16.0KiB-16.0KiB, (W) 16.0KiB-16.0KiB, (T) 16.0KiB-16.0KiB, ioengine=psync, iodepth=1
...
fio-3.7
Starting 10 threads

mytest_3: (groupid=0, jobs=10): err= 0: pid=144611: Tue May 17 01:35:45 2022
   read: IOPS=5, BW=93.7KiB/s (95.0kB/s)(2864KiB/30558msec)
    clat (msec): min=231, max=1175, avg=770.90, stdev=215.26
     lat (msec): min=231, max=1175, avg=770.90, stdev=215.26
    clat percentiles (msec):
     |  1.00th=[  251],  5.00th=[  447], 10.00th=[  481], 20.00th=[  493],
     | 30.00th=[  718], 40.00th=[  726], 50.00th=[  760], 60.00th=[  944],
     | 70.00th=[  961], 80.00th=[  961], 90.00th=[  969], 95.00th=[  969],
     | 99.00th=[ 1167], 99.50th=[ 1183], 99.90th=[ 1183], 99.95th=[ 1183],
     | 99.99th=[ 1183]
   bw (  KiB/s): min=   32, max=   32, per=34.41%, avg=32.00, stdev= 0.00, samples=173
   iops        : min=    2, max=    2, avg= 2.00, stdev= 0.00, samples=173
  write: IOPS=7, BW=114KiB/s (117kB/s)(3488KiB/30558msec)
    clat (msec): min=11, max=1332, avg=736.32, stdev=229.30
     lat (msec): min=11, max=1332, avg=736.32, stdev=229.30
    clat percentiles (msec):
     |  1.00th=[   12],  5.00th=[  460], 10.00th=[  481], 20.00th=[  481],
     | 30.00th=[  701], 40.00th=[  709], 50.00th=[  718], 60.00th=[  818],
     | 70.00th=[  944], 80.00th=[  961], 90.00th=[  961], 95.00th=[  969],
     | 99.00th=[ 1167], 99.50th=[ 1183], 99.90th=[ 1334], 99.95th=[ 1334],
     | 99.99th=[ 1334]
   bw (  KiB/s): min=   31, max=   64, per=28.47%, avg=32.45, stdev= 3.80, samples=211
   iops        : min=    1, max=    4, avg= 2.02, stdev= 0.25, samples=211
  lat (msec)   : 20=0.76%, 250=1.51%, 500=22.92%, 750=29.47%, 1000=42.57%
  cpu          : usr=0.00%, sys=0.00%, ctx=433, majf=0, minf=15
  IO depths    : 1=100.0%, 2=0.0%, 4=0.0%, 8=0.0%, 16=0.0%, 32=0.0%, >=64=0.0%
     submit    : 0=0.0%, 4=100.0%, 8=0.0%, 16=0.0%, 32=0.0%, 64=0.0%, >=64=0.0%
     complete  : 0=0.0%, 4=100.0%, 8=0.0%, 16=0.0%, 32=0.0%, 64=0.0%, >=64=0.0%
     issued rwts: total=179,218,0,0 short=0,0,0,0 dropped=0,0,0,0
     latency   : target=0, window=0, percentile=100.00%, depth=1

Run status group 0 (all jobs):
   READ: bw=93.7KiB/s (95.0kB/s), 93.7KiB/s-93.7KiB/s (95.0kB/s-95.0kB/s), io=2864KiB (2933kB), run=30558-30558msec
  WRITE: bw=114KiB/s (117kB/s), 114KiB/s-114KiB/s (117kB/s-117kB/s), io=3488KiB (3572kB), run=30558-30558msec

Disk stats (read/write):
  sdd: ios=182/218, merge=0/0, ticks=139704/160531, in_queue=300934, util=98.28%
======================== Data disk NO.3 End =========================
========= Data Disk NO.3 Read And Write Begin  2022-05-17 01:36:36 ==========
mytest_3: (g=0): rw=randrw, bs=(R) 16.0KiB-16.0KiB, (W) 16.0KiB-16.0KiB, (T) 16.0KiB-16.0KiB, ioengine=psync, iodepth=1
...
fio-3.7
Starting 10 threads
======================== Data disk NO.3 End =========================


mytest_4: (g=0): rw=randrw, bs=(R) 16.0KiB-16.0KiB, (W) 16.0KiB-16.0KiB, (T) 16.0KiB-16.0KiB, ioengine=psync, iodepth=1
...
fio-3.7
Starting 10 threads

mytest_4: (groupid=0, jobs=10): err= 0: pid=144665: Tue May 17 01:35:45 2022
   read: IOPS=5, BW=93.6KiB/s (95.8kB/s)(2832KiB/30255msec)
    clat (msec): min=229, max=1273, avg=778.72, stdev=211.30
     lat (msec): min=229, max=1273, avg=778.72, stdev=211.30
    clat percentiles (msec):
     |  1.00th=[  241],  5.00th=[  253], 10.00th=[  481], 20.00th=[  693],
     | 30.00th=[  718], 40.00th=[  718], 50.00th=[  735], 60.00th=[  944],
     | 70.00th=[  961], 80.00th=[  961], 90.00th=[  969], 95.00th=[  969],
     | 99.00th=[ 1267], 99.50th=[ 1267], 99.90th=[ 1267], 99.95th=[ 1267],
     | 99.99th=[ 1267]
   bw (  KiB/s): min=   31, max=   32, per=34.37%, avg=31.96, stdev= 0.18, samples=171
   iops        : min=    1, max=    2, avg= 1.96, stdev= 0.18, samples=171
  write: IOPS=7, BW=116KiB/s (119kB/s)(3504KiB/30255msec)
    clat (msec): min=22, max=1277, avg=743.92, stdev=203.24
     lat (msec): min=22, max=1277, avg=743.92, stdev=203.24
    clat percentiles (msec):
     |  1.00th=[  230],  5.00th=[  468], 10.00th=[  481], 20.00th=[  667],
     | 30.00th=[  709], 40.00th=[  718], 50.00th=[  718], 60.00th=[  718],
     | 70.00th=[  944], 80.00th=[  961], 90.00th=[  961], 95.00th=[  961],
     | 99.00th=[ 1167], 99.50th=[ 1183], 99.90th=[ 1284], 99.95th=[ 1284],
     | 99.99th=[ 1284]
   bw (  KiB/s): min=   31, max=   64, per=28.87%, avg=33.20, stdev= 6.19, samples=207
   iops        : min=    1, max=    4, avg= 2.04, stdev= 0.44, samples=207
  lat (msec)   : 50=0.51%, 250=2.53%, 500=14.14%, 750=42.93%, 1000=37.63%
  cpu          : usr=0.00%, sys=0.00%, ctx=439, majf=0, minf=14
  IO depths    : 1=100.0%, 2=0.0%, 4=0.0%, 8=0.0%, 16=0.0%, 32=0.0%, >=64=0.0%
     submit    : 0=0.0%, 4=100.0%, 8=0.0%, 16=0.0%, 32=0.0%, 64=0.0%, >=64=0.0%
     complete  : 0=0.0%, 4=100.0%, 8=0.0%, 16=0.0%, 32=0.0%, 64=0.0%, >=64=0.0%
     issued rwts: total=177,219,0,0 short=0,0,0,0 dropped=0,0,0,0
     latency   : target=0, window=0, percentile=100.00%, depth=1

Run status group 0 (all jobs):
   READ: bw=93.6KiB/s (95.8kB/s), 93.6KiB/s-93.6KiB/s (95.8kB/s-95.8kB/s), io=2832KiB (2900kB), run=30255-30255msec
  WRITE: bw=116KiB/s (119kB/s), 116KiB/s-116KiB/s (119kB/s-119kB/s), io=3504KiB (3588kB), run=30255-30255msec

Disk stats (read/write):
  sde: ios=173/215, merge=0/0, ticks=136595/161980, in_queue=299234, util=99.36%
======================== Data disk NO.4 End =========================
========= Data Disk NO.4 Read And Write Begin  2022-05-17 01:36:36 ==========
mytest_4: (g=0): rw=randrw, bs=(R) 16.0KiB-16.0KiB, (W) 16.0KiB-16.0KiB, (T) 16.0KiB-16.0KiB, ioengine=psync, iodepth=1
...
fio-3.7
Starting 10 threads
======================== Data disk NO.4 End =========================


mytest_5: (g=0): rw=randrw, bs=(R) 16.0KiB-16.0KiB, (W) 16.0KiB-16.0KiB, (T) 16.0KiB-16.0KiB, ioengine=psync, iodepth=1
...
fio-3.7
Starting 10 threads

mytest_5: (groupid=0, jobs=10): err= 0: pid=144534: Tue May 17 01:35:45 2022
   read: IOPS=5, BW=94.1KiB/s (96.4kB/s)(2880KiB/30591msec)
    clat (msec): min=22, max=1346, avg=781.07, stdev=218.51
     lat (msec): min=22, max=1346, avg=781.07, stdev=218.51
    clat percentiles (msec):
     |  1.00th=[  142],  5.00th=[  351], 10.00th=[  481], 20.00th=[  701],
     | 30.00th=[  718], 40.00th=[  726], 50.00th=[  735], 60.00th=[  944],
     | 70.00th=[  961], 80.00th=[  961], 90.00th=[  969], 95.00th=[  978],
     | 99.00th=[ 1200], 99.50th=[ 1351], 99.90th=[ 1351], 99.95th=[ 1351],
     | 99.99th=[ 1351]
   bw (  KiB/s): min=   31, max=   64, per=34.13%, avg=32.09, stdev= 2.46, samples=173
   iops        : min=    1, max=    4, avg= 1.91, stdev= 0.34, samples=173
  write: IOPS=7, BW=114KiB/s (117kB/s)(3488KiB/30591msec)
    clat (msec): min=11, max=1343, avg=741.08, stdev=239.64
     lat (msec): min=11, max=1343, avg=741.08, stdev=239.64
    clat percentiles (msec):
     |  1.00th=[  142],  5.00th=[  230], 10.00th=[  481], 20.00th=[  502],
     | 30.00th=[  709], 40.00th=[  718], 50.00th=[  718], 60.00th=[  818],
     | 70.00th=[  944], 80.00th=[  961], 90.00th=[  961], 95.00th=[  969],
     | 99.00th=[ 1267], 99.50th=[ 1351], 99.90th=[ 1351], 99.95th=[ 1351],
     | 99.99th=[ 1351]
   bw (  KiB/s): min=   31, max=   64, per=28.67%, avg=32.68, stdev= 4.92, samples=209
   iops        : min=    1, max=    4, avg= 1.97, stdev= 0.42, samples=209
  lat (msec)   : 20=0.25%, 50=0.25%, 250=4.77%, 500=12.81%, 750=38.44%
  lat (msec)   : 1000=40.70%
  cpu          : usr=0.00%, sys=0.01%, ctx=449, majf=0, minf=9
  IO depths    : 1=100.0%, 2=0.0%, 4=0.0%, 8=0.0%, 16=0.0%, 32=0.0%, >=64=0.0%
     submit    : 0=0.0%, 4=100.0%, 8=0.0%, 16=0.0%, 32=0.0%, 64=0.0%, >=64=0.0%
     complete  : 0=0.0%, 4=100.0%, 8=0.0%, 16=0.0%, 32=0.0%, 64=0.0%, >=64=0.0%
     issued rwts: total=180,218,0,0 short=0,0,0,0 dropped=0,0,0,0
     latency   : target=0, window=0, percentile=100.00%, depth=1

Run status group 0 (all jobs):
   READ: bw=94.1KiB/s (96.4kB/s), 94.1KiB/s-94.1KiB/s (96.4kB/s-96.4kB/s), io=2880KiB (2949kB), run=30591-30591msec
  WRITE: bw=114KiB/s (117kB/s), 114KiB/s-114KiB/s (117kB/s-117kB/s), io=3488KiB (3572kB), run=30591-30591msec

Disk stats (read/write):
  sdf: ios=181/218, merge=0/0, ticks=141574/161576, in_queue=303645, util=99.68%
======================== Data disk NO.5 End =========================
========= Data Disk NO.5 Read And Write Begin  2022-05-17 01:36:36 ==========
mytest_5: (g=0): rw=randrw, bs=(R) 16.0KiB-16.0KiB, (W) 16.0KiB-16.0KiB, (T) 16.0KiB-16.0KiB, ioengine=psync, iodepth=1
...
fio-3.7
Starting 10 threads
======================== Data disk NO.5 End =========================


mytest_6: (g=0): rw=randrw, bs=(R) 16.0KiB-16.0KiB, (W) 16.0KiB-16.0KiB, (T) 16.0KiB-16.0KiB, ioengine=psync, iodepth=1
...
fio-3.7
Starting 10 threads

mytest_6: (groupid=0, jobs=10): err= 0: pid=144621: Tue May 17 01:35:45 2022
   read: IOPS=5, BW=90.1KiB/s (92.3kB/s)(2752KiB/30547msec)
    clat (msec): min=251, max=1282, avg=788.88, stdev=182.43
     lat (msec): min=251, max=1282, avg=788.88, stdev=182.43
    clat percentiles (msec):
     |  1.00th=[  264],  5.00th=[  481], 10.00th=[  493], 20.00th=[  701],
     | 30.00th=[  718], 40.00th=[  718], 50.00th=[  735], 60.00th=[  936],
     | 70.00th=[  961], 80.00th=[  961], 90.00th=[  969], 95.00th=[  969],
     | 99.00th=[ 1183], 99.50th=[ 1284], 99.90th=[ 1284], 99.95th=[ 1284],
     | 99.99th=[ 1284]
   bw (  KiB/s): min=   31, max=   32, per=35.49%, avg=31.94, stdev= 0.24, samples=167
   iops        : min=    1, max=    2, avg= 1.94, stdev= 0.24, samples=167
  write: IOPS=6, BW=110KiB/s (113kB/s)(3360KiB/30547msec)
    clat (msec): min=239, max=1113, avg=770.08, stdev=185.89
     lat (msec): min=239, max=1113, avg=770.08, stdev=185.89
    clat percentiles (msec):
     |  1.00th=[  241],  5.00th=[  468], 10.00th=[  481], 20.00th=[  701],
     | 30.00th=[  709], 40.00th=[  718], 50.00th=[  718], 60.00th=[  902],
     | 70.00th=[  944], 80.00th=[  961], 90.00th=[  961], 95.00th=[  961],
     | 99.00th=[  969], 99.50th=[  969], 99.90th=[ 1116], 99.95th=[ 1116],
     | 99.99th=[ 1116]
   bw (  KiB/s): min=   31, max=   64, per=29.88%, avg=32.57, stdev= 4.50, samples=201
   iops        : min=    1, max=    4, avg= 1.98, stdev= 0.38, samples=201
  lat (msec)   : 250=0.79%, 500=12.57%, 750=42.93%, 1000=42.41%
  cpu          : usr=0.00%, sys=0.00%, ctx=438, majf=0, minf=16
  IO depths    : 1=100.0%, 2=0.0%, 4=0.0%, 8=0.0%, 16=0.0%, 32=0.0%, >=64=0.0%
     submit    : 0=0.0%, 4=100.0%, 8=0.0%, 16=0.0%, 32=0.0%, 64=0.0%, >=64=0.0%
     complete  : 0=0.0%, 4=100.0%, 8=0.0%, 16=0.0%, 32=0.0%, 64=0.0%, >=64=0.0%
     issued rwts: total=172,210,0,0 short=0,0,0,0 dropped=0,0,0,0
     latency   : target=0, window=0, percentile=100.00%, depth=1

Run status group 0 (all jobs):
   READ: bw=90.1KiB/s (92.3kB/s), 90.1KiB/s-90.1KiB/s (92.3kB/s-92.3kB/s), io=2752KiB (2818kB), run=30547-30547msec
  WRITE: bw=110KiB/s (113kB/s), 110KiB/s-110KiB/s (113kB/s-113kB/s), io=3360KiB (3441kB), run=30547-30547msec

Disk stats (read/write):
  sdg: ios=174/209, merge=0/0, ticks=137381/161034, in_queue=298876, util=98.30%
======================== Data disk NO.6 End =========================
========= Data Disk NO.6 Read And Write Begin  2022-05-17 01:36:36 ==========
mytest_6: (g=0): rw=randrw, bs=(R) 16.0KiB-16.0KiB, (W) 16.0KiB-16.0KiB, (T) 16.0KiB-16.0KiB, ioengine=psync, iodepth=1
...
fio-3.7
Starting 10 threads
======================== Data disk NO.6 End =========================


mytest_7: (g=0): rw=randrw, bs=(R) 16.0KiB-16.0KiB, (W) 16.0KiB-16.0KiB, (T) 16.0KiB-16.0KiB, ioengine=psync, iodepth=1
...
fio-3.7
Starting 10 threads

mytest_7: (groupid=0, jobs=10): err= 0: pid=144631: Tue May 17 01:35:45 2022
   read: IOPS=5, BW=86.0KiB/s (89.0kB/s)(2656KiB/30546msec)
    clat (msec): min=218, max=1185, avg=813.95, stdev=191.67
     lat (msec): min=218, max=1185, avg=813.95, stdev=191.67
    clat percentiles (msec):
     |  1.00th=[  245],  5.00th=[  481], 10.00th=[  493], 20.00th=[  718],
     | 30.00th=[  718], 40.00th=[  735], 50.00th=[  936], 60.00th=[  961],
     | 70.00th=[  961], 80.00th=[  969], 90.00th=[  978], 95.00th=[  978],
     | 99.00th=[ 1062], 99.50th=[ 1183], 99.90th=[ 1183], 99.95th=[ 1183],
     | 99.99th=[ 1183]
   bw (  KiB/s): min=   31, max=   64, per=37.58%, avg=32.32, stdev= 3.57, samples=161
   iops        : min=    1, max=    4, avg= 1.95, stdev= 0.35, samples=161
  write: IOPS=6, BW=111KiB/s (113kB/s)(3376KiB/30546msec)
    clat (msec): min=230, max=1269, avg=777.64, stdev=200.97
     lat (msec): min=230, max=1269, avg=777.64, stdev=200.97
    clat percentiles (msec):
     |  1.00th=[  241],  5.00th=[  468], 10.00th=[  481], 20.00th=[  693],
     | 30.00th=[  709], 40.00th=[  718], 50.00th=[  718], 60.00th=[  936],
     | 70.00th=[  961], 80.00th=[  961], 90.00th=[  961], 95.00th=[  961],
     | 99.00th=[ 1116], 99.50th=[ 1116], 99.90th=[ 1267], 99.95th=[ 1267],
     | 99.99th=[ 1267]
   bw (  KiB/s): min=   31, max=   64, per=29.41%, avg=32.35, stdev= 3.92, samples=201
   iops        : min=    1, max=    4, avg= 1.91, stdev= 0.42, samples=201
  lat (msec)   : 250=1.59%, 500=11.67%, 750=38.20%, 1000=45.09%
  cpu          : usr=0.00%, sys=0.00%, ctx=417, majf=0, minf=20
  IO depths    : 1=100.0%, 2=0.0%, 4=0.0%, 8=0.0%, 16=0.0%, 32=0.0%, >=64=0.0%
     submit    : 0=0.0%, 4=100.0%, 8=0.0%, 16=0.0%, 32=0.0%, 64=0.0%, >=64=0.0%
     complete  : 0=0.0%, 4=100.0%, 8=0.0%, 16=0.0%, 32=0.0%, 64=0.0%, >=64=0.0%
     issued rwts: total=166,211,0,0 short=0,0,0,0 dropped=0,0,0,0
     latency   : target=0, window=0, percentile=100.00%, depth=1

Run status group 0 (all jobs):
   READ: bw=86.0KiB/s (89.0kB/s), 86.0KiB/s-86.0KiB/s (89.0kB/s-89.0kB/s), io=2656KiB (2720kB), run=30546-30546msec
  WRITE: bw=111KiB/s (113kB/s), 111KiB/s-111KiB/s (113kB/s-113kB/s), io=3376KiB (3457kB), run=30546-30546msec

Disk stats (read/write):
  sdh: ios=165/210, merge=0/0, ticks=134682/163396, in_queue=300127, util=98.42%
======================== Data disk NO.7 End =========================
========= Data Disk NO.7 Read And Write Begin  2022-05-17 01:36:36 ==========
mytest_7: (g=0): rw=randrw, bs=(R) 16.0KiB-16.0KiB, (W) 16.0KiB-16.0KiB, (T) 16.0KiB-16.0KiB, ioengine=psync, iodepth=1
...
fio-3.7
Starting 10 threads
======================== Data disk NO.7 End =========================


mytest_8: (g=0): rw=randrw, bs=(R) 16.0KiB-16.0KiB, (W) 16.0KiB-16.0KiB, (T) 16.0KiB-16.0KiB, ioengine=psync, iodepth=1
...
fio-3.7
Starting 10 threads

mytest_8: (groupid=0, jobs=10): err= 0: pid=144685: Tue May 17 01:35:45 2022
   read: IOPS=5, BW=95.8KiB/s (98.1kB/s)(2896KiB/30244msec)
    clat (msec): min=223, max=1274, avg=761.95, stdev=232.50
     lat (msec): min=223, max=1274, avg=761.95, stdev=232.50
    clat percentiles (msec):
     |  1.00th=[  230],  5.00th=[  251], 10.00th=[  481], 20.00th=[  493],
     | 30.00th=[  718], 40.00th=[  718], 50.00th=[  735], 60.00th=[  944],
     | 70.00th=[  961], 80.00th=[  961], 90.00th=[  969], 95.00th=[  978],
     | 99.00th=[ 1183], 99.50th=[ 1267], 99.90th=[ 1267], 99.95th=[ 1267],
     | 99.99th=[ 1267]
   bw (  KiB/s): min=   31, max=   64, per=34.23%, avg=32.51, stdev= 4.20, samples=173
   iops        : min=    1, max=    4, avg= 1.99, stdev= 0.33, samples=173
  write: IOPS=7, BW=117KiB/s (120kB/s)(3536KiB/30244msec)
    clat (msec): min=11, max=1062, avg=726.43, stdev=235.50
     lat (msec): min=11, max=1062, avg=726.43, stdev=235.50
    clat percentiles (msec):
     |  1.00th=[  230],  5.00th=[  241], 10.00th=[  468], 20.00th=[  481],
     | 30.00th=[  502], 40.00th=[  709], 50.00th=[  718], 60.00th=[  919],
     | 70.00th=[  961], 80.00th=[  961], 90.00th=[  961], 95.00th=[  961],
     | 99.00th=[ 1053], 99.50th=[ 1062], 99.90th=[ 1062], 99.95th=[ 1062],
     | 99.99th=[ 1062]
   bw (  KiB/s): min=   31, max=   64, per=28.35%, avg=32.89, stdev= 5.35, samples=210
   iops        : min=    1, max=    4, avg= 2.03, stdev= 0.38, samples=210
  lat (msec)   : 20=0.25%, 250=4.73%, 500=21.89%, 750=28.36%, 1000=42.29%
  cpu          : usr=0.00%, sys=0.01%, ctx=419, majf=0, minf=10
  IO depths    : 1=100.0%, 2=0.0%, 4=0.0%, 8=0.0%, 16=0.0%, 32=0.0%, >=64=0.0%
     submit    : 0=0.0%, 4=100.0%, 8=0.0%, 16=0.0%, 32=0.0%, 64=0.0%, >=64=0.0%
     complete  : 0=0.0%, 4=100.0%, 8=0.0%, 16=0.0%, 32=0.0%, 64=0.0%, >=64=0.0%
     issued rwts: total=181,221,0,0 short=0,0,0,0 dropped=0,0,0,0
     latency   : target=0, window=0, percentile=100.00%, depth=1

Run status group 0 (all jobs):
   READ: bw=95.8KiB/s (98.1kB/s), 95.8KiB/s-95.8KiB/s (98.1kB/s-98.1kB/s), io=2896KiB (2966kB), run=30244-30244msec
  WRITE: bw=117KiB/s (120kB/s), 117KiB/s-117KiB/s (120kB/s-120kB/s), io=3536KiB (3621kB), run=30244-30244msec

Disk stats (read/write):
  sdi: ios=179/216, merge=0/0, ticks=137447/159373, in_queue=297365, util=98.71%
======================== Data disk NO.8 End =========================
========= Data Disk NO.8 Read And Write Begin  2022-05-17 01:36:36 ==========
mytest_8: (g=0): rw=randrw, bs=(R) 16.0KiB-16.0KiB, (W) 16.0KiB-16.0KiB, (T) 16.0KiB-16.0KiB, ioengine=psync, iodepth=1
...
fio-3.7
Starting 10 threads
======================== Data disk NO.8 End =========================


mytest_9: (g=0): rw=randrw, bs=(R) 16.0KiB-16.0KiB, (W) 16.0KiB-16.0KiB, (T) 16.0KiB-16.0KiB, ioengine=psync, iodepth=1
...
fio-3.7
Starting 10 threads

mytest_9: (groupid=0, jobs=10): err= 0: pid=144581: Tue May 17 01:35:45 2022
   read: IOPS=5, BW=93.6KiB/s (95.8kB/s)(2864KiB/30600msec)
    clat (msec): min=22, max=1287, avg=766.29, stdev=215.90
     lat (msec): min=22, max=1287, avg=766.29, stdev=215.90
    clat percentiles (msec):
     |  1.00th=[  142],  5.00th=[  347], 10.00th=[  481], 20.00th=[  684],
     | 30.00th=[  718], 40.00th=[  718], 50.00th=[  735], 60.00th=[  919],
     | 70.00th=[  961], 80.00th=[  961], 90.00th=[  969], 95.00th=[  978],
     | 99.00th=[ 1183], 99.50th=[ 1284], 99.90th=[ 1284], 99.95th=[ 1284],
     | 99.99th=[ 1284]
   bw (  KiB/s): min=   31, max=   64, per=35.61%, avg=33.12, stdev= 5.94, samples=169
   iops        : min=    1, max=    4, avg= 2.05, stdev= 0.40, samples=169
  write: IOPS=7, BW=117KiB/s (119kB/s)(3568KiB/30600msec)
    clat (msec): min=22, max=1273, avg=754.59, stdev=231.60
     lat (msec): min=22, max=1273, avg=754.59, stdev=231.60
    clat percentiles (msec):
     |  1.00th=[  142],  5.00th=[  209], 10.00th=[  481], 20.00th=[  701],
     | 30.00th=[  709], 40.00th=[  718], 50.00th=[  718], 60.00th=[  818],
     | 70.00th=[  961], 80.00th=[  961], 90.00th=[  961], 95.00th=[  969],
     | 99.00th=[ 1183], 99.50th=[ 1183], 99.90th=[ 1267], 99.95th=[ 1267],
     | 99.99th=[ 1267]
   bw (  KiB/s): min=   31, max=   64, per=28.47%, avg=33.03, stdev= 5.77, samples=210
   iops        : min=    1, max=    4, avg= 2.03, stdev= 0.41, samples=210
  lat (msec)   : 50=0.75%, 250=4.48%, 500=9.95%, 750=43.03%, 1000=39.05%
  cpu          : usr=0.00%, sys=0.01%, ctx=440, majf=0, minf=9
  IO depths    : 1=100.0%, 2=0.0%, 4=0.0%, 8=0.0%, 16=0.0%, 32=0.0%, >=64=0.0%
     submit    : 0=0.0%, 4=100.0%, 8=0.0%, 16=0.0%, 32=0.0%, 64=0.0%, >=64=0.0%
     complete  : 0=0.0%, 4=100.0%, 8=0.0%, 16=0.0%, 32=0.0%, 64=0.0%, >=64=0.0%
     issued rwts: total=179,223,0,0 short=0,0,0,0 dropped=0,0,0,0
     latency   : target=0, window=0, percentile=100.00%, depth=1

Run status group 0 (all jobs):
   READ: bw=93.6KiB/s (95.8kB/s), 93.6KiB/s-93.6KiB/s (95.8kB/s-95.8kB/s), io=2864KiB (2933kB), run=30600-30600msec
  WRITE: bw=117KiB/s (119kB/s), 117KiB/s-117KiB/s (119kB/s-119kB/s), io=3568KiB (3654kB), run=30600-30600msec

Disk stats (read/write):
  sdj: ios=178/218, merge=0/0, ticks=136532/164771, in_queue=305172, util=99.76%
======================== Data disk NO.9 End =========================
========= Data Disk NO.9 Read And Write Begin  2022-05-17 01:36:36 ==========
mytest_9: (g=0): rw=randrw, bs=(R) 16.0KiB-16.0KiB, (W) 16.0KiB-16.0KiB, (T) 16.0KiB-16.0KiB, ioengine=psync, iodepth=1
...
fio-3.7
Starting 10 threads
======================== Data disk NO.9 End =========================


mytest_10: (g=0): rw=randrw, bs=(R) 16.0KiB-16.0KiB, (W) 16.0KiB-16.0KiB, (T) 16.0KiB-16.0KiB, ioengine=psync, iodepth=1
...
fio-3.7
Starting 10 threads

mytest_10: (groupid=0, jobs=10): err= 0: pid=144641: Tue May 17 01:35:45 2022
   read: IOPS=5, BW=90.8KiB/s (93.0kB/s)(2752KiB/30292msec)
    clat (msec): min=214, max=1135, avg=770.20, stdev=208.84
     lat (msec): min=214, max=1135, avg=770.21, stdev=208.84
    clat percentiles (msec):
     |  1.00th=[  228],  5.00th=[  481], 10.00th=[  481], 20.00th=[  592],
     | 30.00th=[  718], 40.00th=[  718], 50.00th=[  735], 60.00th=[  944],
     | 70.00th=[  961], 80.00th=[  961], 90.00th=[  969], 95.00th=[  969],
     | 99.00th=[ 1053], 99.50th=[ 1133], 99.90th=[ 1133], 99.95th=[ 1133],
     | 99.99th=[ 1133]
   bw (  KiB/s): min=   31, max=   32, per=35.48%, avg=31.93, stdev= 0.25, samples=168
   iops        : min=    1, max=    2, avg= 1.93, stdev= 0.25, samples=168
  write: IOPS=7, BW=114KiB/s (116kB/s)(3440KiB/30292msec)
    clat (msec): min=11, max=1185, avg=763.21, stdev=211.90
     lat (msec): min=11, max=1185, avg=763.21, stdev=211.90
    clat percentiles (msec):
     |  1.00th=[  207],  5.00th=[  251], 10.00th=[  481], 20.00th=[  693],
     | 30.00th=[  718], 40.00th=[  718], 50.00th=[  718], 60.00th=[  869],
     | 70.00th=[  944], 80.00th=[  961], 90.00th=[  961], 95.00th=[  969],
     | 99.00th=[ 1116], 99.50th=[ 1116], 99.90th=[ 1183], 99.95th=[ 1183],
     | 99.99th=[ 1183]
   bw (  KiB/s): min=   31, max=   64, per=28.66%, avg=32.39, stdev= 3.86, samples=206
   iops        : min=    1, max=    4, avg= 1.95, stdev= 0.37, samples=206
  lat (msec)   : 20=0.52%, 250=3.10%, 500=12.66%, 750=39.28%, 1000=42.12%
  cpu          : usr=0.00%, sys=0.01%, ctx=425, majf=0, minf=12
  IO depths    : 1=100.0%, 2=0.0%, 4=0.0%, 8=0.0%, 16=0.0%, 32=0.0%, >=64=0.0%
     submit    : 0=0.0%, 4=100.0%, 8=0.0%, 16=0.0%, 32=0.0%, 64=0.0%, >=64=0.0%
     complete  : 0=0.0%, 4=100.0%, 8=0.0%, 16=0.0%, 32=0.0%, 64=0.0%, >=64=0.0%
     issued rwts: total=172,215,0,0 short=0,0,0,0 dropped=0,0,0,0
     latency   : target=0, window=0, percentile=100.00%, depth=1

Run status group 0 (all jobs):
   READ: bw=90.8KiB/s (93.0kB/s), 90.8KiB/s-90.8KiB/s (93.0kB/s-93.0kB/s), io=2752KiB (2818kB), run=30292-30292msec
  WRITE: bw=114KiB/s (116kB/s), 114KiB/s-114KiB/s (116kB/s-116kB/s), io=3440KiB (3523kB), run=30292-30292msec

Disk stats (read/write):
  sdk: ios=177/215, merge=0/0, ticks=135423/164112, in_queue=299787, util=98.34%
======================== Data disk NO.10 End =========================
========= Data Disk NO.10 Read And Write Begin  2022-05-17 01:36:36 ==========
mytest_10: (g=0): rw=randrw, bs=(R) 16.0KiB-16.0KiB, (W) 16.0KiB-16.0KiB, (T) 16.0KiB-16.0KiB, ioengine=psync, iodepth=1
...
fio-3.7
Starting 10 threads
======================== Data disk NO.10 End =========================


mytest_11: (g=0): rw=randrw, bs=(R) 16.0KiB-16.0KiB, (W) 16.0KiB-16.0KiB, (T) 16.0KiB-16.0KiB, ioengine=psync, iodepth=1
...
fio-3.7
Starting 10 threads

mytest_11: (groupid=0, jobs=10): err= 0: pid=144675: Tue May 17 01:35:45 2022
   read: IOPS=5, BW=92.6KiB/s (94.8kB/s)(2800KiB/30235msec)
    clat (msec): min=229, max=1196, avg=776.95, stdev=201.10
     lat (msec): min=229, max=1196, avg=776.95, stdev=201.10
    clat percentiles (msec):
     |  1.00th=[  230],  5.00th=[  468], 10.00th=[  481], 20.00th=[  676],
     | 30.00th=[  718], 40.00th=[  718], 50.00th=[  735], 60.00th=[  944],
     | 70.00th=[  961], 80.00th=[  961], 90.00th=[  969], 95.00th=[  969],
     | 99.00th=[ 1062], 99.50th=[ 1200], 99.90th=[ 1200], 99.95th=[ 1200],
     | 99.99th=[ 1200]
   bw (  KiB/s): min=   31, max=   64, per=34.97%, avg=32.17, stdev= 2.46, samples=170
   iops        : min=    1, max=    4, avg= 1.99, stdev= 0.20, samples=170
  write: IOPS=7, BW=114KiB/s (117kB/s)(3456KiB/30235msec)
    clat (msec): min=11, max=1185, avg=764.46, stdev=213.93
     lat (msec): min=11, max=1185, avg=764.47, stdev=213.93
    clat percentiles (msec):
     |  1.00th=[   12],  5.00th=[  241], 10.00th=[  481], 20.00th=[  684],
     | 30.00th=[  709], 40.00th=[  718], 50.00th=[  718], 60.00th=[  818],
     | 70.00th=[  961], 80.00th=[  961], 90.00th=[  961], 95.00th=[  961],
     | 99.00th=[ 1116], 99.50th=[ 1116], 99.90th=[ 1183], 99.95th=[ 1183],
     | 99.99th=[ 1183]
   bw (  KiB/s): min=   31, max=   64, per=29.15%, avg=33.23, stdev= 6.27, samples=202
   iops        : min=    1, max=    4, avg= 2.04, stdev= 0.44, samples=202
  lat (msec)   : 20=0.77%, 250=3.32%, 500=9.97%, 750=42.71%, 1000=40.92%
  cpu          : usr=0.00%, sys=0.01%, ctx=425, majf=0, minf=11
  IO depths    : 1=100.0%, 2=0.0%, 4=0.0%, 8=0.0%, 16=0.0%, 32=0.0%, >=64=0.0%
     submit    : 0=0.0%, 4=100.0%, 8=0.0%, 16=0.0%, 32=0.0%, 64=0.0%, >=64=0.0%
     complete  : 0=0.0%, 4=100.0%, 8=0.0%, 16=0.0%, 32=0.0%, 64=0.0%, >=64=0.0%
     issued rwts: total=175,216,0,0 short=0,0,0,0 dropped=0,0,0,0
     latency   : target=0, window=0, percentile=100.00%, depth=1

Run status group 0 (all jobs):
   READ: bw=92.6KiB/s (94.8kB/s), 92.6KiB/s-92.6KiB/s (94.8kB/s-94.8kB/s), io=2800KiB (2867kB), run=30235-30235msec
  WRITE: bw=114KiB/s (117kB/s), 114KiB/s-114KiB/s (117kB/s-117kB/s), io=3456KiB (3539kB), run=30235-30235msec

Disk stats (read/write):
  sdl: ios=208/210, merge=0/0, ticks=170622/162298, in_queue=335901, util=100.00%
======================== Data disk NO.11 End =========================
========= Data Disk NO.11 Read And Write Begin  2022-05-17 01:36:36 ==========
mytest_11: (g=0): rw=randrw, bs=(R) 16.0KiB-16.0KiB, (W) 16.0KiB-16.0KiB, (T) 16.0KiB-16.0KiB, ioengine=psync, iodepth=1
...
fio-3.7
Starting 10 threads
======================== Data disk NO.11 End =========================


mytest_12: (g=0): rw=randrw, bs=(R) 16.0KiB-16.0KiB, (W) 16.0KiB-16.0KiB, (T) 16.0KiB-16.0KiB, ioengine=psync, iodepth=1
...
fio-3.7
Starting 10 threads

mytest_12: (groupid=0, jobs=10): err= 0: pid=144651: Tue May 17 01:35:44 2022
   read: IOPS=37.3k, BW=583MiB/s (611MB/s)(17.1GiB/30002msec)
    clat (usec): min=44, max=12376, avg=234.11, stdev=127.59
     lat (usec): min=44, max=12376, avg=234.22, stdev=127.59
    clat percentiles (usec):
     |  1.00th=[  115],  5.00th=[  128], 10.00th=[  139], 20.00th=[  157],
     | 30.00th=[  176], 40.00th=[  194], 50.00th=[  208], 60.00th=[  233],
     | 70.00th=[  260], 80.00th=[  293], 90.00th=[  347], 95.00th=[  396],
     | 99.00th=[  519], 99.50th=[  603], 99.90th=[ 2008], 99.95th=[ 2376],
     | 99.99th=[ 3097]
   bw (  KiB/s): min=56143, max=64352, per=9.99%, avg=59668.05, stdev=1615.77, samples=591
   iops        : min= 3508, max= 4022, avg=3729.24, stdev=100.99, samples=591
  write: IOPS=37.3k, BW=583MiB/s (612MB/s)(17.1GiB/30002msec)
    clat (usec): min=15, max=11979, avg=30.64, stdev=19.56
     lat (usec): min=15, max=11980, avg=31.31, stdev=19.57
    clat percentiles (usec):
     |  1.00th=[   18],  5.00th=[   19], 10.00th=[   21], 20.00th=[   26],
     | 30.00th=[   28], 40.00th=[   29], 50.00th=[   30], 60.00th=[   32],
     | 70.00th=[   33], 80.00th=[   36], 90.00th=[   40], 95.00th=[   45],
     | 99.00th=[   56], 99.50th=[   61], 99.90th=[   79], 99.95th=[  101],
     | 99.99th=[  251]
   bw (  KiB/s): min=52960, max=67136, per=9.99%, avg=59699.56, stdev=2306.71, samples=591
   iops        : min= 3310, max= 4196, avg=3731.22, stdev=144.18, samples=591
  lat (usec)   : 20=4.57%, 50=44.34%, 100=1.12%, 250=33.47%, 500=15.87%
  lat (usec)   : 750=0.45%, 1000=0.03%
  lat (msec)   : 2=0.09%, 4=0.05%, 10=0.01%, 20=0.01%
  cpu          : usr=2.55%, sys=8.48%, ctx=2244705, majf=0, minf=680
  IO depths    : 1=100.0%, 2=0.0%, 4=0.0%, 8=0.0%, 16=0.0%, 32=0.0%, >=64=0.0%
     submit    : 0=0.0%, 4=100.0%, 8=0.0%, 16=0.0%, 32=0.0%, 64=0.0%, >=64=0.0%
     complete  : 0=0.0%, 4=100.0%, 8=0.0%, 16=0.0%, 32=0.0%, 64=0.0%, >=64=0.0%
     issued rwts: total=1119534,1120006,0,0 short=0,0,0,0 dropped=0,0,0,0
     latency   : target=0, window=0, percentile=100.00%, depth=1

Run status group 0 (all jobs):
   READ: bw=583MiB/s (611MB/s), 583MiB/s-583MiB/s (611MB/s-611MB/s), io=17.1GiB (18.3GB), run=30002-30002msec
  WRITE: bw=583MiB/s (612MB/s), 583MiB/s-583MiB/s (612MB/s-612MB/s), io=17.1GiB (18.3GB), run=30002-30002msec

Disk stats (read/write):
  nvme1n1: ios=1112229/1112793, merge=0/0, ticks=247342/20512, in_queue=270869, util=100.00%
======================== Data disk NO.12 End =========================
========= Data Disk NO.12 Read And Write Begin  2022-05-17 01:36:36 ==========
mytest_12: (g=0): rw=randrw, bs=(R) 16.0KiB-16.0KiB, (W) 16.0KiB-16.0KiB, (T) 16.0KiB-16.0KiB, ioengine=psync, iodepth=1
...
fio-3.7
Starting 10 threads
======================== Data disk NO.12 End =========================


