mytest_7: (g=0): rw=randrw, bs=(R) 16.0KiB-16.0KiB, (W) 16.0KiB-16.0KiB, (T) 16.0KiB-16.0KiB, ioengine=psync, iodepth=1
...
fio-3.7
Starting 10 threads

mytest_7: (groupid=0, jobs=10): err= 0: pid=144631: Tue May 17 01:35:45 2022
   read: IOPS=5, BW=86.0KiB/s (89.0kB/s)(2656KiB/30546msec)
    clat (msec): min=218, max=1185, avg=813.95, stdev=191.67
     lat (msec): min=218, max=1185, avg=813.95, stdev=191.67
    clat percentiles (msec):
     |  1.00th=[  245],  5.00th=[  481], 10.00th=[  493], 20.00th=[  718],
     | 30.00th=[  718], 40.00th=[  735], 50.00th=[  936], 60.00th=[  961],
     | 70.00th=[  961], 80.00th=[  969], 90.00th=[  978], 95.00th=[  978],
     | 99.00th=[ 1062], 99.50th=[ 1183], 99.90th=[ 1183], 99.95th=[ 1183],
     | 99.99th=[ 1183]
   bw (  KiB/s): min=   31, max=   64, per=37.58%, avg=32.32, stdev= 3.57, samples=161
   iops        : min=    1, max=    4, avg= 1.95, stdev= 0.35, samples=161
  write: IOPS=6, BW=111KiB/s (113kB/s)(3376KiB/30546msec)
    clat (msec): min=230, max=1269, avg=777.64, stdev=200.97
     lat (msec): min=230, max=1269, avg=777.64, stdev=200.97
    clat percentiles (msec):
     |  1.00th=[  241],  5.00th=[  468], 10.00th=[  481], 20.00th=[  693],
     | 30.00th=[  709], 40.00th=[  718], 50.00th=[  718], 60.00th=[  936],
     | 70.00th=[  961], 80.00th=[  961], 90.00th=[  961], 95.00th=[  961],
     | 99.00th=[ 1116], 99.50th=[ 1116], 99.90th=[ 1267], 99.95th=[ 1267],
     | 99.99th=[ 1267]
   bw (  KiB/s): min=   31, max=   64, per=29.41%, avg=32.35, stdev= 3.92, samples=201
   iops        : min=    1, max=    4, avg= 1.91, stdev= 0.42, samples=201
  lat (msec)   : 250=1.59%, 500=11.67%, 750=38.20%, 1000=45.09%
  cpu          : usr=0.00%, sys=0.00%, ctx=417, majf=0, minf=20
  IO depths    : 1=100.0%, 2=0.0%, 4=0.0%, 8=0.0%, 16=0.0%, 32=0.0%, >=64=0.0%
     submit    : 0=0.0%, 4=100.0%, 8=0.0%, 16=0.0%, 32=0.0%, 64=0.0%, >=64=0.0%
     complete  : 0=0.0%, 4=100.0%, 8=0.0%, 16=0.0%, 32=0.0%, 64=0.0%, >=64=0.0%
     issued rwts: total=166,211,0,0 short=0,0,0,0 dropped=0,0,0,0
     latency   : target=0, window=0, percentile=100.00%, depth=1

Run status group 0 (all jobs):
   READ: bw=86.0KiB/s (89.0kB/s), 86.0KiB/s-86.0KiB/s (89.0kB/s-89.0kB/s), io=2656KiB (2720kB), run=30546-30546msec
  WRITE: bw=111KiB/s (113kB/s), 111KiB/s-111KiB/s (113kB/s-113kB/s), io=3376KiB (3457kB), run=30546-30546msec

Disk stats (read/write):
  sdh: ios=165/210, merge=0/0, ticks=134682/163396, in_queue=300127, util=98.42%
======================== Data disk NO.7 End =========================
========= Data Disk NO.7 Read And Write Begin  2022-05-17 01:36:36 ==========
mytest_7: (g=0): rw=randrw, bs=(R) 16.0KiB-16.0KiB, (W) 16.0KiB-16.0KiB, (T) 16.0KiB-16.0KiB, ioengine=psync, iodepth=1
...
fio-3.7
Starting 10 threads
======================== Data disk NO.7 End =========================
