mytest_8: (g=0): rw=randrw, bs=(R) 16.0KiB-16.0KiB, (W) 16.0KiB-16.0KiB, (T) 16.0KiB-16.0KiB, ioengine=psync, iodepth=1
...
fio-3.7
Starting 10 threads

mytest_8: (groupid=0, jobs=10): err= 0: pid=144685: Tue May 17 01:35:45 2022
   read: IOPS=5, BW=95.8KiB/s (98.1kB/s)(2896KiB/30244msec)
    clat (msec): min=223, max=1274, avg=761.95, stdev=232.50
     lat (msec): min=223, max=1274, avg=761.95, stdev=232.50
    clat percentiles (msec):
     |  1.00th=[  230],  5.00th=[  251], 10.00th=[  481], 20.00th=[  493],
     | 30.00th=[  718], 40.00th=[  718], 50.00th=[  735], 60.00th=[  944],
     | 70.00th=[  961], 80.00th=[  961], 90.00th=[  969], 95.00th=[  978],
     | 99.00th=[ 1183], 99.50th=[ 1267], 99.90th=[ 1267], 99.95th=[ 1267],
     | 99.99th=[ 1267]
   bw (  KiB/s): min=   31, max=   64, per=34.23%, avg=32.51, stdev= 4.20, samples=173
   iops        : min=    1, max=    4, avg= 1.99, stdev= 0.33, samples=173
  write: IOPS=7, BW=117KiB/s (120kB/s)(3536KiB/30244msec)
    clat (msec): min=11, max=1062, avg=726.43, stdev=235.50
     lat (msec): min=11, max=1062, avg=726.43, stdev=235.50
    clat percentiles (msec):
     |  1.00th=[  230],  5.00th=[  241], 10.00th=[  468], 20.00th=[  481],
     | 30.00th=[  502], 40.00th=[  709], 50.00th=[  718], 60.00th=[  919],
     | 70.00th=[  961], 80.00th=[  961], 90.00th=[  961], 95.00th=[  961],
     | 99.00th=[ 1053], 99.50th=[ 1062], 99.90th=[ 1062], 99.95th=[ 1062],
     | 99.99th=[ 1062]
   bw (  KiB/s): min=   31, max=   64, per=28.35%, avg=32.89, stdev= 5.35, samples=210
   iops        : min=    1, max=    4, avg= 2.03, stdev= 0.38, samples=210
  lat (msec)   : 20=0.25%, 250=4.73%, 500=21.89%, 750=28.36%, 1000=42.29%
  cpu          : usr=0.00%, sys=0.01%, ctx=419, majf=0, minf=10
  IO depths    : 1=100.0%, 2=0.0%, 4=0.0%, 8=0.0%, 16=0.0%, 32=0.0%, >=64=0.0%
     submit    : 0=0.0%, 4=100.0%, 8=0.0%, 16=0.0%, 32=0.0%, 64=0.0%, >=64=0.0%
     complete  : 0=0.0%, 4=100.0%, 8=0.0%, 16=0.0%, 32=0.0%, 64=0.0%, >=64=0.0%
     issued rwts: total=181,221,0,0 short=0,0,0,0 dropped=0,0,0,0
     latency   : target=0, window=0, percentile=100.00%, depth=1

Run status group 0 (all jobs):
   READ: bw=95.8KiB/s (98.1kB/s), 95.8KiB/s-95.8KiB/s (98.1kB/s-98.1kB/s), io=2896KiB (2966kB), run=30244-30244msec
  WRITE: bw=117KiB/s (120kB/s), 117KiB/s-117KiB/s (120kB/s-120kB/s), io=3536KiB (3621kB), run=30244-30244msec

Disk stats (read/write):
  sdi: ios=179/216, merge=0/0, ticks=137447/159373, in_queue=297365, util=98.71%
======================== Data disk NO.8 End =========================
========= Data Disk NO.8 Read And Write Begin  2022-05-17 01:36:36 ==========
mytest_8: (g=0): rw=randrw, bs=(R) 16.0KiB-16.0KiB, (W) 16.0KiB-16.0KiB, (T) 16.0KiB-16.0KiB, ioengine=psync, iodepth=1
...
fio-3.7
Starting 10 threads
======================== Data disk NO.8 End =========================
