mytest_2: (g=0): rw=randrw, bs=(R) 16.0KiB-16.0KiB, (W) 16.0KiB-16.0KiB, (T) 16.0KiB-16.0KiB, ioengine=psync, iodepth=1
...
fio-3.7
Starting 10 threads

mytest_2: (groupid=0, jobs=10): err= 0: pid=144360: Tue May 17 01:35:45 2022
   read: IOPS=5, BW=94.5KiB/s (96.8kB/s)(2896KiB/30644msec)
    clat (msec): min=22, max=1348, avg=769.63, stdev=234.95
     lat (msec): min=22, max=1348, avg=769.63, stdev=234.95
    clat percentiles (msec):
     |  1.00th=[  182],  5.00th=[  351], 10.00th=[  481], 20.00th=[  493],
     | 30.00th=[  709], 40.00th=[  718], 50.00th=[  743], 60.00th=[  944],
     | 70.00th=[  961], 80.00th=[  961], 90.00th=[  969], 95.00th=[  978],
     | 99.00th=[ 1200], 99.50th=[ 1351], 99.90th=[ 1351], 99.95th=[ 1351],
     | 99.99th=[ 1351]
   bw (  KiB/s): min=   31, max=   64, per=34.74%, avg=32.66, stdev= 4.84, samples=173
   iops        : min=    1, max=    4, avg= 1.97, stdev= 0.42, samples=173
  write: IOPS=7, BW=118KiB/s (121kB/s)(3616KiB/30644msec)
    clat (msec): min=22, max=1185, avg=732.69, stdev=239.39
     lat (msec): min=22, max=1185, avg=732.69, stdev=239.39
    clat percentiles (msec):
     |  1.00th=[  184],  5.00th=[  220], 10.00th=[  481], 20.00th=[  481],
     | 30.00th=[  667], 40.00th=[  718], 50.00th=[  718], 60.00th=[  743],
     | 70.00th=[  944], 80.00th=[  961], 90.00th=[  961], 95.00th=[  969],
     | 99.00th=[ 1183], 99.50th=[ 1183], 99.90th=[ 1183], 99.95th=[ 1183],
     | 99.99th=[ 1183]
   bw (  KiB/s): min=   31, max=   64, per=27.32%, avg=32.24, stdev= 3.07, samples=218
   iops        : min=    1, max=    4, avg= 1.97, stdev= 0.29, samples=218
  lat (msec)   : 50=0.49%, 250=4.18%, 500=18.18%, 750=33.66%, 1000=39.56%
  cpu          : usr=0.00%, sys=0.00%, ctx=444, majf=0, minf=12
  IO depths    : 1=100.0%, 2=0.0%, 4=0.0%, 8=0.0%, 16=0.0%, 32=0.0%, >=64=0.0%
     submit    : 0=0.0%, 4=100.0%, 8=0.0%, 16=0.0%, 32=0.0%, 64=0.0%, >=64=0.0%
     complete  : 0=0.0%, 4=100.0%, 8=0.0%, 16=0.0%, 32=0.0%, 64=0.0%, >=64=0.0%
     issued rwts: total=181,226,0,0 short=0,0,0,0 dropped=0,0,0,0
     latency   : target=0, window=0, percentile=100.00%, depth=1

Run status group 0 (all jobs):
   READ: bw=94.5KiB/s (96.8kB/s), 94.5KiB/s-94.5KiB/s (96.8kB/s-96.8kB/s), io=2896KiB (2966kB), run=30644-30644msec
  WRITE: bw=118KiB/s (121kB/s), 118KiB/s-118KiB/s (121kB/s-121kB/s), io=3616KiB (3703kB), run=30644-30644msec

Disk stats (read/write):
  sdc: ios=182/226, merge=0/0, ticks=140284/165616, in_queue=306626, util=99.75%
======================== Data disk NO.2 End =========================
========= Data Disk NO.2 Read And Write Begin  2022-05-17 01:36:36 ==========
mytest_2: (g=0): rw=randrw, bs=(R) 16.0KiB-16.0KiB, (W) 16.0KiB-16.0KiB, (T) 16.0KiB-16.0KiB, ioengine=psync, iodepth=1
...
fio-3.7
Starting 10 threads
======================== Data disk NO.2 End =========================
