mytest_5: (g=0): rw=randrw, bs=(R) 16.0KiB-16.0KiB, (W) 16.0KiB-16.0KiB, (T) 16.0KiB-16.0KiB, ioengine=psync, iodepth=1
...
fio-3.7
Starting 10 threads

mytest_5: (groupid=0, jobs=10): err= 0: pid=144534: Tue May 17 01:35:45 2022
   read: IOPS=5, BW=94.1KiB/s (96.4kB/s)(2880KiB/30591msec)
    clat (msec): min=22, max=1346, avg=781.07, stdev=218.51
     lat (msec): min=22, max=1346, avg=781.07, stdev=218.51
    clat percentiles (msec):
     |  1.00th=[  142],  5.00th=[  351], 10.00th=[  481], 20.00th=[  701],
     | 30.00th=[  718], 40.00th=[  726], 50.00th=[  735], 60.00th=[  944],
     | 70.00th=[  961], 80.00th=[  961], 90.00th=[  969], 95.00th=[  978],
     | 99.00th=[ 1200], 99.50th=[ 1351], 99.90th=[ 1351], 99.95th=[ 1351],
     | 99.99th=[ 1351]
   bw (  KiB/s): min=   31, max=   64, per=34.13%, avg=32.09, stdev= 2.46, samples=173
   iops        : min=    1, max=    4, avg= 1.91, stdev= 0.34, samples=173
  write: IOPS=7, BW=114KiB/s (117kB/s)(3488KiB/30591msec)
    clat (msec): min=11, max=1343, avg=741.08, stdev=239.64
     lat (msec): min=11, max=1343, avg=741.08, stdev=239.64
    clat percentiles (msec):
     |  1.00th=[  142],  5.00th=[  230], 10.00th=[  481], 20.00th=[  502],
     | 30.00th=[  709], 40.00th=[  718], 50.00th=[  718], 60.00th=[  818],
     | 70.00th=[  944], 80.00th=[  961], 90.00th=[  961], 95.00th=[  969],
     | 99.00th=[ 1267], 99.50th=[ 1351], 99.90th=[ 1351], 99.95th=[ 1351],
     | 99.99th=[ 1351]
   bw (  KiB/s): min=   31, max=   64, per=28.67%, avg=32.68, stdev= 4.92, samples=209
   iops        : min=    1, max=    4, avg= 1.97, stdev= 0.42, samples=209
  lat (msec)   : 20=0.25%, 50=0.25%, 250=4.77%, 500=12.81%, 750=38.44%
  lat (msec)   : 1000=40.70%
  cpu          : usr=0.00%, sys=0.01%, ctx=449, majf=0, minf=9
  IO depths    : 1=100.0%, 2=0.0%, 4=0.0%, 8=0.0%, 16=0.0%, 32=0.0%, >=64=0.0%
     submit    : 0=0.0%, 4=100.0%, 8=0.0%, 16=0.0%, 32=0.0%, 64=0.0%, >=64=0.0%
     complete  : 0=0.0%, 4=100.0%, 8=0.0%, 16=0.0%, 32=0.0%, 64=0.0%, >=64=0.0%
     issued rwts: total=180,218,0,0 short=0,0,0,0 dropped=0,0,0,0
     latency   : target=0, window=0, percentile=100.00%, depth=1

Run status group 0 (all jobs):
   READ: bw=94.1KiB/s (96.4kB/s), 94.1KiB/s-94.1KiB/s (96.4kB/s-96.4kB/s), io=2880KiB (2949kB), run=30591-30591msec
  WRITE: bw=114KiB/s (117kB/s), 114KiB/s-114KiB/s (117kB/s-117kB/s), io=3488KiB (3572kB), run=30591-30591msec

Disk stats (read/write):
  sdf: ios=181/218, merge=0/0, ticks=141574/161576, in_queue=303645, util=99.68%
======================== Data disk NO.5 End =========================
========= Data Disk NO.5 Read And Write Begin  2022-05-17 01:36:36 ==========
mytest_5: (g=0): rw=randrw, bs=(R) 16.0KiB-16.0KiB, (W) 16.0KiB-16.0KiB, (T) 16.0KiB-16.0KiB, ioengine=psync, iodepth=1
...
fio-3.7
Starting 10 threads
======================== Data disk NO.5 End =========================
