mytest_11: (g=0): rw=randrw, bs=(R) 16.0KiB-16.0KiB, (W) 16.0KiB-16.0KiB, (T) 16.0KiB-16.0KiB, ioengine=psync, iodepth=1
...
fio-3.7
Starting 10 threads

mytest_11: (groupid=0, jobs=10): err= 0: pid=144675: Tue May 17 01:35:45 2022
   read: IOPS=5, BW=92.6KiB/s (94.8kB/s)(2800KiB/30235msec)
    clat (msec): min=229, max=1196, avg=776.95, stdev=201.10
     lat (msec): min=229, max=1196, avg=776.95, stdev=201.10
    clat percentiles (msec):
     |  1.00th=[  230],  5.00th=[  468], 10.00th=[  481], 20.00th=[  676],
     | 30.00th=[  718], 40.00th=[  718], 50.00th=[  735], 60.00th=[  944],
     | 70.00th=[  961], 80.00th=[  961], 90.00th=[  969], 95.00th=[  969],
     | 99.00th=[ 1062], 99.50th=[ 1200], 99.90th=[ 1200], 99.95th=[ 1200],
     | 99.99th=[ 1200]
   bw (  KiB/s): min=   31, max=   64, per=34.97%, avg=32.17, stdev= 2.46, samples=170
   iops        : min=    1, max=    4, avg= 1.99, stdev= 0.20, samples=170
  write: IOPS=7, BW=114KiB/s (117kB/s)(3456KiB/30235msec)
    clat (msec): min=11, max=1185, avg=764.46, stdev=213.93
     lat (msec): min=11, max=1185, avg=764.47, stdev=213.93
    clat percentiles (msec):
     |  1.00th=[   12],  5.00th=[  241], 10.00th=[  481], 20.00th=[  684],
     | 30.00th=[  709], 40.00th=[  718], 50.00th=[  718], 60.00th=[  818],
     | 70.00th=[  961], 80.00th=[  961], 90.00th=[  961], 95.00th=[  961],
     | 99.00th=[ 1116], 99.50th=[ 1116], 99.90th=[ 1183], 99.95th=[ 1183],
     | 99.99th=[ 1183]
   bw (  KiB/s): min=   31, max=   64, per=29.15%, avg=33.23, stdev= 6.27, samples=202
   iops        : min=    1, max=    4, avg= 2.04, stdev= 0.44, samples=202
  lat (msec)   : 20=0.77%, 250=3.32%, 500=9.97%, 750=42.71%, 1000=40.92%
  cpu          : usr=0.00%, sys=0.01%, ctx=425, majf=0, minf=11
  IO depths    : 1=100.0%, 2=0.0%, 4=0.0%, 8=0.0%, 16=0.0%, 32=0.0%, >=64=0.0%
     submit    : 0=0.0%, 4=100.0%, 8=0.0%, 16=0.0%, 32=0.0%, 64=0.0%, >=64=0.0%
     complete  : 0=0.0%, 4=100.0%, 8=0.0%, 16=0.0%, 32=0.0%, 64=0.0%, >=64=0.0%
     issued rwts: total=175,216,0,0 short=0,0,0,0 dropped=0,0,0,0
     latency   : target=0, window=0, percentile=100.00%, depth=1

Run status group 0 (all jobs):
   READ: bw=92.6KiB/s (94.8kB/s), 92.6KiB/s-92.6KiB/s (94.8kB/s-94.8kB/s), io=2800KiB (2867kB), run=30235-30235msec
  WRITE: bw=114KiB/s (117kB/s), 114KiB/s-114KiB/s (117kB/s-117kB/s), io=3456KiB (3539kB), run=30235-30235msec

Disk stats (read/write):
  sdl: ios=208/210, merge=0/0, ticks=170622/162298, in_queue=335901, util=100.00%
======================== Data disk NO.11 End =========================
========= Data Disk NO.11 Read And Write Begin  2022-05-17 01:36:36 ==========
mytest_11: (g=0): rw=randrw, bs=(R) 16.0KiB-16.0KiB, (W) 16.0KiB-16.0KiB, (T) 16.0KiB-16.0KiB, ioengine=psync, iodepth=1
...
fio-3.7
Starting 10 threads
======================== Data disk NO.11 End =========================
