mytest_6: (g=0): rw=randrw, bs=(R) 16.0KiB-16.0KiB, (W) 16.0KiB-16.0KiB, (T) 16.0KiB-16.0KiB, ioengine=psync, iodepth=1
...
fio-3.7
Starting 10 threads

mytest_6: (groupid=0, jobs=10): err= 0: pid=144621: Tue May 17 01:35:45 2022
   read: IOPS=5, BW=90.1KiB/s (92.3kB/s)(2752KiB/30547msec)
    clat (msec): min=251, max=1282, avg=788.88, stdev=182.43
     lat (msec): min=251, max=1282, avg=788.88, stdev=182.43
    clat percentiles (msec):
     |  1.00th=[  264],  5.00th=[  481], 10.00th=[  493], 20.00th=[  701],
     | 30.00th=[  718], 40.00th=[  718], 50.00th=[  735], 60.00th=[  936],
     | 70.00th=[  961], 80.00th=[  961], 90.00th=[  969], 95.00th=[  969],
     | 99.00th=[ 1183], 99.50th=[ 1284], 99.90th=[ 1284], 99.95th=[ 1284],
     | 99.99th=[ 1284]
   bw (  KiB/s): min=   31, max=   32, per=35.49%, avg=31.94, stdev= 0.24, samples=167
   iops        : min=    1, max=    2, avg= 1.94, stdev= 0.24, samples=167
  write: IOPS=6, BW=110KiB/s (113kB/s)(3360KiB/30547msec)
    clat (msec): min=239, max=1113, avg=770.08, stdev=185.89
     lat (msec): min=239, max=1113, avg=770.08, stdev=185.89
    clat percentiles (msec):
     |  1.00th=[  241],  5.00th=[  468], 10.00th=[  481], 20.00th=[  701],
     | 30.00th=[  709], 40.00th=[  718], 50.00th=[  718], 60.00th=[  902],
     | 70.00th=[  944], 80.00th=[  961], 90.00th=[  961], 95.00th=[  961],
     | 99.00th=[  969], 99.50th=[  969], 99.90th=[ 1116], 99.95th=[ 1116],
     | 99.99th=[ 1116]
   bw (  KiB/s): min=   31, max=   64, per=29.88%, avg=32.57, stdev= 4.50, samples=201
   iops        : min=    1, max=    4, avg= 1.98, stdev= 0.38, samples=201
  lat (msec)   : 250=0.79%, 500=12.57%, 750=42.93%, 1000=42.41%
  cpu          : usr=0.00%, sys=0.00%, ctx=438, majf=0, minf=16
  IO depths    : 1=100.0%, 2=0.0%, 4=0.0%, 8=0.0%, 16=0.0%, 32=0.0%, >=64=0.0%
     submit    : 0=0.0%, 4=100.0%, 8=0.0%, 16=0.0%, 32=0.0%, 64=0.0%, >=64=0.0%
     complete  : 0=0.0%, 4=100.0%, 8=0.0%, 16=0.0%, 32=0.0%, 64=0.0%, >=64=0.0%
     issued rwts: total=172,210,0,0 short=0,0,0,0 dropped=0,0,0,0
     latency   : target=0, window=0, percentile=100.00%, depth=1

Run status group 0 (all jobs):
   READ: bw=90.1KiB/s (92.3kB/s), 90.1KiB/s-90.1KiB/s (92.3kB/s-92.3kB/s), io=2752KiB (2818kB), run=30547-30547msec
  WRITE: bw=110KiB/s (113kB/s), 110KiB/s-110KiB/s (113kB/s-113kB/s), io=3360KiB (3441kB), run=30547-30547msec

Disk stats (read/write):
  sdg: ios=174/209, merge=0/0, ticks=137381/161034, in_queue=298876, util=98.30%
======================== Data disk NO.6 End =========================
========= Data Disk NO.6 Read And Write Begin  2022-05-17 01:36:36 ==========
mytest_6: (g=0): rw=randrw, bs=(R) 16.0KiB-16.0KiB, (W) 16.0KiB-16.0KiB, (T) 16.0KiB-16.0KiB, ioengine=psync, iodepth=1
...
fio-3.7
Starting 10 threads
======================== Data disk NO.6 End =========================
