mytest_3: (g=0): rw=randrw, bs=(R) 16.0KiB-16.0KiB, (W) 16.0KiB-16.0KiB, (T) 16.0KiB-16.0KiB, ioengine=psync, iodepth=1
...
fio-3.7
Starting 10 threads

mytest_3: (groupid=0, jobs=10): err= 0: pid=144611: Tue May 17 01:35:45 2022
   read: IOPS=5, BW=93.7KiB/s (95.0kB/s)(2864KiB/30558msec)
    clat (msec): min=231, max=1175, avg=770.90, stdev=215.26
     lat (msec): min=231, max=1175, avg=770.90, stdev=215.26
    clat percentiles (msec):
     |  1.00th=[  251],  5.00th=[  447], 10.00th=[  481], 20.00th=[  493],
     | 30.00th=[  718], 40.00th=[  726], 50.00th=[  760], 60.00th=[  944],
     | 70.00th=[  961], 80.00th=[  961], 90.00th=[  969], 95.00th=[  969],
     | 99.00th=[ 1167], 99.50th=[ 1183], 99.90th=[ 1183], 99.95th=[ 1183],
     | 99.99th=[ 1183]
   bw (  KiB/s): min=   32, max=   32, per=34.41%, avg=32.00, stdev= 0.00, samples=173
   iops        : min=    2, max=    2, avg= 2.00, stdev= 0.00, samples=173
  write: IOPS=7, BW=114KiB/s (117kB/s)(3488KiB/30558msec)
    clat (msec): min=11, max=1332, avg=736.32, stdev=229.30
     lat (msec): min=11, max=1332, avg=736.32, stdev=229.30
    clat percentiles (msec):
     |  1.00th=[   12],  5.00th=[  460], 10.00th=[  481], 20.00th=[  481],
     | 30.00th=[  701], 40.00th=[  709], 50.00th=[  718], 60.00th=[  818],
     | 70.00th=[  944], 80.00th=[  961], 90.00th=[  961], 95.00th=[  969],
     | 99.00th=[ 1167], 99.50th=[ 1183], 99.90th=[ 1334], 99.95th=[ 1334],
     | 99.99th=[ 1334]
   bw (  KiB/s): min=   31, max=   64, per=28.47%, avg=32.45, stdev= 3.80, samples=211
   iops        : min=    1, max=    4, avg= 2.02, stdev= 0.25, samples=211
  lat (msec)   : 20=0.76%, 250=1.51%, 500=22.92%, 750=29.47%, 1000=42.57%
  cpu          : usr=0.00%, sys=0.00%, ctx=433, majf=0, minf=15
  IO depths    : 1=100.0%, 2=0.0%, 4=0.0%, 8=0.0%, 16=0.0%, 32=0.0%, >=64=0.0%
     submit    : 0=0.0%, 4=100.0%, 8=0.0%, 16=0.0%, 32=0.0%, 64=0.0%, >=64=0.0%
     complete  : 0=0.0%, 4=100.0%, 8=0.0%, 16=0.0%, 32=0.0%, 64=0.0%, >=64=0.0%
     issued rwts: total=179,218,0,0 short=0,0,0,0 dropped=0,0,0,0
     latency   : target=0, window=0, percentile=100.00%, depth=1

Run status group 0 (all jobs):
   READ: bw=93.7KiB/s (95.0kB/s), 93.7KiB/s-93.7KiB/s (95.0kB/s-95.0kB/s), io=2864KiB (2933kB), run=30558-30558msec
  WRITE: bw=114KiB/s (117kB/s), 114KiB/s-114KiB/s (117kB/s-117kB/s), io=3488KiB (3572kB), run=30558-30558msec

Disk stats (read/write):
  sdd: ios=182/218, merge=0/0, ticks=139704/160531, in_queue=300934, util=98.28%
======================== Data disk NO.3 End =========================
========= Data Disk NO.3 Read And Write Begin  2022-05-17 01:36:36 ==========
mytest_3: (g=0): rw=randrw, bs=(R) 16.0KiB-16.0KiB, (W) 16.0KiB-16.0KiB, (T) 16.0KiB-16.0KiB, ioengine=psync, iodepth=1
...
fio-3.7
Starting 10 threads
======================== Data disk NO.3 End =========================
