mytest_4: (g=0): rw=randrw, bs=(R) 16.0KiB-16.0KiB, (W) 16.0KiB-16.0KiB, (T) 16.0KiB-16.0KiB, ioengine=psync, iodepth=1
...
fio-3.7
Starting 10 threads

mytest_4: (groupid=0, jobs=10): err= 0: pid=144665: Tue May 17 01:35:45 2022
   read: IOPS=5, BW=93.6KiB/s (95.8kB/s)(2832KiB/30255msec)
    clat (msec): min=229, max=1273, avg=778.72, stdev=211.30
     lat (msec): min=229, max=1273, avg=778.72, stdev=211.30
    clat percentiles (msec):
     |  1.00th=[  241],  5.00th=[  253], 10.00th=[  481], 20.00th=[  693],
     | 30.00th=[  718], 40.00th=[  718], 50.00th=[  735], 60.00th=[  944],
     | 70.00th=[  961], 80.00th=[  961], 90.00th=[  969], 95.00th=[  969],
     | 99.00th=[ 1267], 99.50th=[ 1267], 99.90th=[ 1267], 99.95th=[ 1267],
     | 99.99th=[ 1267]
   bw (  KiB/s): min=   31, max=   32, per=34.37%, avg=31.96, stdev= 0.18, samples=171
   iops        : min=    1, max=    2, avg= 1.96, stdev= 0.18, samples=171
  write: IOPS=7, BW=116KiB/s (119kB/s)(3504KiB/30255msec)
    clat (msec): min=22, max=1277, avg=743.92, stdev=203.24
     lat (msec): min=22, max=1277, avg=743.92, stdev=203.24
    clat percentiles (msec):
     |  1.00th=[  230],  5.00th=[  468], 10.00th=[  481], 20.00th=[  667],
     | 30.00th=[  709], 40.00th=[  718], 50.00th=[  718], 60.00th=[  718],
     | 70.00th=[  944], 80.00th=[  961], 90.00th=[  961], 95.00th=[  961],
     | 99.00th=[ 1167], 99.50th=[ 1183], 99.90th=[ 1284], 99.95th=[ 1284],
     | 99.99th=[ 1284]
   bw (  KiB/s): min=   31, max=   64, per=28.87%, avg=33.20, stdev= 6.19, samples=207
   iops        : min=    1, max=    4, avg= 2.04, stdev= 0.44, samples=207
  lat (msec)   : 50=0.51%, 250=2.53%, 500=14.14%, 750=42.93%, 1000=37.63%
  cpu          : usr=0.00%, sys=0.00%, ctx=439, majf=0, minf=14
  IO depths    : 1=100.0%, 2=0.0%, 4=0.0%, 8=0.0%, 16=0.0%, 32=0.0%, >=64=0.0%
     submit    : 0=0.0%, 4=100.0%, 8=0.0%, 16=0.0%, 32=0.0%, 64=0.0%, >=64=0.0%
     complete  : 0=0.0%, 4=100.0%, 8=0.0%, 16=0.0%, 32=0.0%, 64=0.0%, >=64=0.0%
     issued rwts: total=177,219,0,0 short=0,0,0,0 dropped=0,0,0,0
     latency   : target=0, window=0, percentile=100.00%, depth=1

Run status group 0 (all jobs):
   READ: bw=93.6KiB/s (95.8kB/s), 93.6KiB/s-93.6KiB/s (95.8kB/s-95.8kB/s), io=2832KiB (2900kB), run=30255-30255msec
  WRITE: bw=116KiB/s (119kB/s), 116KiB/s-116KiB/s (119kB/s-119kB/s), io=3504KiB (3588kB), run=30255-30255msec

Disk stats (read/write):
  sde: ios=173/215, merge=0/0, ticks=136595/161980, in_queue=299234, util=99.36%
======================== Data disk NO.4 End =========================
========= Data Disk NO.4 Read And Write Begin  2022-05-17 01:36:36 ==========
mytest_4: (g=0): rw=randrw, bs=(R) 16.0KiB-16.0KiB, (W) 16.0KiB-16.0KiB, (T) 16.0KiB-16.0KiB, ioengine=psync, iodepth=1
...
fio-3.7
Starting 10 threads
======================== Data disk NO.4 End =========================
