mytest_10: (g=0): rw=randrw, bs=(R) 16.0KiB-16.0KiB, (W) 16.0KiB-16.0KiB, (T) 16.0KiB-16.0KiB, ioengine=psync, iodepth=1
...
fio-3.7
Starting 10 threads

mytest_10: (groupid=0, jobs=10): err= 0: pid=144641: Tue May 17 01:35:45 2022
   read: IOPS=5, BW=90.8KiB/s (93.0kB/s)(2752KiB/30292msec)
    clat (msec): min=214, max=1135, avg=770.20, stdev=208.84
     lat (msec): min=214, max=1135, avg=770.21, stdev=208.84
    clat percentiles (msec):
     |  1.00th=[  228],  5.00th=[  481], 10.00th=[  481], 20.00th=[  592],
     | 30.00th=[  718], 40.00th=[  718], 50.00th=[  735], 60.00th=[  944],
     | 70.00th=[  961], 80.00th=[  961], 90.00th=[  969], 95.00th=[  969],
     | 99.00th=[ 1053], 99.50th=[ 1133], 99.90th=[ 1133], 99.95th=[ 1133],
     | 99.99th=[ 1133]
   bw (  KiB/s): min=   31, max=   32, per=35.48%, avg=31.93, stdev= 0.25, samples=168
   iops        : min=    1, max=    2, avg= 1.93, stdev= 0.25, samples=168
  write: IOPS=7, BW=114KiB/s (116kB/s)(3440KiB/30292msec)
    clat (msec): min=11, max=1185, avg=763.21, stdev=211.90
     lat (msec): min=11, max=1185, avg=763.21, stdev=211.90
    clat percentiles (msec):
     |  1.00th=[  207],  5.00th=[  251], 10.00th=[  481], 20.00th=[  693],
     | 30.00th=[  718], 40.00th=[  718], 50.00th=[  718], 60.00th=[  869],
     | 70.00th=[  944], 80.00th=[  961], 90.00th=[  961], 95.00th=[  969],
     | 99.00th=[ 1116], 99.50th=[ 1116], 99.90th=[ 1183], 99.95th=[ 1183],
     | 99.99th=[ 1183]
   bw (  KiB/s): min=   31, max=   64, per=28.66%, avg=32.39, stdev= 3.86, samples=206
   iops        : min=    1, max=    4, avg= 1.95, stdev= 0.37, samples=206
  lat (msec)   : 20=0.52%, 250=3.10%, 500=12.66%, 750=39.28%, 1000=42.12%
  cpu          : usr=0.00%, sys=0.01%, ctx=425, majf=0, minf=12
  IO depths    : 1=100.0%, 2=0.0%, 4=0.0%, 8=0.0%, 16=0.0%, 32=0.0%, >=64=0.0%
     submit    : 0=0.0%, 4=100.0%, 8=0.0%, 16=0.0%, 32=0.0%, 64=0.0%, >=64=0.0%
     complete  : 0=0.0%, 4=100.0%, 8=0.0%, 16=0.0%, 32=0.0%, 64=0.0%, >=64=0.0%
     issued rwts: total=172,215,0,0 short=0,0,0,0 dropped=0,0,0,0
     latency   : target=0, window=0, percentile=100.00%, depth=1

Run status group 0 (all jobs):
   READ: bw=90.8KiB/s (93.0kB/s), 90.8KiB/s-90.8KiB/s (93.0kB/s-93.0kB/s), io=2752KiB (2818kB), run=30292-30292msec
  WRITE: bw=114KiB/s (116kB/s), 114KiB/s-114KiB/s (116kB/s-116kB/s), io=3440KiB (3523kB), run=30292-30292msec

Disk stats (read/write):
  sdk: ios=177/215, merge=0/0, ticks=135423/164112, in_queue=299787, util=98.34%
======================== Data disk NO.10 End =========================
========= Data Disk NO.10 Read And Write Begin  2022-05-17 01:36:36 ==========
mytest_10: (g=0): rw=randrw, bs=(R) 16.0KiB-16.0KiB, (W) 16.0KiB-16.0KiB, (T) 16.0KiB-16.0KiB, ioengine=psync, iodepth=1
...
fio-3.7
Starting 10 threads
======================== Data disk NO.10 End =========================
