mytest_1: (g=0): rw=randrw, bs=(R) 16.0KiB-16.0KiB, (W) 16.0KiB-16.0KiB, (T) 16.0KiB-16.0KiB, ioengine=psync, iodepth=1
...
fio-3.7
Starting 10 threads

mytest_1: (groupid=0, jobs=10): err= 0: pid=144696: Tue May 17 01:35:48 2022
   read: IOPS=8, BW=128KiB/s (131kB/s)(3872KiB/30197msec)
    clat (msec): min=11, max=959, avg=569.48, stdev=277.21
     lat (msec): min=11, max=959, avg=569.48, stdev=277.21
    clat percentiles (msec):
     |  1.00th=[   12],  5.00th=[  241], 10.00th=[  241], 20.00th=[  241],
     | 30.00th=[  481], 40.00th=[  481], 50.00th=[  481], 60.00th=[  718],
     | 70.00th=[  718], 80.00th=[  961], 90.00th=[  961], 95.00th=[  961],
     | 99.00th=[  961], 99.50th=[  961], 99.90th=[  961], 99.95th=[  961],
     | 99.99th=[  961]
   bw (  KiB/s): min=   31, max=   64, per=27.53%, avg=35.24, stdev= 9.76, samples=214
   iops        : min=    1, max=    4, avg= 2.15, stdev= 0.66, samples=214
  write: IOPS=9, BW=148KiB/s (151kB/s)(4464KiB/30197msec)
    clat (usec): min=239, max=958904, avg=588289.98, stdev=261629.96
     lat (usec): min=239, max=958905, avg=588291.12, stdev=261630.12
    clat percentiles (msec):
     |  1.00th=[   12],  5.00th=[  241], 10.00th=[  241], 20.00th=[  241],
     | 30.00th=[  481], 40.00th=[  481], 50.00th=[  493], 60.00th=[  709],
     | 70.00th=[  718], 80.00th=[  961], 90.00th=[  961], 95.00th=[  961],
     | 99.00th=[  961], 99.50th=[  961], 99.90th=[  961], 99.95th=[  961],
     | 99.99th=[  961]
   bw (  KiB/s): min=   31, max=   96, per=23.56%, avg=34.63, stdev= 9.71, samples=254
   iops        : min=    1, max=    6, avg= 2.15, stdev= 0.62, samples=254
  lat (usec)   : 250=0.19%
  lat (msec)   : 20=1.73%, 250=21.11%, 500=29.94%, 750=24.18%, 1000=22.84%
  cpu          : usr=0.00%, sys=0.01%, ctx=533, majf=0, minf=8
  IO depths    : 1=100.0%, 2=0.0%, 4=0.0%, 8=0.0%, 16=0.0%, 32=0.0%, >=64=0.0%
     submit    : 0=0.0%, 4=100.0%, 8=0.0%, 16=0.0%, 32=0.0%, 64=0.0%, >=64=0.0%
     complete  : 0=0.0%, 4=100.0%, 8=0.0%, 16=0.0%, 32=0.0%, 64=0.0%, >=64=0.0%
     issued rwts: total=242,279,0,0 short=0,0,0,0 dropped=0,0,0,0
     latency   : target=0, window=0, percentile=100.00%, depth=1

Run status group 0 (all jobs):
   READ: bw=128KiB/s (131kB/s), 128KiB/s-128KiB/s (131kB/s-131kB/s), io=3872KiB (3965kB), run=30197-30197msec
  WRITE: bw=148KiB/s (151kB/s), 148KiB/s-148KiB/s (151kB/s-151kB/s), io=4464KiB (4571kB), run=30197-30197msec

Disk stats (read/write):
  sdb: ios=279/275, merge=0/0, ticks=173543/163191, in_queue=337431, util=99.73%
======================== Data disk NO.1 End =========================
========= Data Disk NO.1 Read And Write Begin  2022-05-17 01:36:36 ==========
mytest_1: (g=0): rw=randrw, bs=(R) 16.0KiB-16.0KiB, (W) 16.0KiB-16.0KiB, (T) 16.0KiB-16.0KiB, ioengine=psync, iodepth=1
...
fio-3.7
Starting 10 threads
======================== Data disk NO.1 End =========================
