mytest_9: (g=0): rw=randrw, bs=(R) 16.0KiB-16.0KiB, (W) 16.0KiB-16.0KiB, (T) 16.0KiB-16.0KiB, ioengine=psync, iodepth=1
...
fio-3.7
Starting 10 threads

mytest_9: (groupid=0, jobs=10): err= 0: pid=144581: Tue May 17 01:35:45 2022
   read: IOPS=5, BW=93.6KiB/s (95.8kB/s)(2864KiB/30600msec)
    clat (msec): min=22, max=1287, avg=766.29, stdev=215.90
     lat (msec): min=22, max=1287, avg=766.29, stdev=215.90
    clat percentiles (msec):
     |  1.00th=[  142],  5.00th=[  347], 10.00th=[  481], 20.00th=[  684],
     | 30.00th=[  718], 40.00th=[  718], 50.00th=[  735], 60.00th=[  919],
     | 70.00th=[  961], 80.00th=[  961], 90.00th=[  969], 95.00th=[  978],
     | 99.00th=[ 1183], 99.50th=[ 1284], 99.90th=[ 1284], 99.95th=[ 1284],
     | 99.99th=[ 1284]
   bw (  KiB/s): min=   31, max=   64, per=35.61%, avg=33.12, stdev= 5.94, samples=169
   iops        : min=    1, max=    4, avg= 2.05, stdev= 0.40, samples=169
  write: IOPS=7, BW=117KiB/s (119kB/s)(3568KiB/30600msec)
    clat (msec): min=22, max=1273, avg=754.59, stdev=231.60
     lat (msec): min=22, max=1273, avg=754.59, stdev=231.60
    clat percentiles (msec):
     |  1.00th=[  142],  5.00th=[  209], 10.00th=[  481], 20.00th=[  701],
     | 30.00th=[  709], 40.00th=[  718], 50.00th=[  718], 60.00th=[  818],
     | 70.00th=[  961], 80.00th=[  961], 90.00th=[  961], 95.00th=[  969],
     | 99.00th=[ 1183], 99.50th=[ 1183], 99.90th=[ 1267], 99.95th=[ 1267],
     | 99.99th=[ 1267]
   bw (  KiB/s): min=   31, max=   64, per=28.47%, avg=33.03, stdev= 5.77, samples=210
   iops        : min=    1, max=    4, avg= 2.03, stdev= 0.41, samples=210
  lat (msec)   : 50=0.75%, 250=4.48%, 500=9.95%, 750=43.03%, 1000=39.05%
  cpu          : usr=0.00%, sys=0.01%, ctx=440, majf=0, minf=9
  IO depths    : 1=100.0%, 2=0.0%, 4=0.0%, 8=0.0%, 16=0.0%, 32=0.0%, >=64=0.0%
     submit    : 0=0.0%, 4=100.0%, 8=0.0%, 16=0.0%, 32=0.0%, 64=0.0%, >=64=0.0%
     complete  : 0=0.0%, 4=100.0%, 8=0.0%, 16=0.0%, 32=0.0%, 64=0.0%, >=64=0.0%
     issued rwts: total=179,223,0,0 short=0,0,0,0 dropped=0,0,0,0
     latency   : target=0, window=0, percentile=100.00%, depth=1

Run status group 0 (all jobs):
   READ: bw=93.6KiB/s (95.8kB/s), 93.6KiB/s-93.6KiB/s (95.8kB/s-95.8kB/s), io=2864KiB (2933kB), run=30600-30600msec
  WRITE: bw=117KiB/s (119kB/s), 117KiB/s-117KiB/s (119kB/s-119kB/s), io=3568KiB (3654kB), run=30600-30600msec

Disk stats (read/write):
  sdj: ios=178/218, merge=0/0, ticks=136532/164771, in_queue=305172, util=99.76%
======================== Data disk NO.9 End =========================
========= Data Disk NO.9 Read And Write Begin  2022-05-17 01:36:36 ==========
mytest_9: (g=0): rw=randrw, bs=(R) 16.0KiB-16.0KiB, (W) 16.0KiB-16.0KiB, (T) 16.0KiB-16.0KiB, ioengine=psync, iodepth=1
...
fio-3.7
Starting 10 threads
======================== Data disk NO.9 End =========================
