========= Data Disk NO.9 Read And Write Begin  2022-05-14 22:38:10 ==========
mytest_9: (g=0): rw=randrw, bs=(R) 16.0KiB-16.0KiB, (W) 16.0KiB-16.0KiB, (T) 16.0KiB-16.0KiB, ioengine=psync, iodepth=1
...
fio-3.7
Starting 10 threads

mytest_9: (groupid=0, jobs=10): err= 0: pid=1314: Sat May 14 22:38:41 2022
   read: IOPS=163, BW=2609KiB/s (2671kB/s)(76.5MiB/30034msec)
    clat (usec): min=76, max=659199, avg=37685.29, stdev=83570.25
     lat (usec): min=76, max=659199, avg=37685.50, stdev=83570.30
    clat percentiles (usec):
     |  1.00th=[   289],  5.00th=[   938], 10.00th=[  2040], 20.00th=[  4228],
     | 30.00th=[  6587], 40.00th=[  9110], 50.00th=[ 13042], 60.00th=[ 17957],
     | 70.00th=[ 25297], 80.00th=[ 37487], 90.00th=[ 63701], 95.00th=[162530],
     | 99.00th=[450888], 99.50th=[463471], 99.90th=[484443], 99.95th=[497026],
     | 99.99th=[658506]
   bw (  KiB/s): min=   31, max= 1216, per=14.36%, avg=374.59, stdev=372.73, samples=415
   iops        : min=    1, max=   76, avg=23.37, stdev=23.28, samples=415
  write: IOPS=168, BW=2703KiB/s (2767kB/s)(79.3MiB/30034msec)
    clat (usec): min=214, max=660814, avg=22126.07, stdev=88814.84
     lat (usec): min=215, max=660815, avg=22126.93, stdev=88814.98
    clat percentiles (usec):
     |  1.00th=[   262],  5.00th=[   318], 10.00th=[   359], 20.00th=[   553],
     | 30.00th=[   734], 40.00th=[   857], 50.00th=[  1057], 60.00th=[  1221],
     | 70.00th=[  1450], 80.00th=[  1811], 90.00th=[  2966], 95.00th=[299893],
     | 99.00th=[450888], 99.50th=[450888], 99.90th=[658506], 99.95th=[658506],
     | 99.99th=[658506]
   bw (  KiB/s): min=   31, max= 1408, per=13.89%, avg=375.29, stdev=407.06, samples=431
   iops        : min=    1, max=   88, avg=23.39, stdev=25.44, samples=431
  lat (usec)   : 100=0.01%, 250=0.47%, 500=9.73%, 750=7.89%, 1000=8.16%
  lat (msec)   : 2=20.47%, 4=10.01%, 10=12.35%, 20=10.11%, 50=11.11%
  lat (msec)   : 100=3.83%, 250=0.84%, 500=4.89%, 750=0.11%
  cpu          : usr=0.02%, sys=0.10%, ctx=10016, majf=0, minf=10
  IO depths    : 1=100.0%, 2=0.0%, 4=0.0%, 8=0.0%, 16=0.0%, 32=0.0%, >=64=0.0%
     submit    : 0=0.0%, 4=100.0%, 8=0.0%, 16=0.0%, 32=0.0%, 64=0.0%, >=64=0.0%
     complete  : 0=0.0%, 4=100.0%, 8=0.0%, 16=0.0%, 32=0.0%, 64=0.0%, >=64=0.0%
     issued rwts: total=4897,5073,0,0 short=0,0,0,0 dropped=0,0,0,0
     latency   : target=0, window=0, percentile=100.00%, depth=1

Run status group 0 (all jobs):
   READ: bw=2609KiB/s (2671kB/s), 2609KiB/s-2609KiB/s (2671kB/s-2671kB/s), io=76.5MiB (80.2MB), run=30034-30034msec
  WRITE: bw=2703KiB/s (2767kB/s), 2703KiB/s-2703KiB/s (2767kB/s-2767kB/s), io=79.3MiB (83.1MB), run=30034-30034msec

Disk stats (read/write):
  sdj: ios=4932/5070, merge=0/0, ticks=196885/112121, in_queue=309261, util=98.64%
======================== Data disk NO.9 End 2022-05-14 22:38:41 =========================
