========= Data Disk NO.3 Read And Write Begin  2022-05-14 22:38:10 ==========
mytest_3: (g=0): rw=randrw, bs=(R) 16.0KiB-16.0KiB, (W) 16.0KiB-16.0KiB, (T) 16.0KiB-16.0KiB, ioengine=psync, iodepth=1
...
fio-3.7
Starting 10 threads

mytest_3: (groupid=0, jobs=10): err= 0: pid=1256: Sat May 14 22:38:41 2022
   read: IOPS=159, BW=2556KiB/s (2617kB/s)(74.0MiB/30033msec)
    clat (usec): min=136, max=675850, avg=38286.74, stdev=86642.53
     lat (usec): min=136, max=675850, avg=38286.95, stdev=86642.58
    clat percentiles (usec):
     |  1.00th=[   314],  5.00th=[   988], 10.00th=[  1844], 20.00th=[  4047],
     | 30.00th=[  6325], 40.00th=[  8848], 50.00th=[ 12256], 60.00th=[ 17171],
     | 70.00th=[ 24773], 80.00th=[ 35390], 90.00th=[ 63177], 95.00th=[295699],
     | 99.00th=[450888], 99.50th=[463471], 99.90th=[530580], 99.95th=[541066],
     | 99.99th=[675283]
   bw (  KiB/s): min=   32, max= 1280, per=14.34%, avg=366.46, stdev=384.74, samples=418
   iops        : min=    2, max=   80, avg=22.87, stdev=24.01, samples=418
  write: IOPS=165, BW=2647KiB/s (2711kB/s)(77.6MiB/30033msec)
    clat (usec): min=227, max=534471, avg=22656.99, stdev=89209.45
     lat (usec): min=228, max=534472, avg=22657.84, stdev=89209.65
    clat percentiles (usec):
     |  1.00th=[   277],  5.00th=[   322], 10.00th=[   375], 20.00th=[   611],
     | 30.00th=[   758], 40.00th=[   922], 50.00th=[  1090], 60.00th=[  1237],
     | 70.00th=[  1500], 80.00th=[  1876], 90.00th=[  2999], 95.00th=[299893],
     | 99.00th=[450888], 99.50th=[450888], 99.90th=[471860], 99.95th=[534774],
     | 99.99th=[534774]
   bw (  KiB/s): min=   32, max= 1728, per=14.00%, avg=370.56, stdev=416.19, samples=429
   iops        : min=    2, max=  108, avg=23.12, stdev=25.97, samples=429
  lat (usec)   : 250=0.36%, 500=8.60%, 750=7.61%, 1000=8.46%
  lat (msec)   : 2=21.88%, 4=9.99%, 10=12.78%, 20=9.82%, 50=10.97%
  lat (msec)   : 100=3.56%, 250=0.74%, 500=5.16%, 750=0.08%
  cpu          : usr=0.02%, sys=0.11%, ctx=9816, majf=0, minf=11
  IO depths    : 1=100.0%, 2=0.0%, 4=0.0%, 8=0.0%, 16=0.0%, 32=0.0%, >=64=0.0%
     submit    : 0=0.0%, 4=100.0%, 8=0.0%, 16=0.0%, 32=0.0%, 64=0.0%, >=64=0.0%
     complete  : 0=0.0%, 4=100.0%, 8=0.0%, 16=0.0%, 32=0.0%, 64=0.0%, >=64=0.0%
     issued rwts: total=4798,4969,0,0 short=0,0,0,0 dropped=0,0,0,0
     latency   : target=0, window=0, percentile=100.00%, depth=1

Run status group 0 (all jobs):
   READ: bw=2556KiB/s (2617kB/s), 2556KiB/s-2556KiB/s (2617kB/s-2617kB/s), io=74.0MiB (78.6MB), run=30033-30033msec
  WRITE: bw=2647KiB/s (2711kB/s), 2647KiB/s-2647KiB/s (2711kB/s-2711kB/s), io=77.6MiB (81.4MB), run=30033-30033msec

Disk stats (read/write):
  sdd: ios=4793/4950, merge=0/0, ticks=194686/112452, in_queue=309212, util=98.50%
======================== Data disk NO.3 End 2022-05-14 22:38:41 =========================
