========= Data Disk NO.8 Read And Write Begin  2022-05-14 22:38:10 ==========
mytest_8: (g=0): rw=randrw, bs=(R) 16.0KiB-16.0KiB, (W) 16.0KiB-16.0KiB, (T) 16.0KiB-16.0KiB, ioengine=psync, iodepth=1
...
fio-3.7
Starting 10 threads

mytest_8: (groupid=0, jobs=10): err= 0: pid=1232: Sat May 14 22:38:41 2022
   read: IOPS=160, BW=2563KiB/s (2625kB/s)(75.2MiB/30027msec)
    clat (usec): min=112, max=533485, avg=38025.88, stdev=86121.87
     lat (usec): min=112, max=533485, avg=38026.08, stdev=86121.91
    clat percentiles (usec):
     |  1.00th=[   306],  5.00th=[   963], 10.00th=[  1811], 20.00th=[  3949],
     | 30.00th=[  6325], 40.00th=[  8848], 50.00th=[ 12387], 60.00th=[ 18220],
     | 70.00th=[ 26084], 80.00th=[ 38536], 90.00th=[ 59507], 95.00th=[267387],
     | 99.00th=[450888], 99.50th=[463471], 99.90th=[534774], 99.95th=[534774],
     | 99.99th=[534774]
   bw (  KiB/s): min=   31, max= 1277, per=14.48%, avg=371.06, stdev=382.46, samples=414
   iops        : min=    1, max=   79, avg=23.14, stdev=23.87, samples=414
  write: IOPS=165, BW=2653KiB/s (2717kB/s)(77.8MiB/30027msec)
    clat (usec): min=216, max=731185, avg=23536.83, stdev=92319.00
     lat (usec): min=217, max=731187, avg=23537.66, stdev=92319.14
    clat percentiles (usec):
     |  1.00th=[   273],  5.00th=[   318], 10.00th=[   359], 20.00th=[   570],
     | 30.00th=[   758], 40.00th=[   889], 50.00th=[  1074], 60.00th=[  1237],
     | 70.00th=[  1467], 80.00th=[  1811], 90.00th=[  3064], 95.00th=[299893],
     | 99.00th=[450888], 99.50th=[463471], 99.90th=[530580], 99.95th=[591397],
     | 99.99th=[734004]
   bw (  KiB/s): min=   31, max= 1504, per=13.96%, avg=370.27, stdev=413.13, samples=430
   iops        : min=    1, max=   94, avg=23.09, stdev=25.79, samples=430
  lat (usec)   : 250=0.26%, 500=9.62%, 750=6.93%, 1000=9.06%
  lat (msec)   : 2=21.33%, 4=9.79%, 10=12.65%, 20=8.82%, 50=11.75%
  lat (msec)   : 100=4.17%, 250=0.42%, 500=5.11%, 750=0.11%
  cpu          : usr=0.02%, sys=0.11%, ctx=9876, majf=0, minf=8
  IO depths    : 1=100.0%, 2=0.0%, 4=0.0%, 8=0.0%, 16=0.0%, 32=0.0%, >=64=0.0%
     submit    : 0=0.0%, 4=100.0%, 8=0.0%, 16=0.0%, 32=0.0%, 64=0.0%, >=64=0.0%
     complete  : 0=0.0%, 4=100.0%, 8=0.0%, 16=0.0%, 32=0.0%, 64=0.0%, >=64=0.0%
     issued rwts: total=4810,4979,0,0 short=0,0,0,0 dropped=0,0,0,0
     latency   : target=0, window=0, percentile=100.00%, depth=1

Run status group 0 (all jobs):
   READ: bw=2563KiB/s (2625kB/s), 2563KiB/s-2563KiB/s (2625kB/s-2625kB/s), io=75.2MiB (78.8MB), run=30027-30027msec
  WRITE: bw=2653KiB/s (2717kB/s), 2653KiB/s-2653KiB/s (2717kB/s-2717kB/s), io=77.8MiB (81.6MB), run=30027-30027msec

Disk stats (read/write):
  sdi: ios=4773/4917, merge=0/0, ticks=188143/117018, in_queue=312088, util=99.72%
======================== Data disk NO.8 End 2022-05-14 22:38:41 =========================
