========= Data Disk NO.5 Read And Write Begin  2022-05-14 22:38:10 ==========
mytest_5: (g=0): rw=randrw, bs=(R) 16.0KiB-16.0KiB, (W) 16.0KiB-16.0KiB, (T) 16.0KiB-16.0KiB, ioengine=psync, iodepth=1
...
fio-3.7
Starting 10 threads

mytest_5: (groupid=0, jobs=10): err= 0: pid=1304: Sat May 14 22:38:41 2022
   read: IOPS=173, BW=2781KiB/s (2848kB/s)(81.5MiB/30024msec)
    clat (usec): min=184, max=663591, avg=35429.35, stdev=81485.26
     lat (usec): min=184, max=663591, avg=35429.56, stdev=81485.31
    clat percentiles (usec):
     |  1.00th=[   322],  5.00th=[   971], 10.00th=[  1860], 20.00th=[  3785],
     | 30.00th=[  6194], 40.00th=[  8848], 50.00th=[ 12518], 60.00th=[ 17695],
     | 70.00th=[ 25297], 80.00th=[ 36963], 90.00th=[ 55313], 95.00th=[ 82314],
     | 99.00th=[450888], 99.50th=[463471], 99.90th=[471860], 99.95th=[484443],
     | 99.99th=[666895]
   bw (  KiB/s): min=   31, max= 1216, per=14.37%, avg=399.56, stdev=394.25, samples=415
   iops        : min=    1, max=   76, avg=24.96, stdev=24.64, samples=415
  write: IOPS=180, BW=2891KiB/s (2960kB/s)(84.8MiB/30024msec)
    clat (usec): min=186, max=661633, avg=20596.97, stdev=85752.34
     lat (usec): min=187, max=661634, avg=20597.79, stdev=85752.51
    clat percentiles (usec):
     |  1.00th=[   269],  5.00th=[   318], 10.00th=[   363], 20.00th=[   578],
     | 30.00th=[   766], 40.00th=[   914], 50.00th=[  1090], 60.00th=[  1237],
     | 70.00th=[  1483], 80.00th=[  1893], 90.00th=[  3032], 95.00th=[145753],
     | 99.00th=[450888], 99.50th=[450888], 99.90th=[463471], 99.95th=[463471],
     | 99.99th=[658506]
   bw (  KiB/s): min=   31, max= 1920, per=13.69%, avg=395.74, stdev=430.51, samples=436
   iops        : min=    1, max=  120, avg=24.73, stdev=26.91, samples=436
  lat (usec)   : 250=0.42%, 500=9.11%, 750=6.90%, 1000=8.76%
  lat (msec)   : 2=21.43%, 4=11.15%, 10=12.06%, 20=9.44%, 50=12.20%
  lat (msec)   : 100=3.60%, 250=0.29%, 500=4.60%, 750=0.03%
  cpu          : usr=0.02%, sys=0.11%, ctx=10654, majf=0, minf=8
  IO depths    : 1=100.0%, 2=0.0%, 4=0.0%, 8=0.0%, 16=0.0%, 32=0.0%, >=64=0.0%
     submit    : 0=0.0%, 4=100.0%, 8=0.0%, 16=0.0%, 32=0.0%, 64=0.0%, >=64=0.0%
     complete  : 0=0.0%, 4=100.0%, 8=0.0%, 16=0.0%, 32=0.0%, 64=0.0%, >=64=0.0%
     issued rwts: total=5219,5425,0,0 short=0,0,0,0 dropped=0,0,0,0
     latency   : target=0, window=0, percentile=100.00%, depth=1

Run status group 0 (all jobs):
   READ: bw=2781KiB/s (2848kB/s), 2781KiB/s-2781KiB/s (2848kB/s-2848kB/s), io=81.5MiB (85.5MB), run=30024-30024msec
  WRITE: bw=2891KiB/s (2960kB/s), 2891KiB/s-2891KiB/s (2960kB/s-2960kB/s), io=84.8MiB (88.9MB), run=30024-30024msec

Disk stats (read/write):
  sdf: ios=5226/5423, merge=0/0, ticks=192006/111613, in_queue=306135, util=98.63%
======================== Data disk NO.5 End 2022-05-14 22:38:41 =========================
