========= Data Disk NO.4 Read And Write Begin  2022-05-14 22:38:10 ==========
mytest_4: (g=0): rw=randrw, bs=(R) 16.0KiB-16.0KiB, (W) 16.0KiB-16.0KiB, (T) 16.0KiB-16.0KiB, ioengine=psync, iodepth=1
...
fio-3.7
Starting 10 threads

mytest_4: (groupid=0, jobs=10): err= 0: pid=1269: Sat May 14 22:38:41 2022
   read: IOPS=167, BW=2674KiB/s (2738kB/s)(78.4MiB/30028msec)
    clat (usec): min=192, max=687226, avg=36232.21, stdev=84090.85
     lat (usec): min=192, max=687226, avg=36232.40, stdev=84090.89
    clat percentiles (usec):
     |  1.00th=[   318],  5.00th=[   906], 10.00th=[  1926], 20.00th=[  3851],
     | 30.00th=[  6063], 40.00th=[  8848], 50.00th=[ 12387], 60.00th=[ 17171],
     | 70.00th=[ 25035], 80.00th=[ 36439], 90.00th=[ 56361], 95.00th=[103285],
     | 99.00th=[450888], 99.50th=[463471], 99.90th=[497026], 99.95th=[505414],
     | 99.99th=[683672]
   bw (  KiB/s): min=   31, max= 1408, per=14.84%, avg=396.74, stdev=401.71, samples=404
   iops        : min=    1, max=   88, avg=24.74, stdev=25.11, samples=404
  write: IOPS=173, BW=2776KiB/s (2842kB/s)(81.4MiB/30028msec)
    clat (usec): min=236, max=678200, avg=21967.73, stdev=89021.45
     lat (usec): min=237, max=678202, avg=21968.53, stdev=89021.61
    clat percentiles (usec):
     |  1.00th=[   277],  5.00th=[   326], 10.00th=[   383], 20.00th=[   635],
     | 30.00th=[   791], 40.00th=[   963], 50.00th=[  1123], 60.00th=[  1287],
     | 70.00th=[  1532], 80.00th=[  1926], 90.00th=[  2900], 95.00th=[291505],
     | 99.00th=[450888], 99.50th=[450888], 99.90th=[476054], 99.95th=[488637],
     | 99.99th=[675283]
   bw (  KiB/s): min=   31, max= 1728, per=14.06%, avg=390.22, stdev=438.82, samples=427
   iops        : min=    1, max=  108, avg=24.35, stdev=27.42, samples=427
  lat (usec)   : 250=0.28%, 500=8.22%, 750=6.95%, 1000=8.65%
  lat (msec)   : 2=22.27%, 4=11.21%, 10=12.11%, 20=9.83%, 50=11.55%
  lat (msec)   : 100=3.73%, 250=0.34%, 500=4.81%, 750=0.04%
  cpu          : usr=0.02%, sys=0.11%, ctx=10252, majf=0, minf=8
  IO depths    : 1=100.0%, 2=0.0%, 4=0.0%, 8=0.0%, 16=0.0%, 32=0.0%, >=64=0.0%
     submit    : 0=0.0%, 4=100.0%, 8=0.0%, 16=0.0%, 32=0.0%, 64=0.0%, >=64=0.0%
     complete  : 0=0.0%, 4=100.0%, 8=0.0%, 16=0.0%, 32=0.0%, 64=0.0%, >=64=0.0%
     issued rwts: total=5019,5209,0,0 short=0,0,0,0 dropped=0,0,0,0
     latency   : target=0, window=0, percentile=100.00%, depth=1

Run status group 0 (all jobs):
   READ: bw=2674KiB/s (2738kB/s), 2674KiB/s-2674KiB/s (2738kB/s-2738kB/s), io=78.4MiB (82.2MB), run=30028-30028msec
  WRITE: bw=2776KiB/s (2842kB/s), 2776KiB/s-2776KiB/s (2842kB/s-2842kB/s), io=81.4MiB (85.3MB), run=30028-30028msec

Disk stats (read/write):
  sde: ios=5016/5200, merge=0/0, ticks=190834/114317, in_queue=305635, util=98.46%
======================== Data disk NO.4 End 2022-05-14 22:38:41 =========================
