========= Data Disk NO.2 Read And Write Begin  2022-05-14 22:38:10 ==========
mytest_2: (g=0): rw=randrw, bs=(R) 16.0KiB-16.0KiB, (W) 16.0KiB-16.0KiB, (T) 16.0KiB-16.0KiB, ioengine=psync, iodepth=1
...
fio-3.7
Starting 10 threads

mytest_2: (groupid=0, jobs=10): err= 0: pid=1291: Sat May 14 22:38:41 2022
   read: IOPS=168, BW=2701KiB/s (2766kB/s)(79.2MiB/30048msec)
    clat (usec): min=172, max=702412, avg=36235.95, stdev=82529.11
     lat (usec): min=172, max=702413, avg=36236.17, stdev=82529.15
    clat percentiles (usec):
     |  1.00th=[   289],  5.00th=[   922], 10.00th=[  1844], 20.00th=[  3851],
     | 30.00th=[  6521], 40.00th=[  9241], 50.00th=[ 13173], 60.00th=[ 18482],
     | 70.00th=[ 25822], 80.00th=[ 38011], 90.00th=[ 56886], 95.00th=[ 96994],
     | 99.00th=[450888], 99.50th=[463471], 99.90th=[476054], 99.95th=[666895],
     | 99.99th=[700449]
   bw (  KiB/s): min=   31, max= 1184, per=14.59%, avg=394.06, stdev=385.76, samples=411
   iops        : min=    1, max=   74, avg=24.58, stdev=24.13, samples=411
  write: IOPS=175, BW=2808KiB/s (2876kB/s)(82.4MiB/30048msec)
    clat (usec): min=216, max=670949, avg=21387.02, stdev=88172.75
     lat (usec): min=217, max=670949, avg=21387.87, stdev=88172.92
    clat percentiles (usec):
     |  1.00th=[   277],  5.00th=[   318], 10.00th=[   359], 20.00th=[   562],
     | 30.00th=[   750], 40.00th=[   873], 50.00th=[  1074], 60.00th=[  1221],
     | 70.00th=[  1450], 80.00th=[  1811], 90.00th=[  2933], 95.00th=[166724],
     | 99.00th=[450888], 99.50th=[450888], 99.90th=[666895], 99.95th=[666895],
     | 99.99th=[666895]
   bw (  KiB/s): min=   31, max= 1760, per=13.85%, avg=388.79, stdev=424.24, samples=434
   iops        : min=    1, max=  110, avg=24.24, stdev=26.55, samples=434
  lat (usec)   : 250=0.40%, 500=9.52%, 750=7.36%, 1000=9.06%
  lat (msec)   : 2=21.06%, 4=10.24%, 10=11.60%, 20=9.39%, 50=12.24%
  lat (msec)   : 100=4.01%, 250=0.41%, 500=4.64%, 750=0.09%
  cpu          : usr=0.02%, sys=0.11%, ctx=10386, majf=0, minf=10
  IO depths    : 1=100.0%, 2=0.0%, 4=0.0%, 8=0.0%, 16=0.0%, 32=0.0%, >=64=0.0%
     submit    : 0=0.0%, 4=100.0%, 8=0.0%, 16=0.0%, 32=0.0%, 64=0.0%, >=64=0.0%
     complete  : 0=0.0%, 4=100.0%, 8=0.0%, 16=0.0%, 32=0.0%, 64=0.0%, >=64=0.0%
     issued rwts: total=5072,5274,0,0 short=0,0,0,0 dropped=0,0,0,0
     latency   : target=0, window=0, percentile=100.00%, depth=1

Run status group 0 (all jobs):
   READ: bw=2701KiB/s (2766kB/s), 2701KiB/s-2701KiB/s (2766kB/s-2766kB/s), io=79.2MiB (83.1MB), run=30048-30048msec
  WRITE: bw=2808KiB/s (2876kB/s), 2808KiB/s-2808KiB/s (2876kB/s-2876kB/s), io=82.4MiB (86.4MB), run=30048-30048msec

Disk stats (read/write):
  sdc: ios=5074/5248, merge=0/0, ticks=194902/112643, in_queue=308782, util=98.51%
======================== Data disk NO.2 End 2022-05-14 22:38:41 =========================
