=========== Disks Read and Write Check  2022-05-14 22:37:32 ===============

===================== Building Raid =============================
================ Build Raid Success, Information ====================
/home/autotest
CLI Version = 007.1912.0000.0000 Nov 23, 2021
Operating system = Linux 3.10.0-1160.el7.x86_64
Controller = 0
Status = Success
Description = Add VD Succeeded.


NAME        MAJ:MIN RM   SIZE RO TYPE MOUNTPOINT
sda           8:0    0 446.6G  0 disk 
sdb           8:16   0 446.6G  0 disk 
sdc           8:32   0  10.9T  0 disk 
sdd           8:48   0  10.9T  0 disk 
sde           8:64   0  10.9T  0 disk 
sdf           8:80   0  10.9T  0 disk 
sdg           8:96   0  10.9T  0 disk 
sdh           8:112  0  10.9T  0 disk 
sdi           8:128  0  10.9T  0 disk 
sdj           8:144  0  10.9T  0 disk 
sdk           8:160  0  10.9T  0 disk 
sdl           8:176  0  10.9T  0 disk 
nvme0n1     259:0    0   1.5T  0 disk 
├─nvme0n1p1 259:2    0     1G  0 part /boot
├─nvme0n1p2 259:3    0     8G  0 part [SWAP]
└─nvme0n1p3 259:4    0   100G  0 part /
nvme1n1     259:1    0   1.5T  0 disk 
==================================================================
->>> System Disk is : nvme0n1
->>> Tatol Non-system Disks: 13
->>> Non-system Disks is : 
['/dev/sda', '/dev/sdb', '/dev/sdc', '/dev/sdd', '/dev/sde', '/dev/sdf', '/dev/sdg', '/dev/sdh', '/dev/sdi', '/dev/sdj', '/dev/sdk', '/dev/sdl', '/dev/nvme1n1']
========= Data Disk NO.0 Read And Write Begin  2022-05-14 22:38:10 ==========
mytest_0: (g=0): rw=randrw, bs=(R) 16.0KiB-16.0KiB, (W) 16.0KiB-16.0KiB, (T) 16.0KiB-16.0KiB, ioengine=psync, iodepth=1
...
fio-3.7
Starting 10 threads

mytest_0: (groupid=0, jobs=10): err= 0: pid=962: Sat May 14 22:38:41 2022
   read: IOPS=3774, BW=58.0MiB/s (61.8MB/s)(1770MiB/30001msec)
    clat (usec): min=55, max=451994, avg=1374.19, stdev=16232.60
     lat (usec): min=55, max=451995, avg=1374.34, stdev=16232.62
    clat percentiles (usec):
     |  1.00th=[   330],  5.00th=[   375], 10.00th=[   400], 20.00th=[   437],
     | 30.00th=[   465], 40.00th=[   490], 50.00th=[   510], 60.00th=[   537],
     | 70.00th=[   562], 80.00th=[   603], 90.00th=[   676], 95.00th=[   742],
     | 99.00th=[   889], 99.50th=[   963], 99.90th=[299893], 99.95th=[312476],
     | 99.99th=[450888]
   bw (  KiB/s): min=   31, max=20598, per=12.90%, avg=7791.33, stdev=9495.26, samples=440
   iops        : min=    1, max= 1287, avg=486.92, stdev=593.46, samples=440
  write: IOPS=3781, BW=59.1MiB/s (61.0MB/s)(1773MiB/30001msec)
    clat (usec): min=75, max=451691, avg=1265.58, stdev=17638.94
     lat (usec): min=75, max=451692, avg=1266.25, stdev=17639.01
    clat percentiles (usec):
     |  1.00th=[   103],  5.00th=[   141], 10.00th=[   176], 20.00th=[   219],
     | 30.00th=[   249], 40.00th=[   273], 50.00th=[   293], 60.00th=[   314],
     | 70.00th=[   334], 80.00th=[   355], 90.00th=[   375], 95.00th=[   392],
     | 99.00th=[   416], 99.50th=[   437], 99.90th=[299893], 99.95th=[337642],
     | 99.99th=[442500]
   bw (  KiB/s): min=   31, max=21696, per=12.09%, avg=7314.09, stdev=9390.97, samples=469
   iops        : min=    1, max= 1356, avg=457.09, stdev=586.94, samples=469
  lat (usec)   : 100=0.39%, 250=14.99%, 500=57.25%, 750=24.83%, 1000=2.16%
  lat (msec)   : 2=0.05%, 4=0.02%, 250=0.03%, 500=0.27%
  cpu          : usr=0.42%, sys=2.10%, ctx=226881, majf=0, minf=17
  IO depths    : 1=100.0%, 2=0.0%, 4=0.0%, 8=0.0%, 16=0.0%, 32=0.0%, >=64=0.0%
     submit    : 0=0.0%, 4=100.0%, 8=0.0%, 16=0.0%, 32=0.0%, 64=0.0%, >=64=0.0%
     complete  : 0=0.0%, 4=100.0%, 8=0.0%, 16=0.0%, 32=0.0%, 64=0.0%, >=64=0.0%
     issued rwts: total=113253,113445,0,0 short=0,0,0,0 dropped=0,0,0,0
     latency   : target=0, window=0, percentile=100.00%, depth=1

Run status group 0 (all jobs):
   READ: bw=58.0MiB/s (61.8MB/s), 58.0MiB/s-58.0MiB/s (61.8MB/s-61.8MB/s), io=1770MiB (1856MB), run=30001-30001msec
  WRITE: bw=59.1MiB/s (61.0MB/s), 59.1MiB/s-59.1MiB/s (61.0MB/s-61.0MB/s), io=1773MiB (1859MB), run=30001-30001msec

Disk stats (read/write):
  sda: ios=111394/111462, merge=0/0, ticks=154145/140245, in_queue=294483, util=99.65%
======================== Data disk NO.0 End 2022-05-14 22:38:41 =========================
