========= Data Disk NO.1 Read And Write Begin  2022-05-14 22:38:10 ==========
mytest_1: (g=0): rw=randrw, bs=(R) 16.0KiB-16.0KiB, (W) 16.0KiB-16.0KiB, (T) 16.0KiB-16.0KiB, ioengine=psync, iodepth=1
...
fio-3.7
Starting 10 threads

mytest_1: (groupid=0, jobs=10): err= 0: pid=784: Sat May 14 22:38:41 2022
   read: IOPS=3759, BW=58.7MiB/s (61.6MB/s)(1762MiB/30001msec)
    clat (usec): min=58, max=452579, avg=1363.65, stdev=16357.47
     lat (usec): min=58, max=452579, avg=1363.80, stdev=16357.48
    clat percentiles (usec):
     |  1.00th=[   330],  5.00th=[   375], 10.00th=[   400], 20.00th=[   437],
     | 30.00th=[   465], 40.00th=[   486], 50.00th=[   510], 60.00th=[   529],
     | 70.00th=[   562], 80.00th=[   594], 90.00th=[   668], 95.00th=[   734],
     | 99.00th=[   873], 99.50th=[   955], 99.90th=[299893], 99.95th=[312476],
     | 99.99th=[450888]
   bw (  KiB/s): min=   31, max=20608, per=13.20%, avg=7940.50, stdev=9548.36, samples=430
   iops        : min=    1, max= 1288, avg=496.25, stdev=596.80, samples=430
  write: IOPS=3765, BW=58.8MiB/s (61.7MB/s)(1765MiB/30001msec)
    clat (usec): min=76, max=451731, avg=1237.70, stdev=17384.46
     lat (usec): min=76, max=451733, avg=1238.37, stdev=17384.51
    clat percentiles (usec):
     |  1.00th=[   103],  5.00th=[   143], 10.00th=[   176], 20.00th=[   221],
     | 30.00th=[   251], 40.00th=[   277], 50.00th=[   297], 60.00th=[   314],
     | 70.00th=[   334], 80.00th=[   355], 90.00th=[   379], 95.00th=[   392],
     | 99.00th=[   416], 99.50th=[   429], 99.90th=[299893], 99.95th=[312476],
     | 99.99th=[438305]
   bw (  KiB/s): min=   31, max=21888, per=12.49%, avg=7524.99, stdev=9463.11, samples=454
   iops        : min=    1, max= 1368, avg=470.30, stdev=591.46, samples=454
  lat (usec)   : 100=0.39%, 250=14.41%, 500=58.17%, 750=24.74%, 1000=1.93%
  lat (msec)   : 2=0.04%, 4=0.02%, 250=0.02%, 500=0.27%
  cpu          : usr=0.38%, sys=2.16%, ctx=225947, majf=0, minf=17
  IO depths    : 1=100.0%, 2=0.0%, 4=0.0%, 8=0.0%, 16=0.0%, 32=0.0%, >=64=0.0%
     submit    : 0=0.0%, 4=100.0%, 8=0.0%, 16=0.0%, 32=0.0%, 64=0.0%, >=64=0.0%
     complete  : 0=0.0%, 4=100.0%, 8=0.0%, 16=0.0%, 32=0.0%, 64=0.0%, >=64=0.0%
     issued rwts: total=112795,112981,0,0 short=0,0,0,0 dropped=0,0,0,0
     latency   : target=0, window=0, percentile=100.00%, depth=1

Run status group 0 (all jobs):
   READ: bw=58.7MiB/s (61.6MB/s), 58.7MiB/s-58.7MiB/s (61.6MB/s-61.6MB/s), io=1762MiB (1848MB), run=30001-30001msec
  WRITE: bw=58.8MiB/s (61.7MB/s), 58.8MiB/s-58.8MiB/s (61.7MB/s-61.7MB/s), io=1765MiB (1851MB), run=30001-30001msec

Disk stats (read/write):
  sdb: ios=111438/111527, merge=0/0, ticks=170318/136559, in_queue=307104, util=99.50%
======================== Data disk NO.1 End 2022-05-14 22:38:41 =========================
