=========== Disks Read and Write Check  2022-05-14 22:37:32 ===============

===================== Building Raid =============================
================ Build Raid Success, Information ====================
/home/autotest
CLI Version = 007.1912.0000.0000 Nov 23, 2021
Operating system = Linux 3.10.0-1160.el7.x86_64
Controller = 0
Status = Success
Description = Add VD Succeeded.


NAME        MAJ:MIN RM   SIZE RO TYPE MOUNTPOINT
sda           8:0    0 446.6G  0 disk 
sdb           8:16   0 446.6G  0 disk 
sdc           8:32   0  10.9T  0 disk 
sdd           8:48   0  10.9T  0 disk 
sde           8:64   0  10.9T  0 disk 
sdf           8:80   0  10.9T  0 disk 
sdg           8:96   0  10.9T  0 disk 
sdh           8:112  0  10.9T  0 disk 
sdi           8:128  0  10.9T  0 disk 
sdj           8:144  0  10.9T  0 disk 
sdk           8:160  0  10.9T  0 disk 
sdl           8:176  0  10.9T  0 disk 
nvme0n1     259:0    0   1.5T  0 disk 
├─nvme0n1p1 259:2    0     1G  0 part /boot
├─nvme0n1p2 259:3    0     8G  0 part [SWAP]
└─nvme0n1p3 259:4    0   100G  0 part /
nvme1n1     259:1    0   1.5T  0 disk 
==================================================================
->>> System Disk is : nvme0n1
->>> Tatol Non-system Disks: 13
->>> Non-system Disks is : 
['/dev/sda', '/dev/sdb', '/dev/sdc', '/dev/sdd', '/dev/sde', '/dev/sdf', '/dev/sdg', '/dev/sdh', '/dev/sdi', '/dev/sdj', '/dev/sdk', '/dev/sdl', '/dev/nvme1n1']
========= Data Disk NO.0 Read And Write Begin  2022-05-14 22:38:10 ==========
mytest_0: (g=0): rw=randrw, bs=(R) 16.0KiB-16.0KiB, (W) 16.0KiB-16.0KiB, (T) 16.0KiB-16.0KiB, ioengine=psync, iodepth=1
...
fio-3.7
Starting 10 threads

mytest_0: (groupid=0, jobs=10): err= 0: pid=962: Sat May 14 22:38:41 2022
   read: IOPS=3774, BW=58.0MiB/s (61.8MB/s)(1770MiB/30001msec)
    clat (usec): min=55, max=451994, avg=1374.19, stdev=16232.60
     lat (usec): min=55, max=451995, avg=1374.34, stdev=16232.62
    clat percentiles (usec):
     |  1.00th=[   330],  5.00th=[   375], 10.00th=[   400], 20.00th=[   437],
     | 30.00th=[   465], 40.00th=[   490], 50.00th=[   510], 60.00th=[   537],
     | 70.00th=[   562], 80.00th=[   603], 90.00th=[   676], 95.00th=[   742],
     | 99.00th=[   889], 99.50th=[   963], 99.90th=[299893], 99.95th=[312476],
     | 99.99th=[450888]
   bw (  KiB/s): min=   31, max=20598, per=12.90%, avg=7791.33, stdev=9495.26, samples=440
   iops        : min=    1, max= 1287, avg=486.92, stdev=593.46, samples=440
  write: IOPS=3781, BW=59.1MiB/s (61.0MB/s)(1773MiB/30001msec)
    clat (usec): min=75, max=451691, avg=1265.58, stdev=17638.94
     lat (usec): min=75, max=451692, avg=1266.25, stdev=17639.01
    clat percentiles (usec):
     |  1.00th=[   103],  5.00th=[   141], 10.00th=[   176], 20.00th=[   219],
     | 30.00th=[   249], 40.00th=[   273], 50.00th=[   293], 60.00th=[   314],
     | 70.00th=[   334], 80.00th=[   355], 90.00th=[   375], 95.00th=[   392],
     | 99.00th=[   416], 99.50th=[   437], 99.90th=[299893], 99.95th=[337642],
     | 99.99th=[442500]
   bw (  KiB/s): min=   31, max=21696, per=12.09%, avg=7314.09, stdev=9390.97, samples=469
   iops        : min=    1, max= 1356, avg=457.09, stdev=586.94, samples=469
  lat (usec)   : 100=0.39%, 250=14.99%, 500=57.25%, 750=24.83%, 1000=2.16%
  lat (msec)   : 2=0.05%, 4=0.02%, 250=0.03%, 500=0.27%
  cpu          : usr=0.42%, sys=2.10%, ctx=226881, majf=0, minf=17
  IO depths    : 1=100.0%, 2=0.0%, 4=0.0%, 8=0.0%, 16=0.0%, 32=0.0%, >=64=0.0%
     submit    : 0=0.0%, 4=100.0%, 8=0.0%, 16=0.0%, 32=0.0%, 64=0.0%, >=64=0.0%
     complete  : 0=0.0%, 4=100.0%, 8=0.0%, 16=0.0%, 32=0.0%, 64=0.0%, >=64=0.0%
     issued rwts: total=113253,113445,0,0 short=0,0,0,0 dropped=0,0,0,0
     latency   : target=0, window=0, percentile=100.00%, depth=1

Run status group 0 (all jobs):
   READ: bw=58.0MiB/s (61.8MB/s), 58.0MiB/s-58.0MiB/s (61.8MB/s-61.8MB/s), io=1770MiB (1856MB), run=30001-30001msec
  WRITE: bw=59.1MiB/s (61.0MB/s), 59.1MiB/s-59.1MiB/s (61.0MB/s-61.0MB/s), io=1773MiB (1859MB), run=30001-30001msec

Disk stats (read/write):
  sda: ios=111394/111462, merge=0/0, ticks=154145/140245, in_queue=294483, util=99.65%
======================== Data disk NO.0 End 2022-05-14 22:38:41 =========================


========= Data Disk NO.1 Read And Write Begin  2022-05-14 22:38:10 ==========
mytest_1: (g=0): rw=randrw, bs=(R) 16.0KiB-16.0KiB, (W) 16.0KiB-16.0KiB, (T) 16.0KiB-16.0KiB, ioengine=psync, iodepth=1
...
fio-3.7
Starting 10 threads

mytest_1: (groupid=0, jobs=10): err= 0: pid=784: Sat May 14 22:38:41 2022
   read: IOPS=3759, BW=58.7MiB/s (61.6MB/s)(1762MiB/30001msec)
    clat (usec): min=58, max=452579, avg=1363.65, stdev=16357.47
     lat (usec): min=58, max=452579, avg=1363.80, stdev=16357.48
    clat percentiles (usec):
     |  1.00th=[   330],  5.00th=[   375], 10.00th=[   400], 20.00th=[   437],
     | 30.00th=[   465], 40.00th=[   486], 50.00th=[   510], 60.00th=[   529],
     | 70.00th=[   562], 80.00th=[   594], 90.00th=[   668], 95.00th=[   734],
     | 99.00th=[   873], 99.50th=[   955], 99.90th=[299893], 99.95th=[312476],
     | 99.99th=[450888]
   bw (  KiB/s): min=   31, max=20608, per=13.20%, avg=7940.50, stdev=9548.36, samples=430
   iops        : min=    1, max= 1288, avg=496.25, stdev=596.80, samples=430
  write: IOPS=3765, BW=58.8MiB/s (61.7MB/s)(1765MiB/30001msec)
    clat (usec): min=76, max=451731, avg=1237.70, stdev=17384.46
     lat (usec): min=76, max=451733, avg=1238.37, stdev=17384.51
    clat percentiles (usec):
     |  1.00th=[   103],  5.00th=[   143], 10.00th=[   176], 20.00th=[   221],
     | 30.00th=[   251], 40.00th=[   277], 50.00th=[   297], 60.00th=[   314],
     | 70.00th=[   334], 80.00th=[   355], 90.00th=[   379], 95.00th=[   392],
     | 99.00th=[   416], 99.50th=[   429], 99.90th=[299893], 99.95th=[312476],
     | 99.99th=[438305]
   bw (  KiB/s): min=   31, max=21888, per=12.49%, avg=7524.99, stdev=9463.11, samples=454
   iops        : min=    1, max= 1368, avg=470.30, stdev=591.46, samples=454
  lat (usec)   : 100=0.39%, 250=14.41%, 500=58.17%, 750=24.74%, 1000=1.93%
  lat (msec)   : 2=0.04%, 4=0.02%, 250=0.02%, 500=0.27%
  cpu          : usr=0.38%, sys=2.16%, ctx=225947, majf=0, minf=17
  IO depths    : 1=100.0%, 2=0.0%, 4=0.0%, 8=0.0%, 16=0.0%, 32=0.0%, >=64=0.0%
     submit    : 0=0.0%, 4=100.0%, 8=0.0%, 16=0.0%, 32=0.0%, 64=0.0%, >=64=0.0%
     complete  : 0=0.0%, 4=100.0%, 8=0.0%, 16=0.0%, 32=0.0%, 64=0.0%, >=64=0.0%
     issued rwts: total=112795,112981,0,0 short=0,0,0,0 dropped=0,0,0,0
     latency   : target=0, window=0, percentile=100.00%, depth=1

Run status group 0 (all jobs):
   READ: bw=58.7MiB/s (61.6MB/s), 58.7MiB/s-58.7MiB/s (61.6MB/s-61.6MB/s), io=1762MiB (1848MB), run=30001-30001msec
  WRITE: bw=58.8MiB/s (61.7MB/s), 58.8MiB/s-58.8MiB/s (61.7MB/s-61.7MB/s), io=1765MiB (1851MB), run=30001-30001msec

Disk stats (read/write):
  sdb: ios=111438/111527, merge=0/0, ticks=170318/136559, in_queue=307104, util=99.50%
======================== Data disk NO.1 End 2022-05-14 22:38:41 =========================


========= Data Disk NO.2 Read And Write Begin  2022-05-14 22:38:10 ==========
mytest_2: (g=0): rw=randrw, bs=(R) 16.0KiB-16.0KiB, (W) 16.0KiB-16.0KiB, (T) 16.0KiB-16.0KiB, ioengine=psync, iodepth=1
...
fio-3.7
Starting 10 threads

mytest_2: (groupid=0, jobs=10): err= 0: pid=1291: Sat May 14 22:38:41 2022
   read: IOPS=168, BW=2701KiB/s (2766kB/s)(79.2MiB/30048msec)
    clat (usec): min=172, max=702412, avg=36235.95, stdev=82529.11
     lat (usec): min=172, max=702413, avg=36236.17, stdev=82529.15
    clat percentiles (usec):
     |  1.00th=[   289],  5.00th=[   922], 10.00th=[  1844], 20.00th=[  3851],
     | 30.00th=[  6521], 40.00th=[  9241], 50.00th=[ 13173], 60.00th=[ 18482],
     | 70.00th=[ 25822], 80.00th=[ 38011], 90.00th=[ 56886], 95.00th=[ 96994],
     | 99.00th=[450888], 99.50th=[463471], 99.90th=[476054], 99.95th=[666895],
     | 99.99th=[700449]
   bw (  KiB/s): min=   31, max= 1184, per=14.59%, avg=394.06, stdev=385.76, samples=411
   iops        : min=    1, max=   74, avg=24.58, stdev=24.13, samples=411
  write: IOPS=175, BW=2808KiB/s (2876kB/s)(82.4MiB/30048msec)
    clat (usec): min=216, max=670949, avg=21387.02, stdev=88172.75
     lat (usec): min=217, max=670949, avg=21387.87, stdev=88172.92
    clat percentiles (usec):
     |  1.00th=[   277],  5.00th=[   318], 10.00th=[   359], 20.00th=[   562],
     | 30.00th=[   750], 40.00th=[   873], 50.00th=[  1074], 60.00th=[  1221],
     | 70.00th=[  1450], 80.00th=[  1811], 90.00th=[  2933], 95.00th=[166724],
     | 99.00th=[450888], 99.50th=[450888], 99.90th=[666895], 99.95th=[666895],
     | 99.99th=[666895]
   bw (  KiB/s): min=   31, max= 1760, per=13.85%, avg=388.79, stdev=424.24, samples=434
   iops        : min=    1, max=  110, avg=24.24, stdev=26.55, samples=434
  lat (usec)   : 250=0.40%, 500=9.52%, 750=7.36%, 1000=9.06%
  lat (msec)   : 2=21.06%, 4=10.24%, 10=11.60%, 20=9.39%, 50=12.24%
  lat (msec)   : 100=4.01%, 250=0.41%, 500=4.64%, 750=0.09%
  cpu          : usr=0.02%, sys=0.11%, ctx=10386, majf=0, minf=10
  IO depths    : 1=100.0%, 2=0.0%, 4=0.0%, 8=0.0%, 16=0.0%, 32=0.0%, >=64=0.0%
     submit    : 0=0.0%, 4=100.0%, 8=0.0%, 16=0.0%, 32=0.0%, 64=0.0%, >=64=0.0%
     complete  : 0=0.0%, 4=100.0%, 8=0.0%, 16=0.0%, 32=0.0%, 64=0.0%, >=64=0.0%
     issued rwts: total=5072,5274,0,0 short=0,0,0,0 dropped=0,0,0,0
     latency   : target=0, window=0, percentile=100.00%, depth=1

Run status group 0 (all jobs):
   READ: bw=2701KiB/s (2766kB/s), 2701KiB/s-2701KiB/s (2766kB/s-2766kB/s), io=79.2MiB (83.1MB), run=30048-30048msec
  WRITE: bw=2808KiB/s (2876kB/s), 2808KiB/s-2808KiB/s (2876kB/s-2876kB/s), io=82.4MiB (86.4MB), run=30048-30048msec

Disk stats (read/write):
  sdc: ios=5074/5248, merge=0/0, ticks=194902/112643, in_queue=308782, util=98.51%
======================== Data disk NO.2 End 2022-05-14 22:38:41 =========================


========= Data Disk NO.3 Read And Write Begin  2022-05-14 22:38:10 ==========
mytest_3: (g=0): rw=randrw, bs=(R) 16.0KiB-16.0KiB, (W) 16.0KiB-16.0KiB, (T) 16.0KiB-16.0KiB, ioengine=psync, iodepth=1
...
fio-3.7
Starting 10 threads

mytest_3: (groupid=0, jobs=10): err= 0: pid=1256: Sat May 14 22:38:41 2022
   read: IOPS=159, BW=2556KiB/s (2617kB/s)(74.0MiB/30033msec)
    clat (usec): min=136, max=675850, avg=38286.74, stdev=86642.53
     lat (usec): min=136, max=675850, avg=38286.95, stdev=86642.58
    clat percentiles (usec):
     |  1.00th=[   314],  5.00th=[   988], 10.00th=[  1844], 20.00th=[  4047],
     | 30.00th=[  6325], 40.00th=[  8848], 50.00th=[ 12256], 60.00th=[ 17171],
     | 70.00th=[ 24773], 80.00th=[ 35390], 90.00th=[ 63177], 95.00th=[295699],
     | 99.00th=[450888], 99.50th=[463471], 99.90th=[530580], 99.95th=[541066],
     | 99.99th=[675283]
   bw (  KiB/s): min=   32, max= 1280, per=14.34%, avg=366.46, stdev=384.74, samples=418
   iops        : min=    2, max=   80, avg=22.87, stdev=24.01, samples=418
  write: IOPS=165, BW=2647KiB/s (2711kB/s)(77.6MiB/30033msec)
    clat (usec): min=227, max=534471, avg=22656.99, stdev=89209.45
     lat (usec): min=228, max=534472, avg=22657.84, stdev=89209.65
    clat percentiles (usec):
     |  1.00th=[   277],  5.00th=[   322], 10.00th=[   375], 20.00th=[   611],
     | 30.00th=[   758], 40.00th=[   922], 50.00th=[  1090], 60.00th=[  1237],
     | 70.00th=[  1500], 80.00th=[  1876], 90.00th=[  2999], 95.00th=[299893],
     | 99.00th=[450888], 99.50th=[450888], 99.90th=[471860], 99.95th=[534774],
     | 99.99th=[534774]
   bw (  KiB/s): min=   32, max= 1728, per=14.00%, avg=370.56, stdev=416.19, samples=429
   iops        : min=    2, max=  108, avg=23.12, stdev=25.97, samples=429
  lat (usec)   : 250=0.36%, 500=8.60%, 750=7.61%, 1000=8.46%
  lat (msec)   : 2=21.88%, 4=9.99%, 10=12.78%, 20=9.82%, 50=10.97%
  lat (msec)   : 100=3.56%, 250=0.74%, 500=5.16%, 750=0.08%
  cpu          : usr=0.02%, sys=0.11%, ctx=9816, majf=0, minf=11
  IO depths    : 1=100.0%, 2=0.0%, 4=0.0%, 8=0.0%, 16=0.0%, 32=0.0%, >=64=0.0%
     submit    : 0=0.0%, 4=100.0%, 8=0.0%, 16=0.0%, 32=0.0%, 64=0.0%, >=64=0.0%
     complete  : 0=0.0%, 4=100.0%, 8=0.0%, 16=0.0%, 32=0.0%, 64=0.0%, >=64=0.0%
     issued rwts: total=4798,4969,0,0 short=0,0,0,0 dropped=0,0,0,0
     latency   : target=0, window=0, percentile=100.00%, depth=1

Run status group 0 (all jobs):
   READ: bw=2556KiB/s (2617kB/s), 2556KiB/s-2556KiB/s (2617kB/s-2617kB/s), io=74.0MiB (78.6MB), run=30033-30033msec
  WRITE: bw=2647KiB/s (2711kB/s), 2647KiB/s-2647KiB/s (2711kB/s-2711kB/s), io=77.6MiB (81.4MB), run=30033-30033msec

Disk stats (read/write):
  sdd: ios=4793/4950, merge=0/0, ticks=194686/112452, in_queue=309212, util=98.50%
======================== Data disk NO.3 End 2022-05-14 22:38:41 =========================


========= Data Disk NO.4 Read And Write Begin  2022-05-14 22:38:10 ==========
mytest_4: (g=0): rw=randrw, bs=(R) 16.0KiB-16.0KiB, (W) 16.0KiB-16.0KiB, (T) 16.0KiB-16.0KiB, ioengine=psync, iodepth=1
...
fio-3.7
Starting 10 threads

mytest_4: (groupid=0, jobs=10): err= 0: pid=1269: Sat May 14 22:38:41 2022
   read: IOPS=167, BW=2674KiB/s (2738kB/s)(78.4MiB/30028msec)
    clat (usec): min=192, max=687226, avg=36232.21, stdev=84090.85
     lat (usec): min=192, max=687226, avg=36232.40, stdev=84090.89
    clat percentiles (usec):
     |  1.00th=[   318],  5.00th=[   906], 10.00th=[  1926], 20.00th=[  3851],
     | 30.00th=[  6063], 40.00th=[  8848], 50.00th=[ 12387], 60.00th=[ 17171],
     | 70.00th=[ 25035], 80.00th=[ 36439], 90.00th=[ 56361], 95.00th=[103285],
     | 99.00th=[450888], 99.50th=[463471], 99.90th=[497026], 99.95th=[505414],
     | 99.99th=[683672]
   bw (  KiB/s): min=   31, max= 1408, per=14.84%, avg=396.74, stdev=401.71, samples=404
   iops        : min=    1, max=   88, avg=24.74, stdev=25.11, samples=404
  write: IOPS=173, BW=2776KiB/s (2842kB/s)(81.4MiB/30028msec)
    clat (usec): min=236, max=678200, avg=21967.73, stdev=89021.45
     lat (usec): min=237, max=678202, avg=21968.53, stdev=89021.61
    clat percentiles (usec):
     |  1.00th=[   277],  5.00th=[   326], 10.00th=[   383], 20.00th=[   635],
     | 30.00th=[   791], 40.00th=[   963], 50.00th=[  1123], 60.00th=[  1287],
     | 70.00th=[  1532], 80.00th=[  1926], 90.00th=[  2900], 95.00th=[291505],
     | 99.00th=[450888], 99.50th=[450888], 99.90th=[476054], 99.95th=[488637],
     | 99.99th=[675283]
   bw (  KiB/s): min=   31, max= 1728, per=14.06%, avg=390.22, stdev=438.82, samples=427
   iops        : min=    1, max=  108, avg=24.35, stdev=27.42, samples=427
  lat (usec)   : 250=0.28%, 500=8.22%, 750=6.95%, 1000=8.65%
  lat (msec)   : 2=22.27%, 4=11.21%, 10=12.11%, 20=9.83%, 50=11.55%
  lat (msec)   : 100=3.73%, 250=0.34%, 500=4.81%, 750=0.04%
  cpu          : usr=0.02%, sys=0.11%, ctx=10252, majf=0, minf=8
  IO depths    : 1=100.0%, 2=0.0%, 4=0.0%, 8=0.0%, 16=0.0%, 32=0.0%, >=64=0.0%
     submit    : 0=0.0%, 4=100.0%, 8=0.0%, 16=0.0%, 32=0.0%, 64=0.0%, >=64=0.0%
     complete  : 0=0.0%, 4=100.0%, 8=0.0%, 16=0.0%, 32=0.0%, 64=0.0%, >=64=0.0%
     issued rwts: total=5019,5209,0,0 short=0,0,0,0 dropped=0,0,0,0
     latency   : target=0, window=0, percentile=100.00%, depth=1

Run status group 0 (all jobs):
   READ: bw=2674KiB/s (2738kB/s), 2674KiB/s-2674KiB/s (2738kB/s-2738kB/s), io=78.4MiB (82.2MB), run=30028-30028msec
  WRITE: bw=2776KiB/s (2842kB/s), 2776KiB/s-2776KiB/s (2842kB/s-2842kB/s), io=81.4MiB (85.3MB), run=30028-30028msec

Disk stats (read/write):
  sde: ios=5016/5200, merge=0/0, ticks=190834/114317, in_queue=305635, util=98.46%
======================== Data disk NO.4 End 2022-05-14 22:38:41 =========================


========= Data Disk NO.5 Read And Write Begin  2022-05-14 22:38:10 ==========
mytest_5: (g=0): rw=randrw, bs=(R) 16.0KiB-16.0KiB, (W) 16.0KiB-16.0KiB, (T) 16.0KiB-16.0KiB, ioengine=psync, iodepth=1
...
fio-3.7
Starting 10 threads

mytest_5: (groupid=0, jobs=10): err= 0: pid=1304: Sat May 14 22:38:41 2022
   read: IOPS=173, BW=2781KiB/s (2848kB/s)(81.5MiB/30024msec)
    clat (usec): min=184, max=663591, avg=35429.35, stdev=81485.26
     lat (usec): min=184, max=663591, avg=35429.56, stdev=81485.31
    clat percentiles (usec):
     |  1.00th=[   322],  5.00th=[   971], 10.00th=[  1860], 20.00th=[  3785],
     | 30.00th=[  6194], 40.00th=[  8848], 50.00th=[ 12518], 60.00th=[ 17695],
     | 70.00th=[ 25297], 80.00th=[ 36963], 90.00th=[ 55313], 95.00th=[ 82314],
     | 99.00th=[450888], 99.50th=[463471], 99.90th=[471860], 99.95th=[484443],
     | 99.99th=[666895]
   bw (  KiB/s): min=   31, max= 1216, per=14.37%, avg=399.56, stdev=394.25, samples=415
   iops        : min=    1, max=   76, avg=24.96, stdev=24.64, samples=415
  write: IOPS=180, BW=2891KiB/s (2960kB/s)(84.8MiB/30024msec)
    clat (usec): min=186, max=661633, avg=20596.97, stdev=85752.34
     lat (usec): min=187, max=661634, avg=20597.79, stdev=85752.51
    clat percentiles (usec):
     |  1.00th=[   269],  5.00th=[   318], 10.00th=[   363], 20.00th=[   578],
     | 30.00th=[   766], 40.00th=[   914], 50.00th=[  1090], 60.00th=[  1237],
     | 70.00th=[  1483], 80.00th=[  1893], 90.00th=[  3032], 95.00th=[145753],
     | 99.00th=[450888], 99.50th=[450888], 99.90th=[463471], 99.95th=[463471],
     | 99.99th=[658506]
   bw (  KiB/s): min=   31, max= 1920, per=13.69%, avg=395.74, stdev=430.51, samples=436
   iops        : min=    1, max=  120, avg=24.73, stdev=26.91, samples=436
  lat (usec)   : 250=0.42%, 500=9.11%, 750=6.90%, 1000=8.76%
  lat (msec)   : 2=21.43%, 4=11.15%, 10=12.06%, 20=9.44%, 50=12.20%
  lat (msec)   : 100=3.60%, 250=0.29%, 500=4.60%, 750=0.03%
  cpu          : usr=0.02%, sys=0.11%, ctx=10654, majf=0, minf=8
  IO depths    : 1=100.0%, 2=0.0%, 4=0.0%, 8=0.0%, 16=0.0%, 32=0.0%, >=64=0.0%
     submit    : 0=0.0%, 4=100.0%, 8=0.0%, 16=0.0%, 32=0.0%, 64=0.0%, >=64=0.0%
     complete  : 0=0.0%, 4=100.0%, 8=0.0%, 16=0.0%, 32=0.0%, 64=0.0%, >=64=0.0%
     issued rwts: total=5219,5425,0,0 short=0,0,0,0 dropped=0,0,0,0
     latency   : target=0, window=0, percentile=100.00%, depth=1

Run status group 0 (all jobs):
   READ: bw=2781KiB/s (2848kB/s), 2781KiB/s-2781KiB/s (2848kB/s-2848kB/s), io=81.5MiB (85.5MB), run=30024-30024msec
  WRITE: bw=2891KiB/s (2960kB/s), 2891KiB/s-2891KiB/s (2960kB/s-2960kB/s), io=84.8MiB (88.9MB), run=30024-30024msec

Disk stats (read/write):
  sdf: ios=5226/5423, merge=0/0, ticks=192006/111613, in_queue=306135, util=98.63%
======================== Data disk NO.5 End 2022-05-14 22:38:41 =========================


========= Data Disk NO.6 Read And Write Begin  2022-05-14 22:38:10 ==========
mytest_6: (g=0): rw=randrw, bs=(R) 16.0KiB-16.0KiB, (W) 16.0KiB-16.0KiB, (T) 16.0KiB-16.0KiB, ioengine=psync, iodepth=1
...
fio-3.7
Starting 10 threads

mytest_6: (groupid=0, jobs=10): err= 0: pid=1171: Sat May 14 22:38:41 2022
   read: IOPS=162, BW=2607KiB/s (2670kB/s)(76.5MiB/30047msec)
    clat (usec): min=101, max=662280, avg=37498.47, stdev=85593.33
     lat (usec): min=102, max=662280, avg=37498.68, stdev=85593.40
    clat percentiles (usec):
     |  1.00th=[   314],  5.00th=[  1090], 10.00th=[  2212], 20.00th=[  4178],
     | 30.00th=[  6521], 40.00th=[  9110], 50.00th=[ 13304], 60.00th=[ 18220],
     | 70.00th=[ 25560], 80.00th=[ 35914], 90.00th=[ 56361], 95.00th=[193987],
     | 99.00th=[450888], 99.50th=[463471], 99.90th=[497026], 99.95th=[509608],
     | 99.99th=[658506]
   bw (  KiB/s): min=   31, max= 1120, per=14.33%, avg=373.64, stdev=386.70, samples=412
   iops        : min=    1, max=   70, avg=23.30, stdev=24.15, samples=412
  write: IOPS=168, BW=2690KiB/s (2754kB/s)(78.9MiB/30047msec)
    clat (usec): min=211, max=653099, avg=23053.21, stdev=89837.18
     lat (usec): min=212, max=653101, avg=23054.04, stdev=89837.34
    clat percentiles (usec):
     |  1.00th=[   273],  5.00th=[   318], 10.00th=[   367], 20.00th=[   611],
     | 30.00th=[   766], 40.00th=[   938], 50.00th=[  1106], 60.00th=[  1270],
     | 70.00th=[  1532], 80.00th=[  2040], 90.00th=[  3097], 95.00th=[299893],
     | 99.00th=[450888], 99.50th=[450888], 99.90th=[484443], 99.95th=[591397],
     | 99.99th=[650118]
   bw (  KiB/s): min=   31, max= 1760, per=13.92%, avg=374.24, stdev=420.73, samples=427
   iops        : min=    1, max=  110, avg=23.33, stdev=26.29, samples=427
  lat (usec)   : 250=0.22%, 500=8.74%, 750=7.08%, 1000=7.84%
  lat (msec)   : 2=21.11%, 4=11.56%, 10=12.43%, 20=9.63%, 50=12.54%
  lat (msec)   : 100=3.17%, 250=0.45%, 500=5.17%, 750=0.07%
  cpu          : usr=0.01%, sys=0.12%, ctx=9989, majf=0, minf=9
  IO depths    : 1=100.0%, 2=0.0%, 4=0.0%, 8=0.0%, 16=0.0%, 32=0.0%, >=64=0.0%
     submit    : 0=0.0%, 4=100.0%, 8=0.0%, 16=0.0%, 32=0.0%, 64=0.0%, >=64=0.0%
     complete  : 0=0.0%, 4=100.0%, 8=0.0%, 16=0.0%, 32=0.0%, 64=0.0%, >=64=0.0%
     issued rwts: total=4896,5051,0,0 short=0,0,0,0 dropped=0,0,0,0
     latency   : target=0, window=0, percentile=100.00%, depth=1

Run status group 0 (all jobs):
   READ: bw=2607KiB/s (2670kB/s), 2607KiB/s-2607KiB/s (2670kB/s-2670kB/s), io=76.5MiB (80.2MB), run=30047-30047msec
  WRITE: bw=2690KiB/s (2754kB/s), 2690KiB/s-2690KiB/s (2754kB/s-2754kB/s), io=78.9MiB (82.8MB), run=30047-30047msec

Disk stats (read/write):
  sdg: ios=4874/5001, merge=0/0, ticks=194062/116308, in_queue=310591, util=99.78%
======================== Data disk NO.6 End 2022-05-14 22:38:41 =========================


========= Data Disk NO.7 Read And Write Begin  2022-05-14 22:38:10 ==========
mytest_7: (g=0): rw=randrw, bs=(R) 16.0KiB-16.0KiB, (W) 16.0KiB-16.0KiB, (T) 16.0KiB-16.0KiB, ioengine=psync, iodepth=1
...
fio-3.7
Starting 10 threads

mytest_7: (groupid=0, jobs=10): err= 0: pid=1335: Sat May 14 22:38:42 2022
   read: IOPS=171, BW=2737KiB/s (2803kB/s)(80.3MiB/30031msec)
    clat (usec): min=91, max=672532, avg=36528.91, stdev=81298.09
     lat (usec): min=91, max=672532, avg=36529.15, stdev=81298.13
    clat percentiles (usec):
     |  1.00th=[   297],  5.00th=[   914], 10.00th=[  1860], 20.00th=[  4113],
     | 30.00th=[  6783], 40.00th=[  9241], 50.00th=[ 12256], 60.00th=[ 16909],
     | 70.00th=[ 24249], 80.00th=[ 35914], 90.00th=[ 65274], 95.00th=[143655],
     | 99.00th=[450888], 99.50th=[459277], 99.90th=[471860], 99.95th=[534774],
     | 99.99th=[675283]
   bw (  KiB/s): min=   31, max= 1376, per=14.13%, avg=386.68, stdev=379.19, samples=422
   iops        : min=    1, max=   86, avg=24.13, stdev=23.72, samples=422
  write: IOPS=177, BW=2846KiB/s (2914kB/s)(83.5MiB/30031msec)
    clat (usec): min=207, max=672366, avg=20990.38, stdev=87512.38
     lat (usec): min=208, max=672367, avg=20991.22, stdev=87512.54
    clat percentiles (usec):
     |  1.00th=[   273],  5.00th=[   322], 10.00th=[   367], 20.00th=[   578],
     | 30.00th=[   750], 40.00th=[   881], 50.00th=[  1057], 60.00th=[  1205],
     | 70.00th=[  1418], 80.00th=[  1762], 90.00th=[  2868], 95.00th=[149947],
     | 99.00th=[450888], 99.50th=[450888], 99.90th=[675283], 99.95th=[675283],
     | 99.99th=[675283]
   bw (  KiB/s): min=   31, max= 1952, per=13.49%, avg=384.04, stdev=416.07, samples=443
   iops        : min=    1, max=  122, avg=23.98, stdev=26.01, samples=443
  lat (usec)   : 100=0.01%, 250=0.44%, 500=9.38%, 750=7.30%, 1000=9.31%
  lat (msec)   : 2=21.50%, 4=9.03%, 10=12.53%, 20=10.72%, 50=10.60%
  lat (msec)   : 100=3.51%, 250=0.92%, 500=4.64%, 750=0.11%
  cpu          : usr=0.02%, sys=0.12%, ctx=10497, majf=0, minf=8
  IO depths    : 1=100.0%, 2=0.0%, 4=0.0%, 8=0.0%, 16=0.0%, 32=0.0%, >=64=0.0%
     submit    : 0=0.0%, 4=100.0%, 8=0.0%, 16=0.0%, 32=0.0%, 64=0.0%, >=64=0.0%
     complete  : 0=0.0%, 4=100.0%, 8=0.0%, 16=0.0%, 32=0.0%, 64=0.0%, >=64=0.0%
     issued rwts: total=5137,5342,0,0 short=0,0,0,0 dropped=0,0,0,0
     latency   : target=0, window=0, percentile=100.00%, depth=1

Run status group 0 (all jobs):
   READ: bw=2737KiB/s (2803kB/s), 2737KiB/s-2737KiB/s (2803kB/s-2803kB/s), io=80.3MiB (84.2MB), run=30031-30031msec
  WRITE: bw=2846KiB/s (2914kB/s), 2846KiB/s-2846KiB/s (2914kB/s-2914kB/s), io=83.5MiB (87.5MB), run=30031-30031msec

Disk stats (read/write):
  sdh: ios=5186/5342, merge=0/0, ticks=200397/111977, in_queue=312447, util=99.72%
======================== Data disk NO.7 End 2022-05-14 22:38:42 =========================


========= Data Disk NO.8 Read And Write Begin  2022-05-14 22:38:10 ==========
mytest_8: (g=0): rw=randrw, bs=(R) 16.0KiB-16.0KiB, (W) 16.0KiB-16.0KiB, (T) 16.0KiB-16.0KiB, ioengine=psync, iodepth=1
...
fio-3.7
Starting 10 threads

mytest_8: (groupid=0, jobs=10): err= 0: pid=1232: Sat May 14 22:38:41 2022
   read: IOPS=160, BW=2563KiB/s (2625kB/s)(75.2MiB/30027msec)
    clat (usec): min=112, max=533485, avg=38025.88, stdev=86121.87
     lat (usec): min=112, max=533485, avg=38026.08, stdev=86121.91
    clat percentiles (usec):
     |  1.00th=[   306],  5.00th=[   963], 10.00th=[  1811], 20.00th=[  3949],
     | 30.00th=[  6325], 40.00th=[  8848], 50.00th=[ 12387], 60.00th=[ 18220],
     | 70.00th=[ 26084], 80.00th=[ 38536], 90.00th=[ 59507], 95.00th=[267387],
     | 99.00th=[450888], 99.50th=[463471], 99.90th=[534774], 99.95th=[534774],
     | 99.99th=[534774]
   bw (  KiB/s): min=   31, max= 1277, per=14.48%, avg=371.06, stdev=382.46, samples=414
   iops        : min=    1, max=   79, avg=23.14, stdev=23.87, samples=414
  write: IOPS=165, BW=2653KiB/s (2717kB/s)(77.8MiB/30027msec)
    clat (usec): min=216, max=731185, avg=23536.83, stdev=92319.00
     lat (usec): min=217, max=731187, avg=23537.66, stdev=92319.14
    clat percentiles (usec):
     |  1.00th=[   273],  5.00th=[   318], 10.00th=[   359], 20.00th=[   570],
     | 30.00th=[   758], 40.00th=[   889], 50.00th=[  1074], 60.00th=[  1237],
     | 70.00th=[  1467], 80.00th=[  1811], 90.00th=[  3064], 95.00th=[299893],
     | 99.00th=[450888], 99.50th=[463471], 99.90th=[530580], 99.95th=[591397],
     | 99.99th=[734004]
   bw (  KiB/s): min=   31, max= 1504, per=13.96%, avg=370.27, stdev=413.13, samples=430
   iops        : min=    1, max=   94, avg=23.09, stdev=25.79, samples=430
  lat (usec)   : 250=0.26%, 500=9.62%, 750=6.93%, 1000=9.06%
  lat (msec)   : 2=21.33%, 4=9.79%, 10=12.65%, 20=8.82%, 50=11.75%
  lat (msec)   : 100=4.17%, 250=0.42%, 500=5.11%, 750=0.11%
  cpu          : usr=0.02%, sys=0.11%, ctx=9876, majf=0, minf=8
  IO depths    : 1=100.0%, 2=0.0%, 4=0.0%, 8=0.0%, 16=0.0%, 32=0.0%, >=64=0.0%
     submit    : 0=0.0%, 4=100.0%, 8=0.0%, 16=0.0%, 32=0.0%, 64=0.0%, >=64=0.0%
     complete  : 0=0.0%, 4=100.0%, 8=0.0%, 16=0.0%, 32=0.0%, 64=0.0%, >=64=0.0%
     issued rwts: total=4810,4979,0,0 short=0,0,0,0 dropped=0,0,0,0
     latency   : target=0, window=0, percentile=100.00%, depth=1

Run status group 0 (all jobs):
   READ: bw=2563KiB/s (2625kB/s), 2563KiB/s-2563KiB/s (2625kB/s-2625kB/s), io=75.2MiB (78.8MB), run=30027-30027msec
  WRITE: bw=2653KiB/s (2717kB/s), 2653KiB/s-2653KiB/s (2717kB/s-2717kB/s), io=77.8MiB (81.6MB), run=30027-30027msec

Disk stats (read/write):
  sdi: ios=4773/4917, merge=0/0, ticks=188143/117018, in_queue=312088, util=99.72%
======================== Data disk NO.8 End 2022-05-14 22:38:41 =========================


========= Data Disk NO.9 Read And Write Begin  2022-05-14 22:38:10 ==========
mytest_9: (g=0): rw=randrw, bs=(R) 16.0KiB-16.0KiB, (W) 16.0KiB-16.0KiB, (T) 16.0KiB-16.0KiB, ioengine=psync, iodepth=1
...
fio-3.7
Starting 10 threads

mytest_9: (groupid=0, jobs=10): err= 0: pid=1314: Sat May 14 22:38:41 2022
   read: IOPS=163, BW=2609KiB/s (2671kB/s)(76.5MiB/30034msec)
    clat (usec): min=76, max=659199, avg=37685.29, stdev=83570.25
     lat (usec): min=76, max=659199, avg=37685.50, stdev=83570.30
    clat percentiles (usec):
     |  1.00th=[   289],  5.00th=[   938], 10.00th=[  2040], 20.00th=[  4228],
     | 30.00th=[  6587], 40.00th=[  9110], 50.00th=[ 13042], 60.00th=[ 17957],
     | 70.00th=[ 25297], 80.00th=[ 37487], 90.00th=[ 63701], 95.00th=[162530],
     | 99.00th=[450888], 99.50th=[463471], 99.90th=[484443], 99.95th=[497026],
     | 99.99th=[658506]
   bw (  KiB/s): min=   31, max= 1216, per=14.36%, avg=374.59, stdev=372.73, samples=415
   iops        : min=    1, max=   76, avg=23.37, stdev=23.28, samples=415
  write: IOPS=168, BW=2703KiB/s (2767kB/s)(79.3MiB/30034msec)
    clat (usec): min=214, max=660814, avg=22126.07, stdev=88814.84
     lat (usec): min=215, max=660815, avg=22126.93, stdev=88814.98
    clat percentiles (usec):
     |  1.00th=[   262],  5.00th=[   318], 10.00th=[   359], 20.00th=[   553],
     | 30.00th=[   734], 40.00th=[   857], 50.00th=[  1057], 60.00th=[  1221],
     | 70.00th=[  1450], 80.00th=[  1811], 90.00th=[  2966], 95.00th=[299893],
     | 99.00th=[450888], 99.50th=[450888], 99.90th=[658506], 99.95th=[658506],
     | 99.99th=[658506]
   bw (  KiB/s): min=   31, max= 1408, per=13.89%, avg=375.29, stdev=407.06, samples=431
   iops        : min=    1, max=   88, avg=23.39, stdev=25.44, samples=431
  lat (usec)   : 100=0.01%, 250=0.47%, 500=9.73%, 750=7.89%, 1000=8.16%
  lat (msec)   : 2=20.47%, 4=10.01%, 10=12.35%, 20=10.11%, 50=11.11%
  lat (msec)   : 100=3.83%, 250=0.84%, 500=4.89%, 750=0.11%
  cpu          : usr=0.02%, sys=0.10%, ctx=10016, majf=0, minf=10
  IO depths    : 1=100.0%, 2=0.0%, 4=0.0%, 8=0.0%, 16=0.0%, 32=0.0%, >=64=0.0%
     submit    : 0=0.0%, 4=100.0%, 8=0.0%, 16=0.0%, 32=0.0%, 64=0.0%, >=64=0.0%
     complete  : 0=0.0%, 4=100.0%, 8=0.0%, 16=0.0%, 32=0.0%, 64=0.0%, >=64=0.0%
     issued rwts: total=4897,5073,0,0 short=0,0,0,0 dropped=0,0,0,0
     latency   : target=0, window=0, percentile=100.00%, depth=1

Run status group 0 (all jobs):
   READ: bw=2609KiB/s (2671kB/s), 2609KiB/s-2609KiB/s (2671kB/s-2671kB/s), io=76.5MiB (80.2MB), run=30034-30034msec
  WRITE: bw=2703KiB/s (2767kB/s), 2703KiB/s-2703KiB/s (2767kB/s-2767kB/s), io=79.3MiB (83.1MB), run=30034-30034msec

Disk stats (read/write):
  sdj: ios=4932/5070, merge=0/0, ticks=196885/112121, in_queue=309261, util=98.64%
======================== Data disk NO.9 End 2022-05-14 22:38:41 =========================


========= Data Disk NO.10 Read And Write Begin  2022-05-14 22:38:10 ==========
mytest_10: (g=0): rw=randrw, bs=(R) 16.0KiB-16.0KiB, (W) 16.0KiB-16.0KiB, (T) 16.0KiB-16.0KiB, ioengine=psync, iodepth=1
...
fio-3.7
Starting 10 threads

mytest_10: (groupid=0, jobs=10): err= 0: pid=1320: Sat May 14 22:38:41 2022
   read: IOPS=166, BW=2658KiB/s (2722kB/s)(77.9MiB/30026msec)
    clat (usec): min=88, max=644062, avg=36583.34, stdev=83620.41
     lat (usec): min=88, max=644062, avg=36583.54, stdev=83620.45
    clat percentiles (usec):
     |  1.00th=[   334],  5.00th=[  1004], 10.00th=[  2040], 20.00th=[  4178],
     | 30.00th=[  6587], 40.00th=[  8979], 50.00th=[ 12256], 60.00th=[ 16712],
     | 70.00th=[ 23462], 80.00th=[ 35390], 90.00th=[ 59507], 95.00th=[139461],
     | 99.00th=[450888], 99.50th=[463471], 99.90th=[471860], 99.95th=[530580],
     | 99.99th=[641729]
   bw (  KiB/s): min=   31, max= 1248, per=14.73%, avg=391.49, stdev=389.97, samples=407
   iops        : min=    1, max=   78, avg=24.44, stdev=24.36, samples=407
  write: IOPS=171, BW=2752KiB/s (2818kB/s)(80.7MiB/30026msec)
    clat (usec): min=226, max=638207, avg=22116.07, stdev=89595.69
     lat (usec): min=226, max=638209, avg=22116.92, stdev=89595.83
    clat percentiles (usec):
     |  1.00th=[   277],  5.00th=[   330], 10.00th=[   379], 20.00th=[   652],
     | 30.00th=[   775], 40.00th=[   955], 50.00th=[  1123], 60.00th=[  1303],
     | 70.00th=[  1582], 80.00th=[  2089], 90.00th=[  3458], 95.00th=[152044],
     | 99.00th=[450888], 99.50th=[450888], 99.90th=[534774], 99.95th=[534774],
     | 99.99th=[641729]
   bw (  KiB/s): min=   31, max= 1696, per=13.93%, avg=383.21, stdev=425.53, samples=431
   iops        : min=    1, max=  106, avg=23.93, stdev=26.59, samples=431
  lat (usec)   : 100=0.01%, 250=0.20%, 500=8.09%, 750=7.61%, 1000=7.95%
  lat (msec)   : 2=21.05%, 4=10.81%, 10=13.30%, 20=11.21%, 50=10.50%
  lat (msec)   : 100=3.72%, 250=0.78%, 500=4.67%, 750=0.11%
  cpu          : usr=0.02%, sys=0.11%, ctx=10202, majf=0, minf=20
  IO depths    : 1=100.0%, 2=0.0%, 4=0.0%, 8=0.0%, 16=0.0%, 32=0.0%, >=64=0.0%
     submit    : 0=0.0%, 4=100.0%, 8=0.0%, 16=0.0%, 32=0.0%, 64=0.0%, >=64=0.0%
     complete  : 0=0.0%, 4=100.0%, 8=0.0%, 16=0.0%, 32=0.0%, 64=0.0%, >=64=0.0%
     issued rwts: total=4988,5164,0,0 short=0,0,0,0 dropped=0,0,0,0
     latency   : target=0, window=0, percentile=100.00%, depth=1

Run status group 0 (all jobs):
   READ: bw=2658KiB/s (2722kB/s), 2658KiB/s-2658KiB/s (2722kB/s-2722kB/s), io=77.9MiB (81.7MB), run=30026-30026msec
  WRITE: bw=2752KiB/s (2818kB/s), 2752KiB/s-2752KiB/s (2818kB/s-2818kB/s), io=80.7MiB (84.6MB), run=30026-30026msec

Disk stats (read/write):
  sdk: ios=4991/5161, merge=0/0, ticks=187155/114082, in_queue=301004, util=100.00%
======================== Data disk NO.10 End 2022-05-14 22:38:41 =========================


========= Data Disk NO.11 Read And Write Begin  2022-05-14 22:38:10 ==========
mytest_11: (g=0): rw=randrw, bs=(R) 16.0KiB-16.0KiB, (W) 16.0KiB-16.0KiB, (T) 16.0KiB-16.0KiB, ioengine=psync, iodepth=1
...
fio-3.7
Starting 10 threads

mytest_11: (groupid=0, jobs=10): err= 0: pid=1279: Sat May 14 22:38:41 2022
   read: IOPS=166, BW=2659KiB/s (2723kB/s)(78.0MiB/30050msec)
    clat (usec): min=94, max=694783, avg=36538.78, stdev=85998.48
     lat (usec): min=94, max=694783, avg=36538.98, stdev=85998.56
    clat percentiles (usec):
     |  1.00th=[   297],  5.00th=[   914], 10.00th=[  1893], 20.00th=[  3982],
     | 30.00th=[  6259], 40.00th=[  8586], 50.00th=[ 11600], 60.00th=[ 16581],
     | 70.00th=[ 23462], 80.00th=[ 34341], 90.00th=[ 58983], 95.00th=[126354],
     | 99.00th=[459277], 99.50th=[463471], 99.90th=[492831], 99.95th=[566232],
     | 99.99th=[692061]
   bw (  KiB/s): min=   31, max= 1312, per=14.71%, avg=391.20, stdev=401.36, samples=406
   iops        : min=    1, max=   82, avg=24.40, stdev=25.13, samples=406
  write: IOPS=171, BW=2748KiB/s (2814kB/s)(80.6MiB/30050msec)
    clat (usec): min=225, max=681550, avg=22066.19, stdev=90516.06
     lat (usec): min=225, max=681551, avg=22066.96, stdev=90516.21
    clat percentiles (usec):
     |  1.00th=[   273],  5.00th=[   318], 10.00th=[   359], 20.00th=[   570],
     | 30.00th=[   725], 40.00th=[   865], 50.00th=[  1057], 60.00th=[  1205],
     | 70.00th=[  1418], 80.00th=[  1729], 90.00th=[  2671], 95.00th=[283116],
     | 99.00th=[450888], 99.50th=[450888], 99.90th=[530580], 99.95th=[591397],
     | 99.99th=[683672]
   bw (  KiB/s): min=   31, max= 1952, per=14.29%, avg=392.58, stdev=438.98, samples=419
   iops        : min=    1, max=  122, avg=24.49, stdev=27.47, samples=419
  lat (usec)   : 100=0.01%, 250=0.44%, 500=9.50%, 750=8.37%, 1000=8.08%
  lat (msec)   : 2=21.54%, 4=9.37%, 10=13.22%, 20=9.85%, 50=10.61%
  lat (msec)   : 100=3.64%, 250=0.55%, 500=4.71%, 750=0.11%
  cpu          : usr=0.02%, sys=0.11%, ctx=10213, majf=0, minf=11
  IO depths    : 1=100.0%, 2=0.0%, 4=0.0%, 8=0.0%, 16=0.0%, 32=0.0%, >=64=0.0%
     submit    : 0=0.0%, 4=100.0%, 8=0.0%, 16=0.0%, 32=0.0%, 64=0.0%, >=64=0.0%
     complete  : 0=0.0%, 4=100.0%, 8=0.0%, 16=0.0%, 32=0.0%, 64=0.0%, >=64=0.0%
     issued rwts: total=4994,5161,0,0 short=0,0,0,0 dropped=0,0,0,0
     latency   : target=0, window=0, percentile=100.00%, depth=1

Run status group 0 (all jobs):
   READ: bw=2659KiB/s (2723kB/s), 2659KiB/s-2659KiB/s (2723kB/s-2723kB/s), io=78.0MiB (81.8MB), run=30050-30050msec
  WRITE: bw=2748KiB/s (2814kB/s), 2748KiB/s-2748KiB/s (2814kB/s-2814kB/s), io=80.6MiB (84.6MB), run=30050-30050msec

Disk stats (read/write):
  sdl: ios=4998/5161, merge=0/0, ticks=187502/113760, in_queue=301426, util=100.00%
======================== Data disk NO.11 End 2022-05-14 22:38:41 =========================


========= Data Disk NO.12 Read And Write Begin  2022-05-14 22:38:10 ==========
mytest_12: (g=0): rw=randrw, bs=(R) 16.0KiB-16.0KiB, (W) 16.0KiB-16.0KiB, (T) 16.0KiB-16.0KiB, ioengine=psync, iodepth=1
...
fio-3.7
Starting 10 threads

mytest_12: (groupid=0, jobs=10): err= 0: pid=1242: Sat May 14 22:38:41 2022
   read: IOPS=36.5k, BW=570MiB/s (597MB/s)(16.7GiB/30001msec)
    clat (usec): min=49, max=8498, avg=235.24, stdev=124.64
     lat (usec): min=49, max=8498, avg=235.37, stdev=124.64
    clat percentiles (usec):
     |  1.00th=[  118],  5.00th=[  131], 10.00th=[  141], 20.00th=[  159],
     | 30.00th=[  178], 40.00th=[  196], 50.00th=[  210], 60.00th=[  235],
     | 70.00th=[  260], 80.00th=[  293], 90.00th=[  347], 95.00th=[  396],
     | 99.00th=[  519], 99.50th=[  603], 99.90th=[ 1991], 99.95th=[ 2376],
     | 99.99th=[ 2933]
   bw (  KiB/s): min=53888, max=61728, per=10.00%, avg=58355.75, stdev=1314.11, samples=590
   iops        : min= 3368, max= 3858, avg=3647.21, stdev=82.13, samples=590
  write: IOPS=36.5k, BW=570MiB/s (598MB/s)(16.7GiB/30001msec)
    clat (usec): min=16, max=8319, avg=35.33, stdev=16.41
     lat (usec): min=17, max=8320, avg=35.97, stdev=16.44
    clat percentiles (usec):
     |  1.00th=[   26],  5.00th=[   28], 10.00th=[   28], 20.00th=[   30],
     | 30.00th=[   31], 40.00th=[   32], 50.00th=[   34], 60.00th=[   36],
     | 70.00th=[   38], 80.00th=[   41], 90.00th=[   46], 95.00th=[   51],
     | 99.00th=[   63], 99.50th=[   69], 99.90th=[   85], 99.95th=[   94],
     | 99.99th=[  145]
   bw (  KiB/s): min=52448, max=64384, per=10.00%, avg=58391.24, stdev=2083.76, samples=590
   iops        : min= 3278, max= 4024, avg=3649.44, stdev=130.23, samples=590
  lat (usec)   : 20=0.01%, 50=47.19%, 100=2.82%, 250=33.34%, 500=16.03%
  lat (usec)   : 750=0.44%, 1000=0.03%
  lat (msec)   : 2=0.09%, 4=0.05%, 10=0.01%
  cpu          : usr=2.93%, sys=10.84%, ctx=2188866, majf=0, minf=795
  IO depths    : 1=100.0%, 2=0.0%, 4=0.0%, 8=0.0%, 16=0.0%, 32=0.0%, >=64=0.0%
     submit    : 0=0.0%, 4=100.0%, 8=0.0%, 16=0.0%, 32=0.0%, 64=0.0%, >=64=0.0%
     complete  : 0=0.0%, 4=100.0%, 8=0.0%, 16=0.0%, 32=0.0%, 64=0.0%, >=64=0.0%
     issued rwts: total=1093855,1094453,0,0 short=0,0,0,0 dropped=0,0,0,0
     latency   : target=0, window=0, percentile=100.00%, depth=1

Run status group 0 (all jobs):
   READ: bw=570MiB/s (597MB/s), 570MiB/s-570MiB/s (597MB/s-597MB/s), io=16.7GiB (17.9GB), run=30001-30001msec
  WRITE: bw=570MiB/s (598MB/s), 570MiB/s-570MiB/s (598MB/s-598MB/s), io=16.7GiB (17.9GB), run=30001-30001msec

Disk stats (read/write):
  nvme1n1: ios=1088973/1089578, merge=0/0, ticks=241542/20730, in_queue=266279, util=100.00%
======================== Data disk NO.12 End 2022-05-14 22:38:41 =========================


