========= Data Disk NO.6 Read And Write Begin  2022-05-14 22:38:10 ==========
mytest_6: (g=0): rw=randrw, bs=(R) 16.0KiB-16.0KiB, (W) 16.0KiB-16.0KiB, (T) 16.0KiB-16.0KiB, ioengine=psync, iodepth=1
...
fio-3.7
Starting 10 threads

mytest_6: (groupid=0, jobs=10): err= 0: pid=1171: Sat May 14 22:38:41 2022
   read: IOPS=162, BW=2607KiB/s (2670kB/s)(76.5MiB/30047msec)
    clat (usec): min=101, max=662280, avg=37498.47, stdev=85593.33
     lat (usec): min=102, max=662280, avg=37498.68, stdev=85593.40
    clat percentiles (usec):
     |  1.00th=[   314],  5.00th=[  1090], 10.00th=[  2212], 20.00th=[  4178],
     | 30.00th=[  6521], 40.00th=[  9110], 50.00th=[ 13304], 60.00th=[ 18220],
     | 70.00th=[ 25560], 80.00th=[ 35914], 90.00th=[ 56361], 95.00th=[193987],
     | 99.00th=[450888], 99.50th=[463471], 99.90th=[497026], 99.95th=[509608],
     | 99.99th=[658506]
   bw (  KiB/s): min=   31, max= 1120, per=14.33%, avg=373.64, stdev=386.70, samples=412
   iops        : min=    1, max=   70, avg=23.30, stdev=24.15, samples=412
  write: IOPS=168, BW=2690KiB/s (2754kB/s)(78.9MiB/30047msec)
    clat (usec): min=211, max=653099, avg=23053.21, stdev=89837.18
     lat (usec): min=212, max=653101, avg=23054.04, stdev=89837.34
    clat percentiles (usec):
     |  1.00th=[   273],  5.00th=[   318], 10.00th=[   367], 20.00th=[   611],
     | 30.00th=[   766], 40.00th=[   938], 50.00th=[  1106], 60.00th=[  1270],
     | 70.00th=[  1532], 80.00th=[  2040], 90.00th=[  3097], 95.00th=[299893],
     | 99.00th=[450888], 99.50th=[450888], 99.90th=[484443], 99.95th=[591397],
     | 99.99th=[650118]
   bw (  KiB/s): min=   31, max= 1760, per=13.92%, avg=374.24, stdev=420.73, samples=427
   iops        : min=    1, max=  110, avg=23.33, stdev=26.29, samples=427
  lat (usec)   : 250=0.22%, 500=8.74%, 750=7.08%, 1000=7.84%
  lat (msec)   : 2=21.11%, 4=11.56%, 10=12.43%, 20=9.63%, 50=12.54%
  lat (msec)   : 100=3.17%, 250=0.45%, 500=5.17%, 750=0.07%
  cpu          : usr=0.01%, sys=0.12%, ctx=9989, majf=0, minf=9
  IO depths    : 1=100.0%, 2=0.0%, 4=0.0%, 8=0.0%, 16=0.0%, 32=0.0%, >=64=0.0%
     submit    : 0=0.0%, 4=100.0%, 8=0.0%, 16=0.0%, 32=0.0%, 64=0.0%, >=64=0.0%
     complete  : 0=0.0%, 4=100.0%, 8=0.0%, 16=0.0%, 32=0.0%, 64=0.0%, >=64=0.0%
     issued rwts: total=4896,5051,0,0 short=0,0,0,0 dropped=0,0,0,0
     latency   : target=0, window=0, percentile=100.00%, depth=1

Run status group 0 (all jobs):
   READ: bw=2607KiB/s (2670kB/s), 2607KiB/s-2607KiB/s (2670kB/s-2670kB/s), io=76.5MiB (80.2MB), run=30047-30047msec
  WRITE: bw=2690KiB/s (2754kB/s), 2690KiB/s-2690KiB/s (2754kB/s-2754kB/s), io=78.9MiB (82.8MB), run=30047-30047msec

Disk stats (read/write):
  sdg: ios=4874/5001, merge=0/0, ticks=194062/116308, in_queue=310591, util=99.78%
======================== Data disk NO.6 End 2022-05-14 22:38:41 =========================
