========= Data Disk NO.7 Read And Write Begin  2022-05-14 22:38:10 ==========
mytest_7: (g=0): rw=randrw, bs=(R) 16.0KiB-16.0KiB, (W) 16.0KiB-16.0KiB, (T) 16.0KiB-16.0KiB, ioengine=psync, iodepth=1
...
fio-3.7
Starting 10 threads

mytest_7: (groupid=0, jobs=10): err= 0: pid=1335: Sat May 14 22:38:42 2022
   read: IOPS=171, BW=2737KiB/s (2803kB/s)(80.3MiB/30031msec)
    clat (usec): min=91, max=672532, avg=36528.91, stdev=81298.09
     lat (usec): min=91, max=672532, avg=36529.15, stdev=81298.13
    clat percentiles (usec):
     |  1.00th=[   297],  5.00th=[   914], 10.00th=[  1860], 20.00th=[  4113],
     | 30.00th=[  6783], 40.00th=[  9241], 50.00th=[ 12256], 60.00th=[ 16909],
     | 70.00th=[ 24249], 80.00th=[ 35914], 90.00th=[ 65274], 95.00th=[143655],
     | 99.00th=[450888], 99.50th=[459277], 99.90th=[471860], 99.95th=[534774],
     | 99.99th=[675283]
   bw (  KiB/s): min=   31, max= 1376, per=14.13%, avg=386.68, stdev=379.19, samples=422
   iops        : min=    1, max=   86, avg=24.13, stdev=23.72, samples=422
  write: IOPS=177, BW=2846KiB/s (2914kB/s)(83.5MiB/30031msec)
    clat (usec): min=207, max=672366, avg=20990.38, stdev=87512.38
     lat (usec): min=208, max=672367, avg=20991.22, stdev=87512.54
    clat percentiles (usec):
     |  1.00th=[   273],  5.00th=[   322], 10.00th=[   367], 20.00th=[   578],
     | 30.00th=[   750], 40.00th=[   881], 50.00th=[  1057], 60.00th=[  1205],
     | 70.00th=[  1418], 80.00th=[  1762], 90.00th=[  2868], 95.00th=[149947],
     | 99.00th=[450888], 99.50th=[450888], 99.90th=[675283], 99.95th=[675283],
     | 99.99th=[675283]
   bw (  KiB/s): min=   31, max= 1952, per=13.49%, avg=384.04, stdev=416.07, samples=443
   iops        : min=    1, max=  122, avg=23.98, stdev=26.01, samples=443
  lat (usec)   : 100=0.01%, 250=0.44%, 500=9.38%, 750=7.30%, 1000=9.31%
  lat (msec)   : 2=21.50%, 4=9.03%, 10=12.53%, 20=10.72%, 50=10.60%
  lat (msec)   : 100=3.51%, 250=0.92%, 500=4.64%, 750=0.11%
  cpu          : usr=0.02%, sys=0.12%, ctx=10497, majf=0, minf=8
  IO depths    : 1=100.0%, 2=0.0%, 4=0.0%, 8=0.0%, 16=0.0%, 32=0.0%, >=64=0.0%
     submit    : 0=0.0%, 4=100.0%, 8=0.0%, 16=0.0%, 32=0.0%, 64=0.0%, >=64=0.0%
     complete  : 0=0.0%, 4=100.0%, 8=0.0%, 16=0.0%, 32=0.0%, 64=0.0%, >=64=0.0%
     issued rwts: total=5137,5342,0,0 short=0,0,0,0 dropped=0,0,0,0
     latency   : target=0, window=0, percentile=100.00%, depth=1

Run status group 0 (all jobs):
   READ: bw=2737KiB/s (2803kB/s), 2737KiB/s-2737KiB/s (2803kB/s-2803kB/s), io=80.3MiB (84.2MB), run=30031-30031msec
  WRITE: bw=2846KiB/s (2914kB/s), 2846KiB/s-2846KiB/s (2914kB/s-2914kB/s), io=83.5MiB (87.5MB), run=30031-30031msec

Disk stats (read/write):
  sdh: ios=5186/5342, merge=0/0, ticks=200397/111977, in_queue=312447, util=99.72%
======================== Data disk NO.7 End 2022-05-14 22:38:42 =========================
