========= Data Disk NO.11 Read And Write Begin  2022-05-14 22:38:10 ==========
mytest_11: (g=0): rw=randrw, bs=(R) 16.0KiB-16.0KiB, (W) 16.0KiB-16.0KiB, (T) 16.0KiB-16.0KiB, ioengine=psync, iodepth=1
...
fio-3.7
Starting 10 threads

mytest_11: (groupid=0, jobs=10): err= 0: pid=1279: Sat May 14 22:38:41 2022
   read: IOPS=166, BW=2659KiB/s (2723kB/s)(78.0MiB/30050msec)
    clat (usec): min=94, max=694783, avg=36538.78, stdev=85998.48
     lat (usec): min=94, max=694783, avg=36538.98, stdev=85998.56
    clat percentiles (usec):
     |  1.00th=[   297],  5.00th=[   914], 10.00th=[  1893], 20.00th=[  3982],
     | 30.00th=[  6259], 40.00th=[  8586], 50.00th=[ 11600], 60.00th=[ 16581],
     | 70.00th=[ 23462], 80.00th=[ 34341], 90.00th=[ 58983], 95.00th=[126354],
     | 99.00th=[459277], 99.50th=[463471], 99.90th=[492831], 99.95th=[566232],
     | 99.99th=[692061]
   bw (  KiB/s): min=   31, max= 1312, per=14.71%, avg=391.20, stdev=401.36, samples=406
   iops        : min=    1, max=   82, avg=24.40, stdev=25.13, samples=406
  write: IOPS=171, BW=2748KiB/s (2814kB/s)(80.6MiB/30050msec)
    clat (usec): min=225, max=681550, avg=22066.19, stdev=90516.06
     lat (usec): min=225, max=681551, avg=22066.96, stdev=90516.21
    clat percentiles (usec):
     |  1.00th=[   273],  5.00th=[   318], 10.00th=[   359], 20.00th=[   570],
     | 30.00th=[   725], 40.00th=[   865], 50.00th=[  1057], 60.00th=[  1205],
     | 70.00th=[  1418], 80.00th=[  1729], 90.00th=[  2671], 95.00th=[283116],
     | 99.00th=[450888], 99.50th=[450888], 99.90th=[530580], 99.95th=[591397],
     | 99.99th=[683672]
   bw (  KiB/s): min=   31, max= 1952, per=14.29%, avg=392.58, stdev=438.98, samples=419
   iops        : min=    1, max=  122, avg=24.49, stdev=27.47, samples=419
  lat (usec)   : 100=0.01%, 250=0.44%, 500=9.50%, 750=8.37%, 1000=8.08%
  lat (msec)   : 2=21.54%, 4=9.37%, 10=13.22%, 20=9.85%, 50=10.61%
  lat (msec)   : 100=3.64%, 250=0.55%, 500=4.71%, 750=0.11%
  cpu          : usr=0.02%, sys=0.11%, ctx=10213, majf=0, minf=11
  IO depths    : 1=100.0%, 2=0.0%, 4=0.0%, 8=0.0%, 16=0.0%, 32=0.0%, >=64=0.0%
     submit    : 0=0.0%, 4=100.0%, 8=0.0%, 16=0.0%, 32=0.0%, 64=0.0%, >=64=0.0%
     complete  : 0=0.0%, 4=100.0%, 8=0.0%, 16=0.0%, 32=0.0%, 64=0.0%, >=64=0.0%
     issued rwts: total=4994,5161,0,0 short=0,0,0,0 dropped=0,0,0,0
     latency   : target=0, window=0, percentile=100.00%, depth=1

Run status group 0 (all jobs):
   READ: bw=2659KiB/s (2723kB/s), 2659KiB/s-2659KiB/s (2723kB/s-2723kB/s), io=78.0MiB (81.8MB), run=30050-30050msec
  WRITE: bw=2748KiB/s (2814kB/s), 2748KiB/s-2748KiB/s (2814kB/s-2814kB/s), io=80.6MiB (84.6MB), run=30050-30050msec

Disk stats (read/write):
  sdl: ios=4998/5161, merge=0/0, ticks=187502/113760, in_queue=301426, util=100.00%
======================== Data disk NO.11 End 2022-05-14 22:38:41 =========================
