=================  Begin Lan Stress Check 2022-05-14 22:37:32 =================
enp24s0f0: 08:c0:eb:c7:e1:42
enp24s0f1: 08:c0:eb:c7:e1:43
enp59s0f0: 08:c0:eb:c7:d2:b6
enp59s0f1: 08:c0:eb:c7:d2:b7
->>> enp24s0f0:	Speed: 10000Mb/s
->>> enp24s0f1:	Speed: 10000Mb/s
->>> enp59s0f0:	Speed: 10000Mb/s
->>> enp59s0f1:	Speed: 10000Mb/s
->>> enp24s0f0 is link! Formal 
->>> enp24s0f1 is link! Formal 
->>> enp59s0f0 is link! Formal 
->>> enp59s0f1 is link! Formal 
=============== NO.1 Begin Network Speech Check  2022-05-14 22:37:58 =================
->>> enp24s0f0 speed is 9968Mb/s, Formal!
->>> enp24s0f1 speed is 9850Mb/s, Formal!
->>> enp59s0f0 speed is 11697Mb/s, Formal!
->>> enp59s0f1 speed is 12772Mb/s, Formal!
================================== NO.1 End  ==================================
=============== NO.2 Begin Network Speech Check  2022-05-14 22:38:08 =================
->>> enp24s0f0 speed is 9968Mb/s, Formal!
->>> enp24s0f1 speed is 9850Mb/s, Formal!
->>> enp59s0f0 speed is 11697Mb/s, Formal!
->>> enp59s0f1 speed is 12772Mb/s, Formal!
================================== NO.2 End  ==================================
=============== NO.3 Begin Network Speech Check  2022-05-14 22:38:18 =================
->>> enp24s0f0 speed is 9968Mb/s, Formal!
->>> enp24s0f1 speed is 9850Mb/s, Formal!
->>> enp59s0f0 speed is 11697Mb/s, Formal!
->>> enp59s0f1 speed is 12772Mb/s, Formal!
================================== NO.3 End  ==================================
--->>> Network Stress Check Finish! 2022-05-14 22:38:19
