=============  CPU MCE Check Begin  2022-05-13 01:26:22 ================
{'comand': 'ras-mc-ctl --summary', 'cmd_infor': 'No Memory errors.\n\nNo PCIe AER errors.\n\nNo Extlog errors.\nNo MCE errors.'}
==============  CPU MCE Check End  2022-05-13 01:26:22 =================
->>> CPU MCE PASS 
=============  CPU MCE Check Begin  2022-05-13 01:26:35 ================
{'comand': 'ras-mc-ctl --summary', 'cmd_infor': 'No Memory errors.\n\nNo PCIe AER errors.\n\nNo Extlog errors.\nNo MCE errors.'}
==============  CPU MCE Check End  2022-05-13 01:26:35 =================
->>> CPU MCE PASS 
------------ The cpu physical number have 2 ------------
------------ cpu info come ------------
	Socket Designation: CPU0
	Manufacturer: Intel(R) Corporation
	Version: Intel(R) Xeon(R) Silver 4210 CPU @ 2.20GHz
	Current Speed: 2200 MHz
The cpu core number is 	Core Count: 10
	Thread Count: 20
------------ The cpu is ok next is coming ------------
	Socket Designation: CPU1
	Manufacturer: Intel(R) Corporation
	Version: Intel(R) Xeon(R) Silver 4210 CPU @ 2.20GHz
	Current Speed: 2200 MHz
The cpu core number is 	Core Count: 10
	Thread Count: 20
------------ The cpu is ok next is coming ------------
