========= Data Disk NO.1 Read And Write Begin  2022-03-28 15:49:24 ==========
mytest_1: (g=0): rw=randrw, bs=16K-16K/16K-16K/16K-16K, ioengine=psync, iodepth=1
...
fio-2.16
Starting 10 threads

mytest_1: (groupid=0, jobs=10): err= 0: pid=7028: Mon Mar 28 15:50:24 2022
  read : io=11294MB, bw=192741KB/s, iops=12046, runt= 60001msec
    clat (usec): min=50, max=610401, avg=536.95, stdev=1920.98
     lat (usec): min=50, max=610401, avg=537.11, stdev=1920.98
    clat percentiles (usec):
     |  1.00th=[  330],  5.00th=[  374], 10.00th=[  402], 20.00th=[  438],
     | 30.00th=[  466], 40.00th=[  490], 50.00th=[  510], 60.00th=[  532],
     | 70.00th=[  564], 80.00th=[  604], 90.00th=[  676], 95.00th=[  748],
     | 99.00th=[  876], 99.50th=[  924], 99.90th=[ 1048], 99.95th=[ 1624],
     | 99.99th=[ 2704]
  write: io=11313MB, bw=193079KB/s, iops=12067, runt= 60001msec
    clat (usec): min=72, max=610215, avg=288.70, stdev=1267.28
     lat (usec): min=72, max=610216, avg=289.22, stdev=1267.28
    clat percentiles (usec):
     |  1.00th=[   98],  5.00th=[  137], 10.00th=[  171], 20.00th=[  219],
     | 30.00th=[  249], 40.00th=[  274], 50.00th=[  294], 60.00th=[  314],
     | 70.00th=[  334], 80.00th=[  354], 90.00th=[  374], 95.00th=[  390],
     | 99.00th=[  410], 99.50th=[  414], 99.90th=[  434], 99.95th=[  482],
     | 99.99th=[  732]
    lat (usec) : 100=0.63%, 250=14.56%, 500=57.46%, 750=24.83%, 1000=2.43%
    lat (msec) : 2=0.06%, 4=0.02%, 250=0.01%, 500=0.01%, 750=0.01%
  cpu          : usr=1.13%, sys=6.15%, ctx=1446958, majf=0, minf=546
  IO depths    : 1=100.0%, 2=0.0%, 4=0.0%, 8=0.0%, 16=0.0%, 32=0.0%, >=64=0.0%
     submit    : 0=0.0%, 4=100.0%, 8=0.0%, 16=0.0%, 32=0.0%, 64=0.0%, >=64=0.0%
     complete  : 0=0.0%, 4=100.0%, 8=0.0%, 16=0.0%, 32=0.0%, 64=0.0%, >=64=0.0%
     issued    : total=r=722791/w=724058/d=0, short=r=0/w=0/d=0, drop=r=0/w=0/d=0
     latency   : target=0, window=0, percentile=100.00%, depth=1

Run status group 0 (all jobs):
   READ: io=11294MB, aggrb=192741KB/s, minb=192741KB/s, maxb=192741KB/s, mint=60001msec, maxt=60001msec
  WRITE: io=11313MB, aggrb=193078KB/s, minb=193078KB/s, maxb=193078KB/s, mint=60001msec, maxt=60001msec

Disk stats (read/write):
  sdb: ios=721696/722829, merge=0/0, ticks=374644/193021, in_queue=568141, util=99.97%
================== Data disk NO.1 End ====================
