========= Data Disk NO.4 Read And Write Begin  2022-03-27 15:11:37 ==========
mytest_4: (g=0): rw=randrw, bs=16K-16K/16K-16K/16K-16K, ioengine=psync, iodepth=1
...
fio-2.16
Starting 10 threads

mytest_4: (groupid=0, jobs=10): err= 0: pid=83725: Sun Mar 27 15:12:37 2022
  read : io=279344KB, bw=4649.8KB/s, iops=290, runt= 60078msec
    clat (usec): min=63, max=744017, avg=32865.63, stdev=38773.37
     lat (usec): min=63, max=744017, avg=32865.84, stdev=38773.38
    clat percentiles (usec):
     |  1.00th=[  852],  5.00th=[ 2704], 10.00th=[ 4128], 20.00th=[ 7264],
     | 30.00th=[10688], 40.00th=[15040], 50.00th=[20096], 60.00th=[27008],
     | 70.00th=[36608], 80.00th=[51456], 90.00th=[76288], 95.00th=[104960],
     | 99.00th=[173056], 99.50th=[209920], 99.90th=[309248], 99.95th=[415744],
     | 99.99th=[724992]
  write: io=275664KB, bw=4588.5KB/s, iops=286, runt= 60078msec
    clat (usec): min=279, max=710084, avg=1530.04, stdev=10280.43
     lat (usec): min=280, max=710085, avg=1530.77, stdev=10280.43
    clat percentiles (usec):
     |  1.00th=[  318],  5.00th=[  386], 10.00th=[  414], 20.00th=[  446],
     | 30.00th=[  482], 40.00th=[  636], 50.00th=[  844], 60.00th=[ 1096],
     | 70.00th=[ 1368], 80.00th=[ 1896], 90.00th=[ 2896], 95.00th=[ 3920],
     | 99.00th=[ 6432], 99.50th=[ 7712], 99.90th=[16192], 99.95th=[203776],
     | 99.99th=[692224]
    lat (usec) : 100=0.05%, 250=0.01%, 500=16.16%, 750=6.57%, 1000=6.17%
    lat (msec) : 2=13.06%, 4=10.14%, 10=11.44%, 20=11.20%, 50=14.73%
    lat (msec) : 100=7.63%, 250=2.73%, 500=0.10%, 750=0.03%
  cpu          : usr=0.03%, sys=0.17%, ctx=34688, majf=0, minf=12
  IO depths    : 1=100.0%, 2=0.0%, 4=0.0%, 8=0.0%, 16=0.0%, 32=0.0%, >=64=0.0%
     submit    : 0=0.0%, 4=100.0%, 8=0.0%, 16=0.0%, 32=0.0%, 64=0.0%, >=64=0.0%
     complete  : 0=0.0%, 4=100.0%, 8=0.0%, 16=0.0%, 32=0.0%, 64=0.0%, >=64=0.0%
     issued    : total=r=17459/w=17229/d=0, short=r=0/w=0/d=0, drop=r=0/w=0/d=0
     latency   : target=0, window=0, percentile=100.00%, depth=1

Run status group 0 (all jobs):
   READ: io=279344KB, aggrb=4649KB/s, minb=4649KB/s, maxb=4649KB/s, mint=60078msec, maxt=60078msec
  WRITE: io=275664KB, aggrb=4588KB/s, minb=4588KB/s, maxb=4588KB/s, mint=60078msec, maxt=60078msec

Disk stats (read/write):
  sdf: ios=17514/17196, merge=0/0, ticks=590287/25843, in_queue=616684, util=99.84%
================== Data disk NO.4 End ====================
