========= Data Disk NO.7 Read And Write Begin  2022-03-28 15:49:24 ==========
mytest_7: (g=0): rw=randrw, bs=16K-16K/16K-16K/16K-16K, ioengine=psync, iodepth=1
...
fio-2.16
Starting 10 threads

mytest_7: (groupid=0, jobs=10): err= 0: pid=7079: Mon Mar 28 15:50:24 2022
  read : io=259952KB, bw=4331.2KB/s, iops=270, runt= 60021msec
    clat (usec): min=72, max=227883, avg=22138.93, stdev=19984.89
     lat (usec): min=73, max=227883, avg=22139.14, stdev=19984.90
    clat percentiles (usec):
     |  1.00th=[  398],  5.00th=[ 2448], 10.00th=[ 4256], 20.00th=[ 6880],
     | 30.00th=[ 9664], 40.00th=[12608], 50.00th=[16512], 60.00th=[20608],
     | 70.00th=[26496], 80.00th=[34560], 90.00th=[47360], 95.00th=[60160],
     | 99.00th=[92672], 99.50th=[114176], 99.90th=[158720], 99.95th=[183296],
     | 99.99th=[207872]
  write: io=256992KB, bw=4281.8KB/s, iops=267, runt= 60021msec
    clat (usec): min=275, max=206956, avg=14483.26, stdev=16599.53
     lat (usec): min=276, max=206957, avg=14484.05, stdev=16599.55
    clat percentiles (usec):
     |  1.00th=[  318],  5.00th=[  342], 10.00th=[  386], 20.00th=[  668],
     | 30.00th=[ 1176], 40.00th=[ 2960], 50.00th=[ 7584], 60.00th=[14400],
     | 70.00th=[21120], 80.00th=[28544], 90.00th=[38144], 95.00th=[46336],
     | 99.00th=[64256], 99.50th=[73216], 99.90th=[89600], 99.95th=[111104],
     | 99.99th=[191488]
    lat (usec) : 100=0.03%, 250=0.02%, 500=8.25%, 750=3.82%, 1000=3.00%
    lat (msec) : 2=5.25%, 4=5.52%, 10=16.56%, 20=21.09%, 50=30.47%
    lat (msec) : 100=5.58%, 250=0.42%
  cpu          : usr=0.03%, sys=0.17%, ctx=32322, majf=0, minf=17
  IO depths    : 1=100.0%, 2=0.0%, 4=0.0%, 8=0.0%, 16=0.0%, 32=0.0%, >=64=0.0%
     submit    : 0=0.0%, 4=100.0%, 8=0.0%, 16=0.0%, 32=0.0%, 64=0.0%, >=64=0.0%
     complete  : 0=0.0%, 4=100.0%, 8=0.0%, 16=0.0%, 32=0.0%, 64=0.0%, >=64=0.0%
     issued    : total=r=16247/w=16062/d=0, short=r=0/w=0/d=0, drop=r=0/w=0/d=0
     latency   : target=0, window=0, percentile=100.00%, depth=1

Run status group 0 (all jobs):
   READ: io=259952KB, aggrb=4331KB/s, minb=4331KB/s, maxb=4331KB/s, mint=60021msec, maxt=60021msec
  WRITE: io=256992KB, aggrb=4281KB/s, minb=4281KB/s, maxb=4281KB/s, mint=60021msec, maxt=60021msec

Disk stats (read/write):
  sdh: ios=16262/16023, merge=0/0, ticks=372459/231097, in_queue=603957, util=98.58%
================== Data disk NO.7 End ====================
