=========== Disks Read and Write Check  2022-03-27 15:11:07 ===============

===================== Building Raid ============================
============== Build Raid Success, Information ==================
/home/autotest
CLI Version = 007.1912.0000.0000 Nov 23, 2021
Operating system = Linux 3.10.0-1160.el7.x86_64
Controller = 0
Status = Success
Description = Add VD Succeeded.


NAME            MAJ:MIN RM   SIZE RO TYPE MOUNTPOINT
sdb               8:16   0 446.6G  0 disk 
sdc               8:32   0 446.6G  0 disk 
sdd               8:48   0  10.9T  0 disk 
sde               8:64   0  10.9T  0 disk 
sdf               8:80   0  10.9T  0 disk 
sdg               8:96   0  10.9T  0 disk 
sdh               8:112  0  10.9T  0 disk 
sdi               8:128  0  10.9T  0 disk 
sdj               8:144  0  10.9T  0 disk 
sdk               8:160  0  10.9T  0 disk 
sdl               8:176  0  10.9T  0 disk 
sdm               8:192  0  10.9T  0 disk 
nvme0n1         259:0    0   1.5T  0 disk 
├─nvme0n1p1     259:1    0     1G  0 part 
├─nvme0n1p2     259:2    0     1G  0 part /boot
└─nvme0n1p3     259:3    0   1.5T  0 part 
  ├─centos-root 253:0    0    50G  0 lvm  /
  ├─centos-swap 253:1    0     4G  0 lvm  [SWAP]
  └─centos-home 253:2    0   1.4T  0 lvm  /home
nvme1n1         259:4    0   1.5T  0 disk 
==================================================================
->>> System Disk is : nvme0n1
->>> Tatol Non-system Disks: 13
->>> Non-system Disks is : 
['/dev/sdb', '/dev/sdc', '/dev/sdd', '/dev/sde', '/dev/sdf', '/dev/sdg', '/dev/sdh', '/dev/sdi', '/dev/sdj', '/dev/sdk', '/dev/sdl', '/dev/sdm', '/dev/nvme1n1']
========= Data Disk NO.0 Read And Write Begin  2022-03-27 15:11:37 ==========
mytest_0: (g=0): rw=randrw, bs=16K-16K/16K-16K/16K-16K, ioengine=psync, iodepth=1
...
fio-2.16
Starting 10 threads

mytest_0: (groupid=0, jobs=10): err= 0: pid=83702: Sun Mar 27 15:12:37 2022
  read : io=11183MB, bw=190858KB/s, iops=11928, runt= 60001msec
    clat (usec): min=52, max=710008, avg=544.31, stdev=1799.22
     lat (usec): min=52, max=710008, avg=544.48, stdev=1799.22
    clat percentiles (usec):
     |  1.00th=[  326],  5.00th=[  374], 10.00th=[  402], 20.00th=[  438],
     | 30.00th=[  466], 40.00th=[  490], 50.00th=[  516], 60.00th=[  540],
     | 70.00th=[  572], 80.00th=[  620], 90.00th=[  708], 95.00th=[  788],
     | 99.00th=[  940], 99.50th=[  996], 99.90th=[ 1256], 99.95th=[ 1976],
     | 99.99th=[ 2896]
  write: io=11199MB, bw=191130KB/s, iops=11945, runt= 60001msec
    clat (usec): min=76, max=709888, avg=289.52, stdev=1896.00
     lat (usec): min=76, max=709889, avg=290.09, stdev=1896.00
    clat percentiles (usec):
     |  1.00th=[   98],  5.00th=[  133], 10.00th=[  167], 20.00th=[  213],
     | 30.00th=[  247], 40.00th=[  270], 50.00th=[  294], 60.00th=[  314],
     | 70.00th=[  334], 80.00th=[  354], 90.00th=[  374], 95.00th=[  390],
     | 99.00th=[  410], 99.50th=[  414], 99.90th=[  430], 99.95th=[  446],
     | 99.99th=[  804]
    lat (usec) : 100=0.68%, 250=15.08%, 500=56.29%, 750=24.49%, 1000=3.20%
    lat (msec) : 2=0.23%, 4=0.02%, 250=0.01%, 500=0.01%, 750=0.01%
  cpu          : usr=1.15%, sys=6.22%, ctx=1432582, majf=0, minf=664
  IO depths    : 1=100.0%, 2=0.0%, 4=0.0%, 8=0.0%, 16=0.0%, 32=0.0%, >=64=0.0%
     submit    : 0=0.0%, 4=100.0%, 8=0.0%, 16=0.0%, 32=0.0%, 64=0.0%, >=64=0.0%
     complete  : 0=0.0%, 4=100.0%, 8=0.0%, 16=0.0%, 32=0.0%, 64=0.0%, >=64=0.0%
     issued    : total=r=715731/w=716749/d=0, short=r=0/w=0/d=0, drop=r=0/w=0/d=0
     latency   : target=0, window=0, percentile=100.00%, depth=1

Run status group 0 (all jobs):
   READ: io=11183MB, aggrb=190858KB/s, minb=190858KB/s, maxb=190858KB/s, mint=60001msec, maxt=60001msec
  WRITE: io=11199MB, aggrb=191129KB/s, minb=191129KB/s, maxb=191129KB/s, mint=60001msec, maxt=60001msec

Disk stats (read/write):
  sdb: ios=715037/715977, merge=0/0, ticks=376818/190666, in_queue=568109, util=100.00%
================== Data disk NO.0 End ====================
