========= Data Disk NO.8 Read And Write Begin  2022-03-28 15:49:24 ==========
mytest_8: (g=0): rw=randrw, bs=16K-16K/16K-16K/16K-16K, ioengine=psync, iodepth=1
...
fio-2.16
Starting 10 threads

mytest_8: (groupid=0, jobs=10): err= 0: pid=7091: Mon Mar 28 15:50:24 2022
  read : io=279168KB, bw=4649.8KB/s, iops=290, runt= 60039msec
    clat (usec): min=60, max=424489, avg=32771.86, stdev=36965.59
     lat (usec): min=60, max=424490, avg=32772.07, stdev=36965.59
    clat percentiles (usec):
     |  1.00th=[  884],  5.00th=[ 2832], 10.00th=[ 4320], 20.00th=[ 7392],
     | 30.00th=[10816], 40.00th=[15296], 50.00th=[19840], 60.00th=[27008],
     | 70.00th=[36608], 80.00th=[50944], 90.00th=[76288], 95.00th=[102912],
     | 99.00th=[171008], 99.50th=[205824], 99.90th=[342016], 99.95th=[391168],
     | 99.99th=[419840]
  write: io=275408KB, bw=4587.2KB/s, iops=286, runt= 60039msec
    clat (usec): min=278, max=399323, avg=1644.23, stdev=7194.60
     lat (usec): min=279, max=399325, avg=1644.99, stdev=7194.61
    clat percentiles (usec):
     |  1.00th=[  318],  5.00th=[  390], 10.00th=[  418], 20.00th=[  450],
     | 30.00th=[  498], 40.00th=[  692], 50.00th=[  892], 60.00th=[ 1176],
     | 70.00th=[ 1544], 80.00th=[ 2224], 90.00th=[ 3344], 95.00th=[ 4448],
     | 99.00th=[ 7456], 99.50th=[ 9024], 99.90th=[23424], 99.95th=[171008],
     | 99.99th=[358400]
    lat (usec) : 100=0.04%, 250=0.01%, 500=15.08%, 750=6.27%, 1000=6.00%
    lat (msec) : 2=12.53%, 4=10.79%, 10=12.54%, 20=11.55%, 50=14.77%
    lat (msec) : 100=7.68%, 250=2.59%, 500=0.16%
  cpu          : usr=0.04%, sys=0.17%, ctx=34713, majf=0, minf=21
  IO depths    : 1=100.0%, 2=0.0%, 4=0.0%, 8=0.0%, 16=0.0%, 32=0.0%, >=64=0.0%
     submit    : 0=0.0%, 4=100.0%, 8=0.0%, 16=0.0%, 32=0.0%, 64=0.0%, >=64=0.0%
     complete  : 0=0.0%, 4=100.0%, 8=0.0%, 16=0.0%, 32=0.0%, 64=0.0%, >=64=0.0%
     issued    : total=r=17448/w=17213/d=0, short=r=0/w=0/d=0, drop=r=0/w=0/d=0
     latency   : target=0, window=0, percentile=100.00%, depth=1

Run status group 0 (all jobs):
   READ: io=279168KB, aggrb=4649KB/s, minb=4649KB/s, maxb=4649KB/s, mint=60039msec, maxt=60039msec
  WRITE: io=275408KB, aggrb=4587KB/s, minb=4587KB/s, maxb=4587KB/s, mint=60039msec, maxt=60039msec

Disk stats (read/write):
  sdi: ios=17453/17192, merge=0/0, ticks=611975/27822, in_queue=640047, util=99.83%
================== Data disk NO.8 End ====================
