========= Data Disk NO.5 Read And Write Begin  2022-03-27 15:11:37 ==========
mytest_5: (g=0): rw=randrw, bs=16K-16K/16K-16K/16K-16K, ioengine=psync, iodepth=1
...
fio-2.16
Starting 10 threads

mytest_5: (groupid=0, jobs=10): err= 0: pid=83759: Sun Mar 27 15:12:37 2022
  read : io=289184KB, bw=4816.9KB/s, iops=301, runt= 60036msec
    clat (usec): min=80, max=510729, avg=31606.03, stdev=36561.06
     lat (usec): min=80, max=510729, avg=31606.23, stdev=36561.06
    clat percentiles (usec):
     |  1.00th=[  876],  5.00th=[ 2832], 10.00th=[ 4256], 20.00th=[ 7072],
     | 30.00th=[10432], 40.00th=[14784], 50.00th=[19584], 60.00th=[26240],
     | 70.00th=[35584], 80.00th=[48896], 90.00th=[74240], 95.00th=[98816],
     | 99.00th=[166912], 99.50th=[201728], 99.90th=[350208], 99.95th=[464896],
     | 99.99th=[501760]
  write: io=285120KB, bw=4749.2KB/s, iops=296, runt= 60036msec
    clat (usec): min=267, max=475627, avg=1614.01, stdev=8553.99
     lat (usec): min=267, max=475629, avg=1614.79, stdev=8553.99
    clat percentiles (usec):
     |  1.00th=[  318],  5.00th=[  386], 10.00th=[  418], 20.00th=[  450],
     | 30.00th=[  510], 40.00th=[  708], 50.00th=[  908], 60.00th=[ 1144],
     | 70.00th=[ 1496], 80.00th=[ 2128], 90.00th=[ 3120], 95.00th=[ 4128],
     | 99.00th=[ 6880], 99.50th=[ 8768], 99.90th=[21632], 99.95th=[199680],
     | 99.99th=[456704]
    lat (usec) : 100=0.04%, 250=0.01%, 500=14.64%, 750=6.39%, 1000=6.41%
    lat (msec) : 2=12.95%, 4=10.99%, 10=12.43%, 20=11.32%, 50=15.07%
    lat (msec) : 100=7.26%, 250=2.36%, 500=0.13%, 750=0.01%
  cpu          : usr=0.04%, sys=0.18%, ctx=35894, majf=0, minf=13
  IO depths    : 1=100.0%, 2=0.0%, 4=0.0%, 8=0.0%, 16=0.0%, 32=0.0%, >=64=0.0%
     submit    : 0=0.0%, 4=100.0%, 8=0.0%, 16=0.0%, 32=0.0%, 64=0.0%, >=64=0.0%
     complete  : 0=0.0%, 4=100.0%, 8=0.0%, 16=0.0%, 32=0.0%, 64=0.0%, >=64=0.0%
     issued    : total=r=18074/w=17820/d=0, short=r=0/w=0/d=0, drop=r=0/w=0/d=0
     latency   : target=0, window=0, percentile=100.00%, depth=1

Run status group 0 (all jobs):
   READ: io=289184KB, aggrb=4816KB/s, minb=4816KB/s, maxb=4816KB/s, mint=60036msec, maxt=60036msec
  WRITE: io=285120KB, aggrb=4749KB/s, minb=4749KB/s, maxb=4749KB/s, mint=60036msec, maxt=60036msec

Disk stats (read/write):
  sdg: ios=18087/17781, merge=0/0, ticks=611470/28130, in_queue=640205, util=99.87%
================== Data disk NO.5 End ====================
