========= Data Disk NO.11 Read And Write Begin  2022-03-28 15:49:24 ==========
mytest_11: (g=0): rw=randrw, bs=16K-16K/16K-16K/16K-16K, ioengine=psync, iodepth=1
...
fio-2.16
Starting 10 threads

mytest_11: (groupid=0, jobs=10): err= 0: pid=7121: Mon Mar 28 15:50:25 2022
  read : io=276016KB, bw=4595.6KB/s, iops=287, runt= 60068msec
    clat (usec): min=73, max=3163.1K, avg=33272.50, stdev=50717.61
     lat (usec): min=73, max=3163.1K, avg=33272.68, stdev=50717.61
    clat percentiles (usec):
     |  1.00th=[  876],  5.00th=[ 2768], 10.00th=[ 4192], 20.00th=[ 7264],
     | 30.00th=[10944], 40.00th=[15552], 50.00th=[20352], 60.00th=[27008],
     | 70.00th=[36096], 80.00th=[50432], 90.00th=[77312], 95.00th=[105984],
     | 99.00th=[177152], 99.50th=[207872], 99.90th=[333824], 99.95th=[544768],
     | 99.99th=[3096576]
  write: io=273040KB, bw=4545.6KB/s, iops=284, runt= 60068msec
    clat (usec): min=271, max=520112, avg=1531.81, stdev=7053.36
     lat (usec): min=272, max=520113, avg=1532.31, stdev=7053.37
    clat percentiles (usec):
     |  1.00th=[  314],  5.00th=[  390], 10.00th=[  418], 20.00th=[  446],
     | 30.00th=[  486], 40.00th=[  668], 50.00th=[  868], 60.00th=[ 1128],
     | 70.00th=[ 1448], 80.00th=[ 2040], 90.00th=[ 3056], 95.00th=[ 4128],
     | 99.00th=[ 6752], 99.50th=[ 8640], 99.90th=[16512], 99.95th=[164864],
     | 99.99th=[518144]
    lat (usec) : 100=0.03%, 250=0.01%, 500=15.84%, 750=6.23%, 1000=6.08%
    lat (msec) : 2=12.92%, 4=10.70%, 10=11.44%, 20=11.27%, 50=15.27%
    lat (msec) : 100=7.29%, 250=2.79%, 500=0.08%, 750=0.03%, >=2000=0.01%
  cpu          : usr=0.03%, sys=0.17%, ctx=34324, majf=0, minf=17
  IO depths    : 1=100.0%, 2=0.0%, 4=0.0%, 8=0.0%, 16=0.0%, 32=0.0%, >=64=0.0%
     submit    : 0=0.0%, 4=100.0%, 8=0.0%, 16=0.0%, 32=0.0%, 64=0.0%, >=64=0.0%
     complete  : 0=0.0%, 4=100.0%, 8=0.0%, 16=0.0%, 32=0.0%, 64=0.0%, >=64=0.0%
     issued    : total=r=17251/w=17065/d=0, short=r=0/w=0/d=0, drop=r=0/w=0/d=0
     latency   : target=0, window=0, percentile=100.00%, depth=1

Run status group 0 (all jobs):
   READ: io=276016KB, aggrb=4595KB/s, minb=4595KB/s, maxb=4595KB/s, mint=60068msec, maxt=60068msec
  WRITE: io=273040KB, aggrb=4545KB/s, minb=4545KB/s, maxb=4545KB/s, mint=60068msec, maxt=60068msec

Disk stats (read/write):
  sdl: ios=17251/17023, merge=0/0, ticks=614033/25606, in_queue=640014, util=99.90%
================== Data disk NO.11 End ====================
