========= Data Disk NO.2 Read And Write Begin  2022-03-28 15:49:24 ==========
mytest_2: (g=0): rw=randrw, bs=16K-16K/16K-16K/16K-16K, ioengine=psync, iodepth=1
...
fio-2.16
Starting 10 threads

mytest_2: (groupid=0, jobs=10): err= 0: pid=7000: Mon Mar 28 15:50:24 2022
  read : io=263328KB, bw=4385.6KB/s, iops=274, runt= 60045msec
    clat (usec): min=67, max=635957, avg=22085.73, stdev=23216.97
     lat (usec): min=67, max=635957, avg=22085.94, stdev=23216.96
    clat percentiles (usec):
     |  1.00th=[  406],  5.00th=[ 2480], 10.00th=[ 4320], 20.00th=[ 6944],
     | 30.00th=[ 9536], 40.00th=[12352], 50.00th=[15936], 60.00th=[20096],
     | 70.00th=[25984], 80.00th=[33536], 90.00th=[46848], 95.00th=[59648],
     | 99.00th=[95744], 99.50th=[120320], 99.90th=[199680], 99.95th=[305152],
     | 99.99th=[618496]
  write: io=260336KB, bw=4335.7KB/s, iops=270, runt= 60045msec
    clat (usec): min=273, max=610940, avg=14548.98, stdev=18629.83
     lat (usec): min=273, max=610941, avg=14549.81, stdev=18629.85
    clat percentiles (usec):
     |  1.00th=[  318],  5.00th=[  346], 10.00th=[  394], 20.00th=[  692],
     | 30.00th=[ 1208], 40.00th=[ 3152], 50.00th=[ 8032], 60.00th=[14656],
     | 70.00th=[20864], 80.00th=[28032], 90.00th=[37632], 95.00th=[45824],
     | 99.00th=[62208], 99.50th=[71168], 99.90th=[99840], 99.95th=[191488],
     | 99.99th=[569344]
    lat (usec) : 100=0.02%, 250=0.02%, 500=7.83%, 750=3.85%, 1000=3.01%
    lat (msec) : 2=5.43%, 4=5.46%, 10=16.73%, 20=21.88%, 50=29.75%
    lat (msec) : 100=5.52%, 250=0.43%, 500=0.03%, 750=0.02%
  cpu          : usr=0.04%, sys=0.16%, ctx=32730, majf=0, minf=15
  IO depths    : 1=100.0%, 2=0.0%, 4=0.0%, 8=0.0%, 16=0.0%, 32=0.0%, >=64=0.0%
     submit    : 0=0.0%, 4=100.0%, 8=0.0%, 16=0.0%, 32=0.0%, 64=0.0%, >=64=0.0%
     complete  : 0=0.0%, 4=100.0%, 8=0.0%, 16=0.0%, 32=0.0%, 64=0.0%, >=64=0.0%
     issued    : total=r=16458/w=16271/d=0, short=r=0/w=0/d=0, drop=r=0/w=0/d=0
     latency   : target=0, window=0, percentile=100.00%, depth=1

Run status group 0 (all jobs):
   READ: io=263328KB, aggrb=4385KB/s, minb=4385KB/s, maxb=4385KB/s, mint=60045msec, maxt=60045msec
  WRITE: io=260336KB, aggrb=4335KB/s, minb=4335KB/s, maxb=4335KB/s, mint=60045msec, maxt=60045msec

Disk stats (read/write):
  sdc: ios=16478/16251, merge=0/0, ticks=376038/235596, in_queue=611723, util=99.93%
================== Data disk NO.2 End ====================
