========= Data Disk NO.10 Read And Write Begin  2022-03-28 15:49:24 ==========
mytest_10: (g=0): rw=randrw, bs=16K-16K/16K-16K/16K-16K, ioengine=psync, iodepth=1
...
fio-2.16
Starting 10 threads

mytest_10: (groupid=0, jobs=10): err= 0: pid=7101: Mon Mar 28 15:50:24 2022
  read : io=259120KB, bw=4313.7KB/s, iops=269, runt= 60070msec
    clat (usec): min=77, max=1032.1K, avg=22603.51, stdev=26511.05
     lat (usec): min=77, max=1032.1K, avg=22603.71, stdev=26511.05
    clat percentiles (usec):
     |  1.00th=[  402],  5.00th=[ 2320], 10.00th=[ 4320], 20.00th=[ 7008],
     | 30.00th=[ 9792], 40.00th=[12864], 50.00th=[16768], 60.00th=[20608],
     | 70.00th=[26240], 80.00th=[34560], 90.00th=[47872], 95.00th=[59648],
     | 99.00th=[94720], 99.50th=[119296], 99.90th=[232448], 99.95th=[561152],
     | 99.99th=[1019904]
  write: io=256000KB, bw=4261.8KB/s, iops=266, runt= 60070msec
    clat (usec): min=271, max=538110, avg=14643.67, stdev=17620.54
     lat (usec): min=272, max=538111, avg=14644.43, stdev=17620.56
    clat percentiles (usec):
     |  1.00th=[  318],  5.00th=[  342], 10.00th=[  386], 20.00th=[  684],
     | 30.00th=[ 1208], 40.00th=[ 3088], 50.00th=[ 8096], 60.00th=[14784],
     | 70.00th=[21376], 80.00th=[28544], 90.00th=[37632], 95.00th=[46336],
     | 99.00th=[63744], 99.50th=[72192], 99.90th=[95744], 99.95th=[158720],
     | 99.99th=[536576]
    lat (usec) : 100=0.04%, 250=0.01%, 500=8.02%, 750=3.74%, 1000=2.30%
    lat (msec) : 2=6.30%, 4=5.24%, 10=16.23%, 20=21.51%, 50=30.43%
    lat (msec) : 100=5.72%, 250=0.41%, 500=0.02%, 750=0.03%, 2000=0.01%
  cpu          : usr=0.03%, sys=0.16%, ctx=32254, majf=0, minf=20
  IO depths    : 1=100.0%, 2=0.0%, 4=0.0%, 8=0.0%, 16=0.0%, 32=0.0%, >=64=0.0%
     submit    : 0=0.0%, 4=100.0%, 8=0.0%, 16=0.0%, 32=0.0%, 64=0.0%, >=64=0.0%
     complete  : 0=0.0%, 4=100.0%, 8=0.0%, 16=0.0%, 32=0.0%, 64=0.0%, >=64=0.0%
     issued    : total=r=16195/w=16000/d=0, short=r=0/w=0/d=0, drop=r=0/w=0/d=0
     latency   : target=0, window=0, percentile=100.00%, depth=1

Run status group 0 (all jobs):
   READ: io=259120KB, aggrb=4313KB/s, minb=4313KB/s, maxb=4313KB/s, mint=60070msec, maxt=60070msec
  WRITE: io=256000KB, aggrb=4261KB/s, minb=4261KB/s, maxb=4261KB/s, mint=60070msec, maxt=60070msec

Disk stats (read/write):
  sdk: ios=16190/15965, merge=0/0, ticks=389512/233025, in_queue=622647, util=99.84%
================== Data disk NO.10 End ====================
