========= Data Disk NO.3 Read And Write Begin  2022-03-27 15:11:37 ==========
mytest_3: (g=0): rw=randrw, bs=16K-16K/16K-16K/16K-16K, ioengine=psync, iodepth=1
...
fio-2.16
Starting 10 threads

mytest_3: (groupid=0, jobs=10): err= 0: pid=83746: Sun Mar 27 15:12:37 2022
  read : io=263568KB, bw=4389.1KB/s, iops=274, runt= 60039msec
    clat (usec): min=71, max=747047, avg=22003.19, stdev=24570.85
     lat (usec): min=71, max=747047, avg=22003.39, stdev=24570.85
    clat percentiles (usec):
     |  1.00th=[  386],  5.00th=[ 2448], 10.00th=[ 4256], 20.00th=[ 6816],
     | 30.00th=[ 9536], 40.00th=[12352], 50.00th=[16192], 60.00th=[20096],
     | 70.00th=[25984], 80.00th=[34048], 90.00th=[46848], 95.00th=[59136],
     | 99.00th=[90624], 99.50th=[109056], 99.90th=[226304], 99.95th=[252928],
     | 99.99th=[724992]
  write: io=260480KB, bw=4338.6KB/s, iops=271, runt= 60039msec
    clat (usec): min=271, max=709573, avg=14597.19, stdev=18894.22
     lat (usec): min=272, max=709574, avg=14597.99, stdev=18894.25
    clat percentiles (usec):
     |  1.00th=[  318],  5.00th=[  346], 10.00th=[  382], 20.00th=[  692],
     | 30.00th=[ 1208], 40.00th=[ 3280], 50.00th=[ 7840], 60.00th=[14528],
     | 70.00th=[21376], 80.00th=[28800], 90.00th=[37632], 95.00th=[45312],
     | 99.00th=[62208], 99.50th=[70144], 99.90th=[90624], 99.95th=[197632],
     | 99.99th=[692224]
    lat (usec) : 100=0.04%, 250=0.01%, 500=8.05%, 750=3.94%, 1000=2.94%
    lat (msec) : 2=5.27%, 4=5.31%, 10=17.19%, 20=21.24%, 50=30.31%
    lat (msec) : 100=5.29%, 250=0.38%, 500=0.01%, 750=0.03%
  cpu          : usr=0.03%, sys=0.17%, ctx=32754, majf=0, minf=12
  IO depths    : 1=100.0%, 2=0.0%, 4=0.0%, 8=0.0%, 16=0.0%, 32=0.0%, >=64=0.0%
     submit    : 0=0.0%, 4=100.0%, 8=0.0%, 16=0.0%, 32=0.0%, 64=0.0%, >=64=0.0%
     complete  : 0=0.0%, 4=100.0%, 8=0.0%, 16=0.0%, 32=0.0%, 64=0.0%, >=64=0.0%
     issued    : total=r=16473/w=16280/d=0, short=r=0/w=0/d=0, drop=r=0/w=0/d=0
     latency   : target=0, window=0, percentile=100.00%, depth=1

Run status group 0 (all jobs):
   READ: io=263568KB, aggrb=4389KB/s, minb=4389KB/s, maxb=4389KB/s, mint=60039msec, maxt=60039msec
  WRITE: io=260480KB, aggrb=4338KB/s, minb=4338KB/s, maxb=4338KB/s, mint=60039msec, maxt=60039msec

Disk stats (read/write):
  sde: ios=16493/16255, merge=0/0, ticks=374705/236431, in_queue=611373, util=99.88%
================== Data disk NO.3 End ====================
