========= Data Disk NO.9 Read And Write Begin  2022-03-28 15:49:24 ==========
mytest_9: (g=0): rw=randrw, bs=16K-16K/16K-16K/16K-16K, ioengine=psync, iodepth=1
...
fio-2.16
Starting 10 threads

mytest_9: (groupid=0, jobs=10): err= 0: pid=7111: Mon Mar 28 15:50:24 2022
  read : io=274544KB, bw=4569.8KB/s, iops=285, runt= 60079msec
    clat (usec): min=75, max=6020.9K, avg=33442.20, stdev=74925.07
     lat (usec): min=75, max=6020.9K, avg=33442.40, stdev=74925.07
    clat percentiles (usec):
     |  1.00th=[  924],  5.00th=[ 2768], 10.00th=[ 4256], 20.00th=[ 7264],
     | 30.00th=[10816], 40.00th=[15296], 50.00th=[20096], 60.00th=[27008],
     | 70.00th=[36608], 80.00th=[50432], 90.00th=[75264], 95.00th=[104960],
     | 99.00th=[175104], 99.50th=[207872], 99.90th=[309248], 99.95th=[544768],
     | 99.99th=[5996544]
  write: io=271088KB, bw=4512.2KB/s, iops=282, runt= 60079msec
    clat (usec): min=273, max=525483, avg=1560.20, stdev=7176.42
     lat (usec): min=273, max=525484, avg=1560.78, stdev=7176.43
    clat percentiles (usec):
     |  1.00th=[  318],  5.00th=[  390], 10.00th=[  418], 20.00th=[  450],
     | 30.00th=[  498], 40.00th=[  692], 50.00th=[  884], 60.00th=[ 1144],
     | 70.00th=[ 1480], 80.00th=[ 2064], 90.00th=[ 3120], 95.00th=[ 4128],
     | 99.00th=[ 6752], 99.50th=[ 8256], 99.90th=[22144], 99.95th=[164864],
     | 99.99th=[528384]
    lat (usec) : 100=0.04%, 250=0.01%, 500=15.01%, 750=6.48%, 1000=6.25%
    lat (msec) : 2=13.01%, 4=10.78%, 10=11.89%, 20=11.16%, 50=15.17%
    lat (msec) : 100=7.40%, 250=2.68%, 500=0.06%, 750=0.03%, 1000=0.01%
    lat (msec) : >=2000=0.01%
  cpu          : usr=0.03%, sys=0.16%, ctx=34151, majf=0, minf=25
  IO depths    : 1=100.0%, 2=0.0%, 4=0.0%, 8=0.0%, 16=0.0%, 32=0.0%, >=64=0.0%
     submit    : 0=0.0%, 4=100.0%, 8=0.0%, 16=0.0%, 32=0.0%, 64=0.0%, >=64=0.0%
     complete  : 0=0.0%, 4=100.0%, 8=0.0%, 16=0.0%, 32=0.0%, 64=0.0%, >=64=0.0%
     issued    : total=r=17159/w=16943/d=0, short=r=0/w=0/d=0, drop=r=0/w=0/d=0
     latency   : target=0, window=0, percentile=100.00%, depth=1

Run status group 0 (all jobs):
   READ: io=274544KB, aggrb=4569KB/s, minb=4569KB/s, maxb=4569KB/s, mint=60079msec, maxt=60079msec
  WRITE: io=271088KB, aggrb=4512KB/s, minb=4512KB/s, maxb=4512KB/s, mint=60079msec, maxt=60079msec

Disk stats (read/write):
  sdj: ios=17160/16901, merge=0/0, ticks=613923/25945, in_queue=640292, util=99.90%
================== Data disk NO.9 End ====================
