========= Data Disk NO.6 Read And Write Begin  2022-03-27 15:11:37 ==========
mytest_6: (g=0): rw=randrw, bs=16K-16K/16K-16K/16K-16K, ioengine=psync, iodepth=1
...
fio-2.16
Starting 10 threads

mytest_6: (groupid=0, jobs=10): err= 0: pid=83776: Sun Mar 27 15:12:37 2022
  read : io=265536KB, bw=4421.3KB/s, iops=276, runt= 60059msec
    clat (usec): min=72, max=513809, avg=22176.93, stdev=23545.82
     lat (usec): min=72, max=513809, avg=22177.14, stdev=23545.82
    clat percentiles (usec):
     |  1.00th=[  386],  5.00th=[ 2416], 10.00th=[ 4128], 20.00th=[ 6752],
     | 30.00th=[ 9408], 40.00th=[12352], 50.00th=[16064], 60.00th=[20352],
     | 70.00th=[25984], 80.00th=[34048], 90.00th=[47360], 95.00th=[60160],
     | 99.00th=[91648], 99.50th=[109056], 99.90th=[254976], 99.95th=[399360],
     | 99.99th=[505856]
  write: io=262560KB, bw=4371.8KB/s, iops=273, runt= 60059msec
    clat (usec): min=272, max=475302, avg=14150.22, stdev=17888.50
     lat (usec): min=273, max=475303, avg=14150.73, stdev=17888.50
    clat percentiles (usec):
     |  1.00th=[  322],  5.00th=[  342], 10.00th=[  374], 20.00th=[  636],
     | 30.00th=[ 1096], 40.00th=[ 2640], 50.00th=[ 7072], 60.00th=[13632],
     | 70.00th=[20864], 80.00th=[27776], 90.00th=[37120], 95.00th=[44800],
     | 99.00th=[62208], 99.50th=[69120], 99.90th=[96768], 99.95th=[209920],
     | 99.99th=[456704]
    lat (usec) : 100=0.03%, 250=0.02%, 500=8.61%, 750=4.05%, 1000=2.97%
    lat (msec) : 2=5.32%, 4=5.57%, 10=16.88%, 20=20.76%, 50=29.79%
    lat (msec) : 100=5.61%, 250=0.32%, 500=0.06%, 750=0.01%
  cpu          : usr=0.03%, sys=0.16%, ctx=33011, majf=0, minf=14
  IO depths    : 1=100.0%, 2=0.0%, 4=0.0%, 8=0.0%, 16=0.0%, 32=0.0%, >=64=0.0%
     submit    : 0=0.0%, 4=100.0%, 8=0.0%, 16=0.0%, 32=0.0%, 64=0.0%, >=64=0.0%
     complete  : 0=0.0%, 4=100.0%, 8=0.0%, 16=0.0%, 32=0.0%, 64=0.0%, >=64=0.0%
     issued    : total=r=16596/w=16410/d=0, short=r=0/w=0/d=0, drop=r=0/w=0/d=0
     latency   : target=0, window=0, percentile=100.00%, depth=1

Run status group 0 (all jobs):
   READ: io=265536KB, aggrb=4421KB/s, minb=4421KB/s, maxb=4421KB/s, mint=60059msec, maxt=60059msec
  WRITE: io=262560KB, aggrb=4371KB/s, minb=4371KB/s, maxb=4371KB/s, mint=60059msec, maxt=60059msec

Disk stats (read/write):
  sdh: ios=16595/16380, merge=0/0, ticks=380061/230911, in_queue=611072, util=99.88%
================== Data disk NO.6 End ====================
