========= Data Disk NO.12 Read And Write Begin  2022-03-28 15:49:24 ==========
mytest_12: (g=0): rw=randrw, bs=16K-16K/16K-16K/16K-16K, ioengine=psync, iodepth=1
...
fio-2.16
Starting 10 threads

mytest_12: (groupid=0, jobs=10): err= 0: pid=7131: Mon Mar 28 15:50:24 2022
  read : io=33236MB, bw=567219KB/s, iops=35451, runt= 60001msec
    clat (usec): min=48, max=7734, avg=240.08, stdev=127.95
     lat (usec): min=48, max=7734, avg=240.21, stdev=127.95
    clat percentiles (usec):
     |  1.00th=[  118],  5.00th=[  133], 10.00th=[  143], 20.00th=[  163],
     | 30.00th=[  181], 40.00th=[  199], 50.00th=[  215], 60.00th=[  239],
     | 70.00th=[  266], 80.00th=[  298], 90.00th=[  354], 95.00th=[  406],
     | 99.00th=[  532], 99.50th=[  620], 99.90th=[ 2096], 99.95th=[ 2480],
     | 99.99th=[ 3056]
  write: io=33222MB, bw=566985KB/s, iops=35436, runt= 60001msec
    clat (usec): min=16, max=3273, avg=38.47, stdev= 9.43
     lat (usec): min=16, max=3274, avg=38.95, stdev= 9.50
    clat percentiles (usec):
     |  1.00th=[   28],  5.00th=[   30], 10.00th=[   31], 20.00th=[   32],
     | 30.00th=[   34], 40.00th=[   35], 50.00th=[   36], 60.00th=[   38],
     | 70.00th=[   40], 80.00th=[   44], 90.00th=[   49], 95.00th=[   54],
     | 99.00th=[   67], 99.50th=[   72], 99.90th=[   86], 99.95th=[   96],
     | 99.99th=[  157]
    lat (usec) : 20=0.01%, 50=45.22%, 100=4.76%, 250=32.27%, 500=17.03%
    lat (usec) : 750=0.53%, 1000=0.03%
    lat (msec) : 2=0.09%, 4=0.06%, 10=0.01%
  cpu          : usr=2.73%, sys=12.09%, ctx=4252833, majf=0, minf=704
  IO depths    : 1=100.0%, 2=0.0%, 4=0.0%, 8=0.0%, 16=0.0%, 32=0.0%, >=64=0.0%
     submit    : 0=0.0%, 4=100.0%, 8=0.0%, 16=0.0%, 32=0.0%, 64=0.0%, >=64=0.0%
     complete  : 0=0.0%, 4=100.0%, 8=0.0%, 16=0.0%, 32=0.0%, 64=0.0%, >=64=0.0%
     issued    : total=r=2127106/w=2126229/d=0, short=r=0/w=0/d=0, drop=r=0/w=0/d=0
     latency   : target=0, window=0, percentile=100.00%, depth=1

Run status group 0 (all jobs):
   READ: io=33236MB, aggrb=567218KB/s, minb=567218KB/s, maxb=567218KB/s, mint=60001msec, maxt=60001msec
  WRITE: io=33222MB, aggrb=566984KB/s, minb=566984KB/s, maxb=566984KB/s, mint=60001msec, maxt=60001msec

Disk stats (read/write):
  nvme1n1: ios=2120283/2119401, merge=0/0, ticks=478404/40356, in_queue=531794, util=100.00%
================== Data disk NO.12 End ====================
