=================  Begin Lan Stress Check 2022-03-28 19:32:36 =================
enp24s0f0: b8:ce:f6:e1:ca:48
enp24s0f1: b8:ce:f6:e1:ca:49
enp59s0f0: 08:c0:eb:8c:e5:2c
enp59s0f1: 08:c0:eb:8c:e5:2d
->>> enp24s0f0:	Speed: 10000Mb/s
->>> enp24s0f1:	Speed: 10000Mb/s
->>> enp59s0f0:	Speed: 10000Mb/s
->>> enp59s0f1:	Speed: 10000Mb/s
->>> enp24s0f0 is link! Formal 
->>> enp24s0f1 is link! Formal 
->>> enp59s0f0 is link! Formal 
->>> enp59s0f1 is link! Formal 
=============== NO.1 Begin Network Speech Check  2022-03-28 19:32:56 =================
->>> enp24s0f0 speed is 9961Mb/s, Formal!
->>> enp24s0f1 speed is 9959Mb/s, Formal!
->>> enp59s0f0 speed is 9971Mb/s, Formal!
->>> enp59s0f1 speed is 9974Mb/s, Formal!
=============================== NO.1 End  ============================================
=============== NO.2 Begin Network Speech Check  2022-03-28 19:33:07 =================
->>> enp24s0f0 speed is 9973Mb/s, Formal!
->>> enp24s0f1 speed is 9975Mb/s, Formal!
->>> enp59s0f0 speed is 9971Mb/s, Formal!
->>> enp59s0f1 speed is 9968Mb/s, Formal!
=============================== NO.2 End  ============================================
=============== NO.3 Begin Network Speech Check  2022-03-28 19:33:23 =================
->>> enp24s0f0 speed is 9971Mb/s, Formal!
->>> enp24s0f1 speed is 9966Mb/s, Formal!
->>> enp59s0f0 speed is 9957Mb/s, Formal!
->>> enp59s0f1 speed is 9973Mb/s, Formal!
=============================== NO.3 End  ============================================
=============== NO.4 Begin Network Speech Check  2022-03-28 19:33:36 =================
->>> enp24s0f0 speed is 9972Mb/s, Formal!
->>> enp24s0f1 speed is 9966Mb/s, Formal!
->>> enp59s0f0 speed is 9961Mb/s, Formal!
->>> enp59s0f1 speed is 9966Mb/s, Formal!
=============================== NO.4 End  ============================================
=============== NO.5 Begin Network Speech Check  2022-03-28 19:33:46 =================
->>> enp24s0f0 speed is 9969Mb/s, Formal!
->>> enp24s0f1 speed is 9968Mb/s, Formal!
->>> enp59s0f0 speed is 9967Mb/s, Formal!
->>> enp59s0f1 speed is 9958Mb/s, Formal!
=============================== NO.5 End  ============================================
--->>> Network Stress Check Finish!
e
SMART overall-health self-assessment test result is fail
->> There are ERRORS in the project, Please check！->> There are ERRORS in the project, Please check！->> There are ERRORS in the project, Please check！->> There are ERRORS in the project, Please check！->> There are ERRORS in the project, Please check！->> There are ERRORS in the project, Please check！->> There are ERRORS in the project, Please check！