========= Data Disk NO.5 Read And Write Begin  2022-05-21 03:02:22 ==========
mytest_5: (g=0): rw=randrw, bs=(R) 16.0KiB-16.0KiB, (W) 16.0KiB-16.0KiB, (T) 16.0KiB-16.0KiB, ioengine=psync, iodepth=1
...
fio-3.7
Starting 10 threads

mytest_5: (groupid=0, jobs=10): err= 0: pid=118461: Sat May 21 03:02:53 2022
   read: IOPS=5, BW=81.7KiB/s (83.7kB/s)(2496KiB/30547msec)
    clat (msec): min=166, max=1268, avg=914.94, stdev=195.87
     lat (msec): min=166, max=1268, avg=914.94, stdev=195.87
    clat percentiles (msec):
     |  1.00th=[  167],  5.00th=[  342], 10.00th=[  726], 20.00th=[  953],
     | 30.00th=[  961], 40.00th=[  969], 50.00th=[  969], 60.00th=[  969],
     | 70.00th=[  986], 80.00th=[  986], 90.00th=[  995], 95.00th=[ 1167],
     | 99.00th=[ 1250], 99.50th=[ 1267], 99.90th=[ 1267], 99.95th=[ 1267],
     | 99.99th=[ 1267]
   bw (  KiB/s): min=   31, max=   64, per=40.27%, avg=32.61, stdev= 4.53, samples=148
   iops        : min=    1, max=    4, avg= 2.01, stdev= 0.34, samples=148
  write: IOPS=6, BW=98.0KiB/s (101kB/s)(3024KiB/30547msec)
    clat (msec): min=166, max=1257, avg=858.09, stdev=234.16
     lat (msec): min=166, max=1257, avg=858.09, stdev=234.16
    clat percentiles (msec):
     |  1.00th=[  167],  5.00th=[  234], 10.00th=[  342], 20.00th=[  726],
     | 30.00th=[  927], 40.00th=[  961], 50.00th=[  961], 60.00th=[  969],
     | 70.00th=[  969], 80.00th=[  969], 90.00th=[  978], 95.00th=[  986],
     | 99.00th=[ 1250], 99.50th=[ 1250], 99.90th=[ 1250], 99.95th=[ 1250],
     | 99.99th=[ 1250]
   bw (  KiB/s): min=   31, max=   64, per=33.55%, avg=32.88, stdev= 5.29, samples=179
   iops        : min=    1, max=    4, avg= 2.04, stdev= 0.36, samples=179
  lat (msec)   : 250=4.64%, 500=4.06%, 750=12.46%, 1000=73.33%
  cpu          : usr=0.00%, sys=0.01%, ctx=434, majf=0, minf=8
  IO depths    : 1=100.0%, 2=0.0%, 4=0.0%, 8=0.0%, 16=0.0%, 32=0.0%, >=64=0.0%
     submit    : 0=0.0%, 4=100.0%, 8=0.0%, 16=0.0%, 32=0.0%, 64=0.0%, >=64=0.0%
     complete  : 0=0.0%, 4=100.0%, 8=0.0%, 16=0.0%, 32=0.0%, 64=0.0%, >=64=0.0%
     issued rwts: total=156,189,0,0 short=0,0,0,0 dropped=0,0,0,0
     latency   : target=0, window=0, percentile=100.00%, depth=1

Run status group 0 (all jobs):
   READ: bw=81.7KiB/s (83.7kB/s), 81.7KiB/s-81.7KiB/s (83.7kB/s-83.7kB/s), io=2496KiB (2556kB), run=30547-30547msec
  WRITE: bw=98.0KiB/s (101kB/s), 98.0KiB/s-98.0KiB/s (101kB/s-101kB/s), io=3024KiB (3097kB), run=30547-30547msec

Disk stats (read/write):
  sdf: ios=154/184, merge=0/0, ticks=140546/157314, in_queue=305088, util=99.73%
======================== Data disk NO.5 End =========================
