========= Data Disk NO.6 Read And Write Begin  2022-05-21 03:02:22 ==========
mytest_6: (g=0): rw=randrw, bs=(R) 16.0KiB-16.0KiB, (W) 16.0KiB-16.0KiB, (T) 16.0KiB-16.0KiB, ioengine=psync, iodepth=1
...
fio-3.7
Starting 10 threads

mytest_6: (groupid=0, jobs=10): err= 0: pid=118693: Sat May 21 03:02:54 2022
   read: IOPS=4, BW=79.1KiB/s (81.0kB/s)(2448KiB/30929msec)
    clat (msec): min=243, max=1402, avg=914.46, stdev=158.30
     lat (msec): min=243, max=1402, avg=914.46, stdev=158.30
    clat percentiles (msec):
     |  1.00th=[  245],  5.00th=[  726], 10.00th=[  726], 20.00th=[  743],
     | 30.00th=[  961], 40.00th=[  961], 50.00th=[  969], 60.00th=[  969],
     | 70.00th=[  969], 80.00th=[  986], 90.00th=[  995], 95.00th=[ 1167],
     | 99.00th=[ 1284], 99.50th=[ 1401], 99.90th=[ 1401], 99.95th=[ 1401],
     | 99.99th=[ 1401]
   bw (  KiB/s): min=   31, max=   32, per=40.46%, avg=31.97, stdev= 0.18, samples=150
   iops        : min=    1, max=    2, avg= 1.97, stdev= 0.18, samples=150
  write: IOPS=6, BW=96.2KiB/s (98.5kB/s)(2976KiB/30929msec)
    clat (msec): min=242, max=1247, avg=874.05, stdev=195.55
     lat (msec): min=242, max=1247, avg=874.05, stdev=195.55
    clat percentiles (msec):
     |  1.00th=[  245],  5.00th=[  405], 10.00th=[  709], 20.00th=[  726],
     | 30.00th=[  936], 40.00th=[  961], 50.00th=[  969], 60.00th=[  969],
     | 70.00th=[  969], 80.00th=[  969], 90.00th=[  978], 95.00th=[  986],
     | 99.00th=[ 1250], 99.50th=[ 1250], 99.90th=[ 1250], 99.95th=[ 1250],
     | 99.99th=[ 1250]
   bw (  KiB/s): min=   31, max=   32, per=33.32%, avg=31.98, stdev= 0.13, samples=179
   iops        : min=    1, max=    2, avg= 1.98, stdev= 0.13, samples=179
  lat (msec)   : 250=2.95%, 500=2.36%, 750=21.83%, 1000=67.85%
  cpu          : usr=0.00%, sys=0.01%, ctx=372, majf=0, minf=15
  IO depths    : 1=100.0%, 2=0.0%, 4=0.0%, 8=0.0%, 16=0.0%, 32=0.0%, >=64=0.0%
     submit    : 0=0.0%, 4=100.0%, 8=0.0%, 16=0.0%, 32=0.0%, 64=0.0%, >=64=0.0%
     complete  : 0=0.0%, 4=100.0%, 8=0.0%, 16=0.0%, 32=0.0%, 64=0.0%, >=64=0.0%
     issued rwts: total=153,186,0,0 short=0,0,0,0 dropped=0,0,0,0
     latency   : target=0, window=0, percentile=100.00%, depth=1

Run status group 0 (all jobs):
   READ: bw=79.1KiB/s (81.0kB/s), 79.1KiB/s-79.1KiB/s (81.0kB/s-81.0kB/s), io=2448KiB (2507kB), run=30929-30929msec
  WRITE: bw=96.2KiB/s (98.5kB/s), 96.2KiB/s-96.2KiB/s (98.5kB/s-98.5kB/s), io=2976KiB (3047kB), run=30929-30929msec

Disk stats (read/write):
  sdg: ios=155/185, merge=0/0, ticks=141893/161640, in_queue=304398, util=98.45%
======================== Data disk NO.6 End =========================
