========= Data Disk NO.7 Read And Write Begin  2022-05-21 03:02:22 ==========
mytest_7: (g=0): rw=randrw, bs=(R) 16.0KiB-16.0KiB, (W) 16.0KiB-16.0KiB, (T) 16.0KiB-16.0KiB, ioengine=psync, iodepth=1
...
fio-3.7
Starting 10 threads

mytest_7: (groupid=0, jobs=10): err= 0: pid=118743: Sat May 21 03:02:54 2022
   read: IOPS=4, BW=77.3KiB/s (79.2kB/s)(2368KiB/30626msec)
    clat (msec): min=485, max=1215, avg=900.32, stdev=140.10
     lat (msec): min=485, max=1215, avg=900.32, stdev=140.10
    clat percentiles (msec):
     |  1.00th=[  485],  5.00th=[  726], 10.00th=[  726], 20.00th=[  743],
     | 30.00th=[  927], 40.00th=[  961], 50.00th=[  969], 60.00th=[  969],
     | 70.00th=[  969], 80.00th=[  978], 90.00th=[  986], 95.00th=[  995],
     | 99.00th=[ 1200], 99.50th=[ 1217], 99.90th=[ 1217], 99.95th=[ 1217],
     | 99.99th=[ 1217]
   bw (  KiB/s): min=   31, max=   32, per=41.41%, avg=31.88, stdev= 0.32, samples=145
   iops        : min=    1, max=    2, avg= 1.88, stdev= 0.32, samples=145
  write: IOPS=6, BW=96.1KiB/s (98.4kB/s)(2944KiB/30626msec)
    clat (msec): min=485, max=1171, avg=895.69, stdev=129.18
     lat (msec): min=485, max=1171, avg=895.69, stdev=129.18
    clat percentiles (msec):
     |  1.00th=[  485],  5.00th=[  726], 10.00th=[  726], 20.00th=[  726],
     | 30.00th=[  743], 40.00th=[  961], 50.00th=[  969], 60.00th=[  969],
     | 70.00th=[  969], 80.00th=[  969], 90.00th=[  978], 95.00th=[ 1003],
     | 99.00th=[ 1167], 99.50th=[ 1167], 99.90th=[ 1167], 99.95th=[ 1167],
     | 99.99th=[ 1167]
   bw (  KiB/s): min=   31, max=   32, per=33.23%, avg=31.90, stdev= 0.30, samples=177
   iops        : min=    1, max=    2, avg= 1.90, stdev= 0.30, samples=177
  lat (msec)   : 500=2.71%, 750=26.81%, 1000=65.06%
  cpu          : usr=0.00%, sys=0.01%, ctx=371, majf=0, minf=15
  IO depths    : 1=100.0%, 2=0.0%, 4=0.0%, 8=0.0%, 16=0.0%, 32=0.0%, >=64=0.0%
     submit    : 0=0.0%, 4=100.0%, 8=0.0%, 16=0.0%, 32=0.0%, 64=0.0%, >=64=0.0%
     complete  : 0=0.0%, 4=100.0%, 8=0.0%, 16=0.0%, 32=0.0%, 64=0.0%, >=64=0.0%
     issued rwts: total=148,184,0,0 short=0,0,0,0 dropped=0,0,0,0
     latency   : target=0, window=0, percentile=100.00%, depth=1

Run status group 0 (all jobs):
   READ: bw=77.3KiB/s (79.2kB/s), 77.3KiB/s-77.3KiB/s (79.2kB/s-79.2kB/s), io=2368KiB (2425kB), run=30626-30626msec
  WRITE: bw=96.1KiB/s (98.4kB/s), 96.1KiB/s-96.1KiB/s (98.4kB/s-98.4kB/s), io=2944KiB (3015kB), run=30626-30626msec

Disk stats (read/write):
  sdh: ios=147/184, merge=0/0, ticks=132551/164844, in_queue=298050, util=98.15%
======================== Data disk NO.7 End =========================
