========= Data Disk NO.8 Read And Write Begin  2022-05-21 03:02:22 ==========
mytest_8: (g=0): rw=randrw, bs=(R) 16.0KiB-16.0KiB, (W) 16.0KiB-16.0KiB, (T) 16.0KiB-16.0KiB, ioengine=psync, iodepth=1
...
fio-3.7
Starting 10 threads

mytest_8: (groupid=0, jobs=10): err= 0: pid=118703: Sat May 21 03:02:54 2022
   read: IOPS=4, BW=78.1KiB/s (79.9kB/s)(2416KiB/30950msec)
    clat (msec): min=242, max=1413, avg=917.61, stdev=172.97
     lat (msec): min=242, max=1413, avg=917.61, stdev=172.97
    clat percentiles (msec):
     |  1.00th=[  245],  5.00th=[  726], 10.00th=[  726], 20.00th=[  743],
     | 30.00th=[  961], 40.00th=[  961], 50.00th=[  969], 60.00th=[  969],
     | 70.00th=[  969], 80.00th=[  986], 90.00th=[  995], 95.00th=[ 1167],
     | 99.00th=[ 1385], 99.50th=[ 1418], 99.90th=[ 1418], 99.95th=[ 1418],
     | 99.99th=[ 1418]
   bw (  KiB/s): min=   31, max=   32, per=40.99%, avg=31.97, stdev= 0.16, samples=149
   iops        : min=    1, max=    2, avg= 1.97, stdev= 0.16, samples=149
  write: IOPS=6, BW=97.2KiB/s (99.5kB/s)(3008KiB/30950msec)
    clat (msec): min=243, max=1391, avg=862.86, stdev=205.51
     lat (msec): min=243, max=1391, avg=862.86, stdev=205.51
    clat percentiles (msec):
     |  1.00th=[  245],  5.00th=[  405], 10.00th=[  718], 20.00th=[  726],
     | 30.00th=[  726], 40.00th=[  953], 50.00th=[  961], 60.00th=[  969],
     | 70.00th=[  969], 80.00th=[  969], 90.00th=[  978], 95.00th=[ 1150],
     | 99.00th=[ 1250], 99.50th=[ 1385], 99.90th=[ 1385], 99.95th=[ 1385],
     | 99.99th=[ 1385]
   bw (  KiB/s): min=   31, max=   32, per=32.91%, avg=31.92, stdev= 0.27, samples=180
   iops        : min=    1, max=    2, avg= 1.92, stdev= 0.27, samples=180
  lat (msec)   : 250=2.95%, 500=2.36%, 750=25.37%, 1000=61.95%
  cpu          : usr=0.00%, sys=0.00%, ctx=381, majf=0, minf=13
  IO depths    : 1=100.0%, 2=0.0%, 4=0.0%, 8=0.0%, 16=0.0%, 32=0.0%, >=64=0.0%
     submit    : 0=0.0%, 4=100.0%, 8=0.0%, 16=0.0%, 32=0.0%, 64=0.0%, >=64=0.0%
     complete  : 0=0.0%, 4=100.0%, 8=0.0%, 16=0.0%, 32=0.0%, 64=0.0%, >=64=0.0%
     issued rwts: total=151,188,0,0 short=0,0,0,0 dropped=0,0,0,0
     latency   : target=0, window=0, percentile=100.00%, depth=1

Run status group 0 (all jobs):
   READ: bw=78.1KiB/s (79.9kB/s), 78.1KiB/s-78.1KiB/s (79.9kB/s-79.9kB/s), io=2416KiB (2474kB), run=30950-30950msec
  WRITE: bw=97.2KiB/s (99.5kB/s), 97.2KiB/s-97.2KiB/s (99.5kB/s-99.5kB/s), io=3008KiB (3080kB), run=30950-30950msec

Disk stats (read/write):
  sdi: ios=152/187, merge=0/0, ticks=139550/161293, in_queue=302576, util=98.48%
======================== Data disk NO.8 End =========================
