========= Data Disk NO.4 Read And Write Begin  2022-05-21 03:02:22 ==========
mytest_4: (g=0): rw=randrw, bs=(R) 16.0KiB-16.0KiB, (W) 16.0KiB-16.0KiB, (T) 16.0KiB-16.0KiB, ioengine=psync, iodepth=1
...
fio-3.7
Starting 10 threads

mytest_4: (groupid=0, jobs=10): err= 0: pid=118683: Sat May 21 03:02:54 2022
   read: IOPS=4, BW=78.1KiB/s (79.9kB/s)(2416KiB/30953msec)
    clat (msec): min=243, max=1312, avg=922.79, stdev=145.42
     lat (msec): min=243, max=1312, avg=922.79, stdev=145.42
    clat percentiles (msec):
     |  1.00th=[  245],  5.00th=[  726], 10.00th=[  726], 20.00th=[  751],
     | 30.00th=[  961], 40.00th=[  969], 50.00th=[  969], 60.00th=[  969],
     | 70.00th=[  978], 80.00th=[  986], 90.00th=[  995], 95.00th=[ 1070],
     | 99.00th=[ 1250], 99.50th=[ 1318], 99.90th=[ 1318], 99.95th=[ 1318],
     | 99.99th=[ 1318]
   bw (  KiB/s): min=   31, max=   32, per=40.96%, avg=31.95, stdev= 0.21, samples=147
   iops        : min=    1, max=    2, avg= 1.95, stdev= 0.21, samples=147
  write: IOPS=5, BW=94.6KiB/s (96.9kB/s)(2928KiB/30953msec)
    clat (msec): min=243, max=1247, avg=894.66, stdev=183.36
     lat (msec): min=243, max=1247, avg=894.66, stdev=183.35
    clat percentiles (msec):
     |  1.00th=[  245],  5.00th=[  485], 10.00th=[  726], 20.00th=[  735],
     | 30.00th=[  953], 40.00th=[  961], 50.00th=[  969], 60.00th=[  969],
     | 70.00th=[  969], 80.00th=[  969], 90.00th=[  986], 95.00th=[ 1003],
     | 99.00th=[ 1200], 99.50th=[ 1250], 99.90th=[ 1250], 99.95th=[ 1250],
     | 99.99th=[ 1250]
   bw (  KiB/s): min=   31, max=   32, per=33.96%, avg=31.93, stdev= 0.26, samples=177
   iops        : min=    1, max=    2, avg= 1.93, stdev= 0.26, samples=177
  lat (msec)   : 250=2.99%, 500=0.90%, 750=18.26%, 1000=71.86%
  cpu          : usr=0.00%, sys=0.00%, ctx=367, majf=0, minf=12
  IO depths    : 1=100.0%, 2=0.0%, 4=0.0%, 8=0.0%, 16=0.0%, 32=0.0%, >=64=0.0%
     submit    : 0=0.0%, 4=100.0%, 8=0.0%, 16=0.0%, 32=0.0%, 64=0.0%, >=64=0.0%
     complete  : 0=0.0%, 4=100.0%, 8=0.0%, 16=0.0%, 32=0.0%, 64=0.0%, >=64=0.0%
     issued rwts: total=151,183,0,0 short=0,0,0,0 dropped=0,0,0,0
     latency   : target=0, window=0, percentile=100.00%, depth=1

Run status group 0 (all jobs):
   READ: bw=78.1KiB/s (79.9kB/s), 78.1KiB/s-78.1KiB/s (79.9kB/s-79.9kB/s), io=2416KiB (2474kB), run=30953-30953msec
  WRITE: bw=94.6KiB/s (96.9kB/s), 94.6KiB/s-94.6KiB/s (96.9kB/s-96.9kB/s), io=2928KiB (2998kB), run=30953-30953msec

Disk stats (read/write):
  sde: ios=154/180, merge=0/0, ticks=141561/160823, in_queue=305648, util=98.31%
======================== Data disk NO.4 End =========================
