========= Data Disk NO.1 Read And Write Begin  2022-05-21 03:02:22 ==========
mytest_1: (g=0): rw=randrw, bs=(R) 16.0KiB-16.0KiB, (W) 16.0KiB-16.0KiB, (T) 16.0KiB-16.0KiB, ioengine=psync, iodepth=1
...
fio-3.7
Starting 10 threads

mytest_1: (groupid=0, jobs=10): err= 0: pid=118606: Sat May 21 03:02:53 2022
   read: IOPS=5, BW=83.8KiB/s (85.8kB/s)(2576KiB/30742msec)
    clat (msec): min=242, max=1246, avg=858.37, stdev=163.74
     lat (msec): min=242, max=1246, avg=858.37, stdev=163.74
    clat percentiles (msec):
     |  1.00th=[  243],  5.00th=[  726], 10.00th=[  726], 20.00th=[  726],
     | 30.00th=[  726], 40.00th=[  743], 50.00th=[  969], 60.00th=[  969],
     | 70.00th=[  969], 80.00th=[  969], 90.00th=[  969], 95.00th=[  978],
     | 99.00th=[ 1167], 99.50th=[ 1250], 99.90th=[ 1250], 99.95th=[ 1250],
     | 99.99th=[ 1250]
   bw (  KiB/s): min=   31, max=   32, per=38.54%, avg=31.99, stdev= 0.11, samples=158
   iops        : min=    1, max=    2, avg= 1.99, stdev= 0.11, samples=158
  write: IOPS=6, BW=102KiB/s (104kB/s)(3136KiB/30742msec)
    clat (msec): min=242, max=1004, avg=824.54, stdev=190.72
     lat (msec): min=242, max=1004, avg=824.54, stdev=190.72
    clat percentiles (msec):
     |  1.00th=[  243],  5.00th=[  405], 10.00th=[  718], 20.00th=[  726],
     | 30.00th=[  726], 40.00th=[  735], 50.00th=[  961], 60.00th=[  969],
     | 70.00th=[  969], 80.00th=[  969], 90.00th=[  969], 95.00th=[  978],
     | 99.00th=[ 1003], 99.50th=[ 1003], 99.90th=[ 1003], 99.95th=[ 1003],
     | 99.99th=[ 1003]
   bw (  KiB/s): min=   31, max=   32, per=31.36%, avg=31.99, stdev= 0.10, samples=189
   iops        : min=    1, max=    2, avg= 1.99, stdev= 0.10, samples=189
  lat (msec)   : 250=2.80%, 500=4.20%, 750=37.25%, 1000=52.66%
  cpu          : usr=0.00%, sys=0.01%, ctx=378, majf=0, minf=21
  IO depths    : 1=100.0%, 2=0.0%, 4=0.0%, 8=0.0%, 16=0.0%, 32=0.0%, >=64=0.0%
     submit    : 0=0.0%, 4=100.0%, 8=0.0%, 16=0.0%, 32=0.0%, 64=0.0%, >=64=0.0%
     complete  : 0=0.0%, 4=100.0%, 8=0.0%, 16=0.0%, 32=0.0%, 64=0.0%, >=64=0.0%
     issued rwts: total=161,196,0,0 short=0,0,0,0 dropped=0,0,0,0
     latency   : target=0, window=0, percentile=100.00%, depth=1

Run status group 0 (all jobs):
   READ: bw=83.8KiB/s (85.8kB/s), 83.8KiB/s-83.8KiB/s (85.8kB/s-85.8kB/s), io=2576KiB (2638kB), run=30742-30742msec
  WRITE: bw=102KiB/s (104kB/s), 102KiB/s-102KiB/s (104kB/s-104kB/s), io=3136KiB (3211kB), run=30742-30742msec

Disk stats (read/write):
  sdb: ios=163/194, merge=0/0, ticks=139441/159684, in_queue=302421, util=98.21%
======================== Data disk NO.1 End =========================
