=========== Disks Read and Write Check  2022-05-21 03:01:41 ===============

===================== Building Raid =============================
================ Build Raid Success, Information ====================
/home/autotest
CLI Version = 007.1912.0000.0000 Nov 23, 2021
Operating system = Linux 3.10.0-1160.el7.x86_64
Controller = 0
Status = Success
Description = Add VD Succeeded.


NAME        MAJ:MIN RM   SIZE RO TYPE MOUNTPOINT
sda           8:0    0 446.6G  0 disk 
sdb           8:16   0 446.6G  0 disk 
sdc           8:32   0  10.9T  0 disk 
sdd           8:48   0  10.9T  0 disk 
sde           8:64   0  10.9T  0 disk 
sdf           8:80   0  10.9T  0 disk 
sdg           8:96   0  10.9T  0 disk 
sdh           8:112  0  10.9T  0 disk 
sdi           8:128  0  10.9T  0 disk 
sdj           8:144  0  10.9T  0 disk 
sdk           8:160  0  10.9T  0 disk 
sdl           8:176  0  10.9T  0 disk 
nvme0n1     259:0    0   1.5T  0 disk 
├─nvme0n1p1 259:2    0     1G  0 part /boot
├─nvme0n1p2 259:3    0     8G  0 part [SWAP]
└─nvme0n1p3 259:4    0   100G  0 part /
nvme1n1     259:1    0   1.5T  0 disk 
==================================================================
->>> System Disk is : nvme0n1
->>> Tatol Non-system Disks: 13
->>> Non-system Disks is : 
['/dev/sda', '/dev/sdb', '/dev/sdc', '/dev/sdd', '/dev/sde', '/dev/sdf', '/dev/sdg', '/dev/sdh', '/dev/sdi', '/dev/sdj', '/dev/sdk', '/dev/sdl', '/dev/nvme1n1']
========= Data Disk NO.0 Read And Write Begin  2022-05-21 03:02:22 ==========
mytest_0: (g=0): rw=randrw, bs=(R) 16.0KiB-16.0KiB, (W) 16.0KiB-16.0KiB, (T) 16.0KiB-16.0KiB, ioengine=psync, iodepth=1
...
fio-3.7
Starting 10 threads

mytest_0: (groupid=0, jobs=10): err= 0: pid=118596: Sat May 21 03:02:53 2022
   read: IOPS=4, BW=75.0KiB/s (77.8kB/s)(2336KiB/30745msec)
    clat (msec): min=485, max=1171, avg=831.20, stdev=145.08
     lat (msec): min=485, max=1171, avg=831.20, stdev=145.08
    clat percentiles (msec):
     |  1.00th=[  485],  5.00th=[  726], 10.00th=[  726], 20.00th=[  726],
     | 30.00th=[  726], 40.00th=[  726], 50.00th=[  735], 60.00th=[  969],
     | 70.00th=[  969], 80.00th=[  969], 90.00th=[  969], 95.00th=[  978],
     | 99.00th=[ 1167], 99.50th=[ 1167], 99.90th=[ 1167], 99.95th=[ 1167],
     | 99.99th=[ 1167]
   bw (  KiB/s): min=   31, max=   32, per=42.61%, avg=31.96, stdev= 0.20, samples=142
   iops        : min=    1, max=    2, avg= 1.96, stdev= 0.20, samples=142
  write: IOPS=5, BW=88.0KiB/s (91.1kB/s)(2736KiB/30745msec)
    clat (msec): min=485, max=1171, avg=858.93, stdev=145.22
     lat (msec): min=485, max=1171, avg=858.93, stdev=145.22
    clat percentiles (msec):
     |  1.00th=[  485],  5.00th=[  726], 10.00th=[  726], 20.00th=[  726],
     | 30.00th=[  726], 40.00th=[  735], 50.00th=[  961], 60.00th=[  969],
     | 70.00th=[  969], 80.00th=[  969], 90.00th=[  969], 95.00th=[  995],
     | 99.00th=[ 1167], 99.50th=[ 1167], 99.90th=[ 1167], 99.95th=[ 1167],
     | 99.99th=[ 1167]
   bw (  KiB/s): min=   31, max=   32, per=36.34%, avg=31.98, stdev= 0.15, samples=165
   iops        : min=    1, max=    2, avg= 1.98, stdev= 0.15, samples=165
  lat (msec)   : 500=3.15%, 750=47.00%, 1000=46.69%
  cpu          : usr=0.00%, sys=0.01%, ctx=373, majf=0, minf=18
  IO depths    : 1=100.0%, 2=0.0%, 4=0.0%, 8=0.0%, 16=0.0%, 32=0.0%, >=64=0.0%
     submit    : 0=0.0%, 4=100.0%, 8=0.0%, 16=0.0%, 32=0.0%, 64=0.0%, >=64=0.0%
     complete  : 0=0.0%, 4=100.0%, 8=0.0%, 16=0.0%, 32=0.0%, 64=0.0%, >=64=0.0%
     issued rwts: total=146,171,0,0 short=0,0,0,0 dropped=0,0,0,0
     latency   : target=0, window=0, percentile=100.00%, depth=1

Run status group 0 (all jobs):
   READ: bw=75.0KiB/s (77.8kB/s), 75.0KiB/s-75.0KiB/s (77.8kB/s-77.8kB/s), io=2336KiB (2392kB), run=30745-30745msec
  WRITE: bw=88.0KiB/s (91.1kB/s), 88.0KiB/s-88.0KiB/s (91.1kB/s-91.1kB/s), io=2736KiB (2802kB), run=30745-30745msec

Disk stats (read/write):
  sda: ios=179/170, merge=0/0, ticks=152733/145926, in_queue=302317, util=92.83%
======================== Data disk NO.0 End =========================


========= Data Disk NO.1 Read And Write Begin  2022-05-21 03:02:22 ==========
mytest_1: (g=0): rw=randrw, bs=(R) 16.0KiB-16.0KiB, (W) 16.0KiB-16.0KiB, (T) 16.0KiB-16.0KiB, ioengine=psync, iodepth=1
...
fio-3.7
Starting 10 threads

mytest_1: (groupid=0, jobs=10): err= 0: pid=118606: Sat May 21 03:02:53 2022
   read: IOPS=5, BW=83.8KiB/s (85.8kB/s)(2576KiB/30742msec)
    clat (msec): min=242, max=1246, avg=858.37, stdev=163.74
     lat (msec): min=242, max=1246, avg=858.37, stdev=163.74
    clat percentiles (msec):
     |  1.00th=[  243],  5.00th=[  726], 10.00th=[  726], 20.00th=[  726],
     | 30.00th=[  726], 40.00th=[  743], 50.00th=[  969], 60.00th=[  969],
     | 70.00th=[  969], 80.00th=[  969], 90.00th=[  969], 95.00th=[  978],
     | 99.00th=[ 1167], 99.50th=[ 1250], 99.90th=[ 1250], 99.95th=[ 1250],
     | 99.99th=[ 1250]
   bw (  KiB/s): min=   31, max=   32, per=38.54%, avg=31.99, stdev= 0.11, samples=158
   iops        : min=    1, max=    2, avg= 1.99, stdev= 0.11, samples=158
  write: IOPS=6, BW=102KiB/s (104kB/s)(3136KiB/30742msec)
    clat (msec): min=242, max=1004, avg=824.54, stdev=190.72
     lat (msec): min=242, max=1004, avg=824.54, stdev=190.72
    clat percentiles (msec):
     |  1.00th=[  243],  5.00th=[  405], 10.00th=[  718], 20.00th=[  726],
     | 30.00th=[  726], 40.00th=[  735], 50.00th=[  961], 60.00th=[  969],
     | 70.00th=[  969], 80.00th=[  969], 90.00th=[  969], 95.00th=[  978],
     | 99.00th=[ 1003], 99.50th=[ 1003], 99.90th=[ 1003], 99.95th=[ 1003],
     | 99.99th=[ 1003]
   bw (  KiB/s): min=   31, max=   32, per=31.36%, avg=31.99, stdev= 0.10, samples=189
   iops        : min=    1, max=    2, avg= 1.99, stdev= 0.10, samples=189
  lat (msec)   : 250=2.80%, 500=4.20%, 750=37.25%, 1000=52.66%
  cpu          : usr=0.00%, sys=0.01%, ctx=378, majf=0, minf=21
  IO depths    : 1=100.0%, 2=0.0%, 4=0.0%, 8=0.0%, 16=0.0%, 32=0.0%, >=64=0.0%
     submit    : 0=0.0%, 4=100.0%, 8=0.0%, 16=0.0%, 32=0.0%, 64=0.0%, >=64=0.0%
     complete  : 0=0.0%, 4=100.0%, 8=0.0%, 16=0.0%, 32=0.0%, 64=0.0%, >=64=0.0%
     issued rwts: total=161,196,0,0 short=0,0,0,0 dropped=0,0,0,0
     latency   : target=0, window=0, percentile=100.00%, depth=1

Run status group 0 (all jobs):
   READ: bw=83.8KiB/s (85.8kB/s), 83.8KiB/s-83.8KiB/s (85.8kB/s-85.8kB/s), io=2576KiB (2638kB), run=30742-30742msec
  WRITE: bw=102KiB/s (104kB/s), 102KiB/s-102KiB/s (104kB/s-104kB/s), io=3136KiB (3211kB), run=30742-30742msec

Disk stats (read/write):
  sdb: ios=163/194, merge=0/0, ticks=139441/159684, in_queue=302421, util=98.21%
======================== Data disk NO.1 End =========================


========= Data Disk NO.2 Read And Write Begin  2022-05-21 03:02:22 ==========
mytest_2: (g=0): rw=randrw, bs=(R) 16.0KiB-16.0KiB, (W) 16.0KiB-16.0KiB, (T) 16.0KiB-16.0KiB, ioengine=psync, iodepth=1
...
fio-3.7
Starting 10 threads

mytest_2: (groupid=0, jobs=10): err= 0: pid=118673: Sat May 21 03:02:54 2022
   read: IOPS=4, BW=78.6KiB/s (80.4kB/s)(2432KiB/30956msec)
    clat (msec): min=243, max=1246, avg=914.54, stdev=167.22
     lat (msec): min=243, max=1246, avg=914.54, stdev=167.22
    clat percentiles (msec):
     |  1.00th=[  245],  5.00th=[  718], 10.00th=[  726], 20.00th=[  743],
     | 30.00th=[  961], 40.00th=[  969], 50.00th=[  969], 60.00th=[  969],
     | 70.00th=[  978], 80.00th=[  986], 90.00th=[  995], 95.00th=[ 1167],
     | 99.00th=[ 1250], 99.50th=[ 1250], 99.90th=[ 1250], 99.95th=[ 1250],
     | 99.99th=[ 1250]
   bw (  KiB/s): min=   31, max=   32, per=41.01%, avg=31.99, stdev= 0.12, samples=149
   iops        : min=    1, max=    2, avg= 1.99, stdev= 0.12, samples=149
  write: IOPS=5, BW=95.1KiB/s (97.4kB/s)(2944KiB/30956msec)
    clat (msec): min=243, max=1246, avg=884.47, stdev=198.64
     lat (msec): min=243, max=1246, avg=884.47, stdev=198.64
    clat percentiles (msec):
     |  1.00th=[  245],  5.00th=[  405], 10.00th=[  718], 20.00th=[  726],
     | 30.00th=[  953], 40.00th=[  961], 50.00th=[  969], 60.00th=[  969],
     | 70.00th=[  969], 80.00th=[  969], 90.00th=[  986], 95.00th=[ 1167],
     | 99.00th=[ 1200], 99.50th=[ 1250], 99.90th=[ 1250], 99.95th=[ 1250],
     | 99.99th=[ 1250]
   bw (  KiB/s): min=   31, max=   32, per=33.67%, avg=31.99, stdev= 0.11, samples=177
   iops        : min=    1, max=    2, avg= 1.99, stdev= 0.11, samples=177
  lat (msec)   : 250=2.98%, 500=2.68%, 750=20.54%, 1000=65.18%
  cpu          : usr=0.00%, sys=0.00%, ctx=384, majf=0, minf=12
  IO depths    : 1=100.0%, 2=0.0%, 4=0.0%, 8=0.0%, 16=0.0%, 32=0.0%, >=64=0.0%
     submit    : 0=0.0%, 4=100.0%, 8=0.0%, 16=0.0%, 32=0.0%, 64=0.0%, >=64=0.0%
     complete  : 0=0.0%, 4=100.0%, 8=0.0%, 16=0.0%, 32=0.0%, 64=0.0%, >=64=0.0%
     issued rwts: total=152,184,0,0 short=0,0,0,0 dropped=0,0,0,0
     latency   : target=0, window=0, percentile=100.00%, depth=1

Run status group 0 (all jobs):
   READ: bw=78.6KiB/s (80.4kB/s), 78.6KiB/s-78.6KiB/s (80.4kB/s-80.4kB/s), io=2432KiB (2490kB), run=30956-30956msec
  WRITE: bw=95.1KiB/s (97.4kB/s), 95.1KiB/s-95.1KiB/s (97.4kB/s-97.4kB/s), io=2944KiB (3015kB), run=30956-30956msec

Disk stats (read/write):
  sdc: ios=153/181, merge=0/0, ticks=139786/159858, in_queue=302876, util=98.34%
======================== Data disk NO.2 End =========================


========= Data Disk NO.3 Read And Write Begin  2022-05-21 03:02:22 ==========
mytest_3: (g=0): rw=randrw, bs=(R) 16.0KiB-16.0KiB, (W) 16.0KiB-16.0KiB, (T) 16.0KiB-16.0KiB, ioengine=psync, iodepth=1
...
fio-3.7
Starting 10 threads

mytest_3: (groupid=0, jobs=10): err= 0: pid=118663: Sat May 21 03:02:54 2022
   read: IOPS=4, BW=79.1KiB/s (80.0kB/s)(2448KiB/30960msec)
    clat (msec): min=243, max=1268, avg=924.46, stdev=153.59
     lat (msec): min=243, max=1268, avg=924.46, stdev=153.59
    clat percentiles (msec):
     |  1.00th=[  245],  5.00th=[  726], 10.00th=[  726], 20.00th=[  743],
     | 30.00th=[  961], 40.00th=[  969], 50.00th=[  969], 60.00th=[  969],
     | 70.00th=[  978], 80.00th=[  986], 90.00th=[  995], 95.00th=[ 1167],
     | 99.00th=[ 1250], 99.50th=[ 1267], 99.90th=[ 1267], 99.95th=[ 1267],
     | 99.99th=[ 1267]
   bw (  KiB/s): min=   31, max=   32, per=40.47%, avg=31.97, stdev= 0.16, samples=148
   iops        : min=    1, max=    2, avg= 1.97, stdev= 0.16, samples=148
  write: IOPS=5, BW=95.1KiB/s (97.4kB/s)(2944KiB/30960msec)
    clat (msec): min=243, max=1247, avg=875.23, stdev=197.16
     lat (msec): min=243, max=1247, avg=875.23, stdev=197.16
    clat percentiles (msec):
     |  1.00th=[  245],  5.00th=[  405], 10.00th=[  718], 20.00th=[  726],
     | 30.00th=[  743], 40.00th=[  961], 50.00th=[  969], 60.00th=[  969],
     | 70.00th=[  969], 80.00th=[  969], 90.00th=[  969], 95.00th=[  986],
     | 99.00th=[ 1250], 99.50th=[ 1250], 99.90th=[ 1250], 99.95th=[ 1250],
     | 99.99th=[ 1250]
   bw (  KiB/s): min=   31, max=   32, per=33.65%, avg=31.97, stdev= 0.18, samples=179
   iops        : min=    1, max=    2, avg= 1.97, stdev= 0.18, samples=179
  lat (msec)   : 250=2.97%, 500=1.78%, 750=21.96%, 1000=67.06%
  cpu          : usr=0.00%, sys=0.01%, ctx=351, majf=0, minf=8
  IO depths    : 1=100.0%, 2=0.0%, 4=0.0%, 8=0.0%, 16=0.0%, 32=0.0%, >=64=0.0%
     submit    : 0=0.0%, 4=100.0%, 8=0.0%, 16=0.0%, 32=0.0%, 64=0.0%, >=64=0.0%
     complete  : 0=0.0%, 4=100.0%, 8=0.0%, 16=0.0%, 32=0.0%, 64=0.0%, >=64=0.0%
     issued rwts: total=153,184,0,0 short=0,0,0,0 dropped=0,0,0,0
     latency   : target=0, window=0, percentile=100.00%, depth=1

Run status group 0 (all jobs):
   READ: bw=79.1KiB/s (80.0kB/s), 79.1KiB/s-79.1KiB/s (80.0kB/s-80.0kB/s), io=2448KiB (2507kB), run=30960-30960msec
  WRITE: bw=95.1KiB/s (97.4kB/s), 95.1KiB/s-95.1KiB/s (97.4kB/s-97.4kB/s), io=2944KiB (3015kB), run=30960-30960msec

Disk stats (read/write):
  sdd: ios=152/182, merge=0/0, ticks=140254/159128, in_queue=303634, util=98.32%
======================== Data disk NO.3 End =========================


========= Data Disk NO.4 Read And Write Begin  2022-05-21 03:02:22 ==========
mytest_4: (g=0): rw=randrw, bs=(R) 16.0KiB-16.0KiB, (W) 16.0KiB-16.0KiB, (T) 16.0KiB-16.0KiB, ioengine=psync, iodepth=1
...
fio-3.7
Starting 10 threads

mytest_4: (groupid=0, jobs=10): err= 0: pid=118683: Sat May 21 03:02:54 2022
   read: IOPS=4, BW=78.1KiB/s (79.9kB/s)(2416KiB/30953msec)
    clat (msec): min=243, max=1312, avg=922.79, stdev=145.42
     lat (msec): min=243, max=1312, avg=922.79, stdev=145.42
    clat percentiles (msec):
     |  1.00th=[  245],  5.00th=[  726], 10.00th=[  726], 20.00th=[  751],
     | 30.00th=[  961], 40.00th=[  969], 50.00th=[  969], 60.00th=[  969],
     | 70.00th=[  978], 80.00th=[  986], 90.00th=[  995], 95.00th=[ 1070],
     | 99.00th=[ 1250], 99.50th=[ 1318], 99.90th=[ 1318], 99.95th=[ 1318],
     | 99.99th=[ 1318]
   bw (  KiB/s): min=   31, max=   32, per=40.96%, avg=31.95, stdev= 0.21, samples=147
   iops        : min=    1, max=    2, avg= 1.95, stdev= 0.21, samples=147
  write: IOPS=5, BW=94.6KiB/s (96.9kB/s)(2928KiB/30953msec)
    clat (msec): min=243, max=1247, avg=894.66, stdev=183.36
     lat (msec): min=243, max=1247, avg=894.66, stdev=183.35
    clat percentiles (msec):
     |  1.00th=[  245],  5.00th=[  485], 10.00th=[  726], 20.00th=[  735],
     | 30.00th=[  953], 40.00th=[  961], 50.00th=[  969], 60.00th=[  969],
     | 70.00th=[  969], 80.00th=[  969], 90.00th=[  986], 95.00th=[ 1003],
     | 99.00th=[ 1200], 99.50th=[ 1250], 99.90th=[ 1250], 99.95th=[ 1250],
     | 99.99th=[ 1250]
   bw (  KiB/s): min=   31, max=   32, per=33.96%, avg=31.93, stdev= 0.26, samples=177
   iops        : min=    1, max=    2, avg= 1.93, stdev= 0.26, samples=177
  lat (msec)   : 250=2.99%, 500=0.90%, 750=18.26%, 1000=71.86%
  cpu          : usr=0.00%, sys=0.00%, ctx=367, majf=0, minf=12
  IO depths    : 1=100.0%, 2=0.0%, 4=0.0%, 8=0.0%, 16=0.0%, 32=0.0%, >=64=0.0%
     submit    : 0=0.0%, 4=100.0%, 8=0.0%, 16=0.0%, 32=0.0%, 64=0.0%, >=64=0.0%
     complete  : 0=0.0%, 4=100.0%, 8=0.0%, 16=0.0%, 32=0.0%, 64=0.0%, >=64=0.0%
     issued rwts: total=151,183,0,0 short=0,0,0,0 dropped=0,0,0,0
     latency   : target=0, window=0, percentile=100.00%, depth=1

Run status group 0 (all jobs):
   READ: bw=78.1KiB/s (79.9kB/s), 78.1KiB/s-78.1KiB/s (79.9kB/s-79.9kB/s), io=2416KiB (2474kB), run=30953-30953msec
  WRITE: bw=94.6KiB/s (96.9kB/s), 94.6KiB/s-94.6KiB/s (96.9kB/s-96.9kB/s), io=2928KiB (2998kB), run=30953-30953msec

Disk stats (read/write):
  sde: ios=154/180, merge=0/0, ticks=141561/160823, in_queue=305648, util=98.31%
======================== Data disk NO.4 End =========================


========= Data Disk NO.5 Read And Write Begin  2022-05-21 03:02:22 ==========
mytest_5: (g=0): rw=randrw, bs=(R) 16.0KiB-16.0KiB, (W) 16.0KiB-16.0KiB, (T) 16.0KiB-16.0KiB, ioengine=psync, iodepth=1
...
fio-3.7
Starting 10 threads

mytest_5: (groupid=0, jobs=10): err= 0: pid=118461: Sat May 21 03:02:53 2022
   read: IOPS=5, BW=81.7KiB/s (83.7kB/s)(2496KiB/30547msec)
    clat (msec): min=166, max=1268, avg=914.94, stdev=195.87
     lat (msec): min=166, max=1268, avg=914.94, stdev=195.87
    clat percentiles (msec):
     |  1.00th=[  167],  5.00th=[  342], 10.00th=[  726], 20.00th=[  953],
     | 30.00th=[  961], 40.00th=[  969], 50.00th=[  969], 60.00th=[  969],
     | 70.00th=[  986], 80.00th=[  986], 90.00th=[  995], 95.00th=[ 1167],
     | 99.00th=[ 1250], 99.50th=[ 1267], 99.90th=[ 1267], 99.95th=[ 1267],
     | 99.99th=[ 1267]
   bw (  KiB/s): min=   31, max=   64, per=40.27%, avg=32.61, stdev= 4.53, samples=148
   iops        : min=    1, max=    4, avg= 2.01, stdev= 0.34, samples=148
  write: IOPS=6, BW=98.0KiB/s (101kB/s)(3024KiB/30547msec)
    clat (msec): min=166, max=1257, avg=858.09, stdev=234.16
     lat (msec): min=166, max=1257, avg=858.09, stdev=234.16
    clat percentiles (msec):
     |  1.00th=[  167],  5.00th=[  234], 10.00th=[  342], 20.00th=[  726],
     | 30.00th=[  927], 40.00th=[  961], 50.00th=[  961], 60.00th=[  969],
     | 70.00th=[  969], 80.00th=[  969], 90.00th=[  978], 95.00th=[  986],
     | 99.00th=[ 1250], 99.50th=[ 1250], 99.90th=[ 1250], 99.95th=[ 1250],
     | 99.99th=[ 1250]
   bw (  KiB/s): min=   31, max=   64, per=33.55%, avg=32.88, stdev= 5.29, samples=179
   iops        : min=    1, max=    4, avg= 2.04, stdev= 0.36, samples=179
  lat (msec)   : 250=4.64%, 500=4.06%, 750=12.46%, 1000=73.33%
  cpu          : usr=0.00%, sys=0.01%, ctx=434, majf=0, minf=8
  IO depths    : 1=100.0%, 2=0.0%, 4=0.0%, 8=0.0%, 16=0.0%, 32=0.0%, >=64=0.0%
     submit    : 0=0.0%, 4=100.0%, 8=0.0%, 16=0.0%, 32=0.0%, 64=0.0%, >=64=0.0%
     complete  : 0=0.0%, 4=100.0%, 8=0.0%, 16=0.0%, 32=0.0%, 64=0.0%, >=64=0.0%
     issued rwts: total=156,189,0,0 short=0,0,0,0 dropped=0,0,0,0
     latency   : target=0, window=0, percentile=100.00%, depth=1

Run status group 0 (all jobs):
   READ: bw=81.7KiB/s (83.7kB/s), 81.7KiB/s-81.7KiB/s (83.7kB/s-83.7kB/s), io=2496KiB (2556kB), run=30547-30547msec
  WRITE: bw=98.0KiB/s (101kB/s), 98.0KiB/s-98.0KiB/s (101kB/s-101kB/s), io=3024KiB (3097kB), run=30547-30547msec

Disk stats (read/write):
  sdf: ios=154/184, merge=0/0, ticks=140546/157314, in_queue=305088, util=99.73%
======================== Data disk NO.5 End =========================


========= Data Disk NO.6 Read And Write Begin  2022-05-21 03:02:22 ==========
mytest_6: (g=0): rw=randrw, bs=(R) 16.0KiB-16.0KiB, (W) 16.0KiB-16.0KiB, (T) 16.0KiB-16.0KiB, ioengine=psync, iodepth=1
...
fio-3.7
Starting 10 threads

mytest_6: (groupid=0, jobs=10): err= 0: pid=118693: Sat May 21 03:02:54 2022
   read: IOPS=4, BW=79.1KiB/s (81.0kB/s)(2448KiB/30929msec)
    clat (msec): min=243, max=1402, avg=914.46, stdev=158.30
     lat (msec): min=243, max=1402, avg=914.46, stdev=158.30
    clat percentiles (msec):
     |  1.00th=[  245],  5.00th=[  726], 10.00th=[  726], 20.00th=[  743],
     | 30.00th=[  961], 40.00th=[  961], 50.00th=[  969], 60.00th=[  969],
     | 70.00th=[  969], 80.00th=[  986], 90.00th=[  995], 95.00th=[ 1167],
     | 99.00th=[ 1284], 99.50th=[ 1401], 99.90th=[ 1401], 99.95th=[ 1401],
     | 99.99th=[ 1401]
   bw (  KiB/s): min=   31, max=   32, per=40.46%, avg=31.97, stdev= 0.18, samples=150
   iops        : min=    1, max=    2, avg= 1.97, stdev= 0.18, samples=150
  write: IOPS=6, BW=96.2KiB/s (98.5kB/s)(2976KiB/30929msec)
    clat (msec): min=242, max=1247, avg=874.05, stdev=195.55
     lat (msec): min=242, max=1247, avg=874.05, stdev=195.55
    clat percentiles (msec):
     |  1.00th=[  245],  5.00th=[  405], 10.00th=[  709], 20.00th=[  726],
     | 30.00th=[  936], 40.00th=[  961], 50.00th=[  969], 60.00th=[  969],
     | 70.00th=[  969], 80.00th=[  969], 90.00th=[  978], 95.00th=[  986],
     | 99.00th=[ 1250], 99.50th=[ 1250], 99.90th=[ 1250], 99.95th=[ 1250],
     | 99.99th=[ 1250]
   bw (  KiB/s): min=   31, max=   32, per=33.32%, avg=31.98, stdev= 0.13, samples=179
   iops        : min=    1, max=    2, avg= 1.98, stdev= 0.13, samples=179
  lat (msec)   : 250=2.95%, 500=2.36%, 750=21.83%, 1000=67.85%
  cpu          : usr=0.00%, sys=0.01%, ctx=372, majf=0, minf=15
  IO depths    : 1=100.0%, 2=0.0%, 4=0.0%, 8=0.0%, 16=0.0%, 32=0.0%, >=64=0.0%
     submit    : 0=0.0%, 4=100.0%, 8=0.0%, 16=0.0%, 32=0.0%, 64=0.0%, >=64=0.0%
     complete  : 0=0.0%, 4=100.0%, 8=0.0%, 16=0.0%, 32=0.0%, 64=0.0%, >=64=0.0%
     issued rwts: total=153,186,0,0 short=0,0,0,0 dropped=0,0,0,0
     latency   : target=0, window=0, percentile=100.00%, depth=1

Run status group 0 (all jobs):
   READ: bw=79.1KiB/s (81.0kB/s), 79.1KiB/s-79.1KiB/s (81.0kB/s-81.0kB/s), io=2448KiB (2507kB), run=30929-30929msec
  WRITE: bw=96.2KiB/s (98.5kB/s), 96.2KiB/s-96.2KiB/s (98.5kB/s-98.5kB/s), io=2976KiB (3047kB), run=30929-30929msec

Disk stats (read/write):
  sdg: ios=155/185, merge=0/0, ticks=141893/161640, in_queue=304398, util=98.45%
======================== Data disk NO.6 End =========================


========= Data Disk NO.7 Read And Write Begin  2022-05-21 03:02:22 ==========
mytest_7: (g=0): rw=randrw, bs=(R) 16.0KiB-16.0KiB, (W) 16.0KiB-16.0KiB, (T) 16.0KiB-16.0KiB, ioengine=psync, iodepth=1
...
fio-3.7
Starting 10 threads

mytest_7: (groupid=0, jobs=10): err= 0: pid=118743: Sat May 21 03:02:54 2022
   read: IOPS=4, BW=77.3KiB/s (79.2kB/s)(2368KiB/30626msec)
    clat (msec): min=485, max=1215, avg=900.32, stdev=140.10
     lat (msec): min=485, max=1215, avg=900.32, stdev=140.10
    clat percentiles (msec):
     |  1.00th=[  485],  5.00th=[  726], 10.00th=[  726], 20.00th=[  743],
     | 30.00th=[  927], 40.00th=[  961], 50.00th=[  969], 60.00th=[  969],
     | 70.00th=[  969], 80.00th=[  978], 90.00th=[  986], 95.00th=[  995],
     | 99.00th=[ 1200], 99.50th=[ 1217], 99.90th=[ 1217], 99.95th=[ 1217],
     | 99.99th=[ 1217]
   bw (  KiB/s): min=   31, max=   32, per=41.41%, avg=31.88, stdev= 0.32, samples=145
   iops        : min=    1, max=    2, avg= 1.88, stdev= 0.32, samples=145
  write: IOPS=6, BW=96.1KiB/s (98.4kB/s)(2944KiB/30626msec)
    clat (msec): min=485, max=1171, avg=895.69, stdev=129.18
     lat (msec): min=485, max=1171, avg=895.69, stdev=129.18
    clat percentiles (msec):
     |  1.00th=[  485],  5.00th=[  726], 10.00th=[  726], 20.00th=[  726],
     | 30.00th=[  743], 40.00th=[  961], 50.00th=[  969], 60.00th=[  969],
     | 70.00th=[  969], 80.00th=[  969], 90.00th=[  978], 95.00th=[ 1003],
     | 99.00th=[ 1167], 99.50th=[ 1167], 99.90th=[ 1167], 99.95th=[ 1167],
     | 99.99th=[ 1167]
   bw (  KiB/s): min=   31, max=   32, per=33.23%, avg=31.90, stdev= 0.30, samples=177
   iops        : min=    1, max=    2, avg= 1.90, stdev= 0.30, samples=177
  lat (msec)   : 500=2.71%, 750=26.81%, 1000=65.06%
  cpu          : usr=0.00%, sys=0.01%, ctx=371, majf=0, minf=15
  IO depths    : 1=100.0%, 2=0.0%, 4=0.0%, 8=0.0%, 16=0.0%, 32=0.0%, >=64=0.0%
     submit    : 0=0.0%, 4=100.0%, 8=0.0%, 16=0.0%, 32=0.0%, 64=0.0%, >=64=0.0%
     complete  : 0=0.0%, 4=100.0%, 8=0.0%, 16=0.0%, 32=0.0%, 64=0.0%, >=64=0.0%
     issued rwts: total=148,184,0,0 short=0,0,0,0 dropped=0,0,0,0
     latency   : target=0, window=0, percentile=100.00%, depth=1

Run status group 0 (all jobs):
   READ: bw=77.3KiB/s (79.2kB/s), 77.3KiB/s-77.3KiB/s (79.2kB/s-79.2kB/s), io=2368KiB (2425kB), run=30626-30626msec
  WRITE: bw=96.1KiB/s (98.4kB/s), 96.1KiB/s-96.1KiB/s (98.4kB/s-98.4kB/s), io=2944KiB (3015kB), run=30626-30626msec

Disk stats (read/write):
  sdh: ios=147/184, merge=0/0, ticks=132551/164844, in_queue=298050, util=98.15%
======================== Data disk NO.7 End =========================


========= Data Disk NO.8 Read And Write Begin  2022-05-21 03:02:22 ==========
mytest_8: (g=0): rw=randrw, bs=(R) 16.0KiB-16.0KiB, (W) 16.0KiB-16.0KiB, (T) 16.0KiB-16.0KiB, ioengine=psync, iodepth=1
...
fio-3.7
Starting 10 threads

mytest_8: (groupid=0, jobs=10): err= 0: pid=118703: Sat May 21 03:02:54 2022
   read: IOPS=4, BW=78.1KiB/s (79.9kB/s)(2416KiB/30950msec)
    clat (msec): min=242, max=1413, avg=917.61, stdev=172.97
     lat (msec): min=242, max=1413, avg=917.61, stdev=172.97
    clat percentiles (msec):
     |  1.00th=[  245],  5.00th=[  726], 10.00th=[  726], 20.00th=[  743],
     | 30.00th=[  961], 40.00th=[  961], 50.00th=[  969], 60.00th=[  969],
     | 70.00th=[  969], 80.00th=[  986], 90.00th=[  995], 95.00th=[ 1167],
     | 99.00th=[ 1385], 99.50th=[ 1418], 99.90th=[ 1418], 99.95th=[ 1418],
     | 99.99th=[ 1418]
   bw (  KiB/s): min=   31, max=   32, per=40.99%, avg=31.97, stdev= 0.16, samples=149
   iops        : min=    1, max=    2, avg= 1.97, stdev= 0.16, samples=149
  write: IOPS=6, BW=97.2KiB/s (99.5kB/s)(3008KiB/30950msec)
    clat (msec): min=243, max=1391, avg=862.86, stdev=205.51
     lat (msec): min=243, max=1391, avg=862.86, stdev=205.51
    clat percentiles (msec):
     |  1.00th=[  245],  5.00th=[  405], 10.00th=[  718], 20.00th=[  726],
     | 30.00th=[  726], 40.00th=[  953], 50.00th=[  961], 60.00th=[  969],
     | 70.00th=[  969], 80.00th=[  969], 90.00th=[  978], 95.00th=[ 1150],
     | 99.00th=[ 1250], 99.50th=[ 1385], 99.90th=[ 1385], 99.95th=[ 1385],
     | 99.99th=[ 1385]
   bw (  KiB/s): min=   31, max=   32, per=32.91%, avg=31.92, stdev= 0.27, samples=180
   iops        : min=    1, max=    2, avg= 1.92, stdev= 0.27, samples=180
  lat (msec)   : 250=2.95%, 500=2.36%, 750=25.37%, 1000=61.95%
  cpu          : usr=0.00%, sys=0.00%, ctx=381, majf=0, minf=13
  IO depths    : 1=100.0%, 2=0.0%, 4=0.0%, 8=0.0%, 16=0.0%, 32=0.0%, >=64=0.0%
     submit    : 0=0.0%, 4=100.0%, 8=0.0%, 16=0.0%, 32=0.0%, 64=0.0%, >=64=0.0%
     complete  : 0=0.0%, 4=100.0%, 8=0.0%, 16=0.0%, 32=0.0%, 64=0.0%, >=64=0.0%
     issued rwts: total=151,188,0,0 short=0,0,0,0 dropped=0,0,0,0
     latency   : target=0, window=0, percentile=100.00%, depth=1

Run status group 0 (all jobs):
   READ: bw=78.1KiB/s (79.9kB/s), 78.1KiB/s-78.1KiB/s (79.9kB/s-79.9kB/s), io=2416KiB (2474kB), run=30950-30950msec
  WRITE: bw=97.2KiB/s (99.5kB/s), 97.2KiB/s-97.2KiB/s (99.5kB/s-99.5kB/s), io=3008KiB (3080kB), run=30950-30950msec

Disk stats (read/write):
  sdi: ios=152/187, merge=0/0, ticks=139550/161293, in_queue=302576, util=98.48%
======================== Data disk NO.8 End =========================


========= Data Disk NO.9 Read And Write Begin  2022-05-21 03:02:22 ==========
mytest_9: (g=0): rw=randrw, bs=(R) 16.0KiB-16.0KiB, (W) 16.0KiB-16.0KiB, (T) 16.0KiB-16.0KiB, ioengine=psync, iodepth=1
...
fio-3.7
Starting 10 threads

mytest_9: (groupid=0, jobs=10): err= 0: pid=118713: Sat May 21 03:02:54 2022
   read: IOPS=4, BW=78.7KiB/s (80.6kB/s)(2432KiB/30911msec)
    clat (msec): min=243, max=1236, avg=922.24, stdev=166.72
     lat (msec): min=243, max=1236, avg=922.24, stdev=166.72
    clat percentiles (msec):
     |  1.00th=[  245],  5.00th=[  718], 10.00th=[  726], 20.00th=[  743],
     | 30.00th=[  961], 40.00th=[  961], 50.00th=[  969], 60.00th=[  969],
     | 70.00th=[  986], 80.00th=[  986], 90.00th=[ 1036], 95.00th=[ 1200],
     | 99.00th=[ 1234], 99.50th=[ 1234], 99.90th=[ 1234], 99.95th=[ 1234],
     | 99.99th=[ 1234]
   bw (  KiB/s): min=   32, max=   32, per=41.03%, avg=32.00, stdev= 0.00, samples=146
   iops        : min=    2, max=    2, avg= 2.00, stdev= 0.00, samples=146
  write: IOPS=5, BW=93.7KiB/s (95.9kB/s)(2896KiB/30911msec)
    clat (msec): min=243, max=1215, avg=880.41, stdev=190.14
     lat (msec): min=243, max=1215, avg=880.42, stdev=190.14
    clat percentiles (msec):
     |  1.00th=[  245],  5.00th=[  485], 10.00th=[  726], 20.00th=[  726],
     | 30.00th=[  936], 40.00th=[  961], 50.00th=[  969], 60.00th=[  969],
     | 70.00th=[  969], 80.00th=[  969], 90.00th=[  986], 95.00th=[ 1003],
     | 99.00th=[ 1200], 99.50th=[ 1217], 99.90th=[ 1217], 99.95th=[ 1217],
     | 99.99th=[ 1217]
   bw (  KiB/s): min=   31, max=   32, per=34.40%, avg=31.99, stdev= 0.11, samples=177
   iops        : min=    1, max=    2, avg= 1.99, stdev= 0.11, samples=177
  lat (msec)   : 250=3.00%, 500=1.80%, 750=21.32%, 1000=64.86%
  cpu          : usr=0.00%, sys=0.01%, ctx=363, majf=0, minf=8
  IO depths    : 1=100.0%, 2=0.0%, 4=0.0%, 8=0.0%, 16=0.0%, 32=0.0%, >=64=0.0%
     submit    : 0=0.0%, 4=100.0%, 8=0.0%, 16=0.0%, 32=0.0%, 64=0.0%, >=64=0.0%
     complete  : 0=0.0%, 4=100.0%, 8=0.0%, 16=0.0%, 32=0.0%, 64=0.0%, >=64=0.0%
     issued rwts: total=152,181,0,0 short=0,0,0,0 dropped=0,0,0,0
     latency   : target=0, window=0, percentile=100.00%, depth=1

Run status group 0 (all jobs):
   READ: bw=78.7KiB/s (80.6kB/s), 78.7KiB/s-78.7KiB/s (80.6kB/s-80.6kB/s), io=2432KiB (2490kB), run=30911-30911msec
  WRITE: bw=93.7KiB/s (95.9kB/s), 93.7KiB/s-93.7KiB/s (95.9kB/s-95.9kB/s), io=2896KiB (2966kB), run=30911-30911msec

Disk stats (read/write):
  sdj: ios=154/180, merge=0/0, ticks=142188/158447, in_queue=301509, util=98.48%
======================== Data disk NO.9 End =========================


========= Data Disk NO.10 Read And Write Begin  2022-05-21 03:02:22 ==========
mytest_10: (g=0): rw=randrw, bs=(R) 16.0KiB-16.0KiB, (W) 16.0KiB-16.0KiB, (T) 16.0KiB-16.0KiB, ioengine=psync, iodepth=1
...
fio-3.7
Starting 10 threads

mytest_10: (groupid=0, jobs=10): err= 0: pid=118753: Sat May 21 03:02:54 2022
   read: IOPS=4, BW=77.3KiB/s (79.2kB/s)(2368KiB/30625msec)
    clat (msec): min=496, max=1182, avg=917.45, stdev=110.74
     lat (msec): min=496, max=1182, avg=917.45, stdev=110.74
    clat percentiles (msec):
     |  1.00th=[  709],  5.00th=[  726], 10.00th=[  726], 20.00th=[  751],
     | 30.00th=[  961], 40.00th=[  961], 50.00th=[  969], 60.00th=[  969],
     | 70.00th=[  969], 80.00th=[  986], 90.00th=[  986], 95.00th=[  995],
     | 99.00th=[ 1167], 99.50th=[ 1183], 99.90th=[ 1183], 99.95th=[ 1183],
     | 99.99th=[ 1183]
   bw (  KiB/s): min=   31, max=   32, per=41.54%, avg=31.99, stdev= 0.12, samples=144
   iops        : min=    1, max=    2, avg= 1.99, stdev= 0.12, samples=144
  write: IOPS=5, BW=94.0KiB/s (96.3kB/s)(2880KiB/30625msec)
    clat (msec): min=485, max=1203, avg=906.81, stdev=134.05
     lat (msec): min=485, max=1203, avg=906.81, stdev=134.05
    clat percentiles (msec):
     |  1.00th=[  485],  5.00th=[  718], 10.00th=[  726], 20.00th=[  735],
     | 30.00th=[  961], 40.00th=[  961], 50.00th=[  969], 60.00th=[  969],
     | 70.00th=[  969], 80.00th=[  969], 90.00th=[  969], 95.00th=[ 1020],
     | 99.00th=[ 1167], 99.50th=[ 1200], 99.90th=[ 1200], 99.95th=[ 1200],
     | 99.99th=[ 1200]
   bw (  KiB/s): min=   32, max=   32, per=34.04%, avg=32.00, stdev= 0.00, samples=174
   iops        : min=    2, max=    2, avg= 2.00, stdev= 0.00, samples=174
  lat (msec)   : 500=2.13%, 750=20.43%, 1000=72.26%
  cpu          : usr=0.00%, sys=0.01%, ctx=368, majf=0, minf=12
  IO depths    : 1=100.0%, 2=0.0%, 4=0.0%, 8=0.0%, 16=0.0%, 32=0.0%, >=64=0.0%
     submit    : 0=0.0%, 4=100.0%, 8=0.0%, 16=0.0%, 32=0.0%, 64=0.0%, >=64=0.0%
     complete  : 0=0.0%, 4=100.0%, 8=0.0%, 16=0.0%, 32=0.0%, 64=0.0%, >=64=0.0%
     issued rwts: total=148,180,0,0 short=0,0,0,0 dropped=0,0,0,0
     latency   : target=0, window=0, percentile=100.00%, depth=1

Run status group 0 (all jobs):
   READ: bw=77.3KiB/s (79.2kB/s), 77.3KiB/s-77.3KiB/s (79.2kB/s-79.2kB/s), io=2368KiB (2425kB), run=30625-30625msec
  WRITE: bw=94.0KiB/s (96.3kB/s), 94.0KiB/s-94.0KiB/s (96.3kB/s-96.3kB/s), io=2880KiB (2949kB), run=30625-30625msec

Disk stats (read/write):
  sdk: ios=148/176, merge=0/0, ticks=135816/160344, in_queue=298720, util=98.16%
======================== Data disk NO.10 End =========================


========= Data Disk NO.11 Read And Write Begin  2022-05-21 03:02:22 ==========
mytest_11: (g=0): rw=randrw, bs=(R) 16.0KiB-16.0KiB, (W) 16.0KiB-16.0KiB, (T) 16.0KiB-16.0KiB, ioengine=psync, iodepth=1
...
fio-3.7
Starting 10 threads

mytest_11: (groupid=0, jobs=10): err= 0: pid=118723: Sat May 21 03:02:54 2022
   read: IOPS=4, BW=76.6KiB/s (78.5kB/s)(2368KiB/30906msec)
    clat (msec): min=235, max=1391, avg=936.53, stdev=171.96
     lat (msec): min=235, max=1391, avg=936.53, stdev=171.96
    clat percentiles (msec):
     |  1.00th=[  236],  5.00th=[  726], 10.00th=[  726], 20.00th=[  751],
     | 30.00th=[  961], 40.00th=[  969], 50.00th=[  969], 60.00th=[  978],
     | 70.00th=[  986], 80.00th=[  986], 90.00th=[ 1167], 95.00th=[ 1200],
     | 99.00th=[ 1385], 99.50th=[ 1385], 99.90th=[ 1385], 99.95th=[ 1385],
     | 99.99th=[ 1385]
   bw (  KiB/s): min=   31, max=   32, per=42.08%, avg=31.98, stdev= 0.14, samples=145
   iops        : min=    1, max=    2, avg= 1.98, stdev= 0.14, samples=145
  write: IOPS=5, BW=92.7KiB/s (94.9kB/s)(2864KiB/30906msec)
    clat (msec): min=235, max=1391, avg=912.09, stdev=193.29
     lat (msec): min=235, max=1391, avg=912.09, stdev=193.29
    clat percentiles (msec):
     |  1.00th=[  236],  5.00th=[  485], 10.00th=[  726], 20.00th=[  743],
     | 30.00th=[  961], 40.00th=[  961], 50.00th=[  969], 60.00th=[  969],
     | 70.00th=[  969], 80.00th=[  969], 90.00th=[  978], 95.00th=[ 1200],
     | 99.00th=[ 1385], 99.50th=[ 1385], 99.90th=[ 1385], 99.95th=[ 1385],
     | 99.99th=[ 1385]
   bw (  KiB/s): min=   31, max=   32, per=34.77%, avg=31.99, stdev= 0.11, samples=172
   iops        : min=    1, max=    2, avg= 1.99, stdev= 0.11, samples=172
  lat (msec)   : 250=3.06%, 500=0.61%, 750=15.90%, 1000=70.64%
  cpu          : usr=0.00%, sys=0.00%, ctx=358, majf=0, minf=8
  IO depths    : 1=100.0%, 2=0.0%, 4=0.0%, 8=0.0%, 16=0.0%, 32=0.0%, >=64=0.0%
     submit    : 0=0.0%, 4=100.0%, 8=0.0%, 16=0.0%, 32=0.0%, 64=0.0%, >=64=0.0%
     complete  : 0=0.0%, 4=100.0%, 8=0.0%, 16=0.0%, 32=0.0%, 64=0.0%, >=64=0.0%
     issued rwts: total=148,179,0,0 short=0,0,0,0 dropped=0,0,0,0
     latency   : target=0, window=0, percentile=100.00%, depth=1

Run status group 0 (all jobs):
   READ: bw=76.6KiB/s (78.5kB/s), 76.6KiB/s-76.6KiB/s (78.5kB/s-78.5kB/s), io=2368KiB (2425kB), run=30906-30906msec
  WRITE: bw=92.7KiB/s (94.9kB/s), 92.7KiB/s-92.7KiB/s (94.9kB/s-94.9kB/s), io=2864KiB (2933kB), run=30906-30906msec

Disk stats (read/write):
  sdl: ios=188/175, merge=0/0, ticks=181175/159434, in_queue=345044, util=100.00%
======================== Data disk NO.11 End =========================


========= Data Disk NO.12 Read And Write Begin  2022-05-21 03:02:22 ==========
mytest_12: (g=0): rw=randrw, bs=(R) 16.0KiB-16.0KiB, (W) 16.0KiB-16.0KiB, (T) 16.0KiB-16.0KiB, ioengine=psync, iodepth=1
...
fio-3.7
Starting 10 threads

mytest_12: (groupid=0, jobs=10): err= 0: pid=118733: Sat May 21 03:02:53 2022
   read: IOPS=37.1k, BW=580MiB/s (608MB/s)(16.0GiB/30001msec)
    clat (usec): min=48, max=6393, avg=234.88, stdev=124.20
     lat (usec): min=48, max=6393, avg=235.00, stdev=124.20
    clat percentiles (usec):
     |  1.00th=[  116],  5.00th=[  129], 10.00th=[  139], 20.00th=[  159],
     | 30.00th=[  178], 40.00th=[  196], 50.00th=[  210], 60.00th=[  235],
     | 70.00th=[  260], 80.00th=[  293], 90.00th=[  347], 95.00th=[  400],
     | 99.00th=[  519], 99.50th=[  603], 99.90th=[ 2024], 99.95th=[ 2376],
     | 99.99th=[ 2868]
   bw (  KiB/s): min=55360, max=62208, per=10.00%, avg=59330.58, stdev=938.64, samples=590
   iops        : min= 3460, max= 3888, avg=3708.14, stdev=58.67, samples=590
  write: IOPS=37.1k, BW=580MiB/s (608MB/s)(16.0GiB/30001msec)
    clat (usec): min=14, max=1289, avg=31.35, stdev= 7.49
     lat (usec): min=14, max=1290, avg=31.77, stdev= 7.54
    clat percentiles (usec):
     |  1.00th=[   25],  5.00th=[   26], 10.00th=[   26], 20.00th=[   27],
     | 30.00th=[   28], 40.00th=[   29], 50.00th=[   30], 60.00th=[   31],
     | 70.00th=[   33], 80.00th=[   36], 90.00th=[   40], 95.00th=[   44],
     | 99.00th=[   53], 99.50th=[   58], 99.90th=[   70], 99.95th=[   78],
     | 99.99th=[  131]
   bw (  KiB/s): min=52192, max=65088, per=10.00%, avg=59363.45, stdev=1944.19, samples=590
   iops        : min= 3262, max= 4068, avg=3710.20, stdev=121.52, samples=590
  lat (usec)   : 20=0.07%, 50=49.06%, 100=0.89%, 250=33.37%, 500=15.98%
  lat (usec)   : 750=0.46%, 1000=0.03%
  lat (msec)   : 2=0.09%, 4=0.05%, 10=0.01%
  cpu          : usr=2.72%, sys=9.20%, ctx=2226552, majf=0, minf=562
  IO depths    : 1=100.0%, 2=0.0%, 4=0.0%, 8=0.0%, 16=0.0%, 32=0.0%, >=64=0.0%
     submit    : 0=0.0%, 4=100.0%, 8=0.0%, 16=0.0%, 32=0.0%, 64=0.0%, >=64=0.0%
     complete  : 0=0.0%, 4=100.0%, 8=0.0%, 16=0.0%, 32=0.0%, 64=0.0%, >=64=0.0%
     issued rwts: total=1112785,1113202,0,0 short=0,0,0,0 dropped=0,0,0,0
     latency   : target=0, window=0, percentile=100.00%, depth=1

Run status group 0 (all jobs):
   READ: bw=580MiB/s (608MB/s), 580MiB/s-580MiB/s (608MB/s-608MB/s), io=16.0GiB (18.2GB), run=30001-30001msec
  WRITE: bw=580MiB/s (608MB/s), 580MiB/s-580MiB/s (608MB/s-608MB/s), io=16.0GiB (18.2GB), run=30001-30001msec

Disk stats (read/write):
  nvme1n1: ios=1106212/1106727, merge=0/0, ticks=245932/20089, in_queue=275257, util=100.00%
======================== Data disk NO.12 End =========================


