========= Data Disk NO.3 Read And Write Begin  2022-05-21 03:02:22 ==========
mytest_3: (g=0): rw=randrw, bs=(R) 16.0KiB-16.0KiB, (W) 16.0KiB-16.0KiB, (T) 16.0KiB-16.0KiB, ioengine=psync, iodepth=1
...
fio-3.7
Starting 10 threads

mytest_3: (groupid=0, jobs=10): err= 0: pid=118663: Sat May 21 03:02:54 2022
   read: IOPS=4, BW=79.1KiB/s (80.0kB/s)(2448KiB/30960msec)
    clat (msec): min=243, max=1268, avg=924.46, stdev=153.59
     lat (msec): min=243, max=1268, avg=924.46, stdev=153.59
    clat percentiles (msec):
     |  1.00th=[  245],  5.00th=[  726], 10.00th=[  726], 20.00th=[  743],
     | 30.00th=[  961], 40.00th=[  969], 50.00th=[  969], 60.00th=[  969],
     | 70.00th=[  978], 80.00th=[  986], 90.00th=[  995], 95.00th=[ 1167],
     | 99.00th=[ 1250], 99.50th=[ 1267], 99.90th=[ 1267], 99.95th=[ 1267],
     | 99.99th=[ 1267]
   bw (  KiB/s): min=   31, max=   32, per=40.47%, avg=31.97, stdev= 0.16, samples=148
   iops        : min=    1, max=    2, avg= 1.97, stdev= 0.16, samples=148
  write: IOPS=5, BW=95.1KiB/s (97.4kB/s)(2944KiB/30960msec)
    clat (msec): min=243, max=1247, avg=875.23, stdev=197.16
     lat (msec): min=243, max=1247, avg=875.23, stdev=197.16
    clat percentiles (msec):
     |  1.00th=[  245],  5.00th=[  405], 10.00th=[  718], 20.00th=[  726],
     | 30.00th=[  743], 40.00th=[  961], 50.00th=[  969], 60.00th=[  969],
     | 70.00th=[  969], 80.00th=[  969], 90.00th=[  969], 95.00th=[  986],
     | 99.00th=[ 1250], 99.50th=[ 1250], 99.90th=[ 1250], 99.95th=[ 1250],
     | 99.99th=[ 1250]
   bw (  KiB/s): min=   31, max=   32, per=33.65%, avg=31.97, stdev= 0.18, samples=179
   iops        : min=    1, max=    2, avg= 1.97, stdev= 0.18, samples=179
  lat (msec)   : 250=2.97%, 500=1.78%, 750=21.96%, 1000=67.06%
  cpu          : usr=0.00%, sys=0.01%, ctx=351, majf=0, minf=8
  IO depths    : 1=100.0%, 2=0.0%, 4=0.0%, 8=0.0%, 16=0.0%, 32=0.0%, >=64=0.0%
     submit    : 0=0.0%, 4=100.0%, 8=0.0%, 16=0.0%, 32=0.0%, 64=0.0%, >=64=0.0%
     complete  : 0=0.0%, 4=100.0%, 8=0.0%, 16=0.0%, 32=0.0%, 64=0.0%, >=64=0.0%
     issued rwts: total=153,184,0,0 short=0,0,0,0 dropped=0,0,0,0
     latency   : target=0, window=0, percentile=100.00%, depth=1

Run status group 0 (all jobs):
   READ: bw=79.1KiB/s (80.0kB/s), 79.1KiB/s-79.1KiB/s (80.0kB/s-80.0kB/s), io=2448KiB (2507kB), run=30960-30960msec
  WRITE: bw=95.1KiB/s (97.4kB/s), 95.1KiB/s-95.1KiB/s (97.4kB/s-97.4kB/s), io=2944KiB (3015kB), run=30960-30960msec

Disk stats (read/write):
  sdd: ios=152/182, merge=0/0, ticks=140254/159128, in_queue=303634, util=98.32%
======================== Data disk NO.3 End =========================
