------------ The memory physical number have 24 ------------
------------ mem info come ------------
	Locator: CPU0_DIMM_1
	Manufacturer: Micron
	Speed: 2933 MT/s
	Serial Number: 2A35A625
	Part Number: 18ASF4G72PZ-2G9E1   
------------ The memory is ok next is coming ------------
	Locator: CPU0_DIMM_2
	Manufacturer: Micron
	Speed: 2933 MT/s
	Serial Number: 2A359417
	Part Number: 18ASF4G72PZ-2G9E1   
------------ The memory is ok next is coming ------------
	Locator: CPU0_DIMM_3
	Manufacturer: Micron
	Speed: 2933 MT/s
	Serial Number: 2A35B4CB
	Part Number: 18ASF4G72PZ-2G9E1   
------------ The memory is ok next is coming ------------
	Locator: CPU0_DIMM_4
	Manufacturer: Micron
	Speed: 2933 MT/s
	Serial Number: 2A359604
	Part Number: 18ASF4G72PZ-2G9E1   
------------ The memory is ok next is coming ------------
	Locator: CPU0_DIMM_5
	Manufacturer: Micron
	Speed: 2933 MT/s
	Serial Number: 2BA4EB45
	Part Number: 18ASF4G72PZ-2G9E1   
------------ The memory is ok next is coming ------------
	Locator: CPU0_DIMM_6
	Manufacturer: Micron
	Speed: 2933 MT/s
	Serial Number: 2A35AC83
	Part Number: 18ASF4G72PZ-2G9E1   
------------ The memory is ok next is coming ------------
	Locator: CPU0_DIMM_7
	Manufacturer: Micron
	Speed: 2933 MT/s
	Serial Number: 2A359432
	Part Number: 18ASF4G72PZ-2G9E1   
------------ The memory is ok next is coming ------------
	Locator: CPU0_DIMM_8
	Manufacturer: Micron
	Speed: 2933 MT/s
	Serial Number: 2A35943A
	Part Number: 18ASF4G72PZ-2G9E1   
------------ The memory is ok next is coming ------------
	Locator: CPU0_DIMM_9
	Manufacturer: Micron
	Speed: 2933 MT/s
	Serial Number: 2A3587D5
	Part Number: 18ASF4G72PZ-2G9E1   
------------ The memory is ok next is coming ------------
	Locator: CPU0_DIMM_10
	Manufacturer: Micron
	Speed: 2933 MT/s
	Serial Number: 2A35AC6C
	Part Number: 18ASF4G72PZ-2G9E1   
------------ The memory is ok next is coming ------------
	Locator: CPU0_DIMM_11
	Manufacturer: Micron
	Speed: 2933 MT/s
	Serial Number: 2A35862A
	Part Number: 18ASF4G72PZ-2G9E1   
------------ The memory is ok next is coming ------------
	Locator: CPU0_DIMM_12
	Manufacturer: Micron
	Speed: 2933 MT/s
	Serial Number: 2A35B489
	Part Number: 18ASF4G72PZ-2G9E1   
------------ The memory is ok next is coming ------------
	Locator: CPU1_DIMM_1
	Manufacturer: Micron
	Speed: 2933 MT/s
	Serial Number: F1C3B9B6
	Part Number: 18ASF4G72PZ-2G9E1   
------------ The memory is ok next is coming ------------
	Locator: CPU1_DIMM_2
	Manufacturer: Micron
	Speed: 2933 MT/s
	Serial Number: 2BA4F8BA
	Part Number: 18ASF4G72PZ-2G9E1   
------------ The memory is ok next is coming ------------
	Locator: CPU1_DIMM_3
	Manufacturer: Micron
	Speed: 2933 MT/s
	Serial Number: F1C3B696
	Part Number: 18ASF4G72PZ-2G9E1   
------------ The memory is ok next is coming ------------
	Locator: CPU1_DIMM_4
	Manufacturer: Micron
	Speed: 2933 MT/s
	Serial Number: 2BA4E9D0
	Part Number: 18ASF4G72PZ-2G9E1   
------------ The memory is ok next is coming ------------
	Locator: CPU1_DIMM_5
	Manufacturer: Micron
	Speed: 2933 MT/s
	Serial Number: 2771AEE8
	Part Number: 18ASF4G72PZ-2G9B1   
------------ The memory is ok next is coming ------------
	Locator: CPU1_DIMM_6
	Manufacturer: Micron
	Speed: 2933 MT/s
	Serial Number: 28E079D8
	Part Number: 18ASF4G72PZ-2G9E1   
------------ The memory is ok next is coming ------------
	Locator: CPU1_DIMM_7
	Manufacturer: Micron
	Speed: 2933 MT/s
	Serial Number: F189BE45
	Part Number: 18ASF4G72PZ-2G9E1   
------------ The memory is ok next is coming ------------
	Locator: CPU1_DIMM_8
	Manufacturer: Micron
	Speed: 2933 MT/s
	Serial Number: 2BA4EB50
	Part Number: 18ASF4G72PZ-2G9E1   
------------ The memory is ok next is coming ------------
	Locator: CPU1_DIMM_9
	Manufacturer: Micron
	Speed: 2933 MT/s
	Serial Number: F1B53BD7
	Part Number: 18ASF4G72PZ-2G9E1   
------------ The memory is ok next is coming ------------
	Locator: CPU1_DIMM_10
	Manufacturer: Micron
	Speed: 2933 MT/s
	Serial Number: F1C3B163
	Part Number: 18ASF4G72PZ-2G9E1   
------------ The memory is ok next is coming ------------
	Locator: CPU1_DIMM_11
	Manufacturer: Micron
	Speed: 2933 MT/s
	Serial Number: F1C3B842
	Part Number: 18ASF4G72PZ-2G9E1   
------------ The memory is ok next is coming ------------
	Locator: CPU1_DIMM_12
	Manufacturer: Micron
	Speed: 2933 MT/s
	Serial Number: 28E07A9B
	Part Number: 18ASF4G72PZ-2G9E1   
------------ The memory is ok next is coming ------------
------------ The memory physical number have 24 ------------
------------ mem info come ------------
	Locator: CPU0_DIMM_1
	Manufacturer: Micron
	Speed: 2933 MT/s
	Serial Number: 2A35A625
	Part Number: 18ASF4G72PZ-2G9E1   
------------ The memory is ok next is coming ------------
	Locator: CPU0_DIMM_2
	Manufacturer: Micron
	Speed: 2933 MT/s
	Serial Number: 2A359417
	Part Number: 18ASF4G72PZ-2G9E1   
------------ The memory is ok next is coming ------------
	Locator: CPU0_DIMM_3
	Manufacturer: Micron
	Speed: 2933 MT/s
	Serial Number: 2A35B4CB
	Part Number: 18ASF4G72PZ-2G9E1   
------------ The memory is ok next is coming ------------
	Locator: CPU0_DIMM_4
	Manufacturer: Micron
	Speed: 2933 MT/s
	Serial Number: 2A359604
	Part Number: 18ASF4G72PZ-2G9E1   
------------ The memory is ok next is coming ------------
	Locator: CPU0_DIMM_5
	Manufacturer: Micron
	Speed: 2933 MT/s
	Serial Number: 2BA4EB45
	Part Number: 18ASF4G72PZ-2G9E1   
------------ The memory is ok next is coming ------------
	Locator: CPU0_DIMM_6
	Manufacturer: Micron
	Speed: 2933 MT/s
	Serial Number: 2A35AC83
	Part Number: 18ASF4G72PZ-2G9E1   
------------ The memory is ok next is coming ------------
	Locator: CPU0_DIMM_7
	Manufacturer: Micron
	Speed: 2933 MT/s
	Serial Number: 2A359432
	Part Number: 18ASF4G72PZ-2G9E1   
------------ The memory is ok next is coming ------------
	Locator: CPU0_DIMM_8
	Manufacturer: Micron
	Speed: 2933 MT/s
	Serial Number: 2A35943A
	Part Number: 18ASF4G72PZ-2G9E1   
------------ The memory is ok next is coming ------------
	Locator: CPU0_DIMM_9
	Manufacturer: Micron
	Speed: 2933 MT/s
	Serial Number: 2A3587D5
	Part Number: 18ASF4G72PZ-2G9E1   
------------ The memory is ok next is coming ------------
	Locator: CPU0_DIMM_10
	Manufacturer: Micron
	Speed: 2933 MT/s
	Serial Number: 2A35AC6C
	Part Number: 18ASF4G72PZ-2G9E1   
------------ The memory is ok next is coming ------------
	Locator: CPU0_DIMM_11
	Manufacturer: Micron
	Speed: 2933 MT/s
	Serial Number: 2A35862A
	Part Number: 18ASF4G72PZ-2G9E1   
------------ The memory is ok next is coming ------------
	Locator: CPU0_DIMM_12
	Manufacturer: Micron
	Speed: 2933 MT/s
	Serial Number: 2A35B489
	Part Number: 18ASF4G72PZ-2G9E1   
------------ The memory is ok next is coming ------------
	Locator: CPU1_DIMM_1
	Manufacturer: Micron
	Speed: 2933 MT/s
	Serial Number: F1C3B9B6
	Part Number: 18ASF4G72PZ-2G9E1   
------------ The memory is ok next is coming ------------
	Locator: CPU1_DIMM_2
	Manufacturer: Micron
	Speed: 2933 MT/s
	Serial Number: 2BA4F8BA
	Part Number: 18ASF4G72PZ-2G9E1   
------------ The memory is ok next is coming ------------
	Locator: CPU1_DIMM_3
	Manufacturer: Micron
	Speed: 2933 MT/s
	Serial Number: F1C3B696
	Part Number: 18ASF4G72PZ-2G9E1   
------------ The memory is ok next is coming ------------
	Locator: CPU1_DIMM_4
	Manufacturer: Micron
	Speed: 2933 MT/s
	Serial Number: 2BA4E9D0
	Part Number: 18ASF4G72PZ-2G9E1   
------------ The memory is ok next is coming ------------
	Locator: CPU1_DIMM_5
	Manufacturer: Micron
	Speed: 2933 MT/s
	Serial Number: 2771AEE8
	Part Number: 18ASF4G72PZ-2G9B1   
------------ The memory is ok next is coming ------------
	Locator: CPU1_DIMM_6
	Manufacturer: Micron
	Speed: 2933 MT/s
	Serial Number: 28E079D8
	Part Number: 18ASF4G72PZ-2G9E1   
------------ The memory is ok next is coming ------------
	Locator: CPU1_DIMM_7
	Manufacturer: Micron
	Speed: 2933 MT/s
	Serial Number: F189BE45
	Part Number: 18ASF4G72PZ-2G9E1   
------------ The memory is ok next is coming ------------
	Locator: CPU1_DIMM_8
	Manufacturer: Micron
	Speed: 2933 MT/s
	Serial Number: 2BA4EB50
	Part Number: 18ASF4G72PZ-2G9E1   
------------ The memory is ok next is coming ------------
	Locator: CPU1_DIMM_9
	Manufacturer: Micron
	Speed: 2933 MT/s
	Serial Number: F1B53BD7
	Part Number: 18ASF4G72PZ-2G9E1   
------------ The memory is ok next is coming ------------
	Locator: CPU1_DIMM_10
	Manufacturer: Micron
	Speed: 2933 MT/s
	Serial Number: F1C3B163
	Part Number: 18ASF4G72PZ-2G9E1   
------------ The memory is ok next is coming ------------
	Locator: CPU1_DIMM_11
	Manufacturer: Micron
	Speed: 2933 MT/s
	Serial Number: F1C3B842
	Part Number: 18ASF4G72PZ-2G9E1   
------------ The memory is ok next is coming ------------
	Locator: CPU1_DIMM_12
	Manufacturer: Micron
	Speed: 2933 MT/s
	Serial Number: 28E07A9B
	Part Number: 18ASF4G72PZ-2G9E1   
------------ The memory is ok next is coming ------------
------------ The memory physical number have 24 ------------
------------ mem info come ------------
	Locator: CPU0_DIMM_1
	Manufacturer: Micron
	Speed: 2933 MT/s
	Serial Number: 2A35A625
	Part Number: 18ASF4G72PZ-2G9E1   
------------ The memory is ok next is coming ------------
	Locator: CPU0_DIMM_2
	Manufacturer: Micron
	Speed: 2933 MT/s
	Serial Number: 2A359417
	Part Number: 18ASF4G72PZ-2G9E1   
------------ The memory is ok next is coming ------------
	Locator: CPU0_DIMM_3
	Manufacturer: Micron
	Speed: 2933 MT/s
	Serial Number: 2A35B4CB
	Part Number: 18ASF4G72PZ-2G9E1   
------------ The memory is ok next is coming ------------
	Locator: CPU0_DIMM_4
	Manufacturer: Micron
	Speed: 2933 MT/s
	Serial Number: 2A359604
	Part Number: 18ASF4G72PZ-2G9E1   
------------ The memory is ok next is coming ------------
	Locator: CPU0_DIMM_5
	Manufacturer: Micron
	Speed: 2933 MT/s
	Serial Number: 2BA4EB45
	Part Number: 18ASF4G72PZ-2G9E1   
------------ The memory is ok next is coming ------------
	Locator: CPU0_DIMM_6
	Manufacturer: Micron
	Speed: 2933 MT/s
	Serial Number: 2A35AC83
	Part Number: 18ASF4G72PZ-2G9E1   
------------ The memory is ok next is coming ------------
	Locator: CPU0_DIMM_7
	Manufacturer: Micron
	Speed: 2933 MT/s
	Serial Number: 2A359432
	Part Number: 18ASF4G72PZ-2G9E1   
------------ The memory is ok next is coming ------------
	Locator: CPU0_DIMM_8
	Manufacturer: Micron
	Speed: 2933 MT/s
	Serial Number: 2A35943A
	Part Number: 18ASF4G72PZ-2G9E1   
------------ The memory is ok next is coming ------------
	Locator: CPU0_DIMM_9
	Manufacturer: Micron
	Speed: 2933 MT/s
	Serial Number: 2A3587D5
	Part Number: 18ASF4G72PZ-2G9E1   
------------ The memory is ok next is coming ------------
	Locator: CPU0_DIMM_10
	Manufacturer: Micron
	Speed: 2933 MT/s
	Serial Number: 2A35AC6C
	Part Number: 18ASF4G72PZ-2G9E1   
------------ The memory is ok next is coming ------------
	Locator: CPU0_DIMM_11
	Manufacturer: Micron
	Speed: 2933 MT/s
	Serial Number: 2A35862A
	Part Number: 18ASF4G72PZ-2G9E1   
------------ The memory is ok next is coming ------------
	Locator: CPU0_DIMM_12
	Manufacturer: Micron
	Speed: 2933 MT/s
	Serial Number: 2A35B489
	Part Number: 18ASF4G72PZ-2G9E1   
------------ The memory is ok next is coming ------------
	Locator: CPU1_DIMM_1
	Manufacturer: Micron
	Speed: 2933 MT/s
	Serial Number: F1C3B9B6
	Part Number: 18ASF4G72PZ-2G9E1   
------------ The memory is ok next is coming ------------
	Locator: CPU1_DIMM_2
	Manufacturer: Micron
	Speed: 2933 MT/s
	Serial Number: 2BA4F8BA
	Part Number: 18ASF4G72PZ-2G9E1   
------------ The memory is ok next is coming ------------
	Locator: CPU1_DIMM_3
	Manufacturer: Micron
	Speed: 2933 MT/s
	Serial Number: F1C3B696
	Part Number: 18ASF4G72PZ-2G9E1   
------------ The memory is ok next is coming ------------
	Locator: CPU1_DIMM_4
	Manufacturer: Micron
	Speed: 2933 MT/s
	Serial Number: 2BA4E9D0
	Part Number: 18ASF4G72PZ-2G9E1   
------------ The memory is ok next is coming ------------
	Locator: CPU1_DIMM_5
	Manufacturer: Micron
	Speed: 2933 MT/s
	Serial Number: 2771AEE8
	Part Number: 18ASF4G72PZ-2G9B1   
------------ The memory is ok next is coming ------------
	Locator: CPU1_DIMM_6
	Manufacturer: Micron
	Speed: 2933 MT/s
	Serial Number: 28E079D8
	Part Number: 18ASF4G72PZ-2G9E1   
------------ The memory is ok next is coming ------------
	Locator: CPU1_DIMM_7
	Manufacturer: Micron
	Speed: 2933 MT/s
	Serial Number: F189BE45
	Part Number: 18ASF4G72PZ-2G9E1   
------------ The memory is ok next is coming ------------
	Locator: CPU1_DIMM_8
	Manufacturer: Micron
	Speed: 2933 MT/s
	Serial Number: 2BA4EB50
	Part Number: 18ASF4G72PZ-2G9E1   
------------ The memory is ok next is coming ------------
	Locator: CPU1_DIMM_9
	Manufacturer: Micron
	Speed: 2933 MT/s
	Serial Number: F1B53BD7
	Part Number: 18ASF4G72PZ-2G9E1   
------------ The memory is ok next is coming ------------
	Locator: CPU1_DIMM_10
	Manufacturer: Micron
	Speed: 2933 MT/s
	Serial Number: F1C3B163
	Part Number: 18ASF4G72PZ-2G9E1   
------------ The memory is ok next is coming ------------
	Locator: CPU1_DIMM_11
	Manufacturer: Micron
	Speed: 2933 MT/s
	Serial Number: F1C3B842
	Part Number: 18ASF4G72PZ-2G9E1   
------------ The memory is ok next is coming ------------
	Locator: CPU1_DIMM_12
	Manufacturer: Micron
	Speed: 2933 MT/s
	Serial Number: 28E07A9B
	Part Number: 18ASF4G72PZ-2G9E1   
------------ The memory is ok next is coming ------------
------------ The memory physical number have 24 ------------
------------ mem info come ------------
	Locator: CPU0_DIMM_1
	Manufacturer: Micron
	Speed: 2933 MT/s
	Serial Number: 2A35A625
	Part Number: 18ASF4G72PZ-2G9E1   
------------ The memory is ok next is coming ------------
	Locator: CPU0_DIMM_2
	Manufacturer: Micron
	Speed: 2933 MT/s
	Serial Number: 2A359417
	Part Number: 18ASF4G72PZ-2G9E1   
------------ The memory is ok next is coming ------------
	Locator: CPU0_DIMM_3
	Manufacturer: Micron
	Speed: 2933 MT/s
	Serial Number: 2A35B4CB
	Part Number: 18ASF4G72PZ-2G9E1   
------------ The memory is ok next is coming ------------
	Locator: CPU0_DIMM_4
	Manufacturer: Micron
	Speed: 2933 MT/s
	Serial Number: 2A359604
	Part Number: 18ASF4G72PZ-2G9E1   
------------ The memory is ok next is coming ------------
	Locator: CPU0_DIMM_5
	Manufacturer: Micron
	Speed: 2933 MT/s
	Serial Number: 2BA4EB45
	Part Number: 18ASF4G72PZ-2G9E1   
------------ The memory is ok next is coming ------------
	Locator: CPU0_DIMM_6
	Manufacturer: Micron
	Speed: 2933 MT/s
	Serial Number: 2A35AC83
	Part Number: 18ASF4G72PZ-2G9E1   
------------ The memory is ok next is coming ------------
	Locator: CPU0_DIMM_7
	Manufacturer: Micron
	Speed: 2933 MT/s
	Serial Number: 2A359432
	Part Number: 18ASF4G72PZ-2G9E1   
------------ The memory is ok next is coming ------------
	Locator: CPU0_DIMM_8
	Manufacturer: Micron
	Speed: 2933 MT/s
	Serial Number: 2A35943A
	Part Number: 18ASF4G72PZ-2G9E1   
------------ The memory is ok next is coming ------------
	Locator: CPU0_DIMM_9
	Manufacturer: Micron
	Speed: 2933 MT/s
	Serial Number: 2A3587D5
	Part Number: 18ASF4G72PZ-2G9E1   
------------ The memory is ok next is coming ------------
	Locator: CPU0_DIMM_10
	Manufacturer: Micron
	Speed: 2933 MT/s
	Serial Number: 2A35AC6C
	Part Number: 18ASF4G72PZ-2G9E1   
------------ The memory is ok next is coming ------------
	Locator: CPU0_DIMM_11
	Manufacturer: Micron
	Speed: 2933 MT/s
	Serial Number: 2A35862A
	Part Number: 18ASF4G72PZ-2G9E1   
------------ The memory is ok next is coming ------------
	Locator: CPU0_DIMM_12
	Manufacturer: Micron
	Speed: 2933 MT/s
	Serial Number: 2A35B489
	Part Number: 18ASF4G72PZ-2G9E1   
------------ The memory is ok next is coming ------------
	Locator: CPU1_DIMM_1
	Manufacturer: Micron
	Speed: 2933 MT/s
	Serial Number: F1C3B9B6
	Part Number: 18ASF4G72PZ-2G9E1   
------------ The memory is ok next is coming ------------
	Locator: CPU1_DIMM_2
	Manufacturer: Micron
	Speed: 2933 MT/s
	Serial Number: 2BA4F8BA
	Part Number: 18ASF4G72PZ-2G9E1   
------------ The memory is ok next is coming ------------
	Locator: CPU1_DIMM_3
	Manufacturer: Micron
	Speed: 2933 MT/s
	Serial Number: F1C3B696
	Part Number: 18ASF4G72PZ-2G9E1   
------------ The memory is ok next is coming ------------
	Locator: CPU1_DIMM_4
	Manufacturer: Micron
	Speed: 2933 MT/s
	Serial Number: 2BA4E9D0
	Part Number: 18ASF4G72PZ-2G9E1   
------------ The memory is ok next is coming ------------
	Locator: CPU1_DIMM_5
	Manufacturer: Micron
	Speed: 2933 MT/s
	Serial Number: 2771AEE8
	Part Number: 18ASF4G72PZ-2G9B1   
------------ The memory is ok next is coming ------------
	Locator: CPU1_DIMM_6
	Manufacturer: Micron
	Speed: 2933 MT/s
	Serial Number: 28E079D8
	Part Number: 18ASF4G72PZ-2G9E1   
------------ The memory is ok next is coming ------------
	Locator: CPU1_DIMM_7
	Manufacturer: Micron
	Speed: 2933 MT/s
	Serial Number: F189BE45
	Part Number: 18ASF4G72PZ-2G9E1   
------------ The memory is ok next is coming ------------
	Locator: CPU1_DIMM_8
	Manufacturer: Micron
	Speed: 2933 MT/s
	Serial Number: 2BA4EB50
	Part Number: 18ASF4G72PZ-2G9E1   
------------ The memory is ok next is coming ------------
	Locator: CPU1_DIMM_9
	Manufacturer: Micron
	Speed: 2933 MT/s
	Serial Number: F1B53BD7
	Part Number: 18ASF4G72PZ-2G9E1   
------------ The memory is ok next is coming ------------
	Locator: CPU1_DIMM_10
	Manufacturer: Micron
	Speed: 2933 MT/s
	Serial Number: F1C3B163
	Part Number: 18ASF4G72PZ-2G9E1   
------------ The memory is ok next is coming ------------
	Locator: CPU1_DIMM_11
	Manufacturer: Micron
	Speed: 2933 MT/s
	Serial Number: F1C3B842
	Part Number: 18ASF4G72PZ-2G9E1   
------------ The memory is ok next is coming ------------
	Locator: CPU1_DIMM_12
	Manufacturer: Micron
	Speed: 2933 MT/s
	Serial Number: 28E07A9B
	Part Number: 18ASF4G72PZ-2G9E1   
------------ The memory is ok next is coming ------------
------------ The memory physical number have 24 ------------
------------ mem info come ------------
	Locator: CPU0_DIMM_1
	Manufacturer: Micron
	Speed: 2933 MT/s
	Serial Number: 2A35A625
	Part Number: 18ASF4G72PZ-2G9E1   
------------ The memory is ok next is coming ------------
	Locator: CPU0_DIMM_2
	Manufacturer: Micron
	Speed: 2933 MT/s
	Serial Number: 2A359417
	Part Number: 18ASF4G72PZ-2G9E1   
------------ The memory is ok next is coming ------------
	Locator: CPU0_DIMM_3
	Manufacturer: Micron
	Speed: 2933 MT/s
	Serial Number: 2A35B4CB
	Part Number: 18ASF4G72PZ-2G9E1   
------------ The memory is ok next is coming ------------
	Locator: CPU0_DIMM_4
	Manufacturer: Micron
	Speed: 2933 MT/s
	Serial Number: 2A359604
	Part Number: 18ASF4G72PZ-2G9E1   
------------ The memory is ok next is coming ------------
	Locator: CPU0_DIMM_5
	Manufacturer: Micron
	Speed: 2933 MT/s
	Serial Number: 2BA4EB45
	Part Number: 18ASF4G72PZ-2G9E1   
------------ The memory is ok next is coming ------------
	Locator: CPU0_DIMM_6
	Manufacturer: Micron
	Speed: 2933 MT/s
	Serial Number: 2A35AC83
	Part Number: 18ASF4G72PZ-2G9E1   
------------ The memory is ok next is coming ------------
	Locator: CPU0_DIMM_7
	Manufacturer: Micron
	Speed: 2933 MT/s
	Serial Number: 2A359432
	Part Number: 18ASF4G72PZ-2G9E1   
------------ The memory is ok next is coming ------------
	Locator: CPU0_DIMM_8
	Manufacturer: Micron
	Speed: 2933 MT/s
	Serial Number: 2A35943A
	Part Number: 18ASF4G72PZ-2G9E1   
------------ The memory is ok next is coming ------------
	Locator: CPU0_DIMM_9
	Manufacturer: Micron
	Speed: 2933 MT/s
	Serial Number: 2A3587D5
	Part Number: 18ASF4G72PZ-2G9E1   
------------ The memory is ok next is coming ------------
	Locator: CPU0_DIMM_10
	Manufacturer: Micron
	Speed: 2933 MT/s
	Serial Number: 2A35AC6C
	Part Number: 18ASF4G72PZ-2G9E1   
------------ The memory is ok next is coming ------------
	Locator: CPU0_DIMM_11
	Manufacturer: Micron
	Speed: 2933 MT/s
	Serial Number: 2A35862A
	Part Number: 18ASF4G72PZ-2G9E1   
------------ The memory is ok next is coming ------------
	Locator: CPU0_DIMM_12
	Manufacturer: Micron
	Speed: 2933 MT/s
	Serial Number: 2A35B489
	Part Number: 18ASF4G72PZ-2G9E1   
------------ The memory is ok next is coming ------------
	Locator: CPU1_DIMM_1
	Manufacturer: Micron
	Speed: 2933 MT/s
	Serial Number: F1C3B9B6
	Part Number: 18ASF4G72PZ-2G9E1   
------------ The memory is ok next is coming ------------
	Locator: CPU1_DIMM_2
	Manufacturer: Micron
	Speed: 2933 MT/s
	Serial Number: 2BA4F8BA
	Part Number: 18ASF4G72PZ-2G9E1   
------------ The memory is ok next is coming ------------
	Locator: CPU1_DIMM_3
	Manufacturer: Micron
	Speed: 2933 MT/s
	Serial Number: F1C3B696
	Part Number: 18ASF4G72PZ-2G9E1   
------------ The memory is ok next is coming ------------
	Locator: CPU1_DIMM_4
	Manufacturer: Micron
	Speed: 2933 MT/s
	Serial Number: 2BA4E9D0
	Part Number: 18ASF4G72PZ-2G9E1   
------------ The memory is ok next is coming ------------
	Locator: CPU1_DIMM_5
	Manufacturer: Micron
	Speed: 2933 MT/s
	Serial Number: 2771AEE8
	Part Number: 18ASF4G72PZ-2G9B1   
------------ The memory is ok next is coming ------------
	Locator: CPU1_DIMM_6
	Manufacturer: Micron
	Speed: 2933 MT/s
	Serial Number: 28E079D8
	Part Number: 18ASF4G72PZ-2G9E1   
------------ The memory is ok next is coming ------------
	Locator: CPU1_DIMM_7
	Manufacturer: Micron
	Speed: 2933 MT/s
	Serial Number: F189BE45
	Part Number: 18ASF4G72PZ-2G9E1   
------------ The memory is ok next is coming ------------
	Locator: CPU1_DIMM_8
	Manufacturer: Micron
	Speed: 2933 MT/s
	Serial Number: 2BA4EB50
	Part Number: 18ASF4G72PZ-2G9E1   
------------ The memory is ok next is coming ------------
	Locator: CPU1_DIMM_9
	Manufacturer: Micron
	Speed: 2933 MT/s
	Serial Number: F1B53BD7
	Part Number: 18ASF4G72PZ-2G9E1   
------------ The memory is ok next is coming ------------
	Locator: CPU1_DIMM_10
	Manufacturer: Micron
	Speed: 2933 MT/s
	Serial Number: F1C3B163
	Part Number: 18ASF4G72PZ-2G9E1   
------------ The memory is ok next is coming ------------
	Locator: CPU1_DIMM_11
	Manufacturer: Micron
	Speed: 2933 MT/s
	Serial Number: F1C3B842
	Part Number: 18ASF4G72PZ-2G9E1   
------------ The memory is ok next is coming ------------
	Locator: CPU1_DIMM_12
	Manufacturer: Micron
	Speed: 2933 MT/s
	Serial Number: 28E07A9B
	Part Number: 18ASF4G72PZ-2G9E1   
------------ The memory is ok next is coming ------------
------------ The memory physical number have 24 ------------
------------ mem info come ------------
	Locator: CPU0_DIMM_1
	Manufacturer: Micron
	Speed: 2933 MT/s
	Serial Number: 2A35A625
	Part Number: 18ASF4G72PZ-2G9E1   
------------ The memory is ok next is coming ------------
	Locator: CPU0_DIMM_2
	Manufacturer: Micron
	Speed: 2933 MT/s
	Serial Number: 2A359417
	Part Number: 18ASF4G72PZ-2G9E1   
------------ The memory is ok next is coming ------------
	Locator: CPU0_DIMM_3
	Manufacturer: Micron
	Speed: 2933 MT/s
	Serial Number: 2A35B4CB
	Part Number: 18ASF4G72PZ-2G9E1   
------------ The memory is ok next is coming ------------
	Locator: CPU0_DIMM_4
	Manufacturer: Micron
	Speed: 2933 MT/s
	Serial Number: 2A359604
	Part Number: 18ASF4G72PZ-2G9E1   
------------ The memory is ok next is coming ------------
	Locator: CPU0_DIMM_5
	Manufacturer: Micron
	Speed: 2933 MT/s
	Serial Number: 2BA4EB45
	Part Number: 18ASF4G72PZ-2G9E1   
------------ The memory is ok next is coming ------------
	Locator: CPU0_DIMM_6
	Manufacturer: Micron
	Speed: 2933 MT/s
	Serial Number: 2A35AC83
	Part Number: 18ASF4G72PZ-2G9E1   
------------ The memory is ok next is coming ------------
	Locator: CPU0_DIMM_7
	Manufacturer: Micron
	Speed: 2933 MT/s
	Serial Number: 2A359432
	Part Number: 18ASF4G72PZ-2G9E1   
------------ The memory is ok next is coming ------------
	Locator: CPU0_DIMM_8
	Manufacturer: Micron
	Speed: 2933 MT/s
	Serial Number: 2A35943A
	Part Number: 18ASF4G72PZ-2G9E1   
------------ The memory is ok next is coming ------------
	Locator: CPU0_DIMM_9
	Manufacturer: Micron
	Speed: 2933 MT/s
	Serial Number: 2A3587D5
	Part Number: 18ASF4G72PZ-2G9E1   
------------ The memory is ok next is coming ------------
	Locator: CPU0_DIMM_10
	Manufacturer: Micron
	Speed: 2933 MT/s
	Serial Number: 2A35AC6C
	Part Number: 18ASF4G72PZ-2G9E1   
------------ The memory is ok next is coming ------------
	Locator: CPU0_DIMM_11
	Manufacturer: Micron
	Speed: 2933 MT/s
	Serial Number: 2A35862A
	Part Number: 18ASF4G72PZ-2G9E1   
------------ The memory is ok next is coming ------------
	Locator: CPU0_DIMM_12
	Manufacturer: Micron
	Speed: 2933 MT/s
	Serial Number: 2A35B489
	Part Number: 18ASF4G72PZ-2G9E1   
------------ The memory is ok next is coming ------------
	Locator: CPU1_DIMM_1
	Manufacturer: Micron
	Speed: 2933 MT/s
	Serial Number: F1C3B9B6
	Part Number: 18ASF4G72PZ-2G9E1   
------------ The memory is ok next is coming ------------
	Locator: CPU1_DIMM_2
	Manufacturer: Micron
	Speed: 2933 MT/s
	Serial Number: 2BA4F8BA
	Part Number: 18ASF4G72PZ-2G9E1   
------------ The memory is ok next is coming ------------
	Locator: CPU1_DIMM_3
	Manufacturer: Micron
	Speed: 2933 MT/s
	Serial Number: F1C3B696
	Part Number: 18ASF4G72PZ-2G9E1   
------------ The memory is ok next is coming ------------
	Locator: CPU1_DIMM_4
	Manufacturer: Micron
	Speed: 2933 MT/s
	Serial Number: 2BA4E9D0
	Part Number: 18ASF4G72PZ-2G9E1   
------------ The memory is ok next is coming ------------
	Locator: CPU1_DIMM_5
	Manufacturer: Micron
	Speed: 2933 MT/s
	Serial Number: 2771AEE8
	Part Number: 18ASF4G72PZ-2G9B1   
------------ The memory is ok next is coming ------------
	Locator: CPU1_DIMM_6
	Manufacturer: Micron
	Speed: 2933 MT/s
	Serial Number: 28E079D8
	Part Number: 18ASF4G72PZ-2G9E1   
------------ The memory is ok next is coming ------------
	Locator: CPU1_DIMM_7
	Manufacturer: Micron
	Speed: 2933 MT/s
	Serial Number: F189BE45
	Part Number: 18ASF4G72PZ-2G9E1   
------------ The memory is ok next is coming ------------
	Locator: CPU1_DIMM_8
	Manufacturer: Micron
	Speed: 2933 MT/s
	Serial Number: 2BA4EB50
	Part Number: 18ASF4G72PZ-2G9E1   
------------ The memory is ok next is coming ------------
	Locator: CPU1_DIMM_9
	Manufacturer: Micron
	Speed: 2933 MT/s
	Serial Number: F1B53BD7
	Part Number: 18ASF4G72PZ-2G9E1   
------------ The memory is ok next is coming ------------
	Locator: CPU1_DIMM_10
	Manufacturer: Micron
	Speed: 2933 MT/s
	Serial Number: F1C3B163
	Part Number: 18ASF4G72PZ-2G9E1   
------------ The memory is ok next is coming ------------
	Locator: CPU1_DIMM_11
	Manufacturer: Micron
	Speed: 2933 MT/s
	Serial Number: F1C3B842
	Part Number: 18ASF4G72PZ-2G9E1   
------------ The memory is ok next is coming ------------
	Locator: CPU1_DIMM_12
	Manufacturer: Micron
	Speed: 2933 MT/s
	Serial Number: 28E07A9B
	Part Number: 18ASF4G72PZ-2G9E1   
------------ The memory is ok next is coming ------------
------------ The memory physical number have 24 ------------
------------ mem info come ------------
	Locator: CPU0_DIMM_1
	Manufacturer: Micron
	Speed: 2933 MT/s
	Serial Number: 2A35A625
	Part Number: 18ASF4G72PZ-2G9E1   
------------ The memory is ok next is coming ------------
	Locator: CPU0_DIMM_2
	Manufacturer: Micron
	Speed: 2933 MT/s
	Serial Number: 2A359417
	Part Number: 18ASF4G72PZ-2G9E1   
------------ The memory is ok next is coming ------------
	Locator: CPU0_DIMM_3
	Manufacturer: Micron
	Speed: 2933 MT/s
	Serial Number: 2A35B4CB
	Part Number: 18ASF4G72PZ-2G9E1   
------------ The memory is ok next is coming ------------
	Locator: CPU0_DIMM_4
	Manufacturer: Micron
	Speed: 2933 MT/s
	Serial Number: 2A359604
	Part Number: 18ASF4G72PZ-2G9E1   
------------ The memory is ok next is coming ------------
	Locator: CPU0_DIMM_5
	Manufacturer: Micron
	Speed: 2933 MT/s
	Serial Number: 2BA4EB45
	Part Number: 18ASF4G72PZ-2G9E1   
------------ The memory is ok next is coming ------------
	Locator: CPU0_DIMM_6
	Manufacturer: Micron
	Speed: 2933 MT/s
	Serial Number: 2A35AC83
	Part Number: 18ASF4G72PZ-2G9E1   
------------ The memory is ok next is coming ------------
	Locator: CPU0_DIMM_7
	Manufacturer: Micron
	Speed: 2933 MT/s
	Serial Number: 2A359432
	Part Number: 18ASF4G72PZ-2G9E1   
------------ The memory is ok next is coming ------------
	Locator: CPU0_DIMM_8
	Manufacturer: Micron
	Speed: 2933 MT/s
	Serial Number: 2A35943A
	Part Number: 18ASF4G72PZ-2G9E1   
------------ The memory is ok next is coming ------------
	Locator: CPU0_DIMM_9
	Manufacturer: Micron
	Speed: 2933 MT/s
	Serial Number: 2A3587D5
	Part Number: 18ASF4G72PZ-2G9E1   
------------ The memory is ok next is coming ------------
	Locator: CPU0_DIMM_10
	Manufacturer: Micron
	Speed: 2933 MT/s
	Serial Number: 2A35AC6C
	Part Number: 18ASF4G72PZ-2G9E1   
------------ The memory is ok next is coming ------------
	Locator: CPU0_DIMM_11
	Manufacturer: Micron
	Speed: 2933 MT/s
	Serial Number: 2A35862A
	Part Number: 18ASF4G72PZ-2G9E1   
------------ The memory is ok next is coming ------------
	Locator: CPU0_DIMM_12
	Manufacturer: Micron
	Speed: 2933 MT/s
	Serial Number: 2A35B489
	Part Number: 18ASF4G72PZ-2G9E1   
------------ The memory is ok next is coming ------------
	Locator: CPU1_DIMM_1
	Manufacturer: Micron
	Speed: 2933 MT/s
	Serial Number: F1C3B9B6
	Part Number: 18ASF4G72PZ-2G9E1   
------------ The memory is ok next is coming ------------
	Locator: CPU1_DIMM_2
	Manufacturer: Micron
	Speed: 2933 MT/s
	Serial Number: 2BA4F8BA
	Part Number: 18ASF4G72PZ-2G9E1   
------------ The memory is ok next is coming ------------
	Locator: CPU1_DIMM_3
	Manufacturer: Micron
	Speed: 2933 MT/s
	Serial Number: F1C3B696
	Part Number: 18ASF4G72PZ-2G9E1   
------------ The memory is ok next is coming ------------
	Locator: CPU1_DIMM_4
	Manufacturer: Micron
	Speed: 2933 MT/s
	Serial Number: 2BA4E9D0
	Part Number: 18ASF4G72PZ-2G9E1   
------------ The memory is ok next is coming ------------
	Locator: CPU1_DIMM_5
	Manufacturer: Micron
	Speed: 2933 MT/s
	Serial Number: 2771AEE8
	Part Number: 18ASF4G72PZ-2G9B1   
------------ The memory is ok next is coming ------------
	Locator: CPU1_DIMM_6
	Manufacturer: Micron
	Speed: 2933 MT/s
	Serial Number: 28E079D8
	Part Number: 18ASF4G72PZ-2G9E1   
------------ The memory is ok next is coming ------------
	Locator: CPU1_DIMM_7
	Manufacturer: Micron
	Speed: 2933 MT/s
	Serial Number: F189BE45
	Part Number: 18ASF4G72PZ-2G9E1   
------------ The memory is ok next is coming ------------
	Locator: CPU1_DIMM_8
	Manufacturer: Micron
	Speed: 2933 MT/s
	Serial Number: 2BA4EB50
	Part Number: 18ASF4G72PZ-2G9E1   
------------ The memory is ok next is coming ------------
	Locator: CPU1_DIMM_9
	Manufacturer: Micron
	Speed: 2933 MT/s
	Serial Number: F1B53BD7
	Part Number: 18ASF4G72PZ-2G9E1   
------------ The memory is ok next is coming ------------
	Locator: CPU1_DIMM_10
	Manufacturer: Micron
	Speed: 2933 MT/s
	Serial Number: F1C3B163
	Part Number: 18ASF4G72PZ-2G9E1   
------------ The memory is ok next is coming ------------
	Locator: CPU1_DIMM_11
	Manufacturer: Micron
	Speed: 2933 MT/s
	Serial Number: F1C3B842
	Part Number: 18ASF4G72PZ-2G9E1   
------------ The memory is ok next is coming ------------
	Locator: CPU1_DIMM_12
	Manufacturer: Micron
	Speed: 2933 MT/s
	Serial Number: 28E07A9B
	Part Number: 18ASF4G72PZ-2G9E1   
------------ The memory is ok next is coming ------------
------------ The memory physical number have 24 ------------
------------ mem info come ------------
	Locator: CPU0_DIMM_1
	Manufacturer: Micron
	Speed: 2933 MT/s
	Serial Number: 2A35A625
	Part Number: 18ASF4G72PZ-2G9E1   
------------ The memory is ok next is coming ------------
	Locator: CPU0_DIMM_2
	Manufacturer: Micron
	Speed: 2933 MT/s
	Serial Number: 2A359417
	Part Number: 18ASF4G72PZ-2G9E1   
------------ The memory is ok next is coming ------------
	Locator: CPU0_DIMM_3
	Manufacturer: Micron
	Speed: 2933 MT/s
	Serial Number: 2A35B4CB
	Part Number: 18ASF4G72PZ-2G9E1   
------------ The memory is ok next is coming ------------
	Locator: CPU0_DIMM_4
	Manufacturer: Micron
	Speed: 2933 MT/s
	Serial Number: 2A359604
	Part Number: 18ASF4G72PZ-2G9E1   
------------ The memory is ok next is coming ------------
	Locator: CPU0_DIMM_5
	Manufacturer: Micron
	Speed: 2933 MT/s
	Serial Number: 2BA4EB45
	Part Number: 18ASF4G72PZ-2G9E1   
------------ The memory is ok next is coming ------------
	Locator: CPU0_DIMM_6
	Manufacturer: Micron
	Speed: 2933 MT/s
	Serial Number: 2A35AC83
	Part Number: 18ASF4G72PZ-2G9E1   
------------ The memory is ok next is coming ------------
	Locator: CPU0_DIMM_7
	Manufacturer: Micron
	Speed: 2933 MT/s
	Serial Number: 2A359432
	Part Number: 18ASF4G72PZ-2G9E1   
------------ The memory is ok next is coming ------------
	Locator: CPU0_DIMM_8
	Manufacturer: Micron
	Speed: 2933 MT/s
	Serial Number: 2A35943A
	Part Number: 18ASF4G72PZ-2G9E1   
------------ The memory is ok next is coming ------------
	Locator: CPU0_DIMM_9
	Manufacturer: Micron
	Speed: 2933 MT/s
	Serial Number: 2A3587D5
	Part Number: 18ASF4G72PZ-2G9E1   
------------ The memory is ok next is coming ------------
	Locator: CPU0_DIMM_10
	Manufacturer: Micron
	Speed: 2933 MT/s
	Serial Number: 2A35AC6C
	Part Number: 18ASF4G72PZ-2G9E1   
------------ The memory is ok next is coming ------------
	Locator: CPU0_DIMM_11
	Manufacturer: Micron
	Speed: 2933 MT/s
	Serial Number: 2A35862A
	Part Number: 18ASF4G72PZ-2G9E1   
------------ The memory is ok next is coming ------------
	Locator: CPU0_DIMM_12
	Manufacturer: Micron
	Speed: 2933 MT/s
	Serial Number: 2A35B489
	Part Number: 18ASF4G72PZ-2G9E1   
------------ The memory is ok next is coming ------------
	Locator: CPU1_DIMM_1
	Manufacturer: Micron
	Speed: 2933 MT/s
	Serial Number: F1C3B9B6
	Part Number: 18ASF4G72PZ-2G9E1   
------------ The memory is ok next is coming ------------
	Locator: CPU1_DIMM_2
	Manufacturer: Micron
	Speed: 2933 MT/s
	Serial Number: 2BA4F8BA
	Part Number: 18ASF4G72PZ-2G9E1   
------------ The memory is ok next is coming ------------
	Locator: CPU1_DIMM_3
	Manufacturer: Micron
	Speed: 2933 MT/s
	Serial Number: F1C3B696
	Part Number: 18ASF4G72PZ-2G9E1   
------------ The memory is ok next is coming ------------
	Locator: CPU1_DIMM_4
	Manufacturer: Micron
	Speed: 2933 MT/s
	Serial Number: 2BA4E9D0
	Part Number: 18ASF4G72PZ-2G9E1   
------------ The memory is ok next is coming ------------
	Locator: CPU1_DIMM_5
	Manufacturer: Micron
	Speed: 2933 MT/s
	Serial Number: 2771AEE8
	Part Number: 18ASF4G72PZ-2G9B1   
------------ The memory is ok next is coming ------------
	Locator: CPU1_DIMM_6
	Manufacturer: Micron
	Speed: 2933 MT/s
	Serial Number: 28E079D8
	Part Number: 18ASF4G72PZ-2G9E1   
------------ The memory is ok next is coming ------------
	Locator: CPU1_DIMM_7
	Manufacturer: Micron
	Speed: 2933 MT/s
	Serial Number: F189BE45
	Part Number: 18ASF4G72PZ-2G9E1   
------------ The memory is ok next is coming ------------
	Locator: CPU1_DIMM_8
	Manufacturer: Micron
	Speed: 2933 MT/s
	Serial Number: 2BA4EB50
	Part Number: 18ASF4G72PZ-2G9E1   
------------ The memory is ok next is coming ------------
	Locator: CPU1_DIMM_9
	Manufacturer: Micron
	Speed: 2933 MT/s
	Serial Number: F1B53BD7
	Part Number: 18ASF4G72PZ-2G9E1   
------------ The memory is ok next is coming ------------
	Locator: CPU1_DIMM_10
	Manufacturer: Micron
	Speed: 2933 MT/s
	Serial Number: F1C3B163
	Part Number: 18ASF4G72PZ-2G9E1   
------------ The memory is ok next is coming ------------
	Locator: CPU1_DIMM_11
	Manufacturer: Micron
	Speed: 2933 MT/s
	Serial Number: F1C3B842
	Part Number: 18ASF4G72PZ-2G9E1   
------------ The memory is ok next is coming ------------
	Locator: CPU1_DIMM_12
	Manufacturer: Micron
	Speed: 2933 MT/s
	Serial Number: 28E07A9B
	Part Number: 18ASF4G72PZ-2G9E1   
------------ The memory is ok next is coming ------------
