mytest_9: (g=0): rw=randrw, bs=(R) 16.0KiB-16.0KiB, (W) 16.0KiB-16.0KiB, (T) 16.0KiB-16.0KiB, ioengine=psync, iodepth=1
...
fio-3.7
Starting 10 threads
fio: io_u error on file /dev/sdj: Input/output error: read offset=208633856, buflen=16384
fio: io_u error on file /dev/sdj: Input/output error: read offset=1001144320, buflen=16384
fio: io_u error on file /dev/sdj: Input/output error: read offset=199835648, buflen=16384
fio: io_u error on file /dev/sdj: Input/output error: read offset=897761280, buflen=16384
fio: pid=133022, err=5/file:io_u.c:1747, func=io_u error, error=Input/output error
fio: io_u error on file /dev/sdj: Input/output error: read offset=265289728, buflen=16384
fio: pid=133035, err=5/file:io_u.c:1747, func=io_u error, error=Input/output error
fio: io_u error on file /dev/sdj: Input/output error: write offset=461062144, buflen=16384
fio: pid=133047, err=5/file:io_u.c:1747, func=io_u error, error=Input/output error
fio: pid=133027, err=5/file:io_u.c:1747, func=io_u error, error=Input/output error
fio: io_u error on file /dev/sdj: Input/output error: read offset=879296512, buflen=16384
fio: io_u error on file /dev/sdj: Input/output error: write offset=67141632, buflen=16384
fio: pid=133066, err=5/file:io_u.c:1747, func=io_u error, error=Input/output error
fio: pid=133063, err=5/file:io_u.c:1747, func=io_u error, error=Input/output error
fio: io_u error on file /dev/sdj: Input/output error: read offset=740966400, buflen=16384
fio: pid=133058, err=5/file:io_u.c:1747, func=io_u error, error=Input/output error
fio: pid=133039, err=5/file:io_u.c:1747, func=io_u error, error=Input/output error
fio: io_u error on file /dev/sdj: Input/output error: read offset=580354048, buflen=16384
fio: pid=133053, err=5/file:io_u.c:1747, func=io_u error, error=Input/output error
fio: pid=133042, err=5/file:io_u.c:1747, func=io_u error, error=Input/output error

mytest_9: (groupid=0, jobs=10): err= 5 (file:io_u.c:1747, func=io_u error, error=Input/output error): pid=133022: Mon May 16 23:54:19 2022
   read: IOPS=308, BW=4928KiB/s (5047kB/s)(945MiB/196408msec)
    clat (usec): min=51, max=1869.4k, avg=26737.91, stdev=74156.14
     lat (usec): min=51, max=1869.4k, avg=26738.02, stdev=74156.15
    clat percentiles (usec):
     |  1.00th=[    253],  5.00th=[    832], 10.00th=[   1582],
     | 20.00th=[   3654], 30.00th=[   5800], 40.00th=[   8029],
     | 50.00th=[  10421], 60.00th=[  15008], 70.00th=[  21103],
     | 80.00th=[  32113], 90.00th=[  58459], 95.00th=[ 101188],
     | 99.00th=[ 196084], 99.50th=[ 254804], 99.90th=[1384121],
     | 99.95th=[1535116], 99.99th=[1686111]
   bw (  KiB/s): min=   31, max= 1280, per=12.21%, avg=601.72, stdev=243.08, samples=3217
   iops        : min=    1, max=   80, avg=37.57, stdev=15.20, samples=3217
  write: IOPS=310, BW=4973KiB/s (5092kB/s)(954MiB/196408msec)
    clat (usec): min=174, max=1858.5k, avg=5531.53, stdev=71434.96
     lat (usec): min=175, max=1858.5k, avg=5532.45, stdev=71434.98
    clat percentiles (usec):
     |  1.00th=[    219],  5.00th=[    265], 10.00th=[    322],
     | 20.00th=[    478], 30.00th=[    742], 40.00th=[    865],
     | 50.00th=[   1029], 60.00th=[   1172], 70.00th=[   1385],
     | 80.00th=[   1680], 90.00th=[   2376], 95.00th=[   3294],
     | 99.00th=[  17171], 99.50th=[  47973], 99.90th=[1400898],
     | 99.95th=[1619002], 99.99th=[1686111]
   bw (  KiB/s): min=   31, max= 1728, per=12.17%, avg=605.06, stdev=303.72, samples=3228
   iops        : min=    1, max=  108, avg=37.78, stdev=18.99, samples=3228
  lat (usec)   : 100=0.06%, 250=2.21%, 500=9.61%, 750=5.60%, 1000=9.94%
  lat (msec)   : 2=21.33%, 4=10.53%, 10=14.27%, 20=10.42%, 50=9.74%
  lat (msec)   : 100=3.56%, 250=2.31%, 500=0.14%, 750=0.01%, 1000=0.05%
  cpu          : usr=0.02%, sys=0.09%, ctx=121569, majf=0, minf=13
  IO depths    : 1=100.0%, 2=0.0%, 4=0.0%, 8=0.0%, 16=0.0%, 32=0.0%, >=64=0.0%
     submit    : 0=0.0%, 4=100.0%, 8=0.0%, 16=0.0%, 32=0.0%, 64=0.0%, >=64=0.0%
     complete  : 0=0.1%, 4=100.0%, 8=0.0%, 16=0.0%, 32=0.0%, 64=0.0%, >=64=0.0%
     issued rwts: total=60507,61044,0,0 short=0,0,0,0 dropped=0,0,0,0
     latency   : target=0, window=0, percentile=100.00%, depth=1

Run status group 0 (all jobs):
   READ: bw=4928KiB/s (5047kB/s), 4928KiB/s-4928KiB/s (5047kB/s-5047kB/s), io=945MiB (991MB), run=196408-196408msec
  WRITE: bw=4973KiB/s (5092kB/s), 4973KiB/s-4973KiB/s (5092kB/s-5092kB/s), io=954MiB (1000MB), run=196408-196408msec

Disk stats (read/write):
  sdj: ios=60705/61199, merge=0/0, ticks=1777417/495470, in_queue=2278980, util=100.00%
======================== Data disk NO.9 End =========================
========= Data Disk NO.9 Read And Write Begin  2022-05-16 23:54:46 ==========
mytest_9: (g=0): rw=randrw, bs=(R) 16.0KiB-16.0KiB, (W) 16.0KiB-16.0KiB, (T) 16.0KiB-16.0KiB, ioengine=psync, iodepth=1
...
fio-3.7
Starting 10 threads

mytest_9: (groupid=0, jobs=10): err= 0: pid=134559: Mon May 16 23:55:18 2022
   read: IOPS=5, BW=93.4KiB/s (95.6kB/s)(2832KiB/30327msec)
    clat (msec): min=250, max=957, avg=745.09, stdev=174.51
     lat (msec): min=250, max=957, avg=745.09, stdev=174.51
    clat percentiles (msec):
     |  1.00th=[  253],  5.00th=[  468], 10.00th=[  468], 20.00th=[  667],
     | 30.00th=[  701], 40.00th=[  701], 50.00th=[  709], 60.00th=[  709],
     | 70.00th=[  927], 80.00th=[  936], 90.00th=[  944], 95.00th=[  944],
     | 99.00th=[  961], 99.50th=[  961], 99.90th=[  961], 99.95th=[  961],
     | 99.99th=[  961]
   bw (  KiB/s): min=   31, max=   64, per=34.59%, avg=32.17, stdev= 2.42, samples=175
   iops        : min=    1, max=    4, avg= 1.99, stdev= 0.20, samples=175
  write: IOPS=7, BW=119KiB/s (122kB/s)(3600KiB/30327msec)
    clat (msec): min=222, max=1157, avg=749.74, stdev=194.46
     lat (msec): min=222, max=1157, avg=749.74, stdev=194.46
    clat percentiles (msec):
     |  1.00th=[  234],  5.00th=[  447], 10.00th=[  468], 20.00th=[  634],
     | 30.00th=[  701], 40.00th=[  701], 50.00th=[  701], 60.00th=[  911],
     | 70.00th=[  927], 80.00th=[  936], 90.00th=[  936], 95.00th=[  936],
     | 99.00th=[ 1053], 99.50th=[ 1150], 99.90th=[ 1150], 99.95th=[ 1150],
     | 99.99th=[ 1150]
   bw (  KiB/s): min=   31, max=   64, per=27.35%, avg=32.27, stdev= 3.09, samples=214
   iops        : min=    1, max=    4, avg= 1.99, stdev= 0.26, samples=214
  lat (msec)   : 250=2.49%, 500=12.94%, 750=43.53%, 1000=40.30%
  cpu          : usr=0.00%, sys=0.00%, ctx=414, majf=0, minf=8
  IO depths    : 1=100.0%, 2=0.0%, 4=0.0%, 8=0.0%, 16=0.0%, 32=0.0%, >=64=0.0%
     submit    : 0=0.0%, 4=100.0%, 8=0.0%, 16=0.0%, 32=0.0%, 64=0.0%, >=64=0.0%
     complete  : 0=0.0%, 4=100.0%, 8=0.0%, 16=0.0%, 32=0.0%, 64=0.0%, >=64=0.0%
     issued rwts: total=177,225,0,0 short=0,0,0,0 dropped=0,0,0,0
     latency   : target=0, window=0, percentile=100.00%, depth=1

Run status group 0 (all jobs):
   READ: bw=93.4KiB/s (95.6kB/s), 93.4KiB/s-93.4KiB/s (95.6kB/s-95.6kB/s), io=2832KiB (2900kB), run=30327-30327msec
  WRITE: bw=119KiB/s (122kB/s), 119KiB/s-119KiB/s (122kB/s-122kB/s), io=3600KiB (3686kB), run=30327-30327msec

Disk stats (read/write):
  sdj: ios=188/217, merge=0/0, ticks=141497/162194, in_queue=311789, util=98.71%
======================== Data disk NO.9 End =========================
