mytest_3: (g=0): rw=randrw, bs=(R) 16.0KiB-16.0KiB, (W) 16.0KiB-16.0KiB, (T) 16.0KiB-16.0KiB, ioengine=psync, iodepth=1
...
fio-3.7
Starting 10 threads
fio: io_u error on file /dev/sdd: Input/output error: read offset=918585344, buflen=16384
fio: io_u error on file /dev/sdd: Input/output error: read offset=971309056, buflen=16384
fio: io_u error on file /dev/sdd: Input/output error: write offset=363544576, buflen=16384
fio: io_u error on file /dev/sdd: Input/output error: read offset=569884672, buflen=16384
fio: io_u error on file /dev/sdd: Input/output error: read offset=432373760, buflen=16384
fio: pid=132439, err=5/file:io_u.c:1747, func=io_u error, error=Input/output error
fio: pid=132368, err=5/file:io_u.c:1747, func=io_u error, error=Input/output error
fio: pid=132481, err=5/file:io_u.c:1747, func=io_u error, error=Input/output error
fio: io_u error on file /dev/sdd: Input/output error: write offset=839139328, buflen=16384
fio: pid=132699, err=5/file:io_u.c:1747, func=io_u error, error=Input/output error
fio: pid=132524, err=5/file:io_u.c:1747, func=io_u error, error=Input/output error
fio: io_u error on file /dev/sdd: Input/output error: read offset=973651968, buflen=16384
fio: pid=132726, err=5/file:io_u.c:1747, func=io_u error, error=Input/output error
fio: pid=132478, err=5/file:io_u.c:1747, func=io_u error, error=Input/output error
fio: io_u error on file /dev/sdd: Input/output error: read offset=870531072, buflen=16384
fio: pid=132608, err=5/file:io_u.c:1747, func=io_u error, error=Input/output error
fio: io_u error on file /dev/sdd: Input/output error: read offset=497598464, buflen=16384
fio: pid=132376, err=5/file:io_u.c:1747, func=io_u error, error=Input/output error
fio: io_u error on file /dev/sdd: Input/output error: write offset=472104960, buflen=16384
fio: pid=132710, err=5/file:io_u.c:1747, func=io_u error, error=Input/output error

mytest_3: (groupid=0, jobs=10): err= 5 (file:io_u.c:1747, func=io_u error, error=Input/output error): pid=132368: Mon May 16 23:54:11 2022
   read: IOPS=317, BW=5085KiB/s (5207kB/s)(939MiB/189112msec)
    clat (usec): min=134, max=1847.3k, avg=26471.74, stdev=72085.65
     lat (usec): min=134, max=1847.3k, avg=26471.85, stdev=72085.65
    clat percentiles (usec):
     |  1.00th=[    269],  5.00th=[    881], 10.00th=[   1680],
     | 20.00th=[   3621], 30.00th=[   5800], 40.00th=[   7963],
     | 50.00th=[  10290], 60.00th=[  14746], 70.00th=[  20841],
     | 80.00th=[  31851], 90.00th=[  60031], 95.00th=[ 100140],
     | 99.00th=[ 193987], 99.50th=[ 250610], 99.90th=[1350566],
     | 99.95th=[1602225], 99.99th=[1702888]
   bw (  KiB/s): min=   31, max= 1376, per=11.95%, avg=607.44, stdev=237.66, samples=3166
   iops        : min=    1, max=   86, avg=37.92, stdev=14.86, samples=3166
  write: IOPS=320, BW=5132KiB/s (5255kB/s)(948MiB/189112msec)
    clat (usec): min=175, max=1858.6k, avg=4707.35, stdev=63255.24
     lat (usec): min=175, max=1858.6k, avg=4707.86, stdev=63255.26
    clat percentiles (usec):
     |  1.00th=[    223],  5.00th=[    273], 10.00th=[    334],
     | 20.00th=[    510], 30.00th=[    766], 40.00th=[    881],
     | 50.00th=[   1057], 60.00th=[   1205], 70.00th=[   1418],
     | 80.00th=[   1729], 90.00th=[   2409], 95.00th=[   3261],
     | 99.00th=[  14091], 99.50th=[  31327], 99.90th=[1166017],
     | 99.95th=[1434452], 99.99th=[1619002]
   bw (  KiB/s): min=   31, max= 1920, per=11.89%, avg=610.12, stdev=301.09, samples=3181
   iops        : min=    1, max=  120, avg=38.09, stdev=18.83, samples=3181
  lat (usec)   : 250=1.87%, 500=9.20%, 750=5.37%, 1000=9.98%
  lat (msec)   : 2=21.80%, 4=11.24%, 10=14.37%, 20=10.41%, 50=9.45%
  lat (msec)   : 100=3.63%, 250=2.29%, 500=0.15%, 750=0.02%, 1000=0.03%
  cpu          : usr=0.02%, sys=0.10%, ctx=120824, majf=0, minf=16
  IO depths    : 1=100.0%, 2=0.0%, 4=0.0%, 8=0.0%, 16=0.0%, 32=0.0%, >=64=0.0%
     submit    : 0=0.0%, 4=100.0%, 8=0.0%, 16=0.0%, 32=0.0%, 64=0.0%, >=64=0.0%
     complete  : 0=0.1%, 4=100.0%, 8=0.0%, 16=0.0%, 32=0.0%, 64=0.0%, >=64=0.0%
     issued rwts: total=60114,60661,0,0 short=0,0,0,0 dropped=0,0,0,0
     latency   : target=0, window=0, percentile=100.00%, depth=1

Run status group 0 (all jobs):
   READ: bw=5085KiB/s (5207kB/s), 5085KiB/s-5085KiB/s (5207kB/s-5207kB/s), io=939MiB (985MB), run=189112-189112msec
  WRITE: bw=5132KiB/s (5255kB/s), 5132KiB/s-5132KiB/s (5255kB/s-5255kB/s), io=948MiB (994MB), run=189112-189112msec

Disk stats (read/write):
  sdd: ios=60290/60821, merge=0/0, ticks=1774586/444661, in_queue=2231741, util=99.98%
======================== Data disk NO.3 End =========================
========= Data Disk NO.3 Read And Write Begin  2022-05-16 23:54:46 ==========
mytest_3: (g=0): rw=randrw, bs=(R) 16.0KiB-16.0KiB, (W) 16.0KiB-16.0KiB, (T) 16.0KiB-16.0KiB, ioengine=psync, iodepth=1
...
fio-3.7
Starting 10 threads

mytest_3: (groupid=0, jobs=10): err= 0: pid=134560: Mon May 16 23:55:18 2022
   read: IOPS=6, BW=98.7KiB/s (101kB/s)(2992KiB/30312msec)
    clat (msec): min=249, max=1157, avg=728.27, stdev=169.44
     lat (msec): min=249, max=1157, avg=728.27, stdev=169.44
    clat percentiles (msec):
     |  1.00th=[  251],  5.00th=[  464], 10.00th=[  468], 20.00th=[  634],
     | 30.00th=[  701], 40.00th=[  701], 50.00th=[  701], 60.00th=[  709],
     | 70.00th=[  911], 80.00th=[  936], 90.00th=[  944], 95.00th=[  944],
     | 99.00th=[  961], 99.50th=[ 1150], 99.90th=[ 1150], 99.95th=[ 1150],
     | 99.99th=[ 1150]
   bw (  KiB/s): min=   31, max=   63, per=32.78%, avg=32.12, stdev= 2.32, samples=181
   iops        : min=    1, max=    3, avg= 1.96, stdev= 0.23, samples=181
  write: IOPS=7, BW=122KiB/s (125kB/s)(3696KiB/30312msec)
    clat (msec): min=202, max=1146, avg=712.03, stdev=189.89
     lat (msec): min=202, max=1146, avg=712.03, stdev=189.89
    clat percentiles (msec):
     |  1.00th=[  213],  5.00th=[  251], 10.00th=[  468], 20.00th=[  600],
     | 30.00th=[  693], 40.00th=[  701], 50.00th=[  701], 60.00th=[  701],
     | 70.00th=[  911], 80.00th=[  936], 90.00th=[  936], 95.00th=[  936],
     | 99.00th=[  944], 99.50th=[  944], 99.90th=[ 1150], 99.95th=[ 1150],
     | 99.99th=[ 1150]
   bw (  KiB/s): min=   31, max=   64, per=26.85%, avg=32.49, stdev= 4.25, samples=222
   iops        : min=    1, max=    4, avg= 1.95, stdev= 0.38, samples=222
  lat (msec)   : 250=1.67%, 500=16.03%, 750=50.96%, 1000=30.86%
  cpu          : usr=0.00%, sys=0.00%, ctx=456, majf=0, minf=9
  IO depths    : 1=100.0%, 2=0.0%, 4=0.0%, 8=0.0%, 16=0.0%, 32=0.0%, >=64=0.0%
     submit    : 0=0.0%, 4=100.0%, 8=0.0%, 16=0.0%, 32=0.0%, 64=0.0%, >=64=0.0%
     complete  : 0=0.0%, 4=100.0%, 8=0.0%, 16=0.0%, 32=0.0%, 64=0.0%, >=64=0.0%
     issued rwts: total=187,231,0,0 short=0,0,0,0 dropped=0,0,0,0
     latency   : target=0, window=0, percentile=100.00%, depth=1

Run status group 0 (all jobs):
   READ: bw=98.7KiB/s (101kB/s), 98.7KiB/s-98.7KiB/s (101kB/s-101kB/s), io=2992KiB (3064kB), run=30312-30312msec
  WRITE: bw=122KiB/s (125kB/s), 122KiB/s-122KiB/s (125kB/s-125kB/s), io=3696KiB (3785kB), run=30312-30312msec

Disk stats (read/write):
  sdd: ios=195/226, merge=0/0, ticks=144817/161203, in_queue=312195, util=98.68%
======================== Data disk NO.3 End =========================
