mytest_7: (g=0): rw=randrw, bs=(R) 16.0KiB-16.0KiB, (W) 16.0KiB-16.0KiB, (T) 16.0KiB-16.0KiB, ioengine=psync, iodepth=1
...
fio-3.7
Starting 10 threads
fio: io_u error on file /dev/sdh: Input/output error: write offset=175374336, buflen=16384
fio: io_u error on file /dev/sdh: Input/output error: read offset=330399744, buflen=16384
fio: io_u error on file /dev/sdh: Input/output error: read offset=653672448, buflen=16384
fio: pid=132474, err=5/file:io_u.c:1747, func=io_u error, error=Input/output error
fio: io_u error on file /dev/sdh: Input/output error: read offset=694468608, buflen=16384
fio: io_u error on file /dev/sdh: Input/output error: write offset=255868928, buflen=16384
fio: pid=132187, err=5/file:io_u.c:1747, func=io_u error, error=Input/output error
fio: pid=132185, err=5/file:io_u.c:1747, func=io_u error, error=Input/output error
fio: io_u error on file /dev/sdh: Input/output error: write offset=481345536, buflen=16384
fio: io_u error on file /dev/sdh: Input/output error: read offset=756744192, buflen=16384
fio: pid=132420, err=5/file:io_u.c:1747, func=io_u error, error=Input/output error
fio: pid=132455, err=5/file:io_u.c:1747, func=io_u error, error=Input/output error
fio: pid=132373, err=5/file:io_u.c:1747, func=io_u error, error=Input/output error
fio: io_u error on file /dev/sdh: Input/output error: read offset=440221696, buflen=16384
fio: pid=132357, err=5/file:io_u.c:1747, func=io_u error, error=Input/output error
fio: io_u error on file /dev/sdh: Input/output error: write offset=679215104, buflen=16384
fio: pid=132356, err=5/file:io_u.c:1747, func=io_u error, error=Input/output error
fio: pid=132361, err=5/file:io_u.c:1747, func=io_u error, error=Input/output error
fio: io_u error on file /dev/sdh: Input/output error: read offset=67649536, buflen=16384
fio: pid=132314, err=5/file:io_u.c:1747, func=io_u error, error=Input/output error

mytest_7: (groupid=0, jobs=10): err= 5 (file:io_u.c:1747, func=io_u error, error=Input/output error): pid=132185: Mon May 16 23:54:17 2022
   read: IOPS=303, BW=4862KiB/s (4978kB/s)(925MiB/194825msec)
    clat (usec): min=48, max=1736.0k, avg=27179.19, stdev=73854.54
     lat (usec): min=48, max=1736.0k, avg=27179.31, stdev=73854.55
    clat percentiles (usec):
     |  1.00th=[    245],  5.00th=[    807], 10.00th=[   1598],
     | 20.00th=[   3621], 30.00th=[   5866], 40.00th=[   8094],
     | 50.00th=[  10552], 60.00th=[  15270], 70.00th=[  21627],
     | 80.00th=[  33424], 90.00th=[  61604], 95.00th=[ 103285],
     | 99.00th=[ 198181], 99.50th=[ 250610], 99.90th=[1384121],
     | 99.95th=[1619002], 99.99th=[1719665]
   bw (  KiB/s): min=   31, max= 1280, per=12.23%, avg=594.55, stdev=233.14, samples=3186
   iops        : min=    1, max=   80, avg=37.13, stdev=14.58, samples=3186
  write: IOPS=306, BW=4909KiB/s (5026kB/s)(934MiB/194825msec)
    clat (usec): min=171, max=1904.5k, avg=5461.14, stdev=71407.68
     lat (usec): min=172, max=1904.5k, avg=5461.95, stdev=71407.70
    clat percentiles (usec):
     |  1.00th=[    217],  5.00th=[    262], 10.00th=[    314],
     | 20.00th=[    461], 30.00th=[    725], 40.00th=[    848],
     | 50.00th=[   1004], 60.00th=[   1156], 70.00th=[   1352],
     | 80.00th=[   1631], 90.00th=[   2311], 95.00th=[   3195],
     | 99.00th=[  14615], 99.50th=[  39060], 99.90th=[1400898],
     | 99.95th=[1619002], 99.99th=[1702888]
   bw (  KiB/s): min=   31, max= 1728, per=12.15%, avg=596.33, stdev=301.34, samples=3207
   iops        : min=    1, max=  108, avg=37.24, stdev=18.83, samples=3207
  lat (usec)   : 50=0.01%, 100=0.06%, 250=2.43%, 500=9.82%, 750=5.70%
  lat (usec)   : 1000=10.17%
  lat (msec)   : 2=20.93%, 4=10.27%, 10=14.09%, 20=10.24%, 50=9.69%
  lat (msec)   : 100=3.75%, 250=2.43%, 500=0.13%, 750=0.01%, 1000=0.04%
  cpu          : usr=0.02%, sys=0.10%, ctx=119008, majf=0, minf=21
  IO depths    : 1=100.0%, 2=0.0%, 4=0.0%, 8=0.0%, 16=0.0%, 32=0.0%, >=64=0.0%
     submit    : 0=0.0%, 4=100.0%, 8=0.0%, 16=0.0%, 32=0.0%, 64=0.0%, >=64=0.0%
     complete  : 0=0.1%, 4=100.0%, 8=0.0%, 16=0.0%, 32=0.0%, 64=0.0%, >=64=0.0%
     issued rwts: total=59206,59773,0,0 short=0,0,0,0 dropped=0,0,0,0
     latency   : target=0, window=0, percentile=100.00%, depth=1

Run status group 0 (all jobs):
   READ: bw=4862KiB/s (4978kB/s), 4862KiB/s-4862KiB/s (4978kB/s-4978kB/s), io=925MiB (970MB), run=194825-194825msec
  WRITE: bw=4909KiB/s (5026kB/s), 4909KiB/s-4909KiB/s (5026kB/s-5026kB/s), io=934MiB (979MB), run=194825-194825msec

Disk stats (read/write):
  sdh: ios=59382/59932, merge=0/0, ticks=1767884/488265, in_queue=2264143, util=99.76%
======================== Data disk NO.7 End =========================
========= Data Disk NO.7 Read And Write Begin  2022-05-16 23:54:46 ==========
mytest_7: (g=0): rw=randrw, bs=(R) 16.0KiB-16.0KiB, (W) 16.0KiB-16.0KiB, (T) 16.0KiB-16.0KiB, ioengine=psync, iodepth=1
...
fio-3.7
Starting 10 threads

mytest_7: (groupid=0, jobs=10): err= 0: pid=134757: Mon May 16 23:55:18 2022
   read: IOPS=5, BW=93.9KiB/s (96.2kB/s)(2832KiB/30146msec)
    clat (msec): min=210, max=1060, avg=751.92, stdev=171.94
     lat (msec): min=210, max=1060, avg=751.92, stdev=171.94
    clat percentiles (msec):
     |  1.00th=[  228],  5.00th=[  451], 10.00th=[  498], 20.00th=[  693],
     | 30.00th=[  701], 40.00th=[  701], 50.00th=[  709], 60.00th=[  726],
     | 70.00th=[  927], 80.00th=[  936], 90.00th=[  944], 95.00th=[  944],
     | 99.00th=[  961], 99.50th=[ 1062], 99.90th=[ 1062], 99.95th=[ 1062],
     | 99.99th=[ 1062]
   bw (  KiB/s): min=   31, max=   32, per=34.38%, avg=31.97, stdev= 0.17, samples=174
   iops        : min=    1, max=    2, avg= 1.97, stdev= 0.17, samples=174
  write: IOPS=7, BW=118KiB/s (121kB/s)(3552KiB/30146msec)
    clat (msec): min=223, max=1153, avg=755.23, stdev=196.88
     lat (msec): min=223, max=1153, avg=755.23, stdev=196.88
    clat percentiles (msec):
     |  1.00th=[  224],  5.00th=[  249], 10.00th=[  468], 20.00th=[  693],
     | 30.00th=[  701], 40.00th=[  701], 50.00th=[  709], 60.00th=[  911],
     | 70.00th=[  927], 80.00th=[  936], 90.00th=[  936], 95.00th=[  936],
     | 99.00th=[  936], 99.50th=[  944], 99.90th=[ 1150], 99.95th=[ 1150],
     | 99.99th=[ 1150]
   bw (  KiB/s): min=   31, max=   64, per=27.96%, avg=32.71, stdev= 4.90, samples=210
   iops        : min=    1, max=    4, avg= 2.00, stdev= 0.38, samples=210
  lat (msec)   : 250=5.51%, 500=5.51%, 750=46.87%, 1000=41.60%
  cpu          : usr=0.00%, sys=0.00%, ctx=423, majf=0, minf=10
  IO depths    : 1=100.0%, 2=0.0%, 4=0.0%, 8=0.0%, 16=0.0%, 32=0.0%, >=64=0.0%
     submit    : 0=0.0%, 4=100.0%, 8=0.0%, 16=0.0%, 32=0.0%, 64=0.0%, >=64=0.0%
     complete  : 0=0.0%, 4=100.0%, 8=0.0%, 16=0.0%, 32=0.0%, 64=0.0%, >=64=0.0%
     issued rwts: total=177,222,0,0 short=0,0,0,0 dropped=0,0,0,0
     latency   : target=0, window=0, percentile=100.00%, depth=1

Run status group 0 (all jobs):
   READ: bw=93.9KiB/s (96.2kB/s), 93.9KiB/s-93.9KiB/s (96.2kB/s-96.2kB/s), io=2832KiB (2900kB), run=30146-30146msec
  WRITE: bw=118KiB/s (121kB/s), 118KiB/s-118KiB/s (121kB/s-121kB/s), io=3552KiB (3637kB), run=30146-30146msec

Disk stats (read/write):
  sdh: ios=180/215, merge=0/0, ticks=134063/163501, in_queue=303511, util=100.00%
======================== Data disk NO.7 End =========================
