mytest_11: (g=0): rw=randrw, bs=(R) 16.0KiB-16.0KiB, (W) 16.0KiB-16.0KiB, (T) 16.0KiB-16.0KiB, ioengine=psync, iodepth=1
...
fio-3.7
Starting 10 threads
fio: io_u error on file /dev/sdl: Input/output error: read offset=894009344, buflen=16384
fio: io_u error on file /dev/sdl: Input/output error: read offset=601489408, buflen=16384
fio: io_u error on file /dev/sdl: Input/output error: read offset=98549760, buflen=16384
fio: io_u error on file /dev/sdl: Input/output error: write offset=773029888, buflen=16384
fio: pid=132842, err=5/file:io_u.c:1747, func=io_u error, error=Input/output error
fio: io_u error on file /dev/sdl: Input/output error: read offset=646905856, buflen=16384
fio: io_u error on file /dev/sdl: Input/output error: write offset=1064353792, buflen=16384
fio: pid=132830, err=5/file:io_u.c:1747, func=io_u error, error=Input/output error
fio: io_u error on file /dev/sdl: Input/output error: read offset=198901760, buflen=16384
fio: pid=132934, err=5/file:io_u.c:1747, func=io_u error, error=Input/output error
fio: pid=132837, err=5/file:io_u.c:1747, func=io_u error, error=Input/output error
fio: io_u error on file /dev/sdl: Input/output error: read offset=735936512, buflen=16384
fio: pid=132891, err=5/file:io_u.c:1747, func=io_u error, error=Input/output error
fio: io_u error on file /dev/sdl: Input/output error: read offset=752893952, buflen=16384
fio: pid=132833, err=5/file:io_u.c:1747, func=io_u error, error=Input/output error
fio: pid=132822, err=5/file:io_u.c:1747, func=io_u error, error=Input/output error
fio: pid=132864, err=5/file:io_u.c:1747, func=io_u error, error=Input/output error
fio: io_u error on file /dev/sdl: Input/output error: write offset=39862272, buflen=16384
fio: pid=132885, err=5/file:io_u.c:1747, func=io_u error, error=Input/output error
fio: pid=132980, err=5/file:io_u.c:1747, func=io_u error, error=Input/output error

mytest_11: (groupid=0, jobs=10): err= 5 (file:io_u.c:1747, func=io_u error, error=Input/output error): pid=132822: Mon May 16 23:54:21 2022
   read: IOPS=298, BW=4769KiB/s (4883kB/s)(924MiB/198457msec)
    clat (usec): min=128, max=1923.1k, avg=27685.96, stdev=76924.38
     lat (usec): min=128, max=1923.1k, avg=27686.08, stdev=76924.39
    clat percentiles (usec):
     |  1.00th=[    255],  5.00th=[    832], 10.00th=[   1663],
     | 20.00th=[   3687], 30.00th=[   5866], 40.00th=[   8160],
     | 50.00th=[  10683], 60.00th=[  15533], 70.00th=[  22152],
     | 80.00th=[  33817], 90.00th=[  61080], 95.00th=[ 102237],
     | 99.00th=[ 204473], 99.50th=[ 267387], 99.90th=[1400898],
     | 99.95th=[1602225], 99.99th=[1753220]
   bw (  KiB/s): min=   31, max= 1280, per=12.24%, avg=583.74, stdev=240.33, samples=3238
   iops        : min=    1, max=   80, avg=36.44, stdev=15.01, samples=3238
  write: IOPS=301, BW=4816KiB/s (4932kB/s)(933MiB/198457msec)
    clat (usec): min=170, max=1892.0k, avg=5755.03, stdev=72021.64
     lat (usec): min=171, max=1892.0k, avg=5755.98, stdev=72021.66
    clat percentiles (usec):
     |  1.00th=[    221],  5.00th=[    265], 10.00th=[    318],
     | 20.00th=[    478], 30.00th=[    742], 40.00th=[    857],
     | 50.00th=[   1020], 60.00th=[   1172], 70.00th=[   1385],
     | 80.00th=[   1696], 90.00th=[   2442], 95.00th=[   3359],
     | 99.00th=[  15795], 99.50th=[  50070], 99.90th=[1400898],
     | 99.95th=[1602225], 99.99th=[1635779]
   bw (  KiB/s): min=   31, max= 1728, per=12.21%, avg=588.26, stdev=298.15, samples=3245
   iops        : min=    1, max=  108, avg=36.72, stdev=18.63, samples=3245
  lat (usec)   : 250=2.22%, 500=9.77%, 750=5.52%, 1000=10.06%
  lat (msec)   : 2=20.81%, 4=10.78%, 10=14.02%, 20=10.26%, 50=9.98%
  lat (msec)   : 100=3.76%, 250=2.36%, 500=0.15%, 750=0.01%, 1000=0.08%
  cpu          : usr=0.02%, sys=0.09%, ctx=118935, majf=0, minf=13
  IO depths    : 1=100.0%, 2=0.0%, 4=0.0%, 8=0.0%, 16=0.0%, 32=0.0%, >=64=0.0%
     submit    : 0=0.0%, 4=100.0%, 8=0.0%, 16=0.0%, 32=0.0%, 64=0.0%, >=64=0.0%
     complete  : 0=0.1%, 4=100.0%, 8=0.0%, 16=0.0%, 32=0.0%, 64=0.0%, >=64=0.0%
     issued rwts: total=59154,59739,0,0 short=0,0,0,0 dropped=0,0,0,0
     latency   : target=0, window=0, percentile=100.00%, depth=1

Run status group 0 (all jobs):
   READ: bw=4769KiB/s (4883kB/s), 4769KiB/s-4769KiB/s (4883kB/s-4883kB/s), io=924MiB (969MB), run=198457-198457msec
  WRITE: bw=4816KiB/s (4932kB/s), 4816KiB/s-4816KiB/s (4932kB/s-4932kB/s), io=933MiB (979MB), run=198457-198457msec

Disk stats (read/write):
  sdl: ios=59310/59859, merge=0/0, ticks=1821859/506166, in_queue=2328044, util=100.00%
======================== Data disk NO.11 End =========================
========= Data Disk NO.11 Read And Write Begin  2022-05-16 23:54:47 ==========
mytest_11: (g=0): rw=randrw, bs=(R) 16.0KiB-16.0KiB, (W) 16.0KiB-16.0KiB, (T) 16.0KiB-16.0KiB, ioengine=psync, iodepth=1
...
fio-3.7
Starting 10 threads

mytest_11: (groupid=0, jobs=10): err= 0: pid=134812: Mon May 16 23:55:18 2022
   read: IOPS=5, BW=92.2KiB/s (94.4kB/s)(2784KiB/30209msec)
    clat (msec): min=226, max=967, avg=759.07, stdev=176.80
     lat (msec): min=226, max=967, avg=759.07, stdev=176.80
    clat percentiles (msec):
     |  1.00th=[  234],  5.00th=[  468], 10.00th=[  477], 20.00th=[  693],
     | 30.00th=[  701], 40.00th=[  701], 50.00th=[  709], 60.00th=[  869],
     | 70.00th=[  936], 80.00th=[  936], 90.00th=[  944], 95.00th=[  944],
     | 99.00th=[  969], 99.50th=[  969], 99.90th=[  969], 99.95th=[  969],
     | 99.99th=[  969]
   bw (  KiB/s): min=   31, max=   64, per=34.92%, avg=32.12, stdev= 2.48, samples=169
   iops        : min=    1, max=    4, avg= 1.95, stdev= 0.29, samples=169
  write: IOPS=7, BW=114KiB/s (117kB/s)(3440KiB/30209msec)
    clat (msec): min=211, max=944, avg=767.46, stdev=170.81
     lat (msec): min=211, max=944, avg=767.46, stdev=170.81
    clat percentiles (msec):
     |  1.00th=[  234],  5.00th=[  456], 10.00th=[  625], 20.00th=[  693],
     | 30.00th=[  701], 40.00th=[  701], 50.00th=[  709], 60.00th=[  911],
     | 70.00th=[  927], 80.00th=[  936], 90.00th=[  936], 95.00th=[  936],
     | 99.00th=[  944], 99.50th=[  944], 99.90th=[  944], 99.95th=[  944],
     | 99.99th=[  944]
   bw (  KiB/s): min=   31, max=   64, per=28.98%, avg=32.75, stdev= 4.97, samples=204
   iops        : min=    1, max=    4, avg= 2.01, stdev= 0.37, samples=204
  lat (msec)   : 250=3.34%, 500=7.46%, 750=46.02%, 1000=43.19%
  cpu          : usr=0.00%, sys=0.00%, ctx=410, majf=0, minf=8
  IO depths    : 1=100.0%, 2=0.0%, 4=0.0%, 8=0.0%, 16=0.0%, 32=0.0%, >=64=0.0%
     submit    : 0=0.0%, 4=100.0%, 8=0.0%, 16=0.0%, 32=0.0%, 64=0.0%, >=64=0.0%
     complete  : 0=0.0%, 4=100.0%, 8=0.0%, 16=0.0%, 32=0.0%, 64=0.0%, >=64=0.0%
     issued rwts: total=174,215,0,0 short=0,0,0,0 dropped=0,0,0,0
     latency   : target=0, window=0, percentile=100.00%, depth=1

Run status group 0 (all jobs):
   READ: bw=92.2KiB/s (94.4kB/s), 92.2KiB/s-92.2KiB/s (94.4kB/s-94.4kB/s), io=2784KiB (2851kB), run=30209-30209msec
  WRITE: bw=114KiB/s (117kB/s), 114KiB/s-114KiB/s (117kB/s-117kB/s), io=3440KiB (3523kB), run=30209-30209msec

Disk stats (read/write):
  sdl: ios=202/209, merge=0/0, ticks=155878/163646, in_queue=319787, util=100.00%
======================== Data disk NO.11 End =========================
