mytest_8: (g=0): rw=randrw, bs=(R) 16.0KiB-16.0KiB, (W) 16.0KiB-16.0KiB, (T) 16.0KiB-16.0KiB, ioengine=psync, iodepth=1
...
fio-3.7
Starting 10 threads
fio: io_u error on file /dev/sdi: Input/output error: read offset=1008762880, buflen=16384
fio: io_u error on file /dev/sdi: Input/output error: write offset=513572864, buflen=16384
fio: io_u error on file /dev/sdi: Input/output error: write offset=1020084224, buflen=16384
fio: io_u error on file /dev/sdi: Input/output error: read offset=837697536, buflen=16384
fio: io_u error on file /dev/sdi: Input/output error: write offset=540672000, buflen=16384
fio: pid=132704, err=5/file:io_u.c:1747, func=io_u error, error=Input/output error
fio: pid=132823, err=5/file:io_u.c:1747, func=io_u error, error=Input/output error
fio: pid=132477, err=5/file:io_u.c:1747, func=io_u error, error=Input/output error
fio: io_u error on file /dev/sdi: Input/output error: read offset=633339904, buflen=16384
fio: pid=132603, err=5/file:io_u.c:1747, func=io_u error, error=Input/output error
fio: pid=132812, err=5/file:io_u.c:1747, func=io_u error, error=Input/output error
fio: io_u error on file /dev/sdi: Input/output error: write offset=341180416, buflen=16384
fio: pid=132652, err=5/file:io_u.c:1747, func=io_u error, error=Input/output error
fio: pid=132720, err=5/file:io_u.c:1747, func=io_u error, error=Input/output error
fio: io_u error on file /dev/sdi: Input/output error: write offset=184303616, buflen=16384
fio: io_u error on file /dev/sdi: Input/output error: read offset=439697408, buflen=16384
fio: pid=132819, err=5/file:io_u.c:1747, func=io_u error, error=Input/output error
fio: pid=132722, err=5/file:io_u.c:1747, func=io_u error, error=Input/output error
fio: io_u error on file /dev/sdi: Input/output error: write offset=129253376, buflen=16384
fio: pid=132545, err=5/file:io_u.c:1747, func=io_u error, error=Input/output error

mytest_8: (groupid=0, jobs=10): err= 5 (file:io_u.c:1747, func=io_u error, error=Input/output error): pid=132477: Mon May 16 23:54:18 2022
   read: IOPS=289, BW=4633KiB/s (4745kB/s)(886MiB/195791msec)
    clat (usec): min=50, max=1939.9k, avg=28617.25, stdev=77856.08
     lat (usec): min=50, max=1939.9k, avg=28617.37, stdev=77856.09
    clat percentiles (usec):
     |  1.00th=[    253],  5.00th=[    807], 10.00th=[   1582],
     | 20.00th=[   3720], 30.00th=[   5932], 40.00th=[   8160],
     | 50.00th=[  10683], 60.00th=[  15401], 70.00th=[  22152],
     | 80.00th=[  34341], 90.00th=[  67634], 95.00th=[ 108528],
     | 99.00th=[ 208667], 99.50th=[ 270533], 99.90th=[1400898],
     | 99.95th=[1619002], 99.99th=[1753220]
   bw (  KiB/s): min=   31, max= 1440, per=12.24%, avg=566.93, stdev=233.60, samples=3200
   iops        : min=    1, max=   90, avg=35.40, stdev=14.60, samples=3200
  write: IOPS=292, BW=4674KiB/s (4786kB/s)(894MiB/195791msec)
    clat (usec): min=173, max=1698.8k, avg=5672.71, stdev=72149.68
     lat (usec): min=174, max=1698.8k, avg=5673.22, stdev=72149.72
    clat percentiles (usec):
     |  1.00th=[    221],  5.00th=[    269], 10.00th=[    326],
     | 20.00th=[    482], 30.00th=[    742], 40.00th=[    848],
     | 50.00th=[   1004], 60.00th=[   1156], 70.00th=[   1369],
     | 80.00th=[   1631], 90.00th=[   2343], 95.00th=[   3261],
     | 99.00th=[  16450], 99.50th=[  49021], 99.90th=[1400898],
     | 99.95th=[1535116], 99.99th=[1652556]
   bw (  KiB/s): min=   31, max= 1728, per=12.14%, avg=567.45, stdev=292.05, samples=3225
   iops        : min=    1, max=  108, avg=35.44, stdev=18.25, samples=3225
  lat (usec)   : 100=0.06%, 250=2.03%, 500=9.85%, 750=5.66%, 1000=10.55%
  lat (msec)   : 2=20.88%, 4=10.07%, 10=14.02%, 20=10.32%, 50=9.39%
  lat (msec)   : 100=4.04%, 250=2.65%, 500=0.17%, 750=0.02%, 1000=0.04%
  cpu          : usr=0.02%, sys=0.09%, ctx=113954, majf=0, minf=14
  IO depths    : 1=100.0%, 2=0.0%, 4=0.0%, 8=0.0%, 16=0.0%, 32=0.0%, >=64=0.0%
     submit    : 0=0.0%, 4=100.0%, 8=0.0%, 16=0.0%, 32=0.0%, 64=0.0%, >=64=0.0%
     complete  : 0=0.1%, 4=100.0%, 8=0.0%, 16=0.0%, 32=0.0%, 64=0.0%, >=64=0.0%
     issued rwts: total=56702,57200,0,0 short=0,0,0,0 dropped=0,0,0,0
     latency   : target=0, window=0, percentile=100.00%, depth=1

Run status group 0 (all jobs):
   READ: bw=4633KiB/s (4745kB/s), 4633KiB/s-4633KiB/s (4745kB/s-4745kB/s), io=886MiB (929MB), run=195791-195791msec
  WRITE: bw=4674KiB/s (4786kB/s), 4674KiB/s-4674KiB/s (4786kB/s-4786kB/s), io=894MiB (937MB), run=195791-195791msec

Disk stats (read/write):
  sdi: ios=56915/57345, merge=0/0, ticks=1782005/486261, in_queue=2275356, util=99.88%
======================== Data disk NO.8 End =========================
========= Data Disk NO.8 Read And Write Begin  2022-05-16 23:54:46 ==========
mytest_8: (g=0): rw=randrw, bs=(R) 16.0KiB-16.0KiB, (W) 16.0KiB-16.0KiB, (T) 16.0KiB-16.0KiB, ioengine=psync, iodepth=1
...
fio-3.7
Starting 10 threads

mytest_8: (groupid=0, jobs=10): err= 0: pid=134468: Mon May 16 23:55:18 2022
   read: IOPS=5, BW=92.6KiB/s (94.8kB/s)(2816KiB/30423msec)
    clat (msec): min=234, max=1075, avg=772.07, stdev=168.10
     lat (msec): min=234, max=1075, avg=772.07, stdev=168.10
    clat percentiles (msec):
     |  1.00th=[  264],  5.00th=[  460], 10.00th=[  477], 20.00th=[  701],
     | 30.00th=[  701], 40.00th=[  709], 50.00th=[  709], 60.00th=[  919],
     | 70.00th=[  936], 80.00th=[  936], 90.00th=[  944], 95.00th=[  944],
     | 99.00th=[  961], 99.50th=[ 1083], 99.90th=[ 1083], 99.95th=[ 1083],
     | 99.99th=[ 1083]
   bw (  KiB/s): min=   31, max=   32, per=34.74%, avg=31.96, stdev= 0.20, samples=171
   iops        : min=    1, max=    2, avg= 1.96, stdev= 0.20, samples=171
  write: IOPS=7, BW=115KiB/s (118kB/s)(3504KiB/30423msec)
    clat (msec): min=223, max=956, avg=751.67, stdev=189.16
     lat (msec): min=223, max=956, avg=751.67, stdev=189.16
    clat percentiles (msec):
     |  1.00th=[  234],  5.00th=[  388], 10.00th=[  468], 20.00th=[  693],
     | 30.00th=[  701], 40.00th=[  701], 50.00th=[  701], 60.00th=[  911],
     | 70.00th=[  927], 80.00th=[  936], 90.00th=[  936], 95.00th=[  936],
     | 99.00th=[  961], 99.50th=[  961], 99.90th=[  961], 99.95th=[  961],
     | 99.99th=[  961]
   bw (  KiB/s): min=   31, max=   64, per=28.88%, avg=33.21, stdev= 6.21, samples=206
   iops        : min=    1, max=    4, avg= 2.05, stdev= 0.43, samples=206
  lat (msec)   : 250=2.53%, 500=10.13%, 750=43.54%, 1000=43.54%
  cpu          : usr=0.00%, sys=0.00%, ctx=415, majf=0, minf=9
  IO depths    : 1=100.0%, 2=0.0%, 4=0.0%, 8=0.0%, 16=0.0%, 32=0.0%, >=64=0.0%
     submit    : 0=0.0%, 4=100.0%, 8=0.0%, 16=0.0%, 32=0.0%, 64=0.0%, >=64=0.0%
     complete  : 0=0.0%, 4=100.0%, 8=0.0%, 16=0.0%, 32=0.0%, 64=0.0%, >=64=0.0%
     issued rwts: total=176,219,0,0 short=0,0,0,0 dropped=0,0,0,0
     latency   : target=0, window=0, percentile=100.00%, depth=1

Run status group 0 (all jobs):
   READ: bw=92.6KiB/s (94.8kB/s), 92.6KiB/s-92.6KiB/s (94.8kB/s-94.8kB/s), io=2816KiB (2884kB), run=30423-30423msec
  WRITE: bw=115KiB/s (118kB/s), 115KiB/s-115KiB/s (118kB/s-118kB/s), io=3504KiB (3588kB), run=30423-30423msec

Disk stats (read/write):
  sdi: ios=185/214, merge=0/0, ticks=145432/161051, in_queue=311891, util=98.60%
======================== Data disk NO.8 End =========================
