mytest_4: (g=0): rw=randrw, bs=(R) 16.0KiB-16.0KiB, (W) 16.0KiB-16.0KiB, (T) 16.0KiB-16.0KiB, ioengine=psync, iodepth=1
...
fio-3.7
Starting 10 threads
fio: io_u error on file /dev/sde: Input/output error: write offset=626884608, buflen=16384
fio: io_u error on file /dev/sde: Input/output error: write offset=762609664, buflen=16384
fio: io_u error on file /dev/sde: Input/output error: read offset=222904320, buflen=16384
fio: io_u error on file /dev/sde: Input/output error: read offset=205619200, buflen=16384
fio: pid=132835, err=5/file:io_u.c:1747, func=io_u error, error=Input/output error
fio: pid=132890, err=5/file:io_u.c:1747, func=io_u error, error=Input/output error
fio: io_u error on file /dev/sde: Input/output error: write offset=273563648, buflen=16384
fio: pid=132997, err=5/file:io_u.c:1747, func=io_u error, error=Input/output error
fio: pid=132868, err=5/file:io_u.c:1747, func=io_u error, error=Input/output error
fio: pid=132983, err=5/file:io_u.c:1747, func=io_u error, error=Input/output error
fio: io_u error on file /dev/sde: Input/output error: write offset=419135488, buflen=16384
fio: io_u error on file /dev/sde: Input/output error: read offset=108036096, buflen=16384
fio: pid=132988, err=5/file:io_u.c:1747, func=io_u error, error=Input/output error
fio: io_u error on file /dev/sde: Input/output error: read offset=723058688, buflen=16384
fio: pid=132995, err=5/file:io_u.c:1747, func=io_u error, error=Input/output error
fio: pid=132990, err=5/file:io_u.c:1747, func=io_u error, error=Input/output error
fio: io_u error on file /dev/sde: Input/output error: write offset=363544576, buflen=16384
fio: pid=132957, err=5/file:io_u.c:1747, func=io_u error, error=Input/output error
fio: io_u error on file /dev/sde: Input/output error: write offset=39845888, buflen=16384
fio: pid=132838, err=5/file:io_u.c:1747, func=io_u error, error=Input/output error

mytest_4: (groupid=0, jobs=10): err= 5 (file:io_u.c:1747, func=io_u error, error=Input/output error): pid=132835: Mon May 16 23:54:13 2022
   read: IOPS=319, BW=5115KiB/s (5238kB/s)(952MiB/190573msec)
    clat (usec): min=137, max=1901.3k, avg=26008.45, stdev=70406.13
     lat (usec): min=137, max=1901.3k, avg=26008.57, stdev=70406.13
    clat percentiles (usec):
     |  1.00th=[    265],  5.00th=[    848], 10.00th=[   1614],
     | 20.00th=[   3621], 30.00th=[   5800], 40.00th=[   7963],
     | 50.00th=[  10421], 60.00th=[  15008], 70.00th=[  21103],
     | 80.00th=[  31851], 90.00th=[  58459], 95.00th=[  99091],
     | 99.00th=[ 187696], 99.50th=[ 238027], 99.90th=[1367344],
     | 99.95th=[1619002], 99.99th=[1753220]
   bw (  KiB/s): min=   31, max= 1440, per=12.02%, avg=614.73, stdev=238.42, samples=3171
   iops        : min=    1, max=   90, avg=38.38, stdev=14.90, samples=3171
  write: IOPS=322, BW=5156KiB/s (5280kB/s)(960MiB/190573msec)
    clat (usec): min=172, max=1899.4k, avg=4984.22, stdev=67114.86
     lat (usec): min=172, max=1899.4k, avg=4984.87, stdev=67114.89
    clat percentiles (usec):
     |  1.00th=[    221],  5.00th=[    269], 10.00th=[    330],
     | 20.00th=[    498], 30.00th=[    758], 40.00th=[    881],
     | 50.00th=[   1045], 60.00th=[   1188], 70.00th=[   1385],
     | 80.00th=[   1696], 90.00th=[   2376], 95.00th=[   3261],
     | 99.00th=[  14877], 99.50th=[  37487], 99.90th=[1384121],
     | 99.95th=[1602225], 99.99th=[1686111]
   bw (  KiB/s): min=   31, max= 1980, per=11.97%, avg=617.14, stdev=303.79, samples=3184
   iops        : min=    1, max=  123, avg=38.53, stdev=18.99, samples=3184
  lat (usec)   : 250=2.04%, 500=9.31%, 750=5.38%, 1000=10.05%
  lat (msec)   : 2=21.88%, 4=10.76%, 10=14.30%, 20=10.34%, 50=9.76%
  lat (msec)   : 100=3.57%, 250=2.25%, 500=0.12%, 750=0.02%, 1000=0.03%
  cpu          : usr=0.02%, sys=0.11%, ctx=122369, majf=0, minf=14
  IO depths    : 1=100.0%, 2=0.0%, 4=0.0%, 8=0.0%, 16=0.0%, 32=0.0%, >=64=0.0%
     submit    : 0=0.0%, 4=100.0%, 8=0.0%, 16=0.0%, 32=0.0%, 64=0.0%, >=64=0.0%
     complete  : 0=0.1%, 4=100.0%, 8=0.0%, 16=0.0%, 32=0.0%, 64=0.0%, >=64=0.0%
     issued rwts: total=60927,61419,0,0 short=0,0,0,0 dropped=0,0,0,0
     latency   : target=0, window=0, percentile=100.00%, depth=1

Run status group 0 (all jobs):
   READ: bw=5115KiB/s (5238kB/s), 5115KiB/s-5115KiB/s (5238kB/s-5238kB/s), io=952MiB (998MB), run=190573-190573msec
  WRITE: bw=5156KiB/s (5280kB/s), 5156KiB/s-5156KiB/s (5280kB/s-5280kB/s), io=960MiB (1006MB), run=190573-190573msec

Disk stats (read/write):
  sde: ios=61120/61563, merge=0/0, ticks=1766026/461013, in_queue=2239884, util=99.88%
======================== Data disk NO.4 End =========================
========= Data Disk NO.4 Read And Write Begin  2022-05-16 23:54:46 ==========
mytest_4: (g=0): rw=randrw, bs=(R) 16.0KiB-16.0KiB, (W) 16.0KiB-16.0KiB, (T) 16.0KiB-16.0KiB, ioengine=psync, iodepth=1
...
fio-3.7
Starting 10 threads

mytest_4: (groupid=0, jobs=10): err= 0: pid=134235: Mon May 16 23:55:18 2022
   read: IOPS=5, BW=82.9KiB/s (84.9kB/s)(2528KiB/30501msec)
    clat (msec): min=466, max=1131, avg=805.34, stdev=153.07
     lat (msec): min=466, max=1131, avg=805.34, stdev=153.07
    clat percentiles (msec):
     |  1.00th=[  468],  5.00th=[  477], 10.00th=[  693], 20.00th=[  701],
     | 30.00th=[  701], 40.00th=[  709], 50.00th=[  885], 60.00th=[  936],
     | 70.00th=[  936], 80.00th=[  944], 90.00th=[  944], 95.00th=[  953],
     | 99.00th=[ 1116], 99.50th=[ 1133], 99.90th=[ 1133], 99.95th=[ 1133],
     | 99.99th=[ 1133]
   bw (  KiB/s): min=   31, max=   32, per=38.98%, avg=31.96, stdev= 0.19, samples=154
   iops        : min=    1, max=    2, avg= 1.96, stdev= 0.19, samples=154
  write: IOPS=6, BW=101KiB/s (103kB/s)(3072KiB/30501msec)
    clat (msec): min=466, max=945, avg=796.34, stdev=145.31
     lat (msec): min=466, max=945, avg=796.34, stdev=145.31
    clat percentiles (msec):
     |  1.00th=[  468],  5.00th=[  468], 10.00th=[  676], 20.00th=[  701],
     | 30.00th=[  701], 40.00th=[  701], 50.00th=[  844], 60.00th=[  927],
     | 70.00th=[  936], 80.00th=[  936], 90.00th=[  936], 95.00th=[  936],
     | 99.00th=[  944], 99.50th=[  944], 99.90th=[  944], 99.95th=[  944],
     | 99.99th=[  944]
   bw (  KiB/s): min=   31, max=   32, per=31.98%, avg=31.98, stdev= 0.13, samples=186
   iops        : min=    1, max=    2, avg= 1.98, stdev= 0.13, samples=186
  lat (msec)   : 500=8.00%, 750=40.57%, 1000=50.86%
  cpu          : usr=0.00%, sys=0.00%, ctx=377, majf=0, minf=11
  IO depths    : 1=100.0%, 2=0.0%, 4=0.0%, 8=0.0%, 16=0.0%, 32=0.0%, >=64=0.0%
     submit    : 0=0.0%, 4=100.0%, 8=0.0%, 16=0.0%, 32=0.0%, 64=0.0%, >=64=0.0%
     complete  : 0=0.0%, 4=100.0%, 8=0.0%, 16=0.0%, 32=0.0%, 64=0.0%, >=64=0.0%
     issued rwts: total=158,192,0,0 short=0,0,0,0 dropped=0,0,0,0
     latency   : target=0, window=0, percentile=100.00%, depth=1

Run status group 0 (all jobs):
   READ: bw=82.9KiB/s (84.9kB/s), 82.9KiB/s-82.9KiB/s (84.9kB/s-84.9kB/s), io=2528KiB (2589kB), run=30501-30501msec
  WRITE: bw=101KiB/s (103kB/s), 101KiB/s-101KiB/s (103kB/s-103kB/s), io=3072KiB (3146kB), run=30501-30501msec

Disk stats (read/write):
  sde: ios=200/188, merge=0/0, ticks=167359/149674, in_queue=321085, util=95.45%
======================== Data disk NO.4 End =========================
