=================  Begin Lan Stress Check 2022-05-16 22:01:33 =================
enp24s0f0: 08:c0:eb:c7:e1:42
enp24s0f1: 08:c0:eb:c7:e1:43
enp59s0f0: 08:c0:eb:c7:d2:b6
enp59s0f1: 08:c0:eb:c7:d2:b7
->>> enp24s0f0:	Speed: 10000Mb/s
->>> enp24s0f1:	Speed: 10000Mb/s
->>> enp59s0f0:	Speed: 10000Mb/s
->>> enp59s0f1:	Speed: 10000Mb/s
->>> enp24s0f0 is link! Formal 
->>> enp24s0f1 is link! Formal 
->>> enp59s0f0 is link! Formal 
->>> enp59s0f1 is link! Formal 
=============== NO.1 Begin Network Speech Check  2022-05-16 22:01:59 =================
->>> enp24s0f0 speed is 9206Mb/s, Formal!
->>> enp24s0f1 speed is 9956Mb/s, Formal!
->>> enp59s0f0 speed is 9970Mb/s, Formal!
->>> enp59s0f1 speed is 9966Mb/s, Formal!
================================== NO.1 End  ==================================
=============== NO.2 Begin Network Speech Check  2022-05-16 22:02:15 =================
->>> enp24s0f0 speed is 9960Mb/s, Formal!
->>> enp24s0f1 speed is 9836Mb/s, Formal!
->>> enp59s0f0 speed is 9974Mb/s, Formal!
->>> enp59s0f1 speed is 9973Mb/s, Formal!
================================== NO.2 End  ==================================
--->>> Network Stress Check Finish! 
