Adapter #0

Number of Virtual Disks: 0

Exit Code: 0x00
Adapter #0

Number of Virtual Disks: 0

Exit Code: 0x00
Adapter #0

Number of Virtual Disks: 12
Virtual Drive: 0 (Target Id: 0)
Name                :
RAID Level          : Primary-0, Secondary-0, RAID Level Qualifier-0
Size                : 446.625 GB
Sector Size         : 512
Is VD emulated      : Yes
Parity Size         : 0
State               : Optimal
Strip Size          : 256 KB
Number Of Drives    : 1
Span Depth          : 1
Default Cache Policy: WriteBack, ReadAhead, Direct, No Write Cache if Bad BBU
Current Cache Policy: WriteThrough, ReadAhead, Direct, No Write Cache if Bad BBU
Default Access Policy: Read/Write
Current Access Policy: Read/Write
Disk Cache Policy   : Disk's Default
Encryption Type     : None
Bad Blocks Exist: No
PI type: No PI

Is VD Cached: No
Number of Spans: 1
Span: 0 - Number of PDs: 1

PD: 0 Information
Enclosure Device ID: 8
Slot Number: 0
Drive's position: DiskGroup: 0, Span: 0, Arm: 0
Enclosure position: 1
Device Id: 9
WWN: 5002538e0024edaf
Sequence Number: 2
Media Error Count: 0
Other Error Count: 0
Predictive Failure Count: 0
Last Predictive Failure Event Seq Number: 0
PD Type: SATA

Raw Size: 447.130 GB [0x37e436b0 Sectors]
Non Coerced Size: 446.630 GB [0x37d436b0 Sectors]
Coerced Size: 446.625 GB [0x37d40000 Sectors]
Sector Size:  512
Logical Sector Size:  512
Physical Sector Size:  4096
Firmware state: Online, Spun Up
Commissioned Spare : No
Emergency Spare : No
Device Firmware Level: 404Q
Shield Counter: 0
Successful diagnostics completion on :  N/A
SAS Address(0): 0x5001c45028cbdd80
Connected Port Number: 0(path0) 
Inquiry Data: S45PNA0N211742      SAMSUNG MZ7LH480HAHQ-00005              HXT7404Q
FDE Capable: Not Capable
FDE Enable: Disable
Secured: Unsecured
Locked: Unlocked
Needs EKM Attention: No
Foreign State: None 
Device Speed: 6.0Gb/s 
Link Speed: 6.0Gb/s 
Media Type: Solid State Device
Drive:  Not Certified
Drive Temperature :31C (87.80 F)
PI Eligibility:  No 
Drive is formatted for PI information:  No
PI: No PI
Drive's NCQ setting : Enabled
Port-0 :
Port status: Active
Port's Linkspeed: 6.0Gb/s 
Drive has flagged a S.M.A.R.T alert : No



Virtual Drive: 1 (Target Id: 1)
Name                :
RAID Level          : Primary-0, Secondary-0, RAID Level Qualifier-0
Size                : 446.625 GB
Sector Size         : 512
Is VD emulated      : Yes
Parity Size         : 0
State               : Optimal
Strip Size          : 256 KB
Number Of Drives    : 1
Span Depth          : 1
Default Cache Policy: WriteBack, ReadAhead, Direct, No Write Cache if Bad BBU
Current Cache Policy: WriteThrough, ReadAhead, Direct, No Write Cache if Bad BBU
Default Access Policy: Read/Write
Current Access Policy: Read/Write
Disk Cache Policy   : Disk's Default
Encryption Type     : None
Bad Blocks Exist: No
PI type: No PI

Is VD Cached: No
Number of Spans: 1
Span: 0 - Number of PDs: 1

PD: 0 Information
Enclosure Device ID: 8
Slot Number: 1
Drive's position: DiskGroup: 1, Span: 0, Arm: 0
Enclosure position: 1
Device Id: 10
WWN: 5002538e00330adf
Sequence Number: 2
Media Error Count: 0
Other Error Count: 0
Predictive Failure Count: 0
Last Predictive Failure Event Seq Number: 0
PD Type: SATA

Raw Size: 447.130 GB [0x37e436b0 Sectors]
Non Coerced Size: 446.630 GB [0x37d436b0 Sectors]
Coerced Size: 446.625 GB [0x37d40000 Sectors]
Sector Size:  512
Logical Sector Size:  512
Physical Sector Size:  4096
Firmware state: Online, Spun Up
Commissioned Spare : No
Emergency Spare : No
Device Firmware Level: 404Q
Shield Counter: 0
Successful diagnostics completion on :  N/A
SAS Address(0): 0x5001c45028cbdd81
Connected Port Number: 0(path0) 
Inquiry Data: S45PNA0N363195      SAMSUNG MZ7LH480HAHQ-00005              HXT7404Q
FDE Capable: Not Capable
FDE Enable: Disable
Secured: Unsecured
Locked: Unlocked
Needs EKM Attention: No
Foreign State: None 
Device Speed: 6.0Gb/s 
Link Speed: 6.0Gb/s 
Media Type: Solid State Device
Drive:  Not Certified
Drive Temperature :32C (89.60 F)
PI Eligibility:  No 
Drive is formatted for PI information:  No
PI: No PI
Drive's NCQ setting : Enabled
Port-0 :
Port status: Active
Port's Linkspeed: 6.0Gb/s 
Drive has flagged a S.M.A.R.T alert : No



Virtual Drive: 2 (Target Id: 2)
Name                :
RAID Level          : Primary-0, Secondary-0, RAID Level Qualifier-0
Size                : 10.913 TB
Sector Size         : 512
Is VD emulated      : Yes
Parity Size         : 0
State               : Optimal
Strip Size          : 256 KB
Number Of Drives    : 1
Span Depth          : 1
Default Cache Policy: WriteBack, ReadAhead, Direct, No Write Cache if Bad BBU
Current Cache Policy: WriteThrough, ReadAhead, Direct, No Write Cache if Bad BBU
Default Access Policy: Read/Write
Current Access Policy: Read/Write
Disk Cache Policy   : Disk's Default
Encryption Type     : None
Bad Blocks Exist: No
PI type: No PI

Is VD Cached: No
Number of Spans: 1
Span: 0 - Number of PDs: 1

PD: 0 Information
Enclosure Device ID: 8
Slot Number: 2
Drive's position: DiskGroup: 2, Span: 0, Arm: 0
Enclosure position: 1
Device Id: 11
WWN: 5000c500dcd4b50e
Sequence Number: 2
Media Error Count: 0
Other Error Count: 0
Predictive Failure Count: 0
Last Predictive Failure Event Seq Number: 0
PD Type: SATA

Raw Size: 10.914 TB [0x575000000 Sectors]
Non Coerced Size: 10.913 TB [0x574f00000 Sectors]
Coerced Size: 10.913 TB [0x574f00000 Sectors]
Sector Size:  512
Logical Sector Size:  512
Physical Sector Size:  4096
Firmware state: Online, Spun Up
Commissioned Spare : No
Emergency Spare : No
Device Firmware Level: SB2D
Shield Counter: 0
Successful diagnostics completion on :  N/A
SAS Address(0): 0x5001c45028cbdd82
Connected Port Number: 0(path0) 
Inquiry Data:             ZTN0KL5DST12000NM001G-2MV103                    SB2D    
FDE Capable: Not Capable
FDE Enable: Disable
Secured: Unsecured
Locked: Unlocked
Needs EKM Attention: No
Foreign State: None 
Device Speed: 6.0Gb/s 
Link Speed: 6.0Gb/s 
Media Type: Hard Disk Device
Drive:  Not Certified
Drive Temperature :32C (89.60 F)
PI Eligibility:  No 
Drive is formatted for PI information:  No
PI: No PI
Drive's NCQ setting : Enabled
Port-0 :
Port status: Active
Port's Linkspeed: 6.0Gb/s 
Drive has flagged a S.M.A.R.T alert : No



Virtual Drive: 3 (Target Id: 3)
Name                :
RAID Level          : Primary-0, Secondary-0, RAID Level Qualifier-0
Size                : 10.913 TB
Sector Size         : 512
Is VD emulated      : Yes
Parity Size         : 0
State               : Optimal
Strip Size          : 256 KB
Number Of Drives    : 1
Span Depth          : 1
Default Cache Policy: WriteBack, ReadAhead, Direct, No Write Cache if Bad BBU
Current Cache Policy: WriteThrough, ReadAhead, Direct, No Write Cache if Bad BBU
Default Access Policy: Read/Write
Current Access Policy: Read/Write
Disk Cache Policy   : Disk's Default
Encryption Type     : None
Bad Blocks Exist: No
PI type: No PI

Is VD Cached: No
Number of Spans: 1
Span: 0 - Number of PDs: 1

PD: 0 Information
Enclosure Device ID: 8
Slot Number: 3
Drive's position: DiskGroup: 3, Span: 0, Arm: 0
Enclosure position: 1
Device Id: 19
WWN: 5000c500dcec5713
Sequence Number: 2
Media Error Count: 0
Other Error Count: 0
Predictive Failure Count: 0
Last Predictive Failure Event Seq Number: 0
PD Type: SATA

Raw Size: 10.914 TB [0x575000000 Sectors]
Non Coerced Size: 10.913 TB [0x574f00000 Sectors]
Coerced Size: 10.913 TB [0x574f00000 Sectors]
Sector Size:  512
Logical Sector Size:  512
Physical Sector Size:  4096
Firmware state: Online, Spun Up
Commissioned Spare : No
Emergency Spare : No
Device Firmware Level: SB2D
Shield Counter: 0
Successful diagnostics completion on :  N/A
SAS Address(0): 0x5001c45028cbdd83
Connected Port Number: 0(path0) 
Inquiry Data:             ZS806NBZST12000NM001G-2MV103                    SB2D    
FDE Capable: Not Capable
FDE Enable: Disable
Secured: Unsecured
Locked: Unlocked
Needs EKM Attention: No
Foreign State: None 
Device Speed: 6.0Gb/s 
Link Speed: 6.0Gb/s 
Media Type: Hard Disk Device
Drive:  Not Certified
Drive Temperature :34C (93.20 F)
PI Eligibility:  No 
Drive is formatted for PI information:  No
PI: No PI
Drive's NCQ setting : Enabled
Port-0 :
Port status: Active
Port's Linkspeed: 6.0Gb/s 
Drive has flagged a S.M.A.R.T alert : No



Virtual Drive: 4 (Target Id: 4)
Name                :
RAID Level          : Primary-0, Secondary-0, RAID Level Qualifier-0
Size                : 10.913 TB
Sector Size         : 512
Is VD emulated      : Yes
Parity Size         : 0
State               : Optimal
Strip Size          : 256 KB
Number Of Drives    : 1
Span Depth          : 1
Default Cache Policy: WriteBack, ReadAhead, Direct, No Write Cache if Bad BBU
Current Cache Policy: WriteThrough, ReadAhead, Direct, No Write Cache if Bad BBU
Default Access Policy: Read/Write
Current Access Policy: Read/Write
Disk Cache Policy   : Disk's Default
Encryption Type     : None
Bad Blocks Exist: No
PI type: No PI

Is VD Cached: No
Number of Spans: 1
Span: 0 - Number of PDs: 1

PD: 0 Information
Enclosure Device ID: 8
Slot Number: 4
Drive's position: DiskGroup: 4, Span: 0, Arm: 0
Enclosure position: 1
Device Id: 13
WWN: 5000c500dcf2a0bc
Sequence Number: 2
Media Error Count: 0
Other Error Count: 0
Predictive Failure Count: 0
Last Predictive Failure Event Seq Number: 0
PD Type: SATA

Raw Size: 10.914 TB [0x575000000 Sectors]
Non Coerced Size: 10.913 TB [0x574f00000 Sectors]
Coerced Size: 10.913 TB [0x574f00000 Sectors]
Sector Size:  512
Logical Sector Size:  512
Physical Sector Size:  4096
Firmware state: Online, Spun Up
Commissioned Spare : No
Emergency Spare : No
Device Firmware Level: SB2D
Shield Counter: 0
Successful diagnostics completion on :  N/A
SAS Address(0): 0x5001c45028cbdd84
Connected Port Number: 0(path0) 
Inquiry Data:             ZTN0KMWRST12000NM001G-2MV103                    SB2D    
FDE Capable: Not Capable
FDE Enable: Disable
Secured: Unsecured
Locked: Unlocked
Needs EKM Attention: No
Foreign State: None 
Device Speed: 6.0Gb/s 
Link Speed: 6.0Gb/s 
Media Type: Hard Disk Device
Drive:  Not Certified
Drive Temperature :30C (86.00 F)
PI Eligibility:  No 
Drive is formatted for PI information:  No
PI: No PI
Drive's NCQ setting : Enabled
Port-0 :
Port status: Active
Port's Linkspeed: 6.0Gb/s 
Drive has flagged a S.M.A.R.T alert : No



Virtual Drive: 5 (Target Id: 5)
Name                :
RAID Level          : Primary-0, Secondary-0, RAID Level Qualifier-0
Size                : 10.913 TB
Sector Size         : 512
Is VD emulated      : Yes
Parity Size         : 0
State               : Optimal
Strip Size          : 256 KB
Number Of Drives    : 1
Span Depth          : 1
Default Cache Policy: WriteBack, ReadAhead, Direct, No Write Cache if Bad BBU
Current Cache Policy: WriteThrough, ReadAhead, Direct, No Write Cache if Bad BBU
Default Access Policy: Read/Write
Current Access Policy: Read/Write
Disk Cache Policy   : Disk's Default
Encryption Type     : None
Bad Blocks Exist: No
PI type: No PI

Is VD Cached: No
Number of Spans: 1
Span: 0 - Number of PDs: 1

PD: 0 Information
Enclosure Device ID: 8
Slot Number: 5
Drive's position: DiskGroup: 5, Span: 0, Arm: 0
Enclosure position: 1
Device Id: 20
WWN: 5000c500dcf27216
Sequence Number: 2
Media Error Count: 0
Other Error Count: 0
Predictive Failure Count: 0
Last Predictive Failure Event Seq Number: 0
PD Type: SATA

Raw Size: 10.914 TB [0x575000000 Sectors]
Non Coerced Size: 10.913 TB [0x574f00000 Sectors]
Coerced Size: 10.913 TB [0x574f00000 Sectors]
Sector Size:  512
Logical Sector Size:  512
Physical Sector Size:  4096
Firmware state: Online, Spun Up
Commissioned Spare : No
Emergency Spare : No
Device Firmware Level: SB2D
Shield Counter: 0
Successful diagnostics completion on :  N/A
SAS Address(0): 0x5001c45028cbdd85
Connected Port Number: 0(path0) 
Inquiry Data:             ZTN0KMTMST12000NM001G-2MV103                    SB2D    
FDE Capable: Not Capable
FDE Enable: Disable
Secured: Unsecured
Locked: Unlocked
Needs EKM Attention: No
Foreign State: None 
Device Speed: 6.0Gb/s 
Link Speed: 6.0Gb/s 
Media Type: Hard Disk Device
Drive:  Not Certified
Drive Temperature :31C (87.80 F)
PI Eligibility:  No 
Drive is formatted for PI information:  No
PI: No PI
Drive's NCQ setting : Enabled
Port-0 :
Port status: Active
Port's Linkspeed: 6.0Gb/s 
Drive has flagged a S.M.A.R.T alert : No



Virtual Drive: 6 (Target Id: 6)
Name                :
RAID Level          : Primary-0, Secondary-0, RAID Level Qualifier-0
Size                : 10.913 TB
Sector Size         : 512
Is VD emulated      : Yes
Parity Size         : 0
State               : Optimal
Strip Size          : 256 KB
Number Of Drives    : 1
Span Depth          : 1
Default Cache Policy: WriteBack, ReadAhead, Direct, No Write Cache if Bad BBU
Current Cache Policy: WriteThrough, ReadAhead, Direct, No Write Cache if Bad BBU
Default Access Policy: Read/Write
Current Access Policy: Read/Write
Disk Cache Policy   : Disk's Default
Encryption Type     : None
Bad Blocks Exist: No
PI type: No PI

Is VD Cached: No
Number of Spans: 1
Span: 0 - Number of PDs: 1

PD: 0 Information
Enclosure Device ID: 8
Slot Number: 6
Drive's position: DiskGroup: 6, Span: 0, Arm: 0
Enclosure position: 1
Device Id: 12
WWN: 5000c500dcf2bd81
Sequence Number: 2
Media Error Count: 0
Other Error Count: 0
Predictive Failure Count: 0
Last Predictive Failure Event Seq Number: 0
PD Type: SATA

Raw Size: 10.914 TB [0x575000000 Sectors]
Non Coerced Size: 10.913 TB [0x574f00000 Sectors]
Coerced Size: 10.913 TB [0x574f00000 Sectors]
Sector Size:  512
Logical Sector Size:  512
Physical Sector Size:  4096
Firmware state: Online, Spun Up
Commissioned Spare : No
Emergency Spare : No
Device Firmware Level: SB2D
Shield Counter: 0
Successful diagnostics completion on :  N/A
SAS Address(0): 0x5001c45028cbdd86
Connected Port Number: 0(path0) 
Inquiry Data:             ZTN0L18VST12000NM001G-2MV103                    SB2D    
FDE Capable: Not Capable
FDE Enable: Disable
Secured: Unsecured
Locked: Unlocked
Needs EKM Attention: No
Foreign State: None 
Device Speed: 6.0Gb/s 
Link Speed: 6.0Gb/s 
Media Type: Hard Disk Device
Drive:  Not Certified
Drive Temperature :33C (91.40 F)
PI Eligibility:  No 
Drive is formatted for PI information:  No
PI: No PI
Drive's NCQ setting : Enabled
Port-0 :
Port status: Active
Port's Linkspeed: 6.0Gb/s 
Drive has flagged a S.M.A.R.T alert : No



Virtual Drive: 7 (Target Id: 7)
Name                :
RAID Level          : Primary-0, Secondary-0, RAID Level Qualifier-0
Size                : 10.913 TB
Sector Size         : 512
Is VD emulated      : Yes
Parity Size         : 0
State               : Optimal
Strip Size          : 256 KB
Number Of Drives    : 1
Span Depth          : 1
Default Cache Policy: WriteBack, ReadAhead, Direct, No Write Cache if Bad BBU
Current Cache Policy: WriteThrough, ReadAhead, Direct, No Write Cache if Bad BBU
Default Access Policy: Read/Write
Current Access Policy: Read/Write
Disk Cache Policy   : Disk's Default
Encryption Type     : None
Bad Blocks Exist: No
PI type: No PI

Is VD Cached: No
Number of Spans: 1
Span: 0 - Number of PDs: 1

PD: 0 Information
Enclosure Device ID: 8
Slot Number: 7
Drive's position: DiskGroup: 7, Span: 0, Arm: 0
Enclosure position: 1
Device Id: 17
WWN: 5000c500dcd4b33b
Sequence Number: 2
Media Error Count: 0
Other Error Count: 0
Predictive Failure Count: 0
Last Predictive Failure Event Seq Number: 0
PD Type: SATA

Raw Size: 10.914 TB [0x575000000 Sectors]
Non Coerced Size: 10.913 TB [0x574f00000 Sectors]
Coerced Size: 10.913 TB [0x574f00000 Sectors]
Sector Size:  512
Logical Sector Size:  512
Physical Sector Size:  4096
Firmware state: Online, Spun Up
Commissioned Spare : No
Emergency Spare : No
Device Firmware Level: SB2D
Shield Counter: 0
Successful diagnostics completion on :  N/A
SAS Address(0): 0x5001c45028cbdd87
Connected Port Number: 0(path0) 
Inquiry Data:             ZTN0KL2RST12000NM001G-2MV103                    SB2D    
FDE Capable: Not Capable
FDE Enable: Disable
Secured: Unsecured
Locked: Unlocked
Needs EKM Attention: No
Foreign State: None 
Device Speed: 6.0Gb/s 
Link Speed: 6.0Gb/s 
Media Type: Hard Disk Device
Drive:  Not Certified
Drive Temperature :34C (93.20 F)
PI Eligibility:  No 
Drive is formatted for PI information:  No
PI: No PI
Drive's NCQ setting : Enabled
Port-0 :
Port status: Active
Port's Linkspeed: 6.0Gb/s 
Drive has flagged a S.M.A.R.T alert : No



Virtual Drive: 8 (Target Id: 8)
Name                :
RAID Level          : Primary-0, Secondary-0, RAID Level Qualifier-0
Size                : 10.913 TB
Sector Size         : 512
Is VD emulated      : Yes
Parity Size         : 0
State               : Optimal
Strip Size          : 256 KB
Number Of Drives    : 1
Span Depth          : 1
Default Cache Policy: WriteBack, ReadAhead, Direct, No Write Cache if Bad BBU
Current Cache Policy: WriteThrough, ReadAhead, Direct, No Write Cache if Bad BBU
Default Access Policy: Read/Write
Current Access Policy: Read/Write
Disk Cache Policy   : Disk's Default
Encryption Type     : None
Bad Blocks Exist: No
PI type: No PI

Is VD Cached: No
Number of Spans: 1
Span: 0 - Number of PDs: 1

PD: 0 Information
Enclosure Device ID: 8
Slot Number: 8
Drive's position: DiskGroup: 8, Span: 0, Arm: 0
Enclosure position: 1
Device Id: 15
WWN: 5000c500dcd4b44b
Sequence Number: 2
Media Error Count: 0
Other Error Count: 0
Predictive Failure Count: 0
Last Predictive Failure Event Seq Number: 0
PD Type: SATA

Raw Size: 10.914 TB [0x575000000 Sectors]
Non Coerced Size: 10.913 TB [0x574f00000 Sectors]
Coerced Size: 10.913 TB [0x574f00000 Sectors]
Sector Size:  512
Logical Sector Size:  512
Physical Sector Size:  4096
Firmware state: Online, Spun Up
Commissioned Spare : No
Emergency Spare : No
Device Firmware Level: SB2D
Shield Counter: 0
Successful diagnostics completion on :  N/A
SAS Address(0): 0x5001c45028cbdd88
Connected Port Number: 0(path0) 
Inquiry Data:             ZTN0KKY5ST12000NM001G-2MV103                    SB2D    
FDE Capable: Not Capable
FDE Enable: Disable
Secured: Unsecured
Locked: Unlocked
Needs EKM Attention: No
Foreign State: None 
Device Speed: 6.0Gb/s 
Link Speed: 6.0Gb/s 
Media Type: Hard Disk Device
Drive:  Not Certified
Drive Temperature :31C (87.80 F)
PI Eligibility:  No 
Drive is formatted for PI information:  No
PI: No PI
Drive's NCQ setting : Enabled
Port-0 :
Port status: Active
Port's Linkspeed: 6.0Gb/s 
Drive has flagged a S.M.A.R.T alert : No



Virtual Drive: 9 (Target Id: 9)
Name                :
RAID Level          : Primary-0, Secondary-0, RAID Level Qualifier-0
Size                : 10.913 TB
Sector Size         : 512
Is VD emulated      : Yes
Parity Size         : 0
State               : Optimal
Strip Size          : 256 KB
Number Of Drives    : 1
Span Depth          : 1
Default Cache Policy: WriteBack, ReadAhead, Direct, No Write Cache if Bad BBU
Current Cache Policy: WriteThrough, ReadAhead, Direct, No Write Cache if Bad BBU
Default Access Policy: Read/Write
Current Access Policy: Read/Write
Disk Cache Policy   : Disk's Default
Encryption Type     : None
Bad Blocks Exist: No
PI type: No PI

Is VD Cached: No
Number of Spans: 1
Span: 0 - Number of PDs: 1

PD: 0 Information
Enclosure Device ID: 8
Slot Number: 9
Drive's position: DiskGroup: 9, Span: 0, Arm: 0
Enclosure position: 1
Device Id: 18
WWN: 5000c500dcd48e67
Sequence Number: 2
Media Error Count: 0
Other Error Count: 0
Predictive Failure Count: 0
Last Predictive Failure Event Seq Number: 0
PD Type: SATA

Raw Size: 10.914 TB [0x575000000 Sectors]
Non Coerced Size: 10.913 TB [0x574f00000 Sectors]
Coerced Size: 10.913 TB [0x574f00000 Sectors]
Sector Size:  512
Logical Sector Size:  512
Physical Sector Size:  4096
Firmware state: Online, Spun Up
Commissioned Spare : No
Emergency Spare : No
Device Firmware Level: SB2D
Shield Counter: 0
Successful diagnostics completion on :  N/A
SAS Address(0): 0x5001c45028cbdd89
Connected Port Number: 0(path0) 
Inquiry Data:             ZTN0KKXAST12000NM001G-2MV103                    SB2D    
FDE Capable: Not Capable
FDE Enable: Disable
Secured: Unsecured
Locked: Unlocked
Needs EKM Attention: No
Foreign State: None 
Device Speed: 6.0Gb/s 
Link Speed: 6.0Gb/s 
Media Type: Hard Disk Device
Drive:  Not Certified
Drive Temperature :31C (87.80 F)
PI Eligibility:  No 
Drive is formatted for PI information:  No
PI: No PI
Drive's NCQ setting : Enabled
Port-0 :
Port status: Active
Port's Linkspeed: 6.0Gb/s 
Drive has flagged a S.M.A.R.T alert : No



Virtual Drive: 10 (Target Id: 10)
Name                :
RAID Level          : Primary-0, Secondary-0, RAID Level Qualifier-0
Size                : 10.913 TB
Sector Size         : 512
Is VD emulated      : Yes
Parity Size         : 0
State               : Optimal
Strip Size          : 256 KB
Number Of Drives    : 1
Span Depth          : 1
Default Cache Policy: WriteBack, ReadAhead, Direct, No Write Cache if Bad BBU
Current Cache Policy: WriteThrough, ReadAhead, Direct, No Write Cache if Bad BBU
Default Access Policy: Read/Write
Current Access Policy: Read/Write
Disk Cache Policy   : Disk's Default
Encryption Type     : None
Bad Blocks Exist: No
PI type: No PI

Is VD Cached: No
Number of Spans: 1
Span: 0 - Number of PDs: 1

PD: 0 Information
Enclosure Device ID: 8
Slot Number: 10
Drive's position: DiskGroup: 10, Span: 0, Arm: 0
Enclosure position: 1
Device Id: 14
WWN: 5000c500dcec48e3
Sequence Number: 2
Media Error Count: 0
Other Error Count: 0
Predictive Failure Count: 0
Last Predictive Failure Event Seq Number: 0
PD Type: SATA

Raw Size: 10.914 TB [0x575000000 Sectors]
Non Coerced Size: 10.913 TB [0x574f00000 Sectors]
Coerced Size: 10.913 TB [0x574f00000 Sectors]
Sector Size:  512
Logical Sector Size:  512
Physical Sector Size:  4096
Firmware state: Online, Spun Up
Commissioned Spare : No
Emergency Spare : No
Device Firmware Level: SB2D
Shield Counter: 0
Successful diagnostics completion on :  N/A
SAS Address(0): 0x5001c45028cbdd8a
Connected Port Number: 0(path0) 
Inquiry Data:             ZS806MAJST12000NM001G-2MV103                    SB2D    
FDE Capable: Not Capable
FDE Enable: Disable
Secured: Unsecured
Locked: Unlocked
Needs EKM Attention: No
Foreign State: None 
Device Speed: 6.0Gb/s 
Link Speed: 6.0Gb/s 
Media Type: Hard Disk Device
Drive:  Not Certified
Drive Temperature :32C (89.60 F)
PI Eligibility:  No 
Drive is formatted for PI information:  No
PI: No PI
Drive's NCQ setting : Enabled
Port-0 :
Port status: Active
Port's Linkspeed: 6.0Gb/s 
Drive has flagged a S.M.A.R.T alert : No



Virtual Drive: 11 (Target Id: 11)
Name                :
RAID Level          : Primary-0, Secondary-0, RAID Level Qualifier-0
Size                : 10.913 TB
Sector Size         : 512
Is VD emulated      : Yes
Parity Size         : 0
State               : Optimal
Strip Size          : 256 KB
Number Of Drives    : 1
Span Depth          : 1
Default Cache Policy: WriteBack, ReadAhead, Direct, No Write Cache if Bad BBU
Current Cache Policy: WriteThrough, ReadAhead, Direct, No Write Cache if Bad BBU
Default Access Policy: Read/Write
Current Access Policy: Read/Write
Disk Cache Policy   : Disk's Default
Encryption Type     : None
Bad Blocks Exist: No
PI type: No PI

Is VD Cached: No
Number of Spans: 1
Span: 0 - Number of PDs: 1

PD: 0 Information
Enclosure Device ID: 8
Slot Number: 11
Drive's position: DiskGroup: 11, Span: 0, Arm: 0
Enclosure position: 1
Device Id: 16
WWN: 5000c500dcf1faa9
Sequence Number: 2
Media Error Count: 0
Other Error Count: 0
Predictive Failure Count: 0
Last Predictive Failure Event Seq Number: 0
PD Type: SATA

Raw Size: 10.914 TB [0x575000000 Sectors]
Non Coerced Size: 10.913 TB [0x574f00000 Sectors]
Coerced Size: 10.913 TB [0x574f00000 Sectors]
Sector Size:  512
Logical Sector Size:  512
Physical Sector Size:  4096
Firmware state: Online, Spun Up
Commissioned Spare : No
Emergency Spare : No
Device Firmware Level: SB2D
Shield Counter: 0
Successful diagnostics completion on :  N/A
SAS Address(0): 0x5001c45028cbdd8b
Connected Port Number: 0(path0) 
Inquiry Data:             ZTN0KPD5ST12000NM001G-2MV103                    SB2D    
FDE Capable: Not Capable
FDE Enable: Disable
Secured: Unsecured
Locked: Unlocked
Needs EKM Attention: No
Foreign State: None 
Device Speed: 6.0Gb/s 
Link Speed: 6.0Gb/s 
Media Type: Hard Disk Device
Drive:  Not Certified
Drive Temperature :32C (89.60 F)
PI Eligibility:  No 
Drive is formatted for PI information:  No
PI: No PI
Drive's NCQ setting : Enabled
Port-0 :
Port status: Active
Port's Linkspeed: 6.0Gb/s 
Drive has flagged a S.M.A.R.T alert : No




Exit Code: 0x00
