========= Data Disk NO.10 Read And Write Begin  2022-03-26 13:50:27 ==========
mytest_10: (g=0): rw=randrw, bs=16K-16K/16K-16K/16K-16K, ioengine=psync, iodepth=1
...
fio-2.16
Starting 10 threads

mytest_10: (groupid=0, jobs=10): err= 0: pid=30678: Sat Mar 26 13:51:28 2022
  read : io=279856KB, bw=4661.1KB/s, iops=291, runt= 60030msec
    clat (usec): min=66, max=361267, avg=32868.96, stdev=36712.26
     lat (usec): min=66, max=361267, avg=32869.18, stdev=36712.25
    clat percentiles (usec):
     |  1.00th=[  756],  5.00th=[ 2224], 10.00th=[ 3792], 20.00th=[ 6688],
     | 30.00th=[10560], 40.00th=[15168], 50.00th=[20352], 60.00th=[27264],
     | 70.00th=[36608], 80.00th=[51968], 90.00th=[77312], 95.00th=[103936],
     | 99.00th=[175104], 99.50th=[207872], 99.90th=[292864], 99.95th=[313344],
     | 99.99th=[350208]
  write: io=276528KB, bw=4606.6KB/s, iops=287, runt= 60030msec
    clat (usec): min=264, max=122419, avg=1454.31, stdev=3081.69
     lat (usec): min=265, max=122420, avg=1455.02, stdev=3081.71
    clat percentiles (usec):
     |  1.00th=[  306],  5.00th=[  358], 10.00th=[  410], 20.00th=[  438],
     | 30.00th=[  466], 40.00th=[  588], 50.00th=[  836], 60.00th=[ 1112],
     | 70.00th=[ 1448], 80.00th=[ 2024], 90.00th=[ 2992], 95.00th=[ 4016],
     | 99.00th=[ 7392], 99.50th=[ 9280], 99.90th=[54528], 99.95th=[63232],
     | 99.99th=[119296]
    lat (usec) : 100=0.05%, 250=0.01%, 500=17.77%, 750=5.53%, 1000=5.69%
    lat (msec) : 2=12.79%, 4=10.83%, 10=11.10%, 20=10.65%, 50=14.86%
    lat (msec) : 100=7.92%, 250=2.71%, 500=0.11%
  cpu          : usr=0.03%, sys=0.16%, ctx=34782, majf=0, minf=19
  IO depths    : 1=100.0%, 2=0.0%, 4=0.0%, 8=0.0%, 16=0.0%, 32=0.0%, >=64=0.0%
     submit    : 0=0.0%, 4=100.0%, 8=0.0%, 16=0.0%, 32=0.0%, 64=0.0%, >=64=0.0%
     complete  : 0=0.0%, 4=100.0%, 8=0.0%, 16=0.0%, 32=0.0%, 64=0.0%, >=64=0.0%
     issued    : total=r=17491/w=17283/d=0, short=r=0/w=0/d=0, drop=r=0/w=0/d=0
     latency   : target=0, window=0, percentile=100.00%, depth=1

Run status group 0 (all jobs):
   READ: io=279856KB, aggrb=4661KB/s, minb=4661KB/s, maxb=4661KB/s, mint=60030msec, maxt=60030msec
  WRITE: io=276528KB, aggrb=4606KB/s, minb=4606KB/s, maxb=4606KB/s, mint=60030msec, maxt=60030msec

Disk stats (read/write):
  sdk: ios=17498/17283, merge=0/0, ticks=573824/24902, in_queue=599170, util=99.87%
================== Data disk NO.10 End ====================
