=========== Disks Read and Write Check  2022-03-26 13:50:19 ===============

===================== Building Raid ============================
============== Build Raid Success, Information ==================
/home/autotest
./makeraid0.sh: line 6: cd: /home/autotest/tools: No such file or directory
chmod: cannot access ‘storcli64’: No such file or directory
./makeraid0.sh: line 10: ./storcli64: No such file or directory
./makeraid0.sh: line 20: ./storcli64: No such file or directory
./makeraid0.sh: line 23: ./storcli64: No such file or directory
NAME              MAJ:MIN RM   SIZE RO TYPE MOUNTPOINT
sda                 8:0    0 446.6G  0 disk 
├─sda1              8:1    0     1G  0 part 
└─sda2              8:2    0 445.6G  0 part 
  ├─centos01-swap 253:3    0     4G  0 lvm  
  ├─centos01-home 253:4    0 391.6G  0 lvm  
  └─centos01-root 253:5    0    50G  0 lvm  
sdb                 8:16   0 446.6G  0 disk 
sdc                 8:32   0  10.9T  0 disk 
sdd                 8:48   0  10.9T  0 disk 
sde                 8:64   0  10.9T  0 disk 
sdf                 8:80   0  10.9T  0 disk 
sdg                 8:96   0  10.9T  0 disk 
sdh                 8:112  0  10.9T  0 disk 
sdi                 8:128  0  10.9T  0 disk 
sdj                 8:144  0  10.9T  0 disk 
sdk                 8:160  0  10.9T  0 disk 
sdl                 8:176  0  10.9T  0 disk 
nvme0n1           259:0    0   1.5T  0 disk 
├─nvme0n1p1       259:1    0     1G  0 part 
├─nvme0n1p2       259:2    0     1G  0 part /boot
└─nvme0n1p3       259:3    0   1.5T  0 part 
  ├─centos-root   253:0    0    50G  0 lvm  /
  ├─centos-swap   253:1    0     4G  0 lvm  [SWAP]
  └─centos-home   253:2    0   1.4T  0 lvm  /home
nvme1n1           259:4    0   1.5T  0 disk 
==================================================================
->>> System Disk is : nvme0n1
->>> Tatol Non-system Disks: 13
->>> Non-system Disks is : 
['/dev/sda', '/dev/sdb', '/dev/sdc', '/dev/sdd', '/dev/sde', '/dev/sdf', '/dev/sdg', '/dev/sdh', '/dev/sdi', '/dev/sdj', '/dev/sdk', '/dev/sdl', '/dev/nvme1n1']
========= Data Disk NO.0 Read And Write Begin  2022-03-26 13:50:27 ==========
mytest_0: (g=0): rw=randrw, bs=16K-16K/16K-16K/16K-16K, ioengine=psync, iodepth=1
...
fio-2.16
Starting 10 threads

mytest_0: (groupid=0, jobs=10): err= 0: pid=30466: Sat Mar 26 13:51:27 2022
  read : io=11529MB, bw=196757KB/s, iops=12297, runt= 60001msec
    clat (usec): min=36, max=6276, avg=529.36, stdev=156.50
     lat (usec): min=36, max=6276, avg=529.53, stdev=156.50
    clat percentiles (usec):
     |  1.00th=[   69],  5.00th=[  354], 10.00th=[  390], 20.00th=[  434],
     | 30.00th=[  466], 40.00th=[  490], 50.00th=[  516], 60.00th=[  540],
     | 70.00th=[  572], 80.00th=[  620], 90.00th=[  708], 95.00th=[  796],
     | 99.00th=[  948], 99.50th=[ 1012], 99.90th=[ 1304], 99.95th=[ 2064],
     | 99.99th=[ 2864]
  write: io=11549MB, bw=197107KB/s, iops=12319, runt= 60001msec
    clat (usec): min=67, max=6731, avg=279.08, stdev=80.42
     lat (usec): min=67, max=6732, avg=279.73, stdev=80.44
    clat percentiles (usec):
     |  1.00th=[   93],  5.00th=[  131], 10.00th=[  163], 20.00th=[  211],
     | 30.00th=[  243], 40.00th=[  270], 50.00th=[  290], 60.00th=[  310],
     | 70.00th=[  330], 80.00th=[  350], 90.00th=[  374], 95.00th=[  390],
     | 99.00th=[  410], 99.50th=[  414], 99.90th=[  458], 99.95th=[  556],
     | 99.99th=[  924]
    lat (usec) : 50=0.01%, 100=2.20%, 250=15.39%, 500=54.35%, 750=24.42%
    lat (usec) : 1000=3.34%
    lat (msec) : 2=0.27%, 4=0.03%, 10=0.01%
  cpu          : usr=1.24%, sys=5.46%, ctx=1477233, majf=0, minf=770
  IO depths    : 1=100.0%, 2=0.0%, 4=0.0%, 8=0.0%, 16=0.0%, 32=0.0%, >=64=0.0%
     submit    : 0=0.0%, 4=100.0%, 8=0.0%, 16=0.0%, 32=0.0%, 64=0.0%, >=64=0.0%
     complete  : 0=0.0%, 4=100.0%, 8=0.0%, 16=0.0%, 32=0.0%, 64=0.0%, >=64=0.0%
     issued    : total=r=737850/w=739165/d=0, short=r=0/w=0/d=0, drop=r=0/w=0/d=0
     latency   : target=0, window=0, percentile=100.00%, depth=1

Run status group 0 (all jobs):
   READ: io=11529MB, aggrb=196756KB/s, minb=196756KB/s, maxb=196756KB/s, mint=60001msec, maxt=60001msec
  WRITE: io=11549MB, aggrb=197107KB/s, minb=197107KB/s, maxb=197107KB/s, mint=60001msec, maxt=60001msec

Disk stats (read/write):
  sda: ios=736421/737693, merge=0/0, ticks=377136/193330, in_queue=570050, util=99.80%
================== Data disk NO.0 End ====================
