========= Data Disk NO.8 Read And Write Begin  2022-03-26 13:50:27 ==========
mytest_8: (g=0): rw=randrw, bs=16K-16K/16K-16K/16K-16K, ioengine=psync, iodepth=1
...
fio-2.16
Starting 10 threads

mytest_8: (groupid=0, jobs=10): err= 0: pid=30665: Sat Mar 26 13:51:28 2022
  read : io=283472KB, bw=4720.8KB/s, iops=295, runt= 60048msec
    clat (usec): min=58, max=408408, avg=32363.54, stdev=36289.61
     lat (usec): min=59, max=408409, avg=32363.76, stdev=36289.61
    clat percentiles (usec):
     |  1.00th=[  764],  5.00th=[ 2352], 10.00th=[ 3792], 20.00th=[ 6880],
     | 30.00th=[10560], 40.00th=[15168], 50.00th=[19840], 60.00th=[27008],
     | 70.00th=[36096], 80.00th=[49920], 90.00th=[76288], 95.00th=[105984],
     | 99.00th=[171008], 99.50th=[203776], 99.90th=[280576], 99.95th=[305152],
     | 99.99th=[391168]
  write: io=280192KB, bw=4666.2KB/s, iops=291, runt= 60048msec
    clat (usec): min=264, max=105346, avg=1525.25, stdev=3061.20
     lat (usec): min=264, max=105346, avg=1525.91, stdev=3061.21
    clat percentiles (usec):
     |  1.00th=[  306],  5.00th=[  378], 10.00th=[  414], 20.00th=[  442],
     | 30.00th=[  482], 40.00th=[  676], 50.00th=[  900], 60.00th=[ 1176],
     | 70.00th=[ 1528], 80.00th=[ 2160], 90.00th=[ 3248], 95.00th=[ 4192],
     | 99.00th=[ 7264], 99.50th=[ 9408], 99.90th=[52992], 99.95th=[76288],
     | 99.99th=[102912]
    lat (usec) : 100=0.05%, 250=0.01%, 500=16.22%, 750=5.71%, 1000=5.63%
    lat (msec) : 2=12.98%, 4=11.62%, 10=11.54%, 20=11.01%, 50=15.09%
    lat (msec) : 100=7.30%, 250=2.75%, 500=0.09%
  cpu          : usr=0.04%, sys=0.15%, ctx=35256, majf=0, minf=19
  IO depths    : 1=100.0%, 2=0.0%, 4=0.0%, 8=0.0%, 16=0.0%, 32=0.0%, >=64=0.0%
     submit    : 0=0.0%, 4=100.0%, 8=0.0%, 16=0.0%, 32=0.0%, 64=0.0%, >=64=0.0%
     complete  : 0=0.0%, 4=100.0%, 8=0.0%, 16=0.0%, 32=0.0%, 64=0.0%, >=64=0.0%
     issued    : total=r=17717/w=17512/d=0, short=r=0/w=0/d=0, drop=r=0/w=0/d=0
     latency   : target=0, window=0, percentile=100.00%, depth=1

Run status group 0 (all jobs):
   READ: io=283472KB, aggrb=4720KB/s, minb=4720KB/s, maxb=4720KB/s, mint=60048msec, maxt=60048msec
  WRITE: io=280192KB, aggrb=4666KB/s, minb=4666KB/s, maxb=4666KB/s, mint=60048msec, maxt=60048msec

Disk stats (read/write):
  sdi: ios=17661/17476, merge=0/0, ticks=570088/26316, in_queue=596823, util=99.84%
================== Data disk NO.8 End ====================
