========= Data Disk NO.9 Read And Write Begin  2022-03-26 13:50:27 ==========
mytest_9: (g=0): rw=randrw, bs=16K-16K/16K-16K/16K-16K, ioengine=psync, iodepth=1
...
fio-2.16
Starting 10 threads

mytest_9: (groupid=0, jobs=10): err= 0: pid=30643: Sat Mar 26 13:51:28 2022
  read : io=284496KB, bw=4736.6KB/s, iops=296, runt= 60064msec
    clat (usec): min=57, max=529008, avg=32298.30, stdev=36200.56
     lat (usec): min=57, max=529008, avg=32298.51, stdev=36200.55
    clat percentiles (usec):
     |  1.00th=[  764],  5.00th=[ 2288], 10.00th=[ 3760], 20.00th=[ 6752],
     | 30.00th=[10432], 40.00th=[15040], 50.00th=[19840], 60.00th=[26752],
     | 70.00th=[36096], 80.00th=[50944], 90.00th=[76288], 95.00th=[103936],
     | 99.00th=[171008], 99.50th=[201728], 99.90th=[276480], 99.95th=[301056],
     | 99.99th=[514048]
  write: io=279872KB, bw=4659.6KB/s, iops=291, runt= 60064msec
    clat (usec): min=266, max=96695, avg=1483.60, stdev=2848.94
     lat (usec): min=267, max=96695, avg=1484.36, stdev=2848.95
    clat percentiles (usec):
     |  1.00th=[  306],  5.00th=[  370], 10.00th=[  414], 20.00th=[  442],
     | 30.00th=[  478], 40.00th=[  644], 50.00th=[  876], 60.00th=[ 1160],
     | 70.00th=[ 1480], 80.00th=[ 2096], 90.00th=[ 3152], 95.00th=[ 4192],
     | 99.00th=[ 7072], 99.50th=[ 8768], 99.90th=[49408], 99.95th=[65280],
     | 99.99th=[94720]
    lat (usec) : 100=0.05%, 250=0.01%, 500=16.34%, 750=6.02%, 1000=5.51%
    lat (msec) : 2=13.38%, 4=10.94%, 10=11.72%, 20=10.83%, 50=14.84%
    lat (msec) : 100=7.54%, 250=2.74%, 500=0.07%, 750=0.01%
  cpu          : usr=0.04%, sys=0.15%, ctx=35273, majf=0, minf=14
  IO depths    : 1=100.0%, 2=0.0%, 4=0.0%, 8=0.0%, 16=0.0%, 32=0.0%, >=64=0.0%
     submit    : 0=0.0%, 4=100.0%, 8=0.0%, 16=0.0%, 32=0.0%, 64=0.0%, >=64=0.0%
     complete  : 0=0.0%, 4=100.0%, 8=0.0%, 16=0.0%, 32=0.0%, 64=0.0%, >=64=0.0%
     issued    : total=r=17781/w=17492/d=0, short=r=0/w=0/d=0, drop=r=0/w=0/d=0
     latency   : target=0, window=0, percentile=100.00%, depth=1

Run status group 0 (all jobs):
   READ: io=284496KB, aggrb=4736KB/s, minb=4736KB/s, maxb=4736KB/s, mint=60064msec, maxt=60064msec
  WRITE: io=279872KB, aggrb=4659KB/s, minb=4659KB/s, maxb=4659KB/s, mint=60064msec, maxt=60064msec

Disk stats (read/write):
  sdj: ios=17788/17492, merge=0/0, ticks=573346/25561, in_queue=599216, util=99.85%
================== Data disk NO.9 End ====================
