========= Data Disk NO.1 Read And Write Begin  2022-03-26 13:50:27 ==========
mytest_1: (g=0): rw=randrw, bs=16K-16K/16K-16K/16K-16K, ioengine=psync, iodepth=1
...
fio-2.16
Starting 10 threads

mytest_1: (groupid=0, jobs=10): err= 0: pid=30547: Sat Mar 26 13:51:27 2022
  read : io=11656MB, bw=198933KB/s, iops=12433, runt= 60001msec
    clat (usec): min=38, max=6277, avg=517.18, stdev=140.98
     lat (usec): min=38, max=6277, avg=517.35, stdev=140.98
    clat percentiles (usec):
     |  1.00th=[   69],  5.00th=[  354], 10.00th=[  390], 20.00th=[  434],
     | 30.00th=[  462], 40.00th=[  486], 50.00th=[  510], 60.00th=[  532],
     | 70.00th=[  564], 80.00th=[  604], 90.00th=[  676], 95.00th=[  748],
     | 99.00th=[  876], 99.50th=[  924], 99.90th=[ 1048], 99.95th=[ 1656],
     | 99.99th=[ 2672]
  write: io=11679MB, bw=199319KB/s, iops=12457, runt= 60001msec
    clat (usec): min=70, max=6329, avg=282.33, stdev=77.78
     lat (usec): min=70, max=6330, avg=282.99, stdev=77.80
    clat percentiles (usec):
     |  1.00th=[   96],  5.00th=[  137], 10.00th=[  171], 20.00th=[  217],
     | 30.00th=[  247], 40.00th=[  274], 50.00th=[  294], 60.00th=[  314],
     | 70.00th=[  330], 80.00th=[  350], 90.00th=[  374], 95.00th=[  390],
     | 99.00th=[  410], 99.50th=[  414], 99.90th=[  458], 99.95th=[  548],
     | 99.99th=[  940]
    lat (usec) : 50=0.01%, 100=2.02%, 250=14.83%, 500=56.17%, 750=24.48%
    lat (usec) : 1000=2.40%
    lat (msec) : 2=0.06%, 4=0.02%, 10=0.01%
  cpu          : usr=1.28%, sys=5.53%, ctx=1493676, majf=0, minf=768
  IO depths    : 1=100.0%, 2=0.0%, 4=0.0%, 8=0.0%, 16=0.0%, 32=0.0%, >=64=0.0%
     submit    : 0=0.0%, 4=100.0%, 8=0.0%, 16=0.0%, 32=0.0%, 64=0.0%, >=64=0.0%
     complete  : 0=0.0%, 4=100.0%, 8=0.0%, 16=0.0%, 32=0.0%, 64=0.0%, >=64=0.0%
     issued    : total=r=746012/w=747458/d=0, short=r=0/w=0/d=0, drop=r=0/w=0/d=0
     latency   : target=0, window=0, percentile=100.00%, depth=1

Run status group 0 (all jobs):
   READ: io=11656MB, aggrb=198933KB/s, minb=198933KB/s, maxb=198933KB/s, mint=60001msec, maxt=60001msec
  WRITE: io=11679MB, aggrb=199318KB/s, minb=199318KB/s, maxb=199318KB/s, mint=60001msec, maxt=60001msec

Disk stats (read/write):
  sdb: ios=744765/746125, merge=0/0, ticks=372262/197670, in_queue=570076, util=99.96%
================== Data disk NO.1 End ====================
