========= Data Disk NO.12 Read And Write Begin  2022-03-26 13:50:27 ==========
mytest_12: (g=0): rw=randrw, bs=16K-16K/16K-16K/16K-16K, ioengine=psync, iodepth=1
...
fio-2.16
Starting 10 threads

mytest_12: (groupid=0, jobs=10): err= 0: pid=30698: Sat Mar 26 13:51:28 2022
  read : io=34112MB, bw=582165KB/s, iops=36385, runt= 60001msec
    clat (usec): min=49, max=6658, avg=237.64, stdev=128.50
     lat (usec): min=49, max=6658, avg=237.77, stdev=128.50
    clat percentiles (usec):
     |  1.00th=[  117],  5.00th=[  131], 10.00th=[  141], 20.00th=[  161],
     | 30.00th=[  179], 40.00th=[  199], 50.00th=[  213], 60.00th=[  237],
     | 70.00th=[  262], 80.00th=[  294], 90.00th=[  350], 95.00th=[  402],
     | 99.00th=[  524], 99.50th=[  612], 99.90th=[ 2128], 99.95th=[ 2512],
     | 99.99th=[ 2992]
  write: io=34099MB, bw=581954KB/s, iops=36372, runt= 60001msec
    clat (usec): min=14, max=8683, avg=33.58, stdev=13.46
     lat (usec): min=15, max=8684, avg=34.10, stdev=13.66
    clat percentiles (usec):
     |  1.00th=[   25],  5.00th=[   26], 10.00th=[   27], 20.00th=[   28],
     | 30.00th=[   29], 40.00th=[   30], 50.00th=[   31], 60.00th=[   33],
     | 70.00th=[   35], 80.00th=[   38], 90.00th=[   43], 95.00th=[   48],
     | 99.00th=[   60], 99.50th=[   66], 99.90th=[  103], 99.95th=[  139],
     | 99.99th=[  314]
    lat (usec) : 20=0.12%, 50=47.79%, 100=2.04%, 250=32.87%, 500=16.52%
    lat (usec) : 750=0.47%, 1000=0.03%
    lat (msec) : 2=0.09%, 4=0.06%, 10=0.01%
  cpu          : usr=2.97%, sys=10.52%, ctx=4365128, majf=0, minf=1027
  IO depths    : 1=100.0%, 2=0.0%, 4=0.0%, 8=0.0%, 16=0.0%, 32=0.0%, >=64=0.0%
     submit    : 0=0.0%, 4=100.0%, 8=0.0%, 16=0.0%, 32=0.0%, 64=0.0%, >=64=0.0%
     complete  : 0=0.0%, 4=100.0%, 8=0.0%, 16=0.0%, 32=0.0%, 64=0.0%, >=64=0.0%
     issued    : total=r=2183157/w=2182364/d=0, short=r=0/w=0/d=0, drop=r=0/w=0/d=0
     latency   : target=0, window=0, percentile=100.00%, depth=1

Run status group 0 (all jobs):
   READ: io=34112MB, aggrb=582165KB/s, minb=582165KB/s, maxb=582165KB/s, mint=60001msec, maxt=60001msec
  WRITE: io=34099MB, aggrb=581954KB/s, minb=581954KB/s, maxb=581954KB/s, mint=60001msec, maxt=60001msec

Disk stats (read/write):
  nvme1n1: ios=2182662/2181960, merge=0/0, ticks=488086/41434, in_queue=542004, util=100.00%
================== Data disk NO.12 End ====================
