========= Data Disk NO.3 Read And Write Begin  2022-03-26 13:50:27 ==========
mytest_3: (g=0): rw=randrw, bs=16K-16K/16K-16K/16K-16K, ioengine=psync, iodepth=1
...
fio-2.16
Starting 10 threads

mytest_3: (groupid=0, jobs=10): err= 0: pid=30562: Sat Mar 26 13:51:27 2022
  read : io=264032KB, bw=4398.1KB/s, iops=274, runt= 60022msec
    clat (usec): min=62, max=236185, avg=22361.73, stdev=21472.24
     lat (usec): min=63, max=236185, avg=22361.95, stdev=21472.25
    clat percentiles (usec):
     |  1.00th=[  382],  5.00th=[ 1544], 10.00th=[ 3664], 20.00th=[ 6496],
     | 30.00th=[ 9280], 40.00th=[12224], 50.00th=[16192], 60.00th=[20608],
     | 70.00th=[26496], 80.00th=[35072], 90.00th=[48384], 95.00th=[62720],
     | 99.00th=[102912], 99.50th=[118272], 99.90th=[173056], 99.95th=[193536],
     | 99.99th=[234496]
  write: io=261072KB, bw=4349.7KB/s, iops=271, runt= 60022msec
    clat (usec): min=268, max=209644, avg=14158.27, stdev=16827.51
     lat (usec): min=269, max=209644, avg=14159.07, stdev=16827.56
    clat percentiles (usec):
     |  1.00th=[  310],  5.00th=[  342], 10.00th=[  370], 20.00th=[  612],
     | 30.00th=[ 1144], 40.00th=[ 2576], 50.00th=[ 6880], 60.00th=[13632],
     | 70.00th=[20352], 80.00th=[28032], 90.00th=[37632], 95.00th=[46336],
     | 99.00th=[68096], 99.50th=[79360], 99.90th=[108032], 99.95th=[121344],
     | 99.99th=[209920]
    lat (usec) : 100=0.05%, 250=0.01%, 500=9.67%, 750=3.04%, 1000=2.90%
    lat (msec) : 2=6.06%, 4=5.91%, 10=16.24%, 20=20.43%, 50=29.20%
    lat (msec) : 100=5.85%, 250=0.64%
  cpu          : usr=0.03%, sys=0.15%, ctx=32839, majf=0, minf=12
  IO depths    : 1=100.0%, 2=0.0%, 4=0.0%, 8=0.0%, 16=0.0%, 32=0.0%, >=64=0.0%
     submit    : 0=0.0%, 4=100.0%, 8=0.0%, 16=0.0%, 32=0.0%, 64=0.0%, >=64=0.0%
     complete  : 0=0.0%, 4=100.0%, 8=0.0%, 16=0.0%, 32=0.0%, 64=0.0%, >=64=0.0%
     issued    : total=r=16502/w=16317/d=0, short=r=0/w=0/d=0, drop=r=0/w=0/d=0
     latency   : target=0, window=0, percentile=100.00%, depth=1

Run status group 0 (all jobs):
   READ: io=264032KB, aggrb=4398KB/s, minb=4398KB/s, maxb=4398KB/s, mint=60022msec, maxt=60022msec
  WRITE: io=261072KB, aggrb=4349KB/s, minb=4349KB/s, maxb=4349KB/s, mint=60022msec, maxt=60022msec

Disk stats (read/write):
  sdd: ios=16543/16294, merge=0/0, ticks=367865/229982, in_queue=597981, util=99.93%
================== Data disk NO.3 End ====================
