========= Data Disk NO.6 Read And Write Begin  2022-03-26 13:50:27 ==========
mytest_6: (g=0): rw=randrw, bs=16K-16K/16K-16K/16K-16K, ioengine=psync, iodepth=1
...
fio-2.16
Starting 10 threads

mytest_6: (groupid=0, jobs=10): err= 0: pid=30601: Sat Mar 26 13:51:28 2022
  read : io=257440KB, bw=4287.4KB/s, iops=267, runt= 60047msec
    clat (usec): min=68, max=250833, avg=22772.87, stdev=21289.64
     lat (usec): min=68, max=250833, avg=22773.10, stdev=21289.64
    clat percentiles (usec):
     |  1.00th=[  350],  5.00th=[ 1512], 10.00th=[ 3792], 20.00th=[ 6688],
     | 30.00th=[ 9536], 40.00th=[12608], 50.00th=[16512], 60.00th=[21120],
     | 70.00th=[27008], 80.00th=[35584], 90.00th=[50432], 95.00th=[63744],
     | 99.00th=[98816], 99.50th=[117248], 99.90th=[154624], 99.95th=[177152],
     | 99.99th=[209920]
  write: io=254448KB, bw=4237.5KB/s, iops=264, runt= 60047msec
    clat (usec): min=265, max=209444, avg=14695.41, stdev=17372.03
     lat (usec): min=265, max=209444, avg=14696.17, stdev=17372.07
    clat percentiles (usec):
     |  1.00th=[  306],  5.00th=[  338], 10.00th=[  366], 20.00th=[  588],
     | 30.00th=[ 1128], 40.00th=[ 2736], 50.00th=[ 7456], 60.00th=[14144],
     | 70.00th=[21120], 80.00th=[28288], 90.00th=[38656], 95.00th=[47872],
     | 99.00th=[70144], 99.50th=[79360], 99.90th=[113152], 99.95th=[121344],
     | 99.99th=[146432]
    lat (usec) : 100=0.05%, 250=0.01%, 500=9.93%, 750=2.99%, 1000=2.98%
    lat (msec) : 2=5.51%, 4=5.42%, 10=15.90%, 20=20.43%, 50=29.50%
    lat (msec) : 100=6.71%, 250=0.57%, 500=0.01%
  cpu          : usr=0.03%, sys=0.14%, ctx=32032, majf=0, minf=20
  IO depths    : 1=100.0%, 2=0.0%, 4=0.0%, 8=0.0%, 16=0.0%, 32=0.0%, >=64=0.0%
     submit    : 0=0.0%, 4=100.0%, 8=0.0%, 16=0.0%, 32=0.0%, 64=0.0%, >=64=0.0%
     complete  : 0=0.0%, 4=100.0%, 8=0.0%, 16=0.0%, 32=0.0%, 64=0.0%, >=64=0.0%
     issued    : total=r=16090/w=15903/d=0, short=r=0/w=0/d=0, drop=r=0/w=0/d=0
     latency   : target=0, window=0, percentile=100.00%, depth=1

Run status group 0 (all jobs):
   READ: io=257440KB, aggrb=4287KB/s, minb=4287KB/s, maxb=4287KB/s, mint=60047msec, maxt=60047msec
  WRITE: io=254448KB, aggrb=4237KB/s, minb=4237KB/s, maxb=4237KB/s, mint=60047msec, maxt=60047msec

Disk stats (read/write):
  sdg: ios=16071/15860, merge=0/0, ticks=364874/232445, in_queue=597415, util=99.99%
================== Data disk NO.6 End ====================
