========= Data Disk NO.5 Read And Write Begin  2022-03-26 13:50:27 ==========
mytest_5: (g=0): rw=randrw, bs=16K-16K/16K-16K/16K-16K, ioengine=psync, iodepth=1
...
fio-2.16
Starting 10 threads

mytest_5: (groupid=0, jobs=10): err= 0: pid=30630: Sat Mar 26 13:51:28 2022
  read : io=284576KB, bw=4739.4KB/s, iops=296, runt= 60045msec
    clat (usec): min=58, max=456763, avg=32267.42, stdev=36991.68
     lat (usec): min=58, max=456763, avg=32267.64, stdev=36991.68
    clat percentiles (usec):
     |  1.00th=[  732],  5.00th=[ 2288], 10.00th=[ 3760], 20.00th=[ 6880],
     | 30.00th=[10432], 40.00th=[14784], 50.00th=[19840], 60.00th=[26496],
     | 70.00th=[36096], 80.00th=[50432], 90.00th=[75264], 95.00th=[103936],
     | 99.00th=[177152], 99.50th=[214016], 99.90th=[301056], 99.95th=[350208],
     | 99.99th=[440320]
  write: io=281760KB, bw=4692.5KB/s, iops=293, runt= 60045msec
    clat (usec): min=266, max=96380, avg=1488.00, stdev=2762.97
     lat (usec): min=267, max=96380, avg=1488.81, stdev=2763.03
    clat percentiles (usec):
     |  1.00th=[  306],  5.00th=[  370], 10.00th=[  414], 20.00th=[  442],
     | 30.00th=[  470], 40.00th=[  636], 50.00th=[  868], 60.00th=[ 1144],
     | 70.00th=[ 1496], 80.00th=[ 2096], 90.00th=[ 3120], 95.00th=[ 4128],
     | 99.00th=[ 7264], 99.50th=[10304], 99.90th=[50432], 99.95th=[61696],
     | 99.99th=[87552]
    lat (usec) : 100=0.05%, 250=0.01%, 500=16.92%, 750=5.72%, 1000=5.63%
    lat (msec) : 2=13.08%, 4=11.06%, 10=11.43%, 20=10.93%, 50=15.01%
    lat (msec) : 100=7.44%, 250=2.57%, 500=0.15%
  cpu          : usr=0.04%, sys=0.15%, ctx=35428, majf=0, minf=17
  IO depths    : 1=100.0%, 2=0.0%, 4=0.0%, 8=0.0%, 16=0.0%, 32=0.0%, >=64=0.0%
     submit    : 0=0.0%, 4=100.0%, 8=0.0%, 16=0.0%, 32=0.0%, 64=0.0%, >=64=0.0%
     complete  : 0=0.0%, 4=100.0%, 8=0.0%, 16=0.0%, 32=0.0%, 64=0.0%, >=64=0.0%
     issued    : total=r=17786/w=17610/d=0, short=r=0/w=0/d=0, drop=r=0/w=0/d=0
     latency   : target=0, window=0, percentile=100.00%, depth=1

Run status group 0 (all jobs):
   READ: io=284576KB, aggrb=4739KB/s, minb=4739KB/s, maxb=4739KB/s, mint=60045msec, maxt=60045msec
  WRITE: io=281760KB, aggrb=4692KB/s, minb=4692KB/s, maxb=4692KB/s, mint=60045msec, maxt=60045msec

Disk stats (read/write):
  sdf: ios=17758/17573, merge=0/0, ticks=570828/25880, in_queue=597119, util=99.84%
================== Data disk NO.5 End ====================
