=============  MEM Stress Check Begin  2022-03-21 11:20:11 ================
memtester version 4.5.1 (64bit)
Copyright (C) 20012020 Charles Cazabon.
Licensed under the GNU General Public License version 2 (only).

pagesize is 4096
pagesizemask is 0xfffffffffffff000
want 472MB (494927872 bytes)
got  472MB (494927872 bytes), trying mlock ...locked.
Loop 1/1:
  Stuck Address       :ok
  Random Value        :   ok
  Compare XOR         : ok
  Compare SUB         : ok
  Compare MUL         : ok
  Compare DIV         : ok
  Compare OR          : ok
  Compare AND         : ok
  Sequential Increment: ok
  Solid Bits          :ok
  Block Sequential    :ok
  Checkerboard        :

==============  MEM Stress Check End  2022-03-21 11:21:02 =================
=============  MEM Stress Check Begin  2022-03-21 13:22:20 ================
memtester version 4.5.1 (64bit)
Copyright (C) 20012020 Charles Cazabon.
Licensed under the GNU General Public License version 2 (only).

pagesize is 4096
pagesizemask is 0xfffffffffffff000
want 474MB (497025024 bytes)
got  474MB (497025024 bytes), trying mlock ...locked.
Loop 1/1:
  Stuck Address       :ok
  Random Value        :   ok
  Compare XOR         : ok
  Compare SUB         : ok
  Compare MUL         : ok
  Compare DIV         : ok
  Compare OR          : ok
  Compare AND         : ok
  Sequential Increment: ok
  Solid Bits          :ok
  Block Sequential    :ok
  Checkerboard        :

==============  MEM Stress Check End  2022-03-21 13:23:10 =================
=============  MEM Stress Check Begin  2022-03-21 13:23:16 ================
memtester version 4.5.1 (64bit)
Copyright (C) 20012020 Charles Cazabon.
Licensed under the GNU General Public License version 2 (only).

pagesize is 4096
pagesizemask is 0xfffffffffffff000
want 471MB (493879296 bytes)
got  471MB (493879296 bytes), trying mlock ...locked.
Loop 1/1:
  Stuck Address       :ok
  Random Value        :   ok
  Compare XOR         : ok
  Compare SUB         : ok
  Compare MUL         : ok
  Compare DIV         : ok
  Compare OR          : ok
  Compare AND         : ok
  Sequential Increment: ok
  Solid Bits          :ok
  Block Sequential    :ok
  Checkerboard        :

==============  MEM Stress Check End  2022-03-21 13:24:06 =================
